#
# There is insufficient memory for the Java Runtime Environment to continue.
# Native memory allocation (malloc) failed to allocate 1470176 bytes for Chunk::new
# Possible reasons:
#   The system is out of physical RAM or swap space
#   In 32 bit mode, the process size limit was hit
# Possible solutions:
#   Reduce memory load on the system
#   Increase physical memory or swap space
#   Check if swap backing store is full
#   Use 64 bit Java on a 64 bit OS
#   Decrease Java heap size (-Xmx/-Xms)
#   Decrease number of Java threads
#   Decrease Java thread stack sizes (-Xss)
#   Set larger code cache with -XX:ReservedCodeCacheSize=
# This output file may be truncated or incomplete.
#
#  Out of Memory Error (allocation.cpp:390), pid=7144, tid=4724
#
# JRE version: Java(TM) SE Runtime Environment (8.0_45-b15) (build 1.8.0_45-b15)
# Java VM: Java HotSpot(TM) 64-Bit Server VM (25.45-b02 mixed mode windows-amd64 compressed oops)
# Failed to write core dump. Minidumps are not enabled by default on client versions of Windows
#

---------------  T H R E A D  ---------------

Current thread (0x000000001b92a800):  JavaThread "C2 CompilerThread0" daemon [_thread_in_native, id=4724, stack(0x000000001ce40000,0x000000001cf40000)]

Stack: [0x000000001ce40000,0x000000001cf40000]
Native frames: (J=compiled Java code, j=interpreted, Vv=VM code, C=native code)
V  [jvm.dll+0x32b57a]
V  [jvm.dll+0x279873]
V  [jvm.dll+0x27a509]
V  [jvm.dll+0x271825]
V  [jvm.dll+0xcb9e2]
V  [jvm.dll+0xcbeac]
V  [jvm.dll+0x476ef2]
V  [jvm.dll+0x4b955f]
V  [jvm.dll+0x46b92f]
V  [jvm.dll+0x46ccbe]
V  [jvm.dll+0x4500f2]
V  [jvm.dll+0xa4352]
V  [jvm.dll+0xa4c8f]
V  [jvm.dll+0x241984]
V  [jvm.dll+0x29853a]
C  [msvcr100.dll+0x21d9f]
C  [msvcr100.dll+0x21e3b]
C  [KERNEL32.DLL+0x13d2]
C  [ntdll.dll+0x154e4]


Current CompileTask:
C2:   2233 1139   !   4       com.android.dx.cf.code.BytecodeArray::parseInstruction (2764 bytes)


---------------  P R O C E S S  ---------------

Java Threads: ( => current thread )
  0x000000001d146800 JavaThread "pool-2-thread-4" [_thread_blocked, id=80, stack(0x000000001db40000,0x000000001dc40000)]
  0x000000001d136000 JavaThread "pool-2-thread-3" [_thread_in_vm, id=6292, stack(0x000000001da40000,0x000000001db40000)]
  0x000000001d135000 JavaThread "pool-2-thread-2" [_thread_blocked, id=8924, stack(0x000000001d940000,0x000000001da40000)]
  0x000000001d133800 JavaThread "pool-3-thread-1" [_thread_blocked, id=4808, stack(0x000000001d840000,0x000000001d940000)]
  0x000000001d131000 JavaThread "pool-2-thread-1" [_thread_blocked, id=4780, stack(0x000000001d740000,0x000000001d840000)]
  0x000000001cf90800 JavaThread "Service Thread" daemon [_thread_blocked, id=5212, stack(0x000000001d540000,0x000000001d640000)]
  0x000000001cf8a800 JavaThread "C1 CompilerThread2" daemon [_thread_blocked, id=2292, stack(0x000000001d440000,0x000000001d540000)]
  0x000000001cf84800 JavaThread "C2 CompilerThread1" daemon [_thread_in_native, id=892, stack(0x000000001d340000,0x000000001d440000)]
=>0x000000001b92a800 JavaThread "C2 CompilerThread0" daemon [_thread_in_native, id=4724, stack(0x000000001ce40000,0x000000001cf40000)]
  0x000000001b928800 JavaThread "Attach Listener" daemon [_thread_blocked, id=6344, stack(0x000000001cd40000,0x000000001ce40000)]
  0x000000001b927800 JavaThread "Signal Dispatcher" daemon [_thread_blocked, id=3004, stack(0x000000001cc40000,0x000000001cd40000)]
  0x00000000021b6800 JavaThread "Finalizer" daemon [_thread_blocked, id=6048, stack(0x000000001cb40000,0x000000001cc40000)]
  0x00000000021ae800 JavaThread "Reference Handler" daemon [_thread_blocked, id=3620, stack(0x000000001ca40000,0x000000001cb40000)]
  0x00000000020c0800 JavaThread "main" [_thread_blocked, id=8264, stack(0x0000000001f40000,0x0000000002040000)]

Other Threads:
  0x000000001b8a7000 VMThread [stack: 0x000000001c940000,0x000000001ca40000] [id=7956]
  0x000000001cfb2800 WatcherThread [stack: 0x000000001d640000,0x000000001d740000] [id=6240]

VM state:not at safepoint (normal execution)

VM Mutex/Monitor currently owned by a thread: None

Heap:
 PSYoungGen      total 38400K, used 10533K [0x000000076ab00000, 0x000000076f600000, 0x00000007c0000000)
  eden space 33280K, 16% used [0x000000076ab00000,0x000000076b04b308,0x000000076cb80000)
  from space 5120K, 99% used [0x000000076cb80000,0x000000076d07e4c8,0x000000076d080000)
  to   space 5120K, 0% used [0x000000076f100000,0x000000076f100000,0x000000076f600000)
 ParOldGen       total 87552K, used 1601K [0x00000006c0000000, 0x00000006c5580000, 0x000000076ab00000)
  object space 87552K, 1% used [0x00000006c0000000,0x00000006c0190520,0x00000006c5580000)
 Metaspace       used 5955K, capacity 6896K, committed 7040K, reserved 1056768K
  class space    used 590K, capacity 616K, committed 640K, reserved 1048576K

Card table byte_map: [0x0000000011580000,0x0000000011d90000] byte_map_base: 0x000000000df80000

Marking Bits: (ParMarkBitMap*) 0x0000000053a74040
 Begin Bits: [0x00000000126f0000, 0x00000000166f0000)
 End Bits:   [0x00000000166f0000, 0x000000001a6f0000)

Polling page: 0x0000000002040000

CodeCache: size=245760Kb used=4762Kb max_used=4762Kb free=240997Kb
 bounds [0x00000000021c0000, 0x0000000002670000, 0x00000000111c0000]
 total_blobs=1474 nmethods=1203 adapters=182
 compilation: enabled

Compilation events (10 events):
Event: 2.208 Thread 0x000000001cf8a800 1192       3       com.android.dx.rop.code.ThrowingInsn::<init> (49 bytes)
Event: 2.208 Thread 0x000000001cf8a800 nmethod 1192 0x0000000002661d90 code [0x0000000002661f20, 0x0000000002662388]
Event: 2.208 Thread 0x000000001cf8a800 1191       3       com.android.dx.ssa.back.FirstFitLocalCombiningAllocator::access$100 (5 bytes)
Event: 2.209 Thread 0x000000001cf8a800 nmethod 1191 0x0000000002662550 code [0x00000000026626c0, 0x00000000026628b0]
Event: 2.209 Thread 0x000000001cf8a800 1198       3       com.android.dx.ssa.SsaMethod$1::visitPhiInsn (17 bytes)
Event: 2.209 Thread 0x000000001cf8a800 nmethod 1198 0x0000000002662950 code [0x0000000002662ac0, 0x0000000002662ed0]
Event: 2.209 Thread 0x000000001cf8a800 1200       3       com.android.dx.rop.code.DexTranslationAdvice::hasConstantOperation (163 bytes)
Event: 2.210 Thread 0x000000001cf8a800 nmethod 1200 0x0000000002663090 code [0x00000000026632e0, 0x0000000002664b78]
Event: 2.210 Thread 0x000000001cf8a800 1189       3       java.util.TreeMap::rotateRight (96 bytes)
Event: 2.211 Thread 0x000000001cf8a800 nmethod 1189 0x0000000002665090 code [0x0000000002665200, 0x0000000002665590]

GC Heap History (2 events):
Event: 1.935 GC heap before
{Heap before GC invocations=1 (full 0):
 PSYoungGen      total 38400K, used 33280K [0x000000076ab00000, 0x000000076d580000, 0x00000007c0000000)
  eden space 33280K, 100% used [0x000000076ab00000,0x000000076cb80000,0x000000076cb80000)
  from space 5120K, 0% used [0x000000076d080000,0x000000076d080000,0x000000076d580000)
  to   space 5120K, 0% used [0x000000076cb80000,0x000000076cb80000,0x000000076d080000)
 ParOldGen       total 87552K, used 0K [0x00000006c0000000, 0x00000006c5580000, 0x000000076ab00000)
  object space 87552K, 0% used [0x00000006c0000000,0x00000006c0000000,0x00000006c5580000)
 Metaspace       used 5897K, capacity 6832K, committed 7040K, reserved 1056768K
  class space    used 590K, capacity 616K, committed 640K, reserved 1048576K
Event: 2.077 GC heap after
Heap after GC invocations=1 (full 0):
 PSYoungGen      total 38400K, used 5113K [0x000000076ab00000, 0x000000076f600000, 0x00000007c0000000)
  eden space 33280K, 0% used [0x000000076ab00000,0x000000076ab00000,0x000000076cb80000)
  from space 5120K, 99% used [0x000000076cb80000,0x000000076d07e4c8,0x000000076d080000)
  to   space 5120K, 0% used [0x000000076f100000,0x000000076f100000,0x000000076f600000)
 ParOldGen       total 87552K, used 1601K [0x00000006c0000000, 0x00000006c5580000, 0x000000076ab00000)
  object space 87552K, 1% used [0x00000006c0000000,0x00000006c0190520,0x00000006c5580000)
 Metaspace       used 5897K, capacity 6832K, committed 7040K, reserved 1056768K
  class space    used 590K, capacity 616K, committed 640K, reserved 1048576K
}

Deoptimization events (10 events):
Event: 1.358 Thread 0x000000001d131000 Uncommon trap: reason=unstable_if action=reinterpret pc=0x00000000023f7370 method=java.util.BitSet.ensureCapacity(I)V @ 6
Event: 1.398 Thread 0x00000000020c0800 Uncommon trap: reason=unstable_if action=reinterpret pc=0x00000000023f4d78 method=java.util.BitSet.ensureCapacity(I)V @ 6
Event: 1.399 Thread 0x000000001d146800 Uncommon trap: reason=unstable_if action=reinterpret pc=0x00000000024c7c1c method=com.android.dx.rop.cst.Constant.compareTo(Lcom/android/dx/rop/cst/Constant;)I @ 12
Event: 1.418 Thread 0x000000001d135000 Uncommon trap: reason=null_check action=make_not_entrant pc=0x00000000024af5e4 method=com.android.dx.ssa.SsaRenamer.getLocalForNewReg(I)Lcom/android/dx/rop/code/LocalItem; @ 19
Event: 1.727 Thread 0x000000001d131000 Uncommon trap: reason=bimorphic action=maybe_recompile pc=0x00000000023eea0c method=java.util.HashMap.getNode(ILjava/lang/Object;)Ljava/util/HashMap$Node; @ 126
Event: 1.728 Thread 0x000000001d131000 Uncommon trap: reason=bimorphic action=maybe_recompile pc=0x00000000023eea0c method=java.util.HashMap.getNode(ILjava/lang/Object;)Ljava/util/HashMap$Node; @ 126
Event: 1.929 Thread 0x000000001d136000 Uncommon trap: reason=null_check action=make_not_entrant pc=0x00000000024a132c method=com.android.dx.rop.type.Type.equals(Ljava/lang/Object;)Z @ 8
Event: 2.163 Thread 0x000000001d131000 Uncommon trap: reason=bimorphic action=maybe_recompile pc=0x00000000023eea0c method=java.util.HashMap.getNode(ILjava/lang/Object;)Ljava/util/HashMap$Node; @ 126
Event: 2.163 Thread 0x000000001d131000 Uncommon trap: reason=bimorphic action=maybe_recompile pc=0x00000000023eea0c method=java.util.HashMap.getNode(ILjava/lang/Object;)Ljava/util/HashMap$Node; @ 126
Event: 2.163 Thread 0x000000001d131000 Uncommon trap: reason=bimorphic action=maybe_recompile pc=0x00000000023f53d4 method=java.util.HashMap.getNode(ILjava/lang/Object;)Ljava/util/HashMap$Node; @ 126

Internal exceptions (4 events):
Event: 0.059 Thread 0x00000000020c0800 Exception <a 'java/lang/NoSuchMethodError': Method sun.misc.Unsafe.defineClass(Ljava/lang/String;[BII)Ljava/lang/Class; name or signature does not match> (0x000000076ab12c10) thrown at [C:\re\workspace\8-2-build-windows-amd64-cygwin\jdk8u45\3627\hotspot\srƒ|Kex®?
Event: 0.060 Thread 0x00000000020c0800 Exception <a 'java/lang/NoSuchMethodError': Method sun.misc.Unsafe.prefetchRead(Ljava/lang/Object;J)V name or signature does not match> (0x000000076ab12ea0) thrown at [C:\re\workspace\8-2-build-windows-amd64-cygwin\jdk8u45\3627\hotspot\src\share\vm\prims\j &ž¤ñ±ö?
Event: 1.418 Thread 0x000000001d135000 Implicit null exception at 0x00000000024ad04e to 0x00000000024af59d
Event: 1.929 Thread 0x000000001d136000 Implicit null exception at 0x00000000024a1222 to 0x00000000024a131d

Events (10 events):
Event: 2.078 Executing VM operation: ParallelGCFailedAllocation done
Event: 2.163 Thread 0x000000001d131000 Uncommon trap: trap_request=0xffffffc6 fr.pc=0x00000000023eea0c
Event: 2.163 Thread 0x000000001d131000 DEOPT PACKING pc=0x00000000023eea0c sp=0x000000001d83e4f0
Event: 2.163 Thread 0x000000001d131000 DEOPT UNPACKING pc=0x000000000220582a sp=0x000000001d83e408 mode 2
Event: 2.163 Thread 0x000000001d131000 Uncommon trap: trap_request=0xffffffc6 fr.pc=0x00000000023eea0c
Event: 2.163 Thread 0x000000001d131000 DEOPT PACKING pc=0x00000000023eea0c sp=0x000000001d83e4f0
Event: 2.163 Thread 0x000000001d131000 DEOPT UNPACKING pc=0x000000000220582a sp=0x000000001d83e408 mode 2
Event: 2.163 Thread 0x000000001d131000 Uncommon trap: trap_request=0xffffffc6 fr.pc=0x00000000023f53d4
Event: 2.163 Thread 0x000000001d131000 DEOPT PACKING pc=0x00000000023f53d4 sp=0x000000001d83e140
Event: 2.163 Thread 0x000000001d131000 DEOPT UNPACKING pc=0x000000000220582a sp=0x000000001d83e0c8 mode 2


Dynamic libraries:
0x00007ff7a1cf0000 - 0x00007ff7a1d27000 	C:\Program Files\Java\jdk8\bin\java.exe
0x00007ff892b20000 - 0x00007ff892ccd000 	C:\windows\SYSTEM32\ntdll.dll
0x00007ff8916e0000 - 0x00007ff89181e000 	C:\windows\system32\KERNEL32.DLL
0x00007ff88fd20000 - 0x00007ff88fe35000 	C:\windows\system32\KERNELBASE.dll
0x00007ff88e6d0000 - 0x00007ff88e75e000 	C:\windows\system32\apphelp.dll
0x00007ff883090000 - 0x00007ff8830e3000 	C:\windows\AppPatch\AppPatch64\AcGenral.DLL
0x00007ff891b70000 - 0x00007ff891c1a000 	C:\windows\system32\msvcrt.dll
0x00007ff88fe40000 - 0x00007ff88fe6e000 	C:\windows\system32\SspiCli.dll
0x00007ff892660000 - 0x00007ff8926b4000 	C:\windows\system32\SHLWAPI.dll
0x00007ff891cd0000 - 0x00007ff891e47000 	C:\windows\system32\USER32.dll
0x00007ff891f10000 - 0x00007ff8920a4000 	C:\windows\system32\ole32.dll
0x00007ff8901b0000 - 0x00007ff8916d9000 	C:\windows\system32\SHELL32.dll
0x00007ff88f220000 - 0x00007ff88f241000 	C:\windows\SYSTEM32\USERENV.dll
0x00007ff892a50000 - 0x00007ff892afa000 	C:\windows\system32\ADVAPI32.dll
0x00007ff885ae0000 - 0x00007ff885afe000 	C:\windows\SYSTEM32\MPR.dll
0x00007ff8926d0000 - 0x00007ff892810000 	C:\windows\system32\RPCRT4.dll
0x00007ff892810000 - 0x00007ff892869000 	C:\windows\SYSTEM32\sechost.dll
0x00007ff891820000 - 0x00007ff891a31000 	C:\windows\SYSTEM32\combase.dll
0x00007ff8920c0000 - 0x00007ff89220f000 	C:\windows\system32\GDI32.dll
0x00007ff88fc50000 - 0x00007ff88fc65000 	C:\windows\SYSTEM32\profapi.dll
0x00007ff88e0e0000 - 0x00007ff88e192000 	C:\windows\SYSTEM32\SHCORE.dll
0x00007ff891c90000 - 0x00007ff891cc6000 	C:\windows\system32\IMM32.DLL
0x00007ff892350000 - 0x00007ff8924a2000 	C:\windows\system32\MSCTF.dll
0x00007ff88d9e0000 - 0x00007ff88dc5b000 	C:\windows\WinSxS\amd64_microsoft.windows.common-controls_6595b64144ccf1df_6.0.9600.18006_none_623f33d3ecbe86e8\COMCTL32.dll
0x0000000052c50000 - 0x0000000052d22000 	C:\Program Files\Java\jdk8\jre\bin\msvcr100.dll
0x0000000053270000 - 0x0000000053af3000 	C:\Program Files\Java\jdk8\jre\bin\server\jvm.dll
0x00007ff88d400000 - 0x00007ff88d409000 	C:\windows\SYSTEM32\WSOCK32.dll
0x00007ff88d500000 - 0x00007ff88d522000 	C:\windows\SYSTEM32\WINMM.dll
0x00007ff88eef0000 - 0x00007ff88eefa000 	C:\windows\SYSTEM32\VERSION.dll
0x00007ff891c20000 - 0x00007ff891c27000 	C:\windows\system32\PSAPI.DLL
0x00007ff891a40000 - 0x00007ff891a9a000 	C:\windows\system32\WS2_32.dll
0x00007ff88d4d0000 - 0x00007ff88d4fa000 	C:\windows\SYSTEM32\WINMMBASE.dll
0x00007ff8920b0000 - 0x00007ff8920b9000 	C:\windows\system32\NSI.dll
0x00007ff890160000 - 0x00007ff8901af000 	C:\windows\SYSTEM32\cfgmgr32.dll
0x00007ff88e980000 - 0x00007ff88e9a8000 	C:\windows\SYSTEM32\DEVOBJ.dll
0x0000000053260000 - 0x000000005326f000 	C:\Program Files\Java\jdk8\jre\bin\verify.dll
0x0000000053230000 - 0x0000000053259000 	C:\Program Files\Java\jdk8\jre\bin\java.dll
0x0000000053210000 - 0x0000000053226000 	C:\Program Files\Java\jdk8\jre\bin\zip.dll
0x00007ff888090000 - 0x00007ff888219000 	C:\windows\SYSTEM32\dbghelp.dll

VM Arguments:
jvm_args: -Djava.awt.headless=true -Xmx4g -Dfile.encoding=windows-1255 -Duser.country=US -Duser.language=en -Duser.variant 
java_command: com.android.dx.command.Main --dex --num-threads=4 --multi-dex --output C:\Users\User\AndroidStudioProjects\NavigateLifeSaver\app\build\intermediates\transforms\dex\debug\folders\1000\10\okio-1.9.0_87ec70002713aedce86d9826b500923c9d9dddcc C:\Users\User\.gradle\caches\modules-2\files-2.1\com.squareup.okio\okio\1.9.0\f824591a0016efbaeddb8300bee54832a1398cfa\okio-1.9.0.jar
java_class_path (initial): C:\Users\User\AppData\Local\Android\sdk\build-tools\23.0.3\lib\dx.jar
Launcher Type: SUN_STANDARD

Environment Variables:
JAVA_HOME=C:\Program Files\Java\jdk8
PATH=C:\Python27\;C:\ProgramData\Oracle\Java\javapath;C:\Program Files (x86)\Intel\iCLS Client\;C:\Program Files\Intel\iCLS Client\;C:\windows\system32;C:\windows;C:\windows\System32\Wbem;C:\windows\System32\WindowsPowerShell\v1.0\;C:\Program Files\Intel\Intel(R) Management Engine Components\DAL;C:\Program Files (x86)\Intel\Intel(R) Management Engine Components\DAL;C:\Program Files\Intel\Intel(R) Management Engine Components\IPT;C:\Program Files (x86)\Intel\Intel(R) Management Engine Components\IPT;C:\Program Files\Microsoft SQL Server\110\Tools\Binn\;C:\Program Files (x86)\Microsoft SDKs\TypeScript\1.0\;C:\Program Files\Microsoft SQL Server\120\Tools\Binn\;C:\Program Files (x86)\Windows Kits\8.1\Windows Performance Toolkit\;C:\MinGW\bin;\;C:\Program Files\Java\jdk8\bin;C:\Program Files (x86)\Skype\Phone\;C:\Program Files\Git\cmd\;C:\OpenCV\opencv\build\x86\vc12\bin\;
USERNAME=User
OS=Windows_NT
PROCESSOR_IDENTIFIER=Intel64 Family 6 Model 61 Stepping 4, GenuineIntel



---------------  S Y S T E M  ---------------

OS: Windows 8.1 , 64 bit Build 9600 (6.3.9600.17415)

CPU:total 4 (2 cores per cpu, 2 threads per core) family 6 model 61 stepping 4, cmov, cx8, fxsr, mmx, sse, sse2, sse3, ssse3, sse4.1, sse4.2, popcnt, avx, avx2, aes, clmul, erms, 3dnowpref, lzcnt, ht, tsc, tscinvbit, bmi1, bmi2, adx

Memory: 4k page, physical 8277100k(1415220k free), swap 8277100k(7896k free)

vm_info: Java HotSpot(TM) 64-Bit Server VM (25.45-b02) for windows-amd64 JRE (1.8.0_45-b15), built on Apr 30 2015 12:40:44 by "java_re" with MS VC++ 10.0 (VS2010)

time: Sat Aug 27 16:13:01 2016
elapsed time: 2 seconds (0d 0h 0m 2s)

