#
# There is insufficient memory for the Java Runtime Environment to continue.
# Native memory allocation (malloc) failed to allocate 391952 bytes for Chunk::new
# Possible reasons:
#   The system is out of physical RAM or swap space
#   In 32 bit mode, the process size limit was hit
# Possible solutions:
#   Reduce memory load on the system
#   Increase physical memory or swap space
#   Check if swap backing store is full
#   Use 64 bit Java on a 64 bit OS
#   Decrease Java heap size (-Xmx/-Xms)
#   Decrease number of Java threads
#   Decrease Java thread stack sizes (-Xss)
#   Set larger code cache with -XX:ReservedCodeCacheSize=
# This output file may be truncated or incomplete.
#
#  Out of Memory Error (allocation.cpp:390), pid=7932, tid=9196
#
# JRE version: Java(TM) SE Runtime Environment (8.0_45-b15) (build 1.8.0_45-b15)
# Java VM: Java HotSpot(TM) 64-Bit Server VM (25.45-b02 mixed mode windows-amd64 compressed oops)
# Failed to write core dump. Minidumps are not enabled by default on client versions of Windows
#

---------------  T H R E A D  ---------------

Current thread (0x000000001c1fc000):  JavaThread "C2 CompilerThread0" daemon [_thread_in_native, id=9196, stack(0x000000001d730000,0x000000001d830000)]

Stack: [0x000000001d730000,0x000000001d830000]
Native frames: (J=compiled Java code, j=interpreted, Vv=VM code, C=native code)
V  [jvm.dll+0x32b57a]
V  [jvm.dll+0x279873]
V  [jvm.dll+0x27a509]
V  [jvm.dll+0x271825]
V  [jvm.dll+0xcb9e2]
V  [jvm.dll+0xcbeac]
V  [jvm.dll+0x464342]
V  [jvm.dll+0x4db685]
V  [jvm.dll+0x4dc287]
V  [jvm.dll+0x46a551]
V  [jvm.dll+0x46cd52]
V  [jvm.dll+0x4500f2]
V  [jvm.dll+0xa4352]
V  [jvm.dll+0xa4c8f]
V  [jvm.dll+0x241984]
V  [jvm.dll+0x29853a]
C  [msvcr100.dll+0x21d9f]
C  [msvcr100.dll+0x21e3b]
C  [KERNEL32.DLL+0x13d2]
C  [ntdll.dll+0x154e4]


Current CompileTask:
C2:   2485 1422       4       com.android.dx.ssa.LiteralOpUpgrader::tryReplacingWithConstant (161 bytes)


---------------  P R O C E S S  ---------------

Java Threads: ( => current thread )
  0x000000001dbb8000 JavaThread "pool-2-thread-4" [_thread_in_vm, id=4300, stack(0x000000001ec30000,0x000000001ed30000)]
  0x000000001dbb5800 JavaThread "pool-2-thread-3" [_thread_blocked, id=2456, stack(0x000000001eb30000,0x000000001ec30000)]
  0x000000001dca3000 JavaThread "pool-2-thread-2" [_thread_in_vm, id=8540, stack(0x000000001ea30000,0x000000001eb30000)]
  0x000000001dc14800 JavaThread "pool-3-thread-1" [_thread_blocked, id=7560, stack(0x000000001e930000,0x000000001ea30000)]
  0x000000001dbaa000 JavaThread "pool-2-thread-1" [_thread_in_Java, id=6540, stack(0x000000001e830000,0x000000001e930000)]
  0x000000001d9a1000 JavaThread "Service Thread" daemon [_thread_blocked, id=4668, stack(0x000000001de30000,0x000000001df30000)]
  0x000000001d949800 JavaThread "C1 CompilerThread2" daemon [_thread_in_native, id=7464, stack(0x000000001dd30000,0x000000001de30000)]
  0x000000001c202000 JavaThread "C2 CompilerThread1" daemon [_thread_in_native, id=7416, stack(0x000000001d830000,0x000000001d930000)]
=>0x000000001c1fc000 JavaThread "C2 CompilerThread0" daemon [_thread_in_native, id=9196, stack(0x000000001d730000,0x000000001d830000)]
  0x000000001c1f9800 JavaThread "Attach Listener" daemon [_thread_blocked, id=5672, stack(0x000000001d630000,0x000000001d730000)]
  0x000000001c1f8800 JavaThread "Signal Dispatcher" daemon [_thread_blocked, id=9124, stack(0x000000001d530000,0x000000001d630000)]
  0x0000000002ad7800 JavaThread "Finalizer" daemon [_thread_blocked, id=1848, stack(0x000000001d430000,0x000000001d530000)]
  0x0000000002acd800 JavaThread "Reference Handler" daemon [_thread_blocked, id=7284, stack(0x000000001d330000,0x000000001d430000)]
  0x00000000029e0800 JavaThread "main" [_thread_blocked, id=2644, stack(0x00000000028e0000,0x00000000029e0000)]

Other Threads:
  0x000000001c178800 VMThread [stack: 0x000000001d230000,0x000000001d330000] [id=9152]
  0x000000001d9b3800 WatcherThread [stack: 0x000000001df30000,0x000000001e030000] [id=7112]

VM state:not at safepoint (normal execution)

VM Mutex/Monitor currently owned by a thread: None

Heap:
 PSYoungGen      total 38400K, used 14297K [0x000000076ab00000, 0x000000076f600000, 0x00000007c0000000)
  eden space 33280K, 27% used [0x000000076ab00000,0x000000076b3fd858,0x000000076cb80000)
  from space 5120K, 99% used [0x000000076cb80000,0x000000076d078df8,0x000000076d080000)
  to   space 5120K, 0% used [0x000000076f100000,0x000000076f100000,0x000000076f600000)
 ParOldGen       total 87552K, used 1233K [0x00000006c0000000, 0x00000006c5580000, 0x000000076ab00000)
  object space 87552K, 1% used [0x00000006c0000000,0x00000006c0134500,0x00000006c5580000)
 Metaspace       used 6080K, capacity 6960K, committed 7040K, reserved 1056768K
  class space    used 591K, capacity 616K, committed 640K, reserved 1048576K

Card table byte_map: [0x0000000011ea0000,0x00000000126b0000] byte_map_base: 0x000000000e8a0000

Marking Bits: (ParMarkBitMap*) 0x0000000053a74040
 Begin Bits: [0x0000000013010000, 0x0000000017010000)
 End Bits:   [0x0000000017010000, 0x000000001b010000)

Polling page: 0x00000000010c0000

CodeCache: size=245760Kb used=5848Kb max_used=5848Kb free=239911Kb
 bounds [0x0000000002ae0000, 0x00000000030a0000, 0x0000000011ae0000]
 total_blobs=1693 nmethods=1424 adapters=182
 compilation: enabled

Compilation events (10 events):
Event: 2.407 Thread 0x000000001c1fc000 nmethod 1417 0x000000000308d390 code [0x000000000308d500, 0x000000000308dc38]
Event: 2.408 Thread 0x000000001d949800 1418       1       com.android.dx.dex.file.DexFile::getFieldIds (5 bytes)
Event: 2.408 Thread 0x000000001d949800 nmethod 1418 0x000000000308a2d0 code [0x000000000308a420, 0x000000000308a530]
Event: 2.409 Thread 0x000000001c1fc000 1419       4       com.android.dx.ssa.MoveParamCombiner$1::visitNonMoveInsn (213 bytes)
Event: 2.412 Thread 0x000000001c1fc000 nmethod 1419 0x000000000308b850 code [0x000000000308b9a0, 0x000000000308bb58]
Event: 2.412 Thread 0x000000001d949800 1420       3       com.android.dx.ssa.back.FirstFitLocalCombiningAllocator::tryMapReg (41 bytes)
Event: 2.413 Thread 0x000000001d949800 nmethod 1420 0x000000000308ff90 code [0x00000000030901c0, 0x0000000003090f88]
Event: 2.413 Thread 0x000000001d949800 1421   !   3       com.android.dx.cf.code.Ropper::doit (126 bytes)
Event: 2.415 Thread 0x000000001d949800 nmethod 1421 0x00000000030965d0 code [0x00000000030968c0, 0x0000000003097d38]
Event: 2.418 Thread 0x000000001c1fc000 1422       4       com.android.dx.ssa.LiteralOpUpgrader::tryReplacingWithConstant (161 bytes)

GC Heap History (2 events):
Event: 1.513 GC heap before
{Heap before GC invocations=1 (full 0):
 PSYoungGen      total 38400K, used 33280K [0x000000076ab00000, 0x000000076d580000, 0x00000007c0000000)
  eden space 33280K, 100% used [0x000000076ab00000,0x000000076cb80000,0x000000076cb80000)
  from space 5120K, 0% used [0x000000076d080000,0x000000076d080000,0x000000076d580000)
  to   space 5120K, 0% used [0x000000076cb80000,0x000000076cb80000,0x000000076d080000)
 ParOldGen       total 87552K, used 0K [0x00000006c0000000, 0x00000006c5580000, 0x000000076ab00000)
  object space 87552K, 0% used [0x00000006c0000000,0x00000006c0000000,0x00000006c5580000)
 Metaspace       used 5951K, capacity 6896K, committed 7040K, reserved 1056768K
  class space    used 590K, capacity 616K, committed 640K, reserved 1048576K
Event: 1.607 GC heap after
Heap after GC invocations=1 (full 0):
 PSYoungGen      total 38400K, used 5091K [0x000000076ab00000, 0x000000076f600000, 0x00000007c0000000)
  eden space 33280K, 0% used [0x000000076ab00000,0x000000076ab00000,0x000000076cb80000)
  from space 5120K, 99% used [0x000000076cb80000,0x000000076d078df8,0x000000076d080000)
  to   space 5120K, 0% used [0x000000076f100000,0x000000076f100000,0x000000076f600000)
 ParOldGen       total 87552K, used 1233K [0x00000006c0000000, 0x00000006c5580000, 0x000000076ab00000)
  object space 87552K, 1% used [0x00000006c0000000,0x00000006c0134500,0x00000006c5580000)
 Metaspace       used 5951K, capacity 6896K, committed 7040K, reserved 1056768K
  class space    used 590K, capacity 616K, committed 640K, reserved 1048576K
}

Deoptimization events (8 events):
Event: 0.668 Thread 0x00000000029e0800 Uncommon trap: reason=unstable_if action=reinterpret pc=0x0000000002d3fcf4 method=java.util.BitSet.nextSetBit(I)I @ 87
Event: 0.708 Thread 0x000000001dbb8000 Uncommon trap: reason=unstable_if action=reinterpret pc=0x0000000002d28f00 method=java.util.HashMap.getNode(ILjava/lang/Object;)Ljava/util/HashMap$Node; @ 129
Event: 1.050 Thread 0x000000001dbaa000 Uncommon trap: reason=null_check action=make_not_entrant pc=0x0000000002e355c8 method=com.android.dx.ssa.SsaRenamer.getLocalForNewReg(I)Lcom/android/dx/rop/code/LocalItem; @ 19
Event: 1.050 Thread 0x000000001dbaa000 Uncommon trap: reason=null_check action=make_not_entrant pc=0x0000000002e527b4 method=com.android.dx.ssa.SsaRenamer.getLocalForNewReg(I)Lcom/android/dx/rop/code/LocalItem; @ 19
Event: 1.682 Thread 0x00000000029e0800 Uncommon trap: reason=unstable_if action=reinterpret pc=0x0000000002f269f4 method=com.android.dx.rop.code.RegisterSpecSet.put(Lcom/android/dx/rop/code/RegisterSpec;)V @ 77
Event: 1.682 Thread 0x00000000029e0800 Uncommon trap: reason=unstable_if action=reinterpret pc=0x0000000002f5d6f4 method=com.android.dx.rop.code.RegisterSpecSet.put(Lcom/android/dx/rop/code/RegisterSpec;)V @ 77
Event: 2.184 Thread 0x000000001dbb5800 Uncommon trap: reason=bimorphic action=maybe_recompile pc=0x0000000003038008 method=com.android.dx.cf.code.BytecodeArray.parseInstruction(ILcom/android/dx/cf/code/BytecodeArray$Visitor;)I @ 2281
Event: 2.184 Thread 0x000000001dbb5800 Uncommon trap: reason=bimorphic action=maybe_recompile pc=0x0000000003038008 method=com.android.dx.cf.code.BytecodeArray.parseInstruction(ILcom/android/dx/cf/code/BytecodeArray$Visitor;)I @ 2281

Internal exceptions (4 events):
Event: 0.047 Thread 0x00000000029e0800 Exception <a 'java/lang/NoSuchMethodError': Method sun.misc.Unsafe.defineClass(Ljava/lang/String;[BII)Ljava/lang/Class; name or signature does not match> (0x000000076ab12f08) thrown at [C:\re\workspace\8-2-build-windows-amd64-cygwin\jdk8u45\3627\hotspot\srÌ÷¡}C¨?
Event: 0.047 Thread 0x00000000029e0800 Exception <a 'java/lang/NoSuchMethodError': Method sun.misc.Unsafe.prefetchRead(Ljava/lang/Object;J)V name or signature does not match> (0x000000076ab13198) thrown at [C:\re\workspace\8-2-build-windows-amd64-cygwin\jdk8u45\3627\hotspot\src\share\vm\prims\jñ¨ªpËð?
Event: 1.050 Thread 0x000000001dbaa000 Implicit null exception at 0x0000000002e3244a to 0x0000000002e35585
Event: 1.050 Thread 0x000000001dbaa000 Implicit null exception at 0x0000000002e4fbfc to 0x0000000002e5278d

Events (10 events):
Event: 2.176 loading class com/android/dx/cf/attrib/AttEnclosingMethod
Event: 2.176 loading class com/android/dx/cf/attrib/AttEnclosingMethod done
Event: 2.178 loading class com/android/dx/cf/code/BytecodeArray$ConstantParserVisitor
Event: 2.178 loading class com/android/dx/cf/code/BytecodeArray$ConstantParserVisitor done
Event: 2.184 Thread 0x000000001dbb5800 Uncommon trap: trap_request=0xffffffc6 fr.pc=0x0000000003038008
Event: 2.184 Thread 0x000000001dbb5800 DEOPT PACKING pc=0x0000000003038008 sp=0x000000001ec2e510
Event: 2.184 Thread 0x000000001dbb5800 DEOPT UNPACKING pc=0x0000000002b2582a sp=0x000000001ec2e4a0 mode 2
Event: 2.184 Thread 0x000000001dbb5800 Uncommon trap: trap_request=0xffffffc6 fr.pc=0x0000000003038008
Event: 2.184 Thread 0x000000001dbb5800 DEOPT PACKING pc=0x0000000003038008 sp=0x000000001ec2e2f0
Event: 2.184 Thread 0x000000001dbb5800 DEOPT UNPACKING pc=0x0000000002b2582a sp=0x000000001ec2e280 mode 2


Dynamic libraries:
0x00007ff7a1cf0000 - 0x00007ff7a1d27000 	C:\Program Files\Java\jdk8\bin\java.exe
0x00007ff892b20000 - 0x00007ff892ccd000 	C:\windows\SYSTEM32\ntdll.dll
0x00007ff8916e0000 - 0x00007ff89181e000 	C:\windows\system32\KERNEL32.DLL
0x00007ff88fd20000 - 0x00007ff88fe35000 	C:\windows\system32\KERNELBASE.dll
0x00007ff88e6d0000 - 0x00007ff88e75e000 	C:\windows\system32\apphelp.dll
0x00007ff883090000 - 0x00007ff8830e3000 	C:\windows\AppPatch\AppPatch64\AcGenral.DLL
0x00007ff891b70000 - 0x00007ff891c1a000 	C:\windows\system32\msvcrt.dll
0x00007ff88fe40000 - 0x00007ff88fe6e000 	C:\windows\system32\SspiCli.dll
0x00007ff892660000 - 0x00007ff8926b4000 	C:\windows\system32\SHLWAPI.dll
0x00007ff891cd0000 - 0x00007ff891e47000 	C:\windows\system32\USER32.dll
0x00007ff891f10000 - 0x00007ff8920a4000 	C:\windows\system32\ole32.dll
0x00007ff8901b0000 - 0x00007ff8916d9000 	C:\windows\system32\SHELL32.dll
0x00007ff88f220000 - 0x00007ff88f241000 	C:\windows\SYSTEM32\USERENV.dll
0x00007ff892a50000 - 0x00007ff892afa000 	C:\windows\system32\ADVAPI32.dll
0x00007ff885ae0000 - 0x00007ff885afe000 	C:\windows\SYSTEM32\MPR.dll
0x00007ff8926d0000 - 0x00007ff892810000 	C:\windows\system32\RPCRT4.dll
0x00007ff892810000 - 0x00007ff892869000 	C:\windows\SYSTEM32\sechost.dll
0x00007ff891820000 - 0x00007ff891a31000 	C:\windows\SYSTEM32\combase.dll
0x00007ff8920c0000 - 0x00007ff89220f000 	C:\windows\system32\GDI32.dll
0x00007ff88fc50000 - 0x00007ff88fc65000 	C:\windows\SYSTEM32\profapi.dll
0x00007ff88e0e0000 - 0x00007ff88e192000 	C:\windows\SYSTEM32\SHCORE.dll
0x00007ff891c90000 - 0x00007ff891cc6000 	C:\windows\system32\IMM32.DLL
0x00007ff892350000 - 0x00007ff8924a2000 	C:\windows\system32\MSCTF.dll
0x00007ff88d9e0000 - 0x00007ff88dc5b000 	C:\windows\WinSxS\amd64_microsoft.windows.common-controls_6595b64144ccf1df_6.0.9600.18006_none_623f33d3ecbe86e8\COMCTL32.dll
0x0000000052c50000 - 0x0000000052d22000 	C:\Program Files\Java\jdk8\jre\bin\msvcr100.dll
0x0000000053270000 - 0x0000000053af3000 	C:\Program Files\Java\jdk8\jre\bin\server\jvm.dll
0x00007ff88d400000 - 0x00007ff88d409000 	C:\windows\SYSTEM32\WSOCK32.dll
0x00007ff88d500000 - 0x00007ff88d522000 	C:\windows\SYSTEM32\WINMM.dll
0x00007ff88eef0000 - 0x00007ff88eefa000 	C:\windows\SYSTEM32\VERSION.dll
0x00007ff891c20000 - 0x00007ff891c27000 	C:\windows\system32\PSAPI.DLL
0x00007ff891a40000 - 0x00007ff891a9a000 	C:\windows\system32\WS2_32.dll
0x00007ff88d4d0000 - 0x00007ff88d4fa000 	C:\windows\SYSTEM32\WINMMBASE.dll
0x00007ff8920b0000 - 0x00007ff8920b9000 	C:\windows\system32\NSI.dll
0x00007ff890160000 - 0x00007ff8901af000 	C:\windows\SYSTEM32\cfgmgr32.dll
0x00007ff88e980000 - 0x00007ff88e9a8000 	C:\windows\SYSTEM32\DEVOBJ.dll
0x0000000053260000 - 0x000000005326f000 	C:\Program Files\Java\jdk8\jre\bin\verify.dll
0x0000000053230000 - 0x0000000053259000 	C:\Program Files\Java\jdk8\jre\bin\java.dll
0x0000000053210000 - 0x0000000053226000 	C:\Program Files\Java\jdk8\jre\bin\zip.dll
0x00007ff888090000 - 0x00007ff888219000 	C:\windows\SYSTEM32\dbghelp.dll

VM Arguments:
jvm_args: -Djava.awt.headless=true -Xmx4g -Dfile.encoding=windows-1255 -Duser.country=US -Duser.language=en -Duser.variant 
java_command: com.android.dx.command.Main --dex --num-threads=4 --multi-dex --output C:\Users\User\AndroidStudioProjects\NavigateLifeSaver\app\build\intermediates\transforms\dex\debug\folders\1000\10\jackson-databind-2.4.1_5c68aafabbafb8aab6ae7aac154b34a2e32d55d1 C:\Users\User\.gradle\caches\modules-2\files-2.1\com.fasterxml.jackson.core\jackson-databind\2.4.1\f07c773f7b3a03c3801d405cadbdc93f7548e321\jackson-databind-2.4.1.jar
java_class_path (initial): C:\Users\User\AppData\Local\Android\sdk\build-tools\23.0.3\lib\dx.jar
Launcher Type: SUN_STANDARD

Environment Variables:
JAVA_HOME=C:\Program Files\Java\jdk8
PATH=C:\Python27\;C:\ProgramData\Oracle\Java\javapath;C:\Program Files (x86)\Intel\iCLS Client\;C:\Program Files\Intel\iCLS Client\;C:\windows\system32;C:\windows;C:\windows\System32\Wbem;C:\windows\System32\WindowsPowerShell\v1.0\;C:\Program Files\Intel\Intel(R) Management Engine Components\DAL;C:\Program Files (x86)\Intel\Intel(R) Management Engine Components\DAL;C:\Program Files\Intel\Intel(R) Management Engine Components\IPT;C:\Program Files (x86)\Intel\Intel(R) Management Engine Components\IPT;C:\Program Files\Microsoft SQL Server\110\Tools\Binn\;C:\Program Files (x86)\Microsoft SDKs\TypeScript\1.0\;C:\Program Files\Microsoft SQL Server\120\Tools\Binn\;C:\Program Files (x86)\Windows Kits\8.1\Windows Performance Toolkit\;C:\MinGW\bin;\;C:\Program Files\Java\jdk8\bin;C:\Program Files (x86)\Skype\Phone\;C:\Program Files\Git\cmd\;C:\OpenCV\opencv\build\x86\vc12\bin\;
USERNAME=User
OS=Windows_NT
PROCESSOR_IDENTIFIER=Intel64 Family 6 Model 61 Stepping 4, GenuineIntel



---------------  S Y S T E M  ---------------

OS: Windows 8.1 , 64 bit Build 9600 (6.3.9600.17415)

CPU:total 4 (2 cores per cpu, 2 threads per core) family 6 model 61 stepping 4, cmov, cx8, fxsr, mmx, sse, sse2, sse3, ssse3, sse4.1, sse4.2, popcnt, avx, avx2, aes, clmul, erms, 3dnowpref, lzcnt, ht, tsc, tscinvbit, bmi1, bmi2, adx

Memory: 4k page, physical 8277100k(1418608k free), swap 8277100k(5064k free)

vm_info: Java HotSpot(TM) 64-Bit Server VM (25.45-b02) for windows-amd64 JRE (1.8.0_45-b15), built on Apr 30 2015 12:40:44 by "java_re" with MS VC++ 10.0 (VS2010)

time: Sat Aug 27 16:12:56 2016
elapsed time: 2 seconds (0d 0h 0m 2s)

