#
# There is insufficient memory for the Java Runtime Environment to continue.
# Native memory allocation (malloc) failed to allocate 40976 bytes for Chunk::new
# Possible reasons:
#   The system is out of physical RAM or swap space
#   In 32 bit mode, the process size limit was hit
# Possible solutions:
#   Reduce memory load on the system
#   Increase physical memory or swap space
#   Check if swap backing store is full
#   Use 64 bit Java on a 64 bit OS
#   Decrease Java heap size (-Xmx/-Xms)
#   Decrease number of Java threads
#   Decrease Java thread stack sizes (-Xss)
#   Set larger code cache with -XX:ReservedCodeCacheSize=
# This output file may be truncated or incomplete.
#
#  Out of Memory Error (allocation.cpp:390), pid=2204, tid=3756
#
# JRE version: Java(TM) SE Runtime Environment (8.0_45-b15) (build 1.8.0_45-b15)
# Java VM: Java HotSpot(TM) 64-Bit Server VM (25.45-b02 mixed mode windows-amd64 compressed oops)
# Failed to write core dump. Minidumps are not enabled by default on client versions of Windows
#

---------------  T H R E A D  ---------------

Current thread (0x000000001518c000):  JavaThread "C2 CompilerThread0" daemon [_thread_in_native, id=3756, stack(0x00000000166a0000,0x00000000167a0000)]

Stack: [0x00000000166a0000,0x00000000167a0000]
Native frames: (J=compiled Java code, j=interpreted, Vv=VM code, C=native code)
V  [jvm.dll+0x32b57a]


Current CompileTask:
C2:   8938 1812       4       com.android.dx.ssa.back.FirstFitLocalCombiningAllocator::tryMapRegs (110 bytes)


---------------  P R O C E S S  ---------------

Java Threads: ( => current thread )
  0x00000000169f4000 JavaThread "pool-2-thread-4" [_thread_blocked, id=5768, stack(0x00000000173a0000,0x00000000174a0000)]
  0x00000000169f2800 JavaThread "pool-2-thread-3" [_thread_in_Java, id=1432, stack(0x00000000172a0000,0x00000000173a0000)]
  0x00000000169f2000 JavaThread "pool-2-thread-2" [_thread_blocked, id=4948, stack(0x00000000171a0000,0x00000000172a0000)]
  0x00000000169f0000 JavaThread "pool-3-thread-1" [_thread_blocked, id=6440, stack(0x00000000170a0000,0x00000000171a0000)]
  0x00000000169ed000 JavaThread "pool-2-thread-1" [_thread_in_Java, id=8680, stack(0x0000000016fa0000,0x00000000170a0000)]
  0x00000000167f2000 JavaThread "Service Thread" daemon [_thread_blocked, id=4556, stack(0x0000000016da0000,0x0000000016ea0000)]
  0x00000000167ec800 JavaThread "C1 CompilerThread2" daemon [_thread_blocked, id=6152, stack(0x0000000016ca0000,0x0000000016da0000)]
  0x00000000167e6800 JavaThread "C2 CompilerThread1" daemon [_thread_in_native, id=1164, stack(0x0000000016ba0000,0x0000000016ca0000)]
=>0x000000001518c000 JavaThread "C2 CompilerThread0" daemon [_thread_in_native, id=3756, stack(0x00000000166a0000,0x00000000167a0000)]
  0x0000000015189800 JavaThread "Attach Listener" daemon [_thread_blocked, id=9084, stack(0x00000000165a0000,0x00000000166a0000)]
  0x0000000015189000 JavaThread "Signal Dispatcher" daemon [_thread_blocked, id=4908, stack(0x00000000164a0000,0x00000000165a0000)]
  0x0000000002a66800 JavaThread "Finalizer" daemon [_thread_blocked, id=7688, stack(0x00000000163a0000,0x00000000164a0000)]
  0x0000000002a5e800 JavaThread "Reference Handler" daemon [_thread_blocked, id=8532, stack(0x00000000162a0000,0x00000000163a0000)]
  0x0000000002970800 JavaThread "main" [_thread_in_Java, id=7628, stack(0x00000000027a0000,0x00000000028a0000)]

Other Threads:
  0x0000000015107000 VMThread [stack: 0x00000000161a0000,0x00000000162a0000] [id=3808]
  0x000000001680c000 WatcherThread [stack: 0x0000000016ea0000,0x0000000016fa0000] [id=5008]

VM state:not at safepoint (normal execution)

VM Mutex/Monitor currently owned by a thread: None

Heap:
 PSYoungGen      total 71680K, used 7552K [0x00000000eab00000, 0x00000000ef600000, 0x0000000100000000)
  eden space 66560K, 3% used [0x00000000eab00000,0x00000000ead60150,0x00000000eec00000)
  from space 5120K, 99% used [0x00000000eec00000,0x00000000ef0fffe0,0x00000000ef100000)
  to   space 5120K, 0% used [0x00000000ef100000,0x00000000ef100000,0x00000000ef600000)
 ParOldGen       total 87552K, used 15380K [0x00000000c0000000, 0x00000000c5580000, 0x00000000eab00000)
  object space 87552K, 17% used [0x00000000c0000000,0x00000000c0f05078,0x00000000c5580000)
 Metaspace       used 6266K, capacity 7128K, committed 7424K, reserved 1056768K
  class space    used 611K, capacity 656K, committed 768K, reserved 1048576K

Card table byte_map: [0x0000000011e30000,0x0000000012040000] byte_map_base: 0x0000000011830000

Marking Bits: (ParMarkBitMap*) 0x0000000053a74040
 Begin Bits: [0x00000000125a0000, 0x00000000135a0000)
 End Bits:   [0x00000000135a0000, 0x00000000145a0000)

Polling page: 0x0000000000ea0000

CodeCache: size=245760Kb used=7623Kb max_used=7623Kb free=238136Kb
 bounds [0x0000000002a70000, 0x00000000031f0000, 0x0000000011a70000]
 total_blobs=2019 nmethods=1748 adapters=182
 compilation: enabled

Compilation events (10 events):
Event: 8.587 Thread 0x000000001518c000 1810       4       java.util.HashMap::resize (359 bytes)
Event: 8.597 Thread 0x000000001518c000 nmethod 1810 0x00000000031b45d0 code [0x00000000031b4760, 0x00000000031b4cc8]
Event: 8.599 Thread 0x000000001518c000 1811       4       com.android.dx.ssa.back.FirstFitLocalCombiningAllocator::spansParamRange (24 bytes)
Event: 8.599 Thread 0x000000001518c000 nmethod 1811 0x00000000031026d0 code [0x0000000003102800, 0x0000000003102878]
Event: 8.600 Thread 0x000000001518c000 1812       4       com.android.dx.ssa.back.FirstFitLocalCombiningAllocator::tryMapRegs (110 bytes)
Event: 8.671 Thread 0x00000000167ec800 1832   !   2       com.android.dx.rop.code.RegisterSpec::intern (70 bytes)
Event: 8.672 Thread 0x00000000167ec800 nmethod 1832 0x00000000031b3a50 code [0x00000000031b3c00, 0x00000000031b4168]
Event: 8.677 Thread 0x00000000167ec800 1834       2       java.util.HashMap::putVal (300 bytes)
Event: 8.678 Thread 0x00000000167ec800 nmethod 1834 0x00000000031d9c90 code [0x00000000031d9ea0, 0x00000000031da5b8]
Event: 8.934 Thread 0x00000000167ec800 1835       2       com.android.dx.cf.code.OneLocalsArray::makeInitialized (55 bytes)

GC Heap History (6 events):
Event: 3.044 GC heap before
{Heap before GC invocations=1 (full 0):
 PSYoungGen      total 38400K, used 33280K [0x00000000eab00000, 0x00000000ed580000, 0x0000000100000000)
  eden space 33280K, 100% used [0x00000000eab00000,0x00000000ecb80000,0x00000000ecb80000)
  from space 5120K, 0% used [0x00000000ed080000,0x00000000ed080000,0x00000000ed580000)
  to   space 5120K, 0% used [0x00000000ecb80000,0x00000000ecb80000,0x00000000ed080000)
 ParOldGen       total 87552K, used 0K [0x00000000c0000000, 0x00000000c5580000, 0x00000000eab00000)
  object space 87552K, 0% used [0x00000000c0000000,0x00000000c0000000,0x00000000c5580000)
 Metaspace       used 5993K, capacity 6960K, committed 7040K, reserved 1056768K
  class space    used 589K, capacity 616K, committed 640K, reserved 1048576K
Event: 3.219 GC heap after
Heap after GC invocations=1 (full 0):
 PSYoungGen      total 38400K, used 5100K [0x00000000eab00000, 0x00000000ef600000, 0x0000000100000000)
  eden space 33280K, 0% used [0x00000000eab00000,0x00000000eab00000,0x00000000ecb80000)
  from space 5120K, 99% used [0x00000000ecb80000,0x00000000ed07b220,0x00000000ed080000)
  to   space 5120K, 0% used [0x00000000ef100000,0x00000000ef100000,0x00000000ef600000)
 ParOldGen       total 87552K, used 1709K [0x00000000c0000000, 0x00000000c5580000, 0x00000000eab00000)
  object space 87552K, 1% used [0x00000000c0000000,0x00000000c01ab6f8,0x00000000c5580000)
 Metaspace       used 5993K, capacity 6960K, committed 7040K, reserved 1056768K
  class space    used 589K, capacity 616K, committed 640K, reserved 1048576K
}
Event: 4.574 GC heap before
{Heap before GC invocations=2 (full 0):
 PSYoungGen      total 38400K, used 38380K [0x00000000eab00000, 0x00000000ef600000, 0x0000000100000000)
  eden space 33280K, 100% used [0x00000000eab00000,0x00000000ecb80000,0x00000000ecb80000)
  from space 5120K, 99% used [0x00000000ecb80000,0x00000000ed07b220,0x00000000ed080000)
  to   space 5120K, 0% used [0x00000000ef100000,0x00000000ef100000,0x00000000ef600000)
 ParOldGen       total 87552K, used 1709K [0x00000000c0000000, 0x00000000c5580000, 0x00000000eab00000)
  object space 87552K, 1% used [0x00000000c0000000,0x00000000c01ab6f8,0x00000000c5580000)
 Metaspace       used 6138K, capacity 7024K, committed 7296K, reserved 1056768K
  class space    used 591K, capacity 616K, committed 640K, reserved 1048576K
Event: 4.904 GC heap after
Heap after GC invocations=2 (full 0):
 PSYoungGen      total 71680K, used 5114K [0x00000000eab00000, 0x00000000ef600000, 0x0000000100000000)
  eden space 66560K, 0% used [0x00000000eab00000,0x00000000eab00000,0x00000000eec00000)
  from space 5120K, 99% used [0x00000000ef100000,0x00000000ef5fea58,0x00000000ef600000)
  to   space 5120K, 0% used [0x00000000eec00000,0x00000000eec00000,0x00000000ef100000)
 ParOldGen       total 87552K, used 6990K [0x00000000c0000000, 0x00000000c5580000, 0x00000000eab00000)
  object space 87552K, 7% used [0x00000000c0000000,0x00000000c06d3be0,0x00000000c5580000)
 Metaspace       used 6138K, capacity 7024K, committed 7296K, reserved 1056768K
  class space    used 591K, capacity 616K, committed 640K, reserved 1048576K
}
Event: 8.903 GC heap before
{Heap before GC invocations=3 (full 0):
 PSYoungGen      total 71680K, used 71674K [0x00000000eab00000, 0x00000000ef600000, 0x0000000100000000)
  eden space 66560K, 100% used [0x00000000eab00000,0x00000000eec00000,0x00000000eec00000)
  from space 5120K, 99% used [0x00000000ef100000,0x00000000ef5fea58,0x00000000ef600000)
  to   space 5120K, 0% used [0x00000000eec00000,0x00000000eec00000,0x00000000ef100000)
 ParOldGen       total 87552K, used 6990K [0x00000000c0000000, 0x00000000c5580000, 0x00000000eab00000)
  object space 87552K, 7% used [0x00000000c0000000,0x00000000c06d3be0,0x00000000c5580000)
 Metaspace       used 6266K, capacity 7128K, committed 7424K, reserved 1056768K
  class space    used 611K, capacity 656K, committed 768K, reserved 1048576K
Event: 8.930 GC heap after
Heap after GC invocations=3 (full 0):
 PSYoungGen      total 71680K, used 5119K [0x00000000eab00000, 0x00000000ef600000, 0x0000000100000000)
  eden space 66560K, 0% used [0x00000000eab00000,0x00000000eab00000,0x00000000eec00000)
  from space 5120K, 99% used [0x00000000eec00000,0x00000000ef0fffe0,0x00000000ef100000)
  to   space 5120K, 0% used [0x00000000ef100000,0x00000000ef100000,0x00000000ef600000)
 ParOldGen       total 87552K, used 15380K [0x00000000c0000000, 0x00000000c5580000, 0x00000000eab00000)
  object space 87552K, 17% used [0x00000000c0000000,0x00000000c0f05078,0x00000000c5580000)
 Metaspace       used 6266K, capacity 7128K, committed 7424K, reserved 1056768K
  class space    used 611K, capacity 656K, committed 768K, reserved 1048576K
}

Deoptimization events (10 events):
Event: 4.392 Thread 0x00000000169f4000 Uncommon trap: reason=class_check action=maybe_recompile pc=0x0000000002fd1a84 method=java.util.HashMap.putVal(ILjava/lang/Object;Ljava/lang/Object;ZZ)Ljava/lang/Object; @ 203
Event: 4.392 Thread 0x00000000169f4000 Uncommon trap: reason=bimorphic action=maybe_recompile pc=0x0000000002d0e478 method=java.util.HashMap.getNode(ILjava/lang/Object;)Ljava/util/HashMap$Node; @ 126
Event: 4.392 Thread 0x00000000169f4000 Uncommon trap: reason=class_check action=maybe_recompile pc=0x0000000002fd1a84 method=java.util.HashMap.putVal(ILjava/lang/Object;Ljava/lang/Object;ZZ)Ljava/lang/Object; @ 203
Event: 4.399 Thread 0x00000000169f4000 Uncommon trap: reason=bimorphic action=maybe_recompile pc=0x0000000002d16164 method=java.util.HashMap.getNode(ILjava/lang/Object;)Ljava/util/HashMap$Node; @ 126
Event: 4.400 Thread 0x00000000169f4000 Uncommon trap: reason=bimorphic action=maybe_recompile pc=0x0000000002d0e478 method=java.util.HashMap.getNode(ILjava/lang/Object;)Ljava/util/HashMap$Node; @ 126
Event: 4.907 Thread 0x00000000169f2000 Uncommon trap: reason=unstable_if action=reinterpret pc=0x0000000002dd69a8 method=java.util.HashMap.putVal(ILjava/lang/Object;Ljava/lang/Object;ZZ)Ljava/lang/Object; @ 162
Event: 5.012 Thread 0x00000000169f2000 Uncommon trap: reason=unstable_if action=reinterpret pc=0x00000000030dded0 method=java.util.HashMap.getNode(ILjava/lang/Object;)Ljava/util/HashMap$Node; @ 84
Event: 5.028 Thread 0x00000000169f2000 Uncommon trap: reason=class_check action=maybe_recompile pc=0x0000000002fd1a84 method=java.util.HashMap.putVal(ILjava/lang/Object;Ljava/lang/Object;ZZ)Ljava/lang/Object; @ 203
Event: 8.671 Thread 0x00000000169f2800 Uncommon trap: reason=unstable_if action=reinterpret pc=0x000000000312b7c0 method=java.util.HashMap.putVal(ILjava/lang/Object;Ljava/lang/Object;ZZ)Ljava/lang/Object; @ 109
Event: 8.672 Thread 0x00000000169f2800 Uncommon trap: reason=unstable_if action=reinterpret pc=0x000000000318a3a4 method=java.util.HashMap.putVal(ILjava/lang/Object;Ljava/lang/Object;ZZ)Ljava/lang/Object; @ 109

Internal exceptions (7 events):
Event: 0.114 Thread 0x0000000002970800 Exception <a 'java/lang/NoSuchMethodError': Method sun.misc.Unsafe.defineClass(Ljava/lang/String;[BII)Ljava/lang/Class; name or signature does not match> (0x00000000eab12f08) thrown at [C:\re\workspace\8-2-build-windows-amd64-cygwin\jdk8u45\3627\hotspot\srÇ√ê)Ω?
Event: 0.114 Thread 0x0000000002970800 Exception <a 'java/lang/NoSuchMethodError': Method sun.misc.Unsafe.prefetchRead(Ljava/lang/Object;J)V name or signature does not match> (0x00000000eab13198) thrown at [C:\re\workspace\8-2-build-windows-amd64-cygwin\jdk8u45\3627\hotspot\src\share\vm\prims\jA%ë—|Â@
Event: 2.362 Thread 0x00000000169ed000 Implicit null exception at 0x0000000002ddc562 to 0x0000000002ddc655
Event: 2.789 Thread 0x00000000169ed000 Implicit null exception at 0x0000000002de5e98 to 0x0000000002de82ad
Event: 5.009 Thread 0x00000000169f2000 Exception <a 'java/lang/ArrayIndexOutOfBoundsException': 18> (0x00000000eabe4498) thrown at [C:\re\workspace\8-2-build-windows-amd64-cygwin\jdk8u45\3627\hotspot\src\share\vm\interpreter\interpreterRuntime.cpp, line 366]
Event: 5.010 Thread 0x00000000169f2000 Exception <a 'java/lang/ArrayIndexOutOfBoundsException'> (0x00000000eabe5f68) thrown at [C:\re\workspace\8-2-build-windows-amd64-cygwin\jdk8u45\3627\hotspot\src\share\vm\runtime\sharedRuntime.cpp, line 605]
Event: 5.011 Thread 0x00000000169f2000 Exception <a 'java/lang/ArrayIndexOutOfBoundsException'> (0x00000000eabe71a0) thrown at [C:\re\workspace\8-2-build-windows-amd64-cygwin\jdk8u45\3627\hotspot\src\share\vm\runtime\sharedRuntime.cpp, line 605]

Events (10 events):
Event: 8.511 Thread 0x00000000169f2800 DEOPT PACKING pc=0x0000000002ed0b2c sp=0x000000001739e780
Event: 8.516 Thread 0x00000000169f2800 DEOPT UNPACKING pc=0x0000000002ab787f sp=0x000000001739e500 mode 0
Event: 8.671 Thread 0x00000000169f2800 Uncommon trap: trap_request=0xffffff65 fr.pc=0x000000000312b7c0
Event: 8.671 Thread 0x00000000169f2800 DEOPT PACKING pc=0x000000000312b7c0 sp=0x000000001739e490
Event: 8.671 Thread 0x00000000169f2800 DEOPT UNPACKING pc=0x0000000002ab582a sp=0x000000001739e338 mode 2
Event: 8.672 Thread 0x00000000169f2800 Uncommon trap: trap_request=0xffffff65 fr.pc=0x000000000318a3a4
Event: 8.672 Thread 0x00000000169f2800 DEOPT PACKING pc=0x000000000318a3a4 sp=0x000000001739e510
Event: 8.672 Thread 0x00000000169f2800 DEOPT UNPACKING pc=0x0000000002ab582a sp=0x000000001739e4a0 mode 2
Event: 8.710 Executing VM operation: ParallelGCFailedAllocation
Event: 8.931 Executing VM operation: ParallelGCFailedAllocation done


Dynamic libraries:
0x00007ff7a1cf0000 - 0x00007ff7a1d27000 	C:\Program Files\Java\jdk8\bin\java.exe
0x00007ff892b20000 - 0x00007ff892ccd000 	C:\windows\SYSTEM32\ntdll.dll
0x00007ff8916e0000 - 0x00007ff89181e000 	C:\windows\system32\KERNEL32.DLL
0x00007ff88fd20000 - 0x00007ff88fe35000 	C:\windows\system32\KERNELBASE.dll
0x00007ff88e6d0000 - 0x00007ff88e75e000 	C:\windows\system32\apphelp.dll
0x00007ff883090000 - 0x00007ff8830e3000 	C:\windows\AppPatch\AppPatch64\AcGenral.DLL
0x00007ff891b70000 - 0x00007ff891c1a000 	C:\windows\system32\msvcrt.dll
0x00007ff88fe40000 - 0x00007ff88fe6e000 	C:\windows\system32\SspiCli.dll
0x00007ff892660000 - 0x00007ff8926b4000 	C:\windows\system32\SHLWAPI.dll
0x00007ff891cd0000 - 0x00007ff891e47000 	C:\windows\system32\USER32.dll
0x00007ff891f10000 - 0x00007ff8920a4000 	C:\windows\system32\ole32.dll
0x00007ff8901b0000 - 0x00007ff8916d9000 	C:\windows\system32\SHELL32.dll
0x00007ff88f220000 - 0x00007ff88f241000 	C:\windows\SYSTEM32\USERENV.dll
0x00007ff892a50000 - 0x00007ff892afa000 	C:\windows\system32\ADVAPI32.dll
0x00007ff885ae0000 - 0x00007ff885afe000 	C:\windows\SYSTEM32\MPR.dll
0x00007ff8926d0000 - 0x00007ff892810000 	C:\windows\system32\RPCRT4.dll
0x00007ff892810000 - 0x00007ff892869000 	C:\windows\SYSTEM32\sechost.dll
0x00007ff891820000 - 0x00007ff891a31000 	C:\windows\SYSTEM32\combase.dll
0x00007ff8920c0000 - 0x00007ff89220f000 	C:\windows\system32\GDI32.dll
0x00007ff88fc50000 - 0x00007ff88fc65000 	C:\windows\SYSTEM32\profapi.dll
0x00007ff88e0e0000 - 0x00007ff88e192000 	C:\windows\SYSTEM32\SHCORE.dll
0x00007ff891c90000 - 0x00007ff891cc6000 	C:\windows\system32\IMM32.DLL
0x00007ff892350000 - 0x00007ff8924a2000 	C:\windows\system32\MSCTF.dll
0x00007ff88d9e0000 - 0x00007ff88dc5b000 	C:\windows\WinSxS\amd64_microsoft.windows.common-controls_6595b64144ccf1df_6.0.9600.18006_none_623f33d3ecbe86e8\COMCTL32.dll
0x0000000052c50000 - 0x0000000052d22000 	C:\Program Files\Java\jdk8\jre\bin\msvcr100.dll
0x0000000053270000 - 0x0000000053af3000 	C:\Program Files\Java\jdk8\jre\bin\server\jvm.dll
0x00007ff88d400000 - 0x00007ff88d409000 	C:\windows\SYSTEM32\WSOCK32.dll
0x00007ff88d500000 - 0x00007ff88d522000 	C:\windows\SYSTEM32\WINMM.dll
0x00007ff88eef0000 - 0x00007ff88eefa000 	C:\windows\SYSTEM32\VERSION.dll
0x00007ff891c20000 - 0x00007ff891c27000 	C:\windows\system32\PSAPI.DLL
0x00007ff891a40000 - 0x00007ff891a9a000 	C:\windows\system32\WS2_32.dll
0x00007ff88d4d0000 - 0x00007ff88d4fa000 	C:\windows\SYSTEM32\WINMMBASE.dll
0x00007ff8920b0000 - 0x00007ff8920b9000 	C:\windows\system32\NSI.dll
0x00007ff890160000 - 0x00007ff8901af000 	C:\windows\SYSTEM32\cfgmgr32.dll
0x00007ff88e980000 - 0x00007ff88e9a8000 	C:\windows\SYSTEM32\DEVOBJ.dll
0x0000000053260000 - 0x000000005326f000 	C:\Program Files\Java\jdk8\jre\bin\verify.dll
0x0000000053230000 - 0x0000000053259000 	C:\Program Files\Java\jdk8\jre\bin\java.dll
0x0000000053210000 - 0x0000000053226000 	C:\Program Files\Java\jdk8\jre\bin\zip.dll

VM Arguments:
jvm_args: -Djava.awt.headless=true -Xmx1024M -Dfile.encoding=windows-1255 -Duser.country=US -Duser.language=en -Duser.variant 
java_command: com.android.dx.command.Main --dex --num-threads=4 --multi-dex --output C:\Users\User\AndroidStudioProjects\NavigateLifeSaver\app\build\intermediates\transforms\dex\debug\folders\1000\10\jackson-core-2.4.1_512fc7af707521b013b92a4a0ca9af33b69b74af C:\Users\User\.gradle\caches\modules-2\files-2.1\com.fasterxml.jackson.core\jackson-core\2.4.1\b130bcfb5a9c410c3cbd2e0adec9437e69a39e2c\jackson-core-2.4.1.jar
java_class_path (initial): C:\Users\User\AppData\Local\Android\sdk\build-tools\23.0.3\lib\dx.jar
Launcher Type: SUN_STANDARD

Environment Variables:
JAVA_HOME=C:\Program Files\Java\jdk8
PATH=C:\Python27\;C:\ProgramData\Oracle\Java\javapath;C:\Program Files (x86)\Intel\iCLS Client\;C:\Program Files\Intel\iCLS Client\;C:\windows\system32;C:\windows;C:\windows\System32\Wbem;C:\windows\System32\WindowsPowerShell\v1.0\;C:\Program Files\Intel\Intel(R) Management Engine Components\DAL;C:\Program Files (x86)\Intel\Intel(R) Management Engine Components\DAL;C:\Program Files\Intel\Intel(R) Management Engine Components\IPT;C:\Program Files (x86)\Intel\Intel(R) Management Engine Components\IPT;C:\Program Files\Microsoft SQL Server\110\Tools\Binn\;C:\Program Files (x86)\Microsoft SDKs\TypeScript\1.0\;C:\Program Files\Microsoft SQL Server\120\Tools\Binn\;C:\Program Files (x86)\Windows Kits\8.1\Windows Performance Toolkit\;C:\MinGW\bin;\;C:\Program Files\Java\jdk8\bin;C:\Program Files (x86)\Skype\Phone\;C:\Program Files\Git\cmd\;C:\OpenCV\opencv\build\x86\vc12\bin\;
USERNAME=User
OS=Windows_NT
PROCESSOR_IDENTIFIER=Intel64 Family 6 Model 61 Stepping 4, GenuineIntel



---------------  S Y S T E M  ---------------

OS: Windows 8.1 , 64 bit Build 9600 (6.3.9600.17415)

CPU:total 4 (2 cores per cpu, 2 threads per core) family 6 model 61 stepping 4, cmov, cx8, fxsr, mmx, sse, sse2, sse3, ssse3, sse4.1, sse4.2, popcnt, avx, avx2, aes, clmul, erms, 3dnowpref, lzcnt, ht, tsc, tscinvbit, bmi1, bmi2, adx

Memory: 4k page, physical 8277100k(1351404k free), swap 8277100k(4828k free)

vm_info: Java HotSpot(TM) 64-Bit Server VM (25.45-b02) for windows-amd64 JRE (1.8.0_45-b15), built on Apr 30 2015 12:40:44 by "java_re" with MS VC++ 10.0 (VS2010)

time: Sat Aug 27 16:08:49 2016
elapsed time: 8 seconds (0d 0h 0m 8s)

