#
# There is insufficient memory for the Java Runtime Environment to continue.
# Native memory allocation (malloc) failed to allocate 60976 bytes for Chunk::new
# Possible reasons:
#   The system is out of physical RAM or swap space
#   In 32 bit mode, the process size limit was hit
# Possible solutions:
#   Reduce memory load on the system
#   Increase physical memory or swap space
#   Check if swap backing store is full
#   Use 64 bit Java on a 64 bit OS
#   Decrease Java heap size (-Xmx/-Xms)
#   Decrease number of Java threads
#   Decrease Java thread stack sizes (-Xss)
#   Set larger code cache with -XX:ReservedCodeCacheSize=
# This output file may be truncated or incomplete.
#
#  Out of Memory Error (allocation.cpp:390), pid=6964, tid=8124
#
# JRE version: Java(TM) SE Runtime Environment (8.0_45-b15) (build 1.8.0_45-b15)
# Java VM: Java HotSpot(TM) 64-Bit Server VM (25.45-b02 mixed mode windows-amd64 compressed oops)
# Failed to write core dump. Minidumps are not enabled by default on client versions of Windows
#

---------------  T H R E A D  ---------------

Current thread (0x0000000015e4f800):  JavaThread "C2 CompilerThread1" daemon [_thread_in_native, id=8124, stack(0x0000000016210000,0x0000000016310000)]

Stack: [0x0000000016210000,0x0000000016310000]
Native frames: (J=compiled Java code, j=interpreted, Vv=VM code, C=native code)
V  [jvm.dll+0x32b57a]


Current CompileTask:
C2:   8845 1858       4       com.android.dx.ssa.SsaRenamer$BlockRenamer::processResultReg (56 bytes)


---------------  P R O C E S S  ---------------

Java Threads: ( => current thread )
  0x0000000016a37000 JavaThread "pool-2-thread-4" [_thread_in_Java, id=6332, stack(0x00000000181e0000,0x00000000182e0000)]
  0x0000000016a36000 JavaThread "pool-2-thread-3" [_thread_in_vm, id=7152, stack(0x00000000180e0000,0x00000000181e0000)]
  0x0000000016a35800 JavaThread "pool-2-thread-2" [_thread_blocked, id=7948, stack(0x0000000017fe0000,0x00000000180e0000)]
  0x0000000016c22800 JavaThread "pool-3-thread-1" [_thread_blocked, id=6208, stack(0x0000000017ee0000,0x0000000017fe0000)]
  0x0000000016956800 JavaThread "pool-2-thread-1" [_thread_blocked, id=9080, stack(0x0000000017de0000,0x0000000017ee0000)]
  0x0000000015e69000 JavaThread "Service Thread" daemon [_thread_blocked, id=7812, stack(0x0000000016410000,0x0000000016510000)]
  0x0000000015e62800 JavaThread "C1 CompilerThread2" daemon [_thread_blocked, id=7216, stack(0x0000000016310000,0x0000000016410000)]
=>0x0000000015e4f800 JavaThread "C2 CompilerThread1" daemon [_thread_in_native, id=8124, stack(0x0000000016210000,0x0000000016310000)]
  0x00000000147fb000 JavaThread "C2 CompilerThread0" daemon [_thread_in_native, id=4988, stack(0x0000000015d10000,0x0000000015e10000)]
  0x00000000147f8800 JavaThread "Attach Listener" daemon [_thread_blocked, id=1204, stack(0x0000000015c10000,0x0000000015d10000)]
  0x00000000147f8000 JavaThread "Signal Dispatcher" daemon [_thread_blocked, id=2888, stack(0x0000000015b10000,0x0000000015c10000)]
  0x00000000020d0800 JavaThread "Finalizer" daemon [_thread_blocked, id=7488, stack(0x0000000015a10000,0x0000000015b10000)]
  0x00000000020cd800 JavaThread "Reference Handler" daemon [_thread_blocked, id=5000, stack(0x0000000015910000,0x0000000015a10000)]
  0x0000000001fe0800 JavaThread "main" [_thread_in_vm, id=4372, stack(0x0000000001e20000,0x0000000001f20000)]

Other Threads:
  0x0000000014778000 VMThread [stack: 0x0000000015810000,0x0000000015910000] [id=5868]
  0x0000000015e83000 WatcherThread [stack: 0x0000000016510000,0x0000000016610000] [id=7016]

VM state:not at safepoint (normal execution)

VM Mutex/Monitor currently owned by a thread: None

Heap:
 PSYoungGen      total 71680K, used 52053K [0x00000000eab00000, 0x00000000ef600000, 0x0000000100000000)
  eden space 66560K, 70% used [0x00000000eab00000,0x00000000ed8d7a00,0x00000000eec00000)
  from space 5120K, 99% used [0x00000000ef100000,0x00000000ef5fdca8,0x00000000ef600000)
  to   space 5120K, 0% used [0x00000000eec00000,0x00000000eec00000,0x00000000ef100000)
 ParOldGen       total 87552K, used 1953K [0x00000000c0000000, 0x00000000c5580000, 0x00000000eab00000)
  object space 87552K, 2% used [0x00000000c0000000,0x00000000c01e87e0,0x00000000c5580000)
 Metaspace       used 6306K, capacity 7152K, committed 7296K, reserved 1056768K
  class space    used 596K, capacity 616K, committed 640K, reserved 1048576K

Card table byte_map: [0x00000000114a0000,0x00000000116b0000] byte_map_base: 0x0000000010ea0000

Marking Bits: (ParMarkBitMap*) 0x0000000053a74040
 Begin Bits: [0x0000000011c10000, 0x0000000012c10000)
 End Bits:   [0x0000000012c10000, 0x0000000013c10000)

Polling page: 0x0000000001f20000

CodeCache: size=245760Kb used=7838Kb max_used=7849Kb free=237921Kb
 bounds [0x00000000020e0000, 0x00000000028a0000, 0x00000000110e0000]
 total_blobs=2096 nmethods=1826 adapters=182
 compilation: enabled

Compilation events (10 events):
Event: 8.814 Thread 0x0000000015e4f800 nmethod 1852 0x00000000028907d0 code [0x0000000002890920, 0x0000000002890a98]
Event: 8.815 Thread 0x0000000015e4f800 1854       4       com.android.dx.cf.code.ConcreteMethod::makeSourcePosistion (21 bytes)
Event: 8.817 Thread 0x0000000015e4f800 nmethod 1854 0x0000000002890350 code [0x00000000028904a0, 0x00000000028905f8]
Event: 8.817 Thread 0x0000000015e4f800 1855       4       com.android.dx.cf.code.ExecutionStack::copy (59 bytes)
Event: 8.824 Thread 0x0000000015e4f800 nmethod 1855 0x000000000288fb10 code [0x000000000288fc80, 0x00000000028900f8]
Event: 8.824 Thread 0x0000000015e4f800 1856       4       com.android.dx.rop.code.Rop::<init> (137 bytes)
Event: 8.827 Thread 0x0000000015e4f800 nmethod 1856 0x000000000288f550 code [0x000000000288f6a0, 0x000000000288f8b8]
Event: 8.828 Thread 0x0000000015e4f800 1857       4       com.android.dx.rop.code.Rops::opMove (77 bytes)
Event: 8.829 Thread 0x0000000015e4f800 nmethod 1857 0x0000000002852610 code [0x0000000002852760, 0x0000000002852848]
Event: 8.830 Thread 0x0000000015e4f800 1858       4       com.android.dx.ssa.SsaRenamer$BlockRenamer::processResultReg (56 bytes)

GC Heap History (4 events):
Event: 2.762 GC heap before
{Heap before GC invocations=1 (full 0):
 PSYoungGen      total 38400K, used 33280K [0x00000000eab00000, 0x00000000ed580000, 0x0000000100000000)
  eden space 33280K, 100% used [0x00000000eab00000,0x00000000ecb80000,0x00000000ecb80000)
  from space 5120K, 0% used [0x00000000ed080000,0x00000000ed080000,0x00000000ed580000)
  to   space 5120K, 0% used [0x00000000ecb80000,0x00000000ecb80000,0x00000000ed080000)
 ParOldGen       total 87552K, used 0K [0x00000000c0000000, 0x00000000c5580000, 0x00000000eab00000)
  object space 87552K, 0% used [0x00000000c0000000,0x00000000c0000000,0x00000000c5580000)
 Metaspace       used 5644K, capacity 6576K, committed 6784K, reserved 1056768K
  class space    used 586K, capacity 616K, committed 640K, reserved 1048576K
Event: 2.899 GC heap after
Heap after GC invocations=1 (full 0):
 PSYoungGen      total 38400K, used 3792K [0x00000000eab00000, 0x00000000ef600000, 0x0000000100000000)
  eden space 33280K, 0% used [0x00000000eab00000,0x00000000eab00000,0x00000000ecb80000)
  from space 5120K, 74% used [0x00000000ecb80000,0x00000000ecf34320,0x00000000ed080000)
  to   space 5120K, 0% used [0x00000000ef100000,0x00000000ef100000,0x00000000ef600000)
 ParOldGen       total 87552K, used 0K [0x00000000c0000000, 0x00000000c5580000, 0x00000000eab00000)
  object space 87552K, 0% used [0x00000000c0000000,0x00000000c0000000,0x00000000c5580000)
 Metaspace       used 5644K, capacity 6576K, committed 6784K, reserved 1056768K
  class space    used 586K, capacity 616K, committed 640K, reserved 1048576K
}
Event: 4.869 GC heap before
{Heap before GC invocations=2 (full 0):
 PSYoungGen      total 38400K, used 37072K [0x00000000eab00000, 0x00000000ef600000, 0x0000000100000000)
  eden space 33280K, 100% used [0x00000000eab00000,0x00000000ecb80000,0x00000000ecb80000)
  from space 5120K, 74% used [0x00000000ecb80000,0x00000000ecf34320,0x00000000ed080000)
  to   space 5120K, 0% used [0x00000000ef100000,0x00000000ef100000,0x00000000ef600000)
 ParOldGen       total 87552K, used 0K [0x00000000c0000000, 0x00000000c5580000, 0x00000000eab00000)
  object space 87552K, 0% used [0x00000000c0000000,0x00000000c0000000,0x00000000c5580000)
 Metaspace       used 6111K, capacity 7024K, committed 7296K, reserved 1056768K
  class space    used 594K, capacity 616K, committed 640K, reserved 1048576K
Event: 5.965 GC heap after
Heap after GC invocations=2 (full 0):
 PSYoungGen      total 71680K, used 5111K [0x00000000eab00000, 0x00000000ef600000, 0x0000000100000000)
  eden space 66560K, 0% used [0x00000000eab00000,0x00000000eab00000,0x00000000eec00000)
  from space 5120K, 99% used [0x00000000ef100000,0x00000000ef5fdca8,0x00000000ef600000)
  to   space 5120K, 0% used [0x00000000eec00000,0x00000000eec00000,0x00000000ef100000)
 ParOldGen       total 87552K, used 1953K [0x00000000c0000000, 0x00000000c5580000, 0x00000000eab00000)
  object space 87552K, 2% used [0x00000000c0000000,0x00000000c01e87e0,0x00000000c5580000)
 Metaspace       used 6111K, capacity 7024K, committed 7296K, reserved 1056768K
  class space    used 594K, capacity 616K, committed 640K, reserved 1048576K
}

Deoptimization events (10 events):
Event: 4.245 Thread 0x0000000016a35800 Uncommon trap: reason=class_check action=maybe_recompile pc=0x00000000023b1ab0 method=com.android.dx.ssa.NormalSsaInsn.accept(Lcom/android/dx/ssa/SsaInsn$Visitor;)V @ 9
Event: 4.458 Thread 0x0000000001fe0800 Uncommon trap: reason=unstable_if action=reinterpret pc=0x00000000024b8bd8 method=com.android.dx.rop.code.RegisterSpecSet.<init>(I)V @ 2
Event: 6.030 Thread 0x0000000016a35800 Uncommon trap: reason=unstable_if action=reinterpret pc=0x000000000267b354 method=com.android.dx.ssa.SCCP.simulateStmt(Lcom/android/dx/ssa/SsaInsn;)V @ 53
Event: 6.718 Thread 0x0000000016a35800 Uncommon trap: reason=unstable_if action=reinterpret pc=0x0000000002695e98 method=com.android.dx.cf.code.BytecodeArray.parseInstruction(ILcom/android/dx/cf/code/BytecodeArray$Visitor;)I @ 1198
Event: 7.049 Thread 0x0000000016a36000 Uncommon trap: reason=unstable_if action=reinterpret pc=0x00000000024e75bc method=com.android.dx.util.IntList.binarysearch(I)I @ 105
Event: 7.085 Thread 0x0000000016a36000 Uncommon trap: reason=bimorphic action=maybe_recompile pc=0x000000000235ae60 method=java.util.HashMap.getNode(ILjava/lang/Object;)Ljava/util/HashMap$Node; @ 126
Event: 7.096 Thread 0x0000000016a36000 Uncommon trap: reason=bimorphic action=maybe_recompile pc=0x000000000235ae60 method=java.util.HashMap.getNode(ILjava/lang/Object;)Ljava/util/HashMap$Node; @ 126
Event: 7.944 Thread 0x0000000016a37000 Uncommon trap: reason=unloaded action=reinterpret pc=0x00000000026e9a84 method=com.android.dx.ssa.LiteralOpUpgrader$1.visitNonMoveInsn(Lcom/android/dx/ssa/NormalSsaInsn;)V @ 72
Event: 7.945 Thread 0x0000000016a37000 Uncommon trap: reason=unstable_if action=reinterpret pc=0x0000000002494b5c method=com.android.dx.ssa.SsaMethod.updateOneDefinition(Lcom/android/dx/ssa/SsaInsn;Lcom/android/dx/rop/code/RegisterSpec;)V @ 4
Event: 8.808 Thread 0x0000000016956800 Uncommon trap: reason=unstable_if action=reinterpret pc=0x0000000002885db4 method=com.android.dx.cf.code.RopperMachine.run(Lcom/android/dx/cf/code/Frame;II)V @ 1500

Internal exceptions (3 events):
Event: 0.140 Thread 0x0000000001fe0800 Exception <a 'java/lang/NoSuchMethodError': Method sun.misc.Unsafe.defineClass(Ljava/lang/String;[BII)Ljava/lang/Class; name or signature does not match> (0x00000000eab12f08) thrown at [C:\re\workspace\8-2-build-windows-amd64-cygwin\jdk8u45\3627\hotspot\srñ	y…ûÁ?
Event: 0.140 Thread 0x0000000001fe0800 Exception <a 'java/lang/NoSuchMethodError': Method sun.misc.Unsafe.prefetchRead(Ljava/lang/Object;J)V name or signature does not match> (0x00000000eab13198) thrown at [C:\re\workspace\8-2-build-windows-amd64-cygwin\jdk8u45\3627\hotspot\src\share\vm\prims\j=Ôµ4Dt@
Event: 3.557 Thread 0x0000000016956800 Implicit null exception at 0x0000000002416aa2 to 0x0000000002416b95

Events (10 events):
Event: 7.945 Thread 0x0000000016a37000 DEOPT UNPACKING pc=0x000000000212582a sp=0x00000000182de278 mode 2
Event: 8.303 Thread 0x0000000016a36000 DEOPT PACKING pc=0x00000000024c4db5 sp=0x00000000181de640
Event: 8.304 Thread 0x0000000016a36000 DEOPT UNPACKING pc=0x000000000212787f sp=0x00000000181de320 mode 0
Event: 8.798 loading class com/android/dx/rop/code/RegisterSpec$1
Event: 8.798 loading class com/android/dx/rop/code/RegisterSpec$1 done
Event: 8.802 loading class com/android/dx/cf/code/BytecodeArray$ConstantParserVisitor
Event: 8.802 loading class com/android/dx/cf/code/BytecodeArray$ConstantParserVisitor done
Event: 8.808 Thread 0x0000000016956800 Uncommon trap: trap_request=0xffffff65 fr.pc=0x0000000002885db4
Event: 8.808 Thread 0x0000000016956800 DEOPT PACKING pc=0x0000000002885db4 sp=0x0000000017ede2f0
Event: 8.808 Thread 0x0000000016956800 DEOPT UNPACKING pc=0x000000000212582a sp=0x0000000017ede2c8 mode 2


Dynamic libraries:
0x00007ff7a1cf0000 - 0x00007ff7a1d27000 	C:\Program Files\Java\jdk8\bin\java.exe
0x00007ff892b20000 - 0x00007ff892ccd000 	C:\windows\SYSTEM32\ntdll.dll
0x00007ff8916e0000 - 0x00007ff89181e000 	C:\windows\system32\KERNEL32.DLL
0x00007ff88fd20000 - 0x00007ff88fe35000 	C:\windows\system32\KERNELBASE.dll
0x00007ff88e6d0000 - 0x00007ff88e75e000 	C:\windows\system32\apphelp.dll
0x00007ff883090000 - 0x00007ff8830e3000 	C:\windows\AppPatch\AppPatch64\AcGenral.DLL
0x00007ff891b70000 - 0x00007ff891c1a000 	C:\windows\system32\msvcrt.dll
0x00007ff88fe40000 - 0x00007ff88fe6e000 	C:\windows\system32\SspiCli.dll
0x00007ff892660000 - 0x00007ff8926b4000 	C:\windows\system32\SHLWAPI.dll
0x00007ff891cd0000 - 0x00007ff891e47000 	C:\windows\system32\USER32.dll
0x00007ff891f10000 - 0x00007ff8920a4000 	C:\windows\system32\ole32.dll
0x00007ff8901b0000 - 0x00007ff8916d9000 	C:\windows\system32\SHELL32.dll
0x00007ff88f220000 - 0x00007ff88f241000 	C:\windows\SYSTEM32\USERENV.dll
0x00007ff892a50000 - 0x00007ff892afa000 	C:\windows\system32\ADVAPI32.dll
0x00007ff885ae0000 - 0x00007ff885afe000 	C:\windows\SYSTEM32\MPR.dll
0x00007ff8926d0000 - 0x00007ff892810000 	C:\windows\system32\RPCRT4.dll
0x00007ff892810000 - 0x00007ff892869000 	C:\windows\SYSTEM32\sechost.dll
0x00007ff891820000 - 0x00007ff891a31000 	C:\windows\SYSTEM32\combase.dll
0x00007ff8920c0000 - 0x00007ff89220f000 	C:\windows\system32\GDI32.dll
0x00007ff88fc50000 - 0x00007ff88fc65000 	C:\windows\SYSTEM32\profapi.dll
0x00007ff88e0e0000 - 0x00007ff88e192000 	C:\windows\SYSTEM32\SHCORE.dll
0x00007ff891c90000 - 0x00007ff891cc6000 	C:\windows\system32\IMM32.DLL
0x00007ff892350000 - 0x00007ff8924a2000 	C:\windows\system32\MSCTF.dll
0x00007ff88d9e0000 - 0x00007ff88dc5b000 	C:\windows\WinSxS\amd64_microsoft.windows.common-controls_6595b64144ccf1df_6.0.9600.18006_none_623f33d3ecbe86e8\COMCTL32.dll
0x0000000052c50000 - 0x0000000052d22000 	C:\Program Files\Java\jdk8\jre\bin\msvcr100.dll
0x0000000053270000 - 0x0000000053af3000 	C:\Program Files\Java\jdk8\jre\bin\server\jvm.dll
0x00007ff88d400000 - 0x00007ff88d409000 	C:\windows\SYSTEM32\WSOCK32.dll
0x00007ff88d500000 - 0x00007ff88d522000 	C:\windows\SYSTEM32\WINMM.dll
0x00007ff88eef0000 - 0x00007ff88eefa000 	C:\windows\SYSTEM32\VERSION.dll
0x00007ff891c20000 - 0x00007ff891c27000 	C:\windows\system32\PSAPI.DLL
0x00007ff891a40000 - 0x00007ff891a9a000 	C:\windows\system32\WS2_32.dll
0x00007ff88d4d0000 - 0x00007ff88d4fa000 	C:\windows\SYSTEM32\WINMMBASE.dll
0x00007ff8920b0000 - 0x00007ff8920b9000 	C:\windows\system32\NSI.dll
0x00007ff890160000 - 0x00007ff8901af000 	C:\windows\SYSTEM32\cfgmgr32.dll
0x00007ff88e980000 - 0x00007ff88e9a8000 	C:\windows\SYSTEM32\DEVOBJ.dll
0x0000000053260000 - 0x000000005326f000 	C:\Program Files\Java\jdk8\jre\bin\verify.dll
0x0000000053230000 - 0x0000000053259000 	C:\Program Files\Java\jdk8\jre\bin\java.dll
0x0000000053210000 - 0x0000000053226000 	C:\Program Files\Java\jdk8\jre\bin\zip.dll

VM Arguments:
jvm_args: -Djava.awt.headless=true -Xmx1024M -Dfile.encoding=windows-1255 -Duser.country=US -Duser.language=en -Duser.variant 
java_command: com.android.dx.command.Main --dex --num-threads=4 --multi-dex --output C:\Users\User\AndroidStudioProjects\NavigateLifeSaver\app\build\intermediates\transforms\dex\debug\folders\1000\10\com.google.android.gms-play-services-ads-8.4.0_71bead0ba43cb982d06774c135e4ad9aaf8ae3d9 C:\Users\User\AndroidStudioProjects\NavigateLifeSaver\app\build\intermediates\exploded-aar\com.google.android.gms\play-services-ads\8.4.0\jars\classes.jar
java_class_path (initial): C:\Users\User\AppData\Local\Android\sdk\build-tools\23.0.3\lib\dx.jar
Launcher Type: SUN_STANDARD

Environment Variables:
JAVA_HOME=C:\Program Files\Java\jdk8
PATH=C:\Python27\;C:\ProgramData\Oracle\Java\javapath;C:\Program Files (x86)\Intel\iCLS Client\;C:\Program Files\Intel\iCLS Client\;C:\windows\system32;C:\windows;C:\windows\System32\Wbem;C:\windows\System32\WindowsPowerShell\v1.0\;C:\Program Files\Intel\Intel(R) Management Engine Components\DAL;C:\Program Files (x86)\Intel\Intel(R) Management Engine Components\DAL;C:\Program Files\Intel\Intel(R) Management Engine Components\IPT;C:\Program Files (x86)\Intel\Intel(R) Management Engine Components\IPT;C:\Program Files\Microsoft SQL Server\110\Tools\Binn\;C:\Program Files (x86)\Microsoft SDKs\TypeScript\1.0\;C:\Program Files\Microsoft SQL Server\120\Tools\Binn\;C:\Program Files (x86)\Windows Kits\8.1\Windows Performance Toolkit\;C:\MinGW\bin;\;C:\Program Files\Java\jdk8\bin;C:\Program Files (x86)\Skype\Phone\;C:\Program Files\Git\cmd\;C:\OpenCV\opencv\build\x86\vc12\bin\;
USERNAME=User
OS=Windows_NT
PROCESSOR_IDENTIFIER=Intel64 Family 6 Model 61 Stepping 4, GenuineIntel



---------------  S Y S T E M  ---------------

OS: Windows 8.1 , 64 bit Build 9600 (6.3.9600.17415)

CPU:total 4 (2 cores per cpu, 2 threads per core) family 6 model 61 stepping 4, cmov, cx8, fxsr, mmx, sse, sse2, sse3, ssse3, sse4.1, sse4.2, popcnt, avx, avx2, aes, clmul, erms, 3dnowpref, lzcnt, ht, tsc, tscinvbit, bmi1, bmi2, adx

Memory: 4k page, physical 8277100k(1370560k free), swap 8277100k(4980k free)

vm_info: Java HotSpot(TM) 64-Bit Server VM (25.45-b02) for windows-amd64 JRE (1.8.0_45-b15), built on Apr 30 2015 12:40:44 by "java_re" with MS VC++ 10.0 (VS2010)

time: Sat Aug 27 16:08:49 2016
elapsed time: 8 seconds (0d 0h 0m 8s)

