#
# There is insufficient memory for the Java Runtime Environment to continue.
# Native memory allocation (malloc) failed to allocate 756656 bytes for Chunk::new
# Possible reasons:
#   The system is out of physical RAM or swap space
#   In 32 bit mode, the process size limit was hit
# Possible solutions:
#   Reduce memory load on the system
#   Increase physical memory or swap space
#   Check if swap backing store is full
#   Use 64 bit Java on a 64 bit OS
#   Decrease Java heap size (-Xmx/-Xms)
#   Decrease number of Java threads
#   Decrease Java thread stack sizes (-Xss)
#   Set larger code cache with -XX:ReservedCodeCacheSize=
# This output file may be truncated or incomplete.
#
#  Out of Memory Error (allocation.cpp:390), pid=7456, tid=7036
#
# JRE version: Java(TM) SE Runtime Environment (8.0_45-b15) (build 1.8.0_45-b15)
# Java VM: Java HotSpot(TM) 64-Bit Server VM (25.45-b02 mixed mode windows-amd64 compressed oops)
# Failed to write core dump. Minidumps are not enabled by default on client versions of Windows
#

---------------  T H R E A D  ---------------

Current thread (0x00000000148fb800):  JavaThread "C2 CompilerThread0" daemon [_thread_in_native, id=7036, stack(0x0000000015e00000,0x0000000015f00000)]

Stack: [0x0000000015e00000,0x0000000015f00000]
Native frames: (J=compiled Java code, j=interpreted, Vv=VM code, C=native code)
V  [jvm.dll+0x32b57a]


Current CompileTask:
C2:   3430 1535       4       com.android.dx.rop.code.Rops::ropFor (771 bytes)


---------------  P R O C E S S  ---------------

Java Threads: ( => current thread )
  0x0000000016166000 JavaThread "pool-2-thread-4" [_thread_blocked, id=8364, stack(0x0000000016b00000,0x0000000016c00000)]
  0x0000000016164800 JavaThread "pool-2-thread-3" [_thread_in_Java, id=3048, stack(0x0000000016a00000,0x0000000016b00000)]
  0x0000000016163000 JavaThread "pool-2-thread-2" [_thread_in_Java, id=3820, stack(0x0000000016900000,0x0000000016a00000)]
  0x0000000016162800 JavaThread "pool-3-thread-1" [_thread_blocked, id=8808, stack(0x0000000016800000,0x0000000016900000)]
  0x000000001615f800 JavaThread "pool-2-thread-1" [_thread_blocked, id=8784, stack(0x0000000016700000,0x0000000016800000)]
  0x0000000015f51000 JavaThread "Service Thread" daemon [_thread_blocked, id=5860, stack(0x0000000016500000,0x0000000016600000)]
  0x0000000015f4b000 JavaThread "C1 CompilerThread2" daemon [_thread_blocked, id=4796, stack(0x0000000016400000,0x0000000016500000)]
  0x000000001490d800 JavaThread "C2 CompilerThread1" daemon [_thread_in_native, id=6068, stack(0x0000000016300000,0x0000000016400000)]
=>0x00000000148fb800 JavaThread "C2 CompilerThread0" daemon [_thread_in_native, id=7036, stack(0x0000000015e00000,0x0000000015f00000)]
  0x00000000148f9800 JavaThread "Attach Listener" daemon [_thread_blocked, id=2372, stack(0x0000000015d00000,0x0000000015e00000)]
  0x00000000148f8800 JavaThread "Signal Dispatcher" daemon [_thread_blocked, id=8816, stack(0x0000000015c00000,0x0000000015d00000)]
  0x00000000021d7800 JavaThread "Finalizer" daemon [_thread_blocked, id=4296, stack(0x0000000015b00000,0x0000000015c00000)]
  0x00000000021cf000 JavaThread "Reference Handler" daemon [_thread_blocked, id=8592, stack(0x0000000015a00000,0x0000000015b00000)]
  0x00000000020e0800 JavaThread "main" [_thread_blocked, id=3404, stack(0x0000000001ee0000,0x0000000001fe0000)]

Other Threads:
  0x0000000014878000 VMThread [stack: 0x0000000015900000,0x0000000015a00000] [id=7712]
  0x0000000015f5a800 WatcherThread [stack: 0x0000000016600000,0x0000000016700000] [id=3076]

VM state:not at safepoint (normal execution)

VM Mutex/Monitor currently owned by a thread: None

Heap:
 PSYoungGen      total 38400K, used 36937K [0x00000000eab00000, 0x00000000ef600000, 0x0000000100000000)
  eden space 33280K, 95% used [0x00000000eab00000,0x00000000eca12740,0x00000000ecb80000)
  from space 5120K, 99% used [0x00000000ecb80000,0x00000000ed07fe08,0x00000000ed080000)
  to   space 5120K, 0% used [0x00000000ef100000,0x00000000ef100000,0x00000000ef600000)
 ParOldGen       total 87552K, used 1598K [0x00000000c0000000, 0x00000000c5580000, 0x00000000eab00000)
  object space 87552K, 1% used [0x00000000c0000000,0x00000000c018f9e8,0x00000000c5580000)
 Metaspace       used 6126K, capacity 7088K, committed 7296K, reserved 1056768K
  class space    used 592K, capacity 616K, committed 640K, reserved 1048576K

Card table byte_map: [0x00000000115a0000,0x00000000117b0000] byte_map_base: 0x0000000010fa0000

Marking Bits: (ParMarkBitMap*) 0x0000000053a74040
 Begin Bits: [0x0000000011d10000, 0x0000000012d10000)
 End Bits:   [0x0000000012d10000, 0x0000000013d10000)

Polling page: 0x00000000005e0000

CodeCache: size=245760Kb used=6127Kb max_used=6127Kb free=239632Kb
 bounds [0x00000000021e0000, 0x00000000027f0000, 0x00000000111e0000]
 total_blobs=1812 nmethods=1541 adapters=182
 compilation: enabled

Compilation events (10 events):
Event: 3.175 Thread 0x0000000015f4b000 1562       2       com.android.dx.ssa.SsaBasicBlock::insertNewSuccessor (228 bytes)
Event: 3.177 Thread 0x0000000015f4b000 nmethod 1562 0x00000000027d3710 code [0x00000000027d39a0, 0x00000000027d41a8]
Event: 3.177 Thread 0x0000000015f4b000 1563       2       com.android.dx.util.Hex::u2 (44 bytes)
Event: 3.177 Thread 0x0000000015f4b000 nmethod 1563 0x00000000027d4990 code [0x00000000027d4b20, 0x00000000027d4f78]
Event: 3.177 Thread 0x0000000015f4b000 1564       2       com.android.dx.cf.code.OneLocalsArray::makeInitialized (55 bytes)
Event: 3.178 Thread 0x0000000015f4b000 nmethod 1564 0x00000000027d5150 code [0x00000000027d52e0, 0x00000000027d5678]
Event: 3.181 Thread 0x0000000015f4b000 1565       2       com.android.dx.ssa.LiteralOpUpgrader$1::visitPhiInsn (1 bytes)
Event: 3.182 Thread 0x0000000015f4b000 nmethod 1565 0x00000000027bd990 code [0x00000000027bdae0, 0x00000000027bdc30]
Event: 3.182 Thread 0x0000000015f4b000 1566       2       com.android.dx.ssa.back.SsaToRop$PhiVisitor::visitPhiInsn (67 bytes)
Event: 3.183 Thread 0x0000000015f4b000 nmethod 1566 0x00000000027d5990 code [0x00000000027d5b80, 0x00000000027d6128]

GC Heap History (2 events):
Event: 2.378 GC heap before
{Heap before GC invocations=1 (full 0):
 PSYoungGen      total 38400K, used 33280K [0x00000000eab00000, 0x00000000ed580000, 0x0000000100000000)
  eden space 33280K, 100% used [0x00000000eab00000,0x00000000ecb80000,0x00000000ecb80000)
  from space 5120K, 0% used [0x00000000ed080000,0x00000000ed080000,0x00000000ed580000)
  to   space 5120K, 0% used [0x00000000ecb80000,0x00000000ecb80000,0x00000000ed080000)
 ParOldGen       total 87552K, used 0K [0x00000000c0000000, 0x00000000c5580000, 0x00000000eab00000)
  object space 87552K, 0% used [0x00000000c0000000,0x00000000c0000000,0x00000000c5580000)
 Metaspace       used 5997K, capacity 6960K, committed 7040K, reserved 1056768K
  class space    used 590K, capacity 616K, committed 640K, reserved 1048576K
Event: 2.604 GC heap after
Heap after GC invocations=1 (full 0):
 PSYoungGen      total 38400K, used 5119K [0x00000000eab00000, 0x00000000ef600000, 0x0000000100000000)
  eden space 33280K, 0% used [0x00000000eab00000,0x00000000eab00000,0x00000000ecb80000)
  from space 5120K, 99% used [0x00000000ecb80000,0x00000000ed07fe08,0x00000000ed080000)
  to   space 5120K, 0% used [0x00000000ef100000,0x00000000ef100000,0x00000000ef600000)
 ParOldGen       total 87552K, used 1598K [0x00000000c0000000, 0x00000000c5580000, 0x00000000eab00000)
  object space 87552K, 1% used [0x00000000c0000000,0x00000000c018f9e8,0x00000000c5580000)
 Metaspace       used 5997K, capacity 6960K, committed 7040K, reserved 1056768K
  class space    used 590K, capacity 616K, committed 640K, reserved 1048576K
}

Deoptimization events (10 events):
Event: 2.698 Thread 0x000000001615f800 Uncommon trap: reason=unstable_if action=reinterpret pc=0x00000000026b5278 method=com.android.dx.cf.code.Ropper.labelToResultIndex(I)I @ 34
Event: 2.793 Thread 0x0000000016164800 Uncommon trap: reason=bimorphic action=maybe_recompile pc=0x0000000002468150 method=java.util.HashMap.getNode(ILjava/lang/Object;)Ljava/util/HashMap$Node; @ 126
Event: 2.793 Thread 0x0000000016164800 Uncommon trap: reason=class_check action=maybe_recompile pc=0x00000000026e1a98 method=java.util.HashMap.putVal(ILjava/lang/Object;Ljava/lang/Object;ZZ)Ljava/lang/Object; @ 203
Event: 2.793 Thread 0x0000000016164800 Uncommon trap: reason=bimorphic action=maybe_recompile pc=0x0000000002468150 method=java.util.HashMap.getNode(ILjava/lang/Object;)Ljava/util/HashMap$Node; @ 126
Event: 2.793 Thread 0x0000000016164800 Uncommon trap: reason=class_check action=maybe_recompile pc=0x00000000026e1a98 method=java.util.HashMap.putVal(ILjava/lang/Object;Ljava/lang/Object;ZZ)Ljava/lang/Object; @ 203
Event: 2.794 Thread 0x0000000016164800 Uncommon trap: reason=bimorphic action=maybe_recompile pc=0x000000000242ff98 method=java.util.HashMap.getNode(ILjava/lang/Object;)Ljava/util/HashMap$Node; @ 126
Event: 2.794 Thread 0x0000000016164800 Uncommon trap: reason=bimorphic action=maybe_recompile pc=0x000000000242ff98 method=java.util.HashMap.getNode(ILjava/lang/Object;)Ljava/util/HashMap$Node; @ 126
Event: 2.794 Thread 0x0000000016164800 Uncommon trap: reason=bimorphic action=maybe_recompile pc=0x0000000002468150 method=java.util.HashMap.getNode(ILjava/lang/Object;)Ljava/util/HashMap$Node; @ 126
Event: 2.842 Thread 0x0000000016166000 Uncommon trap: reason=unstable_if action=reinterpret pc=0x00000000026e80e0 method=com.android.dx.util.LabeledList.set(ILcom/android/dx/util/LabeledItem;)V @ 16
Event: 2.852 Thread 0x0000000016163000 Uncommon trap: reason=unstable_if action=reinterpret pc=0x00000000026bc544 method=java.util.BitSet.clone()Ljava/lang/Object; @ 4

Internal exceptions (4 events):
Event: 0.144 Thread 0x00000000020e0800 Exception <a 'java/lang/NoSuchMethodError': Method sun.misc.Unsafe.defineClass(Ljava/lang/String;[BII)Ljava/lang/Class; name or signature does not match> (0x00000000eab12f08) thrown at [C:\re\workspace\8-2-build-windows-amd64-cygwin\jdk8u45\3627\hotspot\sr>2Y}Q|Â?
Event: 0.144 Thread 0x00000000020e0800 Exception <a 'java/lang/NoSuchMethodError': Method sun.misc.Unsafe.prefetchRead(Ljava/lang/Object;J)V name or signature does not match> (0x00000000eab13198) thrown at [C:\re\workspace\8-2-build-windows-amd64-cygwin\jdk8u45\3627\hotspot\src\share\vm\prims\jÖE4ƒk\ý?
Event: 1.835 Thread 0x0000000016163000 Implicit null exception at 0x0000000002545f94 to 0x0000000002548821
Event: 1.891 Thread 0x000000001615f800 Implicit null exception at 0x00000000025992e2 to 0x00000000025993d5

Events (10 events):
Event: 2.852 Thread 0x0000000016163000 DEOPT PACKING pc=0x00000000026bc544 sp=0x00000000169fea00
Event: 2.852 Thread 0x0000000016163000 DEOPT UNPACKING pc=0x000000000222582a sp=0x00000000169fe9c8 mode 2
Event: 2.856 Thread 0x0000000016163000 DEOPT PACKING pc=0x0000000002555c6d sp=0x00000000169fe920
Event: 2.856 Thread 0x0000000016163000 DEOPT UNPACKING pc=0x000000000222787f sp=0x00000000169fe6b8 mode 0
Event: 2.876 Thread 0x000000001615f800 DEOPT PACKING pc=0x0000000002555c6d sp=0x00000000167feb10
Event: 2.876 Thread 0x000000001615f800 DEOPT UNPACKING pc=0x000000000222787f sp=0x00000000167fe8a8 mode 0
Event: 3.178 Thread 0x0000000016163000 DEOPT PACKING pc=0x0000000002555bd0 sp=0x00000000169feb60
Event: 3.178 Thread 0x0000000016163000 DEOPT UNPACKING pc=0x000000000222787f sp=0x00000000169fe8f8 mode 0
Event: 3.196 Thread 0x0000000016166000 DEOPT PACKING pc=0x0000000002555c6d sp=0x0000000016bfea40
Event: 3.196 Thread 0x0000000016166000 DEOPT UNPACKING pc=0x000000000222787f sp=0x0000000016bfe7d8 mode 0


Dynamic libraries:
0x00007ff7a1cf0000 - 0x00007ff7a1d27000 	C:\Program Files\Java\jdk8\bin\java.exe
0x00007ff892b20000 - 0x00007ff892ccd000 	C:\windows\SYSTEM32\ntdll.dll
0x00007ff8916e0000 - 0x00007ff89181e000 	C:\windows\system32\KERNEL32.DLL
0x00007ff88fd20000 - 0x00007ff88fe35000 	C:\windows\system32\KERNELBASE.dll
0x00007ff88e6d0000 - 0x00007ff88e75e000 	C:\windows\system32\apphelp.dll
0x00007ff883090000 - 0x00007ff8830e3000 	C:\windows\AppPatch\AppPatch64\AcGenral.DLL
0x00007ff891b70000 - 0x00007ff891c1a000 	C:\windows\system32\msvcrt.dll
0x00007ff88fe40000 - 0x00007ff88fe6e000 	C:\windows\system32\SspiCli.dll
0x00007ff892660000 - 0x00007ff8926b4000 	C:\windows\system32\SHLWAPI.dll
0x00007ff891cd0000 - 0x00007ff891e47000 	C:\windows\system32\USER32.dll
0x00007ff891f10000 - 0x00007ff8920a4000 	C:\windows\system32\ole32.dll
0x00007ff8901b0000 - 0x00007ff8916d9000 	C:\windows\system32\SHELL32.dll
0x00007ff88f220000 - 0x00007ff88f241000 	C:\windows\SYSTEM32\USERENV.dll
0x00007ff892a50000 - 0x00007ff892afa000 	C:\windows\system32\ADVAPI32.dll
0x00007ff885ae0000 - 0x00007ff885afe000 	C:\windows\SYSTEM32\MPR.dll
0x00007ff8926d0000 - 0x00007ff892810000 	C:\windows\system32\RPCRT4.dll
0x00007ff892810000 - 0x00007ff892869000 	C:\windows\SYSTEM32\sechost.dll
0x00007ff891820000 - 0x00007ff891a31000 	C:\windows\SYSTEM32\combase.dll
0x00007ff8920c0000 - 0x00007ff89220f000 	C:\windows\system32\GDI32.dll
0x00007ff88fc50000 - 0x00007ff88fc65000 	C:\windows\SYSTEM32\profapi.dll
0x00007ff88e0e0000 - 0x00007ff88e192000 	C:\windows\SYSTEM32\SHCORE.dll
0x00007ff891c90000 - 0x00007ff891cc6000 	C:\windows\system32\IMM32.DLL
0x00007ff892350000 - 0x00007ff8924a2000 	C:\windows\system32\MSCTF.dll
0x00007ff88d9e0000 - 0x00007ff88dc5b000 	C:\windows\WinSxS\amd64_microsoft.windows.common-controls_6595b64144ccf1df_6.0.9600.18006_none_623f33d3ecbe86e8\COMCTL32.dll
0x0000000052c50000 - 0x0000000052d22000 	C:\Program Files\Java\jdk8\jre\bin\msvcr100.dll
0x0000000053270000 - 0x0000000053af3000 	C:\Program Files\Java\jdk8\jre\bin\server\jvm.dll
0x00007ff88d400000 - 0x00007ff88d409000 	C:\windows\SYSTEM32\WSOCK32.dll
0x00007ff88d500000 - 0x00007ff88d522000 	C:\windows\SYSTEM32\WINMM.dll
0x00007ff88eef0000 - 0x00007ff88eefa000 	C:\windows\SYSTEM32\VERSION.dll
0x00007ff891c20000 - 0x00007ff891c27000 	C:\windows\system32\PSAPI.DLL
0x00007ff891a40000 - 0x00007ff891a9a000 	C:\windows\system32\WS2_32.dll
0x00007ff88d4d0000 - 0x00007ff88d4fa000 	C:\windows\SYSTEM32\WINMMBASE.dll
0x00007ff8920b0000 - 0x00007ff8920b9000 	C:\windows\system32\NSI.dll
0x00007ff890160000 - 0x00007ff8901af000 	C:\windows\SYSTEM32\cfgmgr32.dll
0x00007ff88e980000 - 0x00007ff88e9a8000 	C:\windows\SYSTEM32\DEVOBJ.dll
0x0000000053260000 - 0x000000005326f000 	C:\Program Files\Java\jdk8\jre\bin\verify.dll
0x0000000053230000 - 0x0000000053259000 	C:\Program Files\Java\jdk8\jre\bin\java.dll
0x0000000053210000 - 0x0000000053226000 	C:\Program Files\Java\jdk8\jre\bin\zip.dll
0x00007ff888090000 - 0x00007ff888219000 	C:\windows\SYSTEM32\dbghelp.dll

VM Arguments:
jvm_args: -Djava.awt.headless=true -Xmx1024M -Dfile.encoding=windows-1255 -Duser.country=US -Duser.language=en -Duser.variant 
java_command: com.android.dx.command.Main --dex --num-threads=4 --multi-dex --output C:\Users\User\AndroidStudioProjects\NavigateLifeSaver\app\build\intermediates\transforms\dex\debug\folders\1000\10\jackson-core-2.4.1_512fc7af707521b013b92a4a0ca9af33b69b74af C:\Users\User\.gradle\caches\modules-2\files-2.1\com.fasterxml.jackson.core\jackson-core\2.4.1\b130bcfb5a9c410c3cbd2e0adec9437e69a39e2c\jackson-core-2.4.1.jar
java_class_path (initial): C:\Users\User\AppData\Local\Android\sdk\build-tools\23.0.3\lib\dx.jar
Launcher Type: SUN_STANDARD

Environment Variables:
JAVA_HOME=C:\Program Files\Java\jdk8
PATH=C:\Python27\;C:\ProgramData\Oracle\Java\javapath;C:\Program Files (x86)\Intel\iCLS Client\;C:\Program Files\Intel\iCLS Client\;C:\windows\system32;C:\windows;C:\windows\System32\Wbem;C:\windows\System32\WindowsPowerShell\v1.0\;C:\Program Files\Intel\Intel(R) Management Engine Components\DAL;C:\Program Files (x86)\Intel\Intel(R) Management Engine Components\DAL;C:\Program Files\Intel\Intel(R) Management Engine Components\IPT;C:\Program Files (x86)\Intel\Intel(R) Management Engine Components\IPT;C:\Program Files\Microsoft SQL Server\110\Tools\Binn\;C:\Program Files (x86)\Microsoft SDKs\TypeScript\1.0\;C:\Program Files\Microsoft SQL Server\120\Tools\Binn\;C:\Program Files (x86)\Windows Kits\8.1\Windows Performance Toolkit\;C:\MinGW\bin;\;C:\Program Files\Java\jdk8\bin;C:\Program Files (x86)\Skype\Phone\;C:\Program Files\Git\cmd\;C:\OpenCV\opencv\build\x86\vc12\bin\;
USERNAME=User
OS=Windows_NT
PROCESSOR_IDENTIFIER=Intel64 Family 6 Model 61 Stepping 4, GenuineIntel



---------------  S Y S T E M  ---------------

OS: Windows 8.1 , 64 bit Build 9600 (6.3.9600.17415)

CPU:total 4 (2 cores per cpu, 2 threads per core) family 6 model 61 stepping 4, cmov, cx8, fxsr, mmx, sse, sse2, sse3, ssse3, sse4.1, sse4.2, popcnt, avx, avx2, aes, clmul, erms, 3dnowpref, lzcnt, ht, tsc, tscinvbit, bmi1, bmi2, adx

Memory: 4k page, physical 8277100k(1151488k free), swap 8277100k(5460k free)

vm_info: Java HotSpot(TM) 64-Bit Server VM (25.45-b02) for windows-amd64 JRE (1.8.0_45-b15), built on Apr 30 2015 12:40:44 by "java_re" with MS VC++ 10.0 (VS2010)

time: Sat Aug 27 13:52:18 2016
elapsed time: 3 seconds (0d 0h 0m 3s)

