#
# There is insufficient memory for the Java Runtime Environment to continue.
# Native memory allocation (malloc) failed to allocate 861056 bytes for Chunk::new
# Possible reasons:
#   The system is out of physical RAM or swap space
#   In 32 bit mode, the process size limit was hit
# Possible solutions:
#   Reduce memory load on the system
#   Increase physical memory or swap space
#   Check if swap backing store is full
#   Use 64 bit Java on a 64 bit OS
#   Decrease Java heap size (-Xmx/-Xms)
#   Decrease number of Java threads
#   Decrease Java thread stack sizes (-Xss)
#   Set larger code cache with -XX:ReservedCodeCacheSize=
# This output file may be truncated or incomplete.
#
#  Out of Memory Error (allocation.cpp:390), pid=4900, tid=7720
#
# JRE version: Java(TM) SE Runtime Environment (8.0_45-b15) (build 1.8.0_45-b15)
# Java VM: Java HotSpot(TM) 64-Bit Server VM (25.45-b02 mixed mode windows-amd64 compressed oops)
# Failed to write core dump. Minidumps are not enabled by default on client versions of Windows
#

---------------  T H R E A D  ---------------

Current thread (0x000000001cdfc800):  JavaThread "C2 CompilerThread1" daemon [_thread_in_native, id=7720, stack(0x000000001d1c0000,0x000000001d2c0000)]

Stack: [0x000000001d1c0000,0x000000001d2c0000]
Native frames: (J=compiled Java code, j=interpreted, Vv=VM code, C=native code)
V  [jvm.dll+0x32b57a]


Current CompileTask:
C2:   3880 1251       4       com.android.dx.ssa.SCCP::simulateBranch (666 bytes)


---------------  P R O C E S S  ---------------

Java Threads: ( => current thread )
  0x000000001cfa0000 JavaThread "pool-2-thread-4" [_thread_in_vm, id=4392, stack(0x000000001d9c0000,0x000000001dac0000)]
  0x000000001cf9f000 JavaThread "pool-2-thread-3" [_thread_in_vm, id=8780, stack(0x000000001d8c0000,0x000000001d9c0000)]
  0x000000001cf66000 JavaThread "pool-2-thread-2" [_thread_in_Java, id=9036, stack(0x000000001d7c0000,0x000000001d8c0000)]
  0x000000001cf63800 JavaThread "pool-3-thread-1" [_thread_blocked, id=2624, stack(0x000000001d6c0000,0x000000001d7c0000)]
  0x000000001cf60800 JavaThread "pool-2-thread-1" [_thread_in_Java, id=4064, stack(0x000000001d5c0000,0x000000001d6c0000)]
  0x000000001ce30800 JavaThread "Service Thread" daemon [_thread_blocked, id=3668, stack(0x000000001d3c0000,0x000000001d4c0000)]
  0x000000001cdff000 JavaThread "C1 CompilerThread2" daemon [_thread_blocked, id=7180, stack(0x000000001d2c0000,0x000000001d3c0000)]
=>0x000000001cdfc800 JavaThread "C2 CompilerThread1" daemon [_thread_in_native, id=7720, stack(0x000000001d1c0000,0x000000001d2c0000)]
  0x000000001b79a800 JavaThread "C2 CompilerThread0" daemon [_thread_blocked, id=96, stack(0x000000001ccc0000,0x000000001cdc0000)]
  0x000000001b798800 JavaThread "Attach Listener" daemon [_thread_blocked, id=5700, stack(0x000000001cbc0000,0x000000001ccc0000)]
  0x000000001b797800 JavaThread "Signal Dispatcher" daemon [_thread_blocked, id=7220, stack(0x000000001cac0000,0x000000001cbc0000)]
  0x0000000002076000 JavaThread "Finalizer" daemon [_thread_blocked, id=3140, stack(0x000000001c9c0000,0x000000001cac0000)]
  0x000000000206d000 JavaThread "Reference Handler" daemon [_thread_blocked, id=416, stack(0x000000001c8c0000,0x000000001c9c0000)]
  0x0000000001f80800 JavaThread "main" [_thread_in_Java, id=1936, stack(0x0000000001e50000,0x0000000001f50000)]

Other Threads:
  0x000000001b718000 VMThread [stack: 0x000000001c7c0000,0x000000001c8c0000] [id=3520]
  0x000000001ce34000 WatcherThread [stack: 0x000000001d4c0000,0x000000001d5c0000] [id=7412]

VM state:not at safepoint (normal execution)

VM Mutex/Monitor currently owned by a thread: None

Heap:
 PSYoungGen      total 38400K, used 17525K [0x000000076ab00000, 0x000000076f600000, 0x00000007c0000000)
  eden space 33280K, 37% used [0x000000076ab00000,0x000000076b7232a8,0x000000076cb80000)
  from space 5120K, 99% used [0x000000076cb80000,0x000000076d07a4e0,0x000000076d080000)
  to   space 5120K, 0% used [0x000000076f100000,0x000000076f100000,0x000000076f600000)
 ParOldGen       total 87552K, used 1763K [0x00000006c0000000, 0x00000006c5580000, 0x000000076ab00000)
  object space 87552K, 2% used [0x00000006c0000000,0x00000006c01b8cd8,0x00000006c5580000)
 Metaspace       used 6072K, capacity 6960K, committed 7040K, reserved 1056768K
  class space    used 590K, capacity 616K, committed 640K, reserved 1048576K

Card table byte_map: [0x0000000011440000,0x0000000011c50000] byte_map_base: 0x000000000de40000

Marking Bits: (ParMarkBitMap*) 0x0000000053a74040
 Begin Bits: [0x00000000125b0000, 0x00000000165b0000)
 End Bits:   [0x00000000165b0000, 0x000000001a5b0000)

Polling page: 0x0000000000670000

CodeCache: size=245760Kb used=5862Kb max_used=5873Kb free=239897Kb
 bounds [0x0000000002080000, 0x0000000002650000, 0x0000000011080000]
 total_blobs=1702 nmethods=1433 adapters=182
 compilation: enabled

Compilation events (10 events):
Event: 3.752 Thread 0x000000001b79a800 1284   !   4       com.android.dx.cf.code.BaseMachine::arg (36 bytes)
Event: 3.753 Thread 0x000000001b79a800 nmethod 1284 0x00000000026320d0 code [0x0000000002632200, 0x00000000026322b8]
Event: 3.753 Thread 0x000000001b79a800 1287       4       com.android.dx.rop.code.LocalItem::compareTo (32 bytes)
Event: 3.756 Thread 0x000000001b79a800 nmethod 1287 0x0000000002638050 code [0x00000000026381a0, 0x0000000002638538]
Event: 3.756 Thread 0x000000001b79a800 1262       4       java.util.HashMap::newNode (13 bytes)
Event: 3.757 Thread 0x000000001b79a800 nmethod 1262 0x00000000026406d0 code [0x0000000002640820, 0x0000000002640938]
Event: 3.757 Thread 0x000000001b79a800 1290       4       com.android.dx.rop.cst.CstLiteral64::hashCode (15 bytes)
Event: 3.757 Thread 0x000000001b79a800 nmethod 1290 0x00000000024333d0 code [0x0000000002433500, 0x0000000002433578]
Event: 3.757 Thread 0x000000001b79a800 1418       4       com.android.dx.rop.type.Type::isCategory2 (36 bytes)
Event: 3.758 Thread 0x000000001b79a800 nmethod 1418 0x000000000244ed10 code [0x000000000244ee40, 0x000000000244eeb8]

GC Heap History (2 events):
Event: 3.361 GC heap before
{Heap before GC invocations=1 (full 0):
 PSYoungGen      total 38400K, used 33280K [0x000000076ab00000, 0x000000076d580000, 0x00000007c0000000)
  eden space 33280K, 100% used [0x000000076ab00000,0x000000076cb80000,0x000000076cb80000)
  from space 5120K, 0% used [0x000000076d080000,0x000000076d080000,0x000000076d580000)
  to   space 5120K, 0% used [0x000000076cb80000,0x000000076cb80000,0x000000076d080000)
 ParOldGen       total 87552K, used 0K [0x00000006c0000000, 0x00000006c5580000, 0x000000076ab00000)
  object space 87552K, 0% used [0x00000006c0000000,0x00000006c0000000,0x00000006c5580000)
 Metaspace       used 5999K, capacity 6960K, committed 7040K, reserved 1056768K
  class space    used 590K, capacity 616K, committed 640K, reserved 1048576K
Event: 3.457 GC heap after
Heap after GC invocations=1 (full 0):
 PSYoungGen      total 38400K, used 5097K [0x000000076ab00000, 0x000000076f600000, 0x00000007c0000000)
  eden space 33280K, 0% used [0x000000076ab00000,0x000000076ab00000,0x000000076cb80000)
  from space 5120K, 99% used [0x000000076cb80000,0x000000076d07a4e0,0x000000076d080000)
  to   space 5120K, 0% used [0x000000076f100000,0x000000076f100000,0x000000076f600000)
 ParOldGen       total 87552K, used 1763K [0x00000006c0000000, 0x00000006c5580000, 0x000000076ab00000)
  object space 87552K, 2% used [0x00000006c0000000,0x00000006c01b8cd8,0x00000006c5580000)
 Metaspace       used 5999K, capacity 6960K, committed 7040K, reserved 1056768K
  class space    used 590K, capacity 616K, committed 640K, reserved 1048576K
}

Deoptimization events (10 events):
Event: 3.005 Thread 0x0000000001f80800 Uncommon trap: reason=bimorphic action=maybe_recompile pc=0x000000000231dc50 method=java.util.HashMap.getNode(ILjava/lang/Object;)Ljava/util/HashMap$Node; @ 126
Event: 3.009 Thread 0x0000000001f80800 Uncommon trap: reason=bimorphic action=maybe_recompile pc=0x000000000231dc50 method=java.util.HashMap.getNode(ILjava/lang/Object;)Ljava/util/HashMap$Node; @ 126
Event: 3.063 Thread 0x000000001cf9f000 Uncommon trap: reason=bimorphic action=maybe_recompile pc=0x000000000231dc50 method=java.util.HashMap.getNode(ILjava/lang/Object;)Ljava/util/HashMap$Node; @ 126
Event: 3.063 Thread 0x000000001cf9f000 Uncommon trap: reason=class_check action=maybe_recompile pc=0x000000000252ab24 method=java.util.HashMap.putVal(ILjava/lang/Object;Ljava/lang/Object;ZZ)Ljava/lang/Object; @ 203
Event: 3.064 Thread 0x000000001cf9f000 Uncommon trap: reason=bimorphic action=maybe_recompile pc=0x00000000022a415c method=java.util.HashMap.getNode(ILjava/lang/Object;)Ljava/util/HashMap$Node; @ 126
Event: 3.071 Thread 0x000000001cf9f000 Uncommon trap: reason=class_check action=maybe_recompile pc=0x000000000252ab24 method=java.util.HashMap.putVal(ILjava/lang/Object;Ljava/lang/Object;ZZ)Ljava/lang/Object; @ 203
Event: 3.071 Thread 0x000000001cf9f000 Uncommon trap: reason=class_check action=maybe_recompile pc=0x000000000252ab24 method=java.util.HashMap.putVal(ILjava/lang/Object;Ljava/lang/Object;ZZ)Ljava/lang/Object; @ 203
Event: 3.072 Thread 0x000000001cf9f000 Uncommon trap: reason=class_check action=maybe_recompile pc=0x000000000252ab24 method=java.util.HashMap.putVal(ILjava/lang/Object;Ljava/lang/Object;ZZ)Ljava/lang/Object; @ 203
Event: 3.009 Thread 0x000000001cfa0000 Uncommon trap: reason=null_check action=make_not_entrant pc=0x00000000023facec method=com.android.dx.rop.type.Type.equals(Ljava/lang/Object;)Z @ 8
Event: 3.518 Thread 0x000000001cf66000 Uncommon trap: reason=unstable_if action=reinterpret pc=0x00000000024e4b00 method=com.android.dx.cf.code.BytecodeArray.parseInstruction(ILcom/android/dx/cf/code/BytecodeArray$Visitor;)I @ 1198

Internal exceptions (5 events):
Event: 0.055 Thread 0x0000000001f80800 Exception <a 'java/lang/NoSuchMethodError': Method sun.misc.Unsafe.defineClass(Ljava/lang/String;[BII)Ljava/lang/Class; name or signature does not match> (0x000000076ab12bd8) thrown at [C:\re\workspace\8-2-build-windows-amd64-cygwin\jdk8u45\3627\hotspot\sr”êQ/¨?
Event: 0.055 Thread 0x0000000001f80800 Exception <a 'java/lang/NoSuchMethodError': Method sun.misc.Unsafe.prefetchRead(Ljava/lang/Object;J)V name or signature does not match> (0x000000076ab12e68) thrown at [C:\re\workspace\8-2-build-windows-amd64-cygwin\jdk8u45\3627\hotspot\src\share\vm\prims\jÓıíõ@
Event: 2.326 Thread 0x000000001cf66000 Implicit null exception at 0x00000000023c2f46 to 0x00000000023c5551
Event: 2.326 Thread 0x000000001cf66000 Implicit null exception at 0x00000000023caf76 to 0x00000000023cd6e9
Event: 3.009 Thread 0x000000001cfa0000 Implicit null exception at 0x00000000023fabe2 to 0x00000000023facdd

Events (10 events):
Event: 3.490 Thread 0x0000000001f80800 DEOPT UNPACKING pc=0x00000000020c787f sp=0x0000000001f4e3e0 mode 0
Event: 3.508 Thread 0x000000001cfa0000 DEOPT PACKING pc=0x00000000023e45fd sp=0x000000001dabe750
Event: 3.508 Thread 0x000000001cfa0000 DEOPT UNPACKING pc=0x00000000020c787f sp=0x000000001dabe530 mode 0
Event: 3.518 Thread 0x000000001cf66000 Uncommon trap: trap_request=0xffffff65 fr.pc=0x00000000024e4b00
Event: 3.518 Thread 0x000000001cf66000 DEOPT PACKING pc=0x00000000024e4b00 sp=0x000000001d8bec30
Event: 3.518 Thread 0x000000001cf66000 DEOPT UNPACKING pc=0x00000000020c582a sp=0x000000001d8bebc8 mode 2
Event: 3.534 Thread 0x0000000001f80800 DEOPT PACKING pc=0x00000000023e45fd sp=0x0000000001f4e600
Event: 3.534 Thread 0x0000000001f80800 DEOPT UNPACKING pc=0x00000000020c787f sp=0x0000000001f4e3e0 mode 0
Event: 3.665 Thread 0x000000001cf9f000 DEOPT PACKING pc=0x00000000023e45fd sp=0x000000001d9be580
Event: 3.665 Thread 0x000000001cf9f000 DEOPT UNPACKING pc=0x00000000020c787f sp=0x000000001d9be360 mode 0


Dynamic libraries:
0x00007ff7a1cf0000 - 0x00007ff7a1d27000 	C:\Program Files\Java\jdk8\bin\java.exe
0x00007ff892b20000 - 0x00007ff892ccd000 	C:\windows\SYSTEM32\ntdll.dll
0x00007ff8916e0000 - 0x00007ff89181e000 	C:\windows\system32\KERNEL32.DLL
0x00007ff88fd20000 - 0x00007ff88fe35000 	C:\windows\system32\KERNELBASE.dll
0x00007ff88e6d0000 - 0x00007ff88e75e000 	C:\windows\system32\apphelp.dll
0x00007ff883090000 - 0x00007ff8830e3000 	C:\windows\AppPatch\AppPatch64\AcGenral.DLL
0x00007ff891b70000 - 0x00007ff891c1a000 	C:\windows\system32\msvcrt.dll
0x00007ff88fe40000 - 0x00007ff88fe6e000 	C:\windows\system32\SspiCli.dll
0x00007ff892660000 - 0x00007ff8926b4000 	C:\windows\system32\SHLWAPI.dll
0x00007ff891cd0000 - 0x00007ff891e47000 	C:\windows\system32\USER32.dll
0x00007ff891f10000 - 0x00007ff8920a4000 	C:\windows\system32\ole32.dll
0x00007ff8901b0000 - 0x00007ff8916d9000 	C:\windows\system32\SHELL32.dll
0x00007ff88f220000 - 0x00007ff88f241000 	C:\windows\SYSTEM32\USERENV.dll
0x00007ff892a50000 - 0x00007ff892afa000 	C:\windows\system32\ADVAPI32.dll
0x00007ff885ae0000 - 0x00007ff885afe000 	C:\windows\SYSTEM32\MPR.dll
0x00007ff8926d0000 - 0x00007ff892810000 	C:\windows\system32\RPCRT4.dll
0x00007ff892810000 - 0x00007ff892869000 	C:\windows\SYSTEM32\sechost.dll
0x00007ff891820000 - 0x00007ff891a31000 	C:\windows\SYSTEM32\combase.dll
0x00007ff8920c0000 - 0x00007ff89220f000 	C:\windows\system32\GDI32.dll
0x00007ff88fc50000 - 0x00007ff88fc65000 	C:\windows\SYSTEM32\profapi.dll
0x00007ff88e0e0000 - 0x00007ff88e192000 	C:\windows\SYSTEM32\SHCORE.dll
0x00007ff891c90000 - 0x00007ff891cc6000 	C:\windows\system32\IMM32.DLL
0x00007ff892350000 - 0x00007ff8924a2000 	C:\windows\system32\MSCTF.dll
0x00007ff88d9e0000 - 0x00007ff88dc5b000 	C:\windows\WinSxS\amd64_microsoft.windows.common-controls_6595b64144ccf1df_6.0.9600.18006_none_623f33d3ecbe86e8\COMCTL32.dll
0x0000000052c50000 - 0x0000000052d22000 	C:\Program Files\Java\jdk8\jre\bin\msvcr100.dll
0x0000000053270000 - 0x0000000053af3000 	C:\Program Files\Java\jdk8\jre\bin\server\jvm.dll
0x00007ff88d400000 - 0x00007ff88d409000 	C:\windows\SYSTEM32\WSOCK32.dll
0x00007ff88d500000 - 0x00007ff88d522000 	C:\windows\SYSTEM32\WINMM.dll
0x00007ff88eef0000 - 0x00007ff88eefa000 	C:\windows\SYSTEM32\VERSION.dll
0x00007ff891c20000 - 0x00007ff891c27000 	C:\windows\system32\PSAPI.DLL
0x00007ff891a40000 - 0x00007ff891a9a000 	C:\windows\system32\WS2_32.dll
0x00007ff88d4d0000 - 0x00007ff88d4fa000 	C:\windows\SYSTEM32\WINMMBASE.dll
0x00007ff8920b0000 - 0x00007ff8920b9000 	C:\windows\system32\NSI.dll
0x00007ff890160000 - 0x00007ff8901af000 	C:\windows\SYSTEM32\cfgmgr32.dll
0x00007ff88e980000 - 0x00007ff88e9a8000 	C:\windows\SYSTEM32\DEVOBJ.dll
0x0000000053260000 - 0x000000005326f000 	C:\Program Files\Java\jdk8\jre\bin\verify.dll
0x0000000053230000 - 0x0000000053259000 	C:\Program Files\Java\jdk8\jre\bin\java.dll
0x0000000053210000 - 0x0000000053226000 	C:\Program Files\Java\jdk8\jre\bin\zip.dll
0x00007ff888090000 - 0x00007ff888219000 	C:\windows\SYSTEM32\dbghelp.dll

VM Arguments:
jvm_args: -Djava.awt.headless=true -Xmx4g -Dfile.encoding=windows-1255 -Duser.country=US -Duser.language=en -Duser.variant 
java_command: com.android.dx.command.Main --dex --num-threads=4 --multi-dex --output C:\Users\User\AndroidStudioProjects\NavigateLifeSaver\app\build\intermediates\transforms\dex\debug\folders\1000\10\okio-1.9.0_87ec70002713aedce86d9826b500923c9d9dddcc C:\Users\User\.gradle\caches\modules-2\files-2.1\com.squareup.okio\okio\1.9.0\f824591a0016efbaeddb8300bee54832a1398cfa\okio-1.9.0.jar
java_class_path (initial): C:\Users\User\AppData\Local\Android\sdk\build-tools\23.0.3\lib\dx.jar
Launcher Type: SUN_STANDARD

Environment Variables:
JAVA_HOME=C:\Program Files\Java\jdk8
PATH=C:\Python27\;C:\ProgramData\Oracle\Java\javapath;C:\Program Files (x86)\Intel\iCLS Client\;C:\Program Files\Intel\iCLS Client\;C:\windows\system32;C:\windows;C:\windows\System32\Wbem;C:\windows\System32\WindowsPowerShell\v1.0\;C:\Program Files\Intel\Intel(R) Management Engine Components\DAL;C:\Program Files (x86)\Intel\Intel(R) Management Engine Components\DAL;C:\Program Files\Intel\Intel(R) Management Engine Components\IPT;C:\Program Files (x86)\Intel\Intel(R) Management Engine Components\IPT;C:\Program Files\Microsoft SQL Server\110\Tools\Binn\;C:\Program Files (x86)\Microsoft SDKs\TypeScript\1.0\;C:\Program Files\Microsoft SQL Server\120\Tools\Binn\;C:\Program Files (x86)\Windows Kits\8.1\Windows Performance Toolkit\;C:\MinGW\bin;\;C:\Program Files\Java\jdk8\bin;C:\Program Files (x86)\Skype\Phone\;C:\Program Files\Git\cmd\;C:\OpenCV\opencv\build\x86\vc12\bin\;
USERNAME=User
OS=Windows_NT
PROCESSOR_IDENTIFIER=Intel64 Family 6 Model 61 Stepping 4, GenuineIntel



---------------  S Y S T E M  ---------------

OS: Windows 8.1 , 64 bit Build 9600 (6.3.9600.17415)

CPU:total 4 (2 cores per cpu, 2 threads per core) family 6 model 61 stepping 4, cmov, cx8, fxsr, mmx, sse, sse2, sse3, ssse3, sse4.1, sse4.2, popcnt, avx, avx2, aes, clmul, erms, 3dnowpref, lzcnt, ht, tsc, tscinvbit, bmi1, bmi2, adx

Memory: 4k page, physical 8277100k(1368068k free), swap 8277100k(5096k free)

vm_info: Java HotSpot(TM) 64-Bit Server VM (25.45-b02) for windows-amd64 JRE (1.8.0_45-b15), built on Apr 30 2015 12:40:44 by "java_re" with MS VC++ 10.0 (VS2010)

time: Sat Aug 27 16:12:53 2016
elapsed time: 3 seconds (0d 0h 0m 3s)

