#
# There is insufficient memory for the Java Runtime Environment to continue.
# Native memory allocation (malloc) failed to allocate 1452896 bytes for Chunk::new
# Possible reasons:
#   The system is out of physical RAM or swap space
#   In 32 bit mode, the process size limit was hit
# Possible solutions:
#   Reduce memory load on the system
#   Increase physical memory or swap space
#   Check if swap backing store is full
#   Use 64 bit Java on a 64 bit OS
#   Decrease Java heap size (-Xmx/-Xms)
#   Decrease number of Java threads
#   Decrease Java thread stack sizes (-Xss)
#   Set larger code cache with -XX:ReservedCodeCacheSize=
# This output file may be truncated or incomplete.
#
#  Out of Memory Error (allocation.cpp:390), pid=8928, tid=9052
#
# JRE version: Java(TM) SE Runtime Environment (8.0_45-b15) (build 1.8.0_45-b15)
# Java VM: Java HotSpot(TM) 64-Bit Server VM (25.45-b02 mixed mode windows-amd64 compressed oops)
# Failed to write core dump. Minidumps are not enabled by default on client versions of Windows
#

---------------  T H R E A D  ---------------

Current thread (0x0000000014a4a800):  JavaThread "C2 CompilerThread0" daemon [_thread_in_native, id=9052, stack(0x0000000015f50000,0x0000000016050000)]

Stack: [0x0000000015f50000,0x0000000016050000]
Native frames: (J=compiled Java code, j=interpreted, Vv=VM code, C=native code)
V  [jvm.dll+0x32b57a]
V  [jvm.dll+0x279873]
V  [jvm.dll+0x27a509]
V  [jvm.dll+0x271825]
V  [jvm.dll+0xcb9e2]
V  [jvm.dll+0xcbeac]
V  [jvm.dll+0x476ef2]
V  [jvm.dll+0x4b955f]
V  [jvm.dll+0x46b92f]
V  [jvm.dll+0x46ccbe]
V  [jvm.dll+0x4500f2]
V  [jvm.dll+0xa4352]
V  [jvm.dll+0xa4c8f]
V  [jvm.dll+0x241984]
V  [jvm.dll+0x29853a]
C  [msvcr100.dll+0x21d9f]
C  [msvcr100.dll+0x21e3b]
C  [KERNEL32.DLL+0x13d2]
C  [ntdll.dll+0x154e4]


Current CompileTask:
C2:   6882 1540   !   4       com.android.dx.cf.code.BytecodeArray::parseInstruction (2764 bytes)


---------------  P R O C E S S  ---------------

Java Threads: ( => current thread )
  0x0000000016335800 JavaThread "pool-1-thread-4" [_thread_blocked, id=2868, stack(0x0000000017450000,0x0000000017550000)]
  0x000000001687e000 JavaThread "pool-1-thread-3" [_thread_blocked, id=2932, stack(0x0000000017350000,0x0000000017450000)]
  0x000000001686b800 JavaThread "pool-1-thread-2" [_thread_in_Java, id=7868, stack(0x0000000017250000,0x0000000017350000)]
  0x0000000016868800 JavaThread "pool-2-thread-1" [_thread_blocked, id=7624, stack(0x0000000017150000,0x0000000017250000)]
  0x0000000016865800 JavaThread "pool-1-thread-1" [_thread_in_Java, id=1912, stack(0x0000000017050000,0x0000000017150000)]
  0x00000000160a0800 JavaThread "Service Thread" daemon [_thread_blocked, id=4896, stack(0x0000000016650000,0x0000000016750000)]
  0x000000001609a800 JavaThread "C1 CompilerThread2" daemon [_thread_blocked, id=2004, stack(0x0000000016550000,0x0000000016650000)]
  0x0000000016094800 JavaThread "C2 CompilerThread1" daemon [_thread_in_native, id=4828, stack(0x0000000016450000,0x0000000016550000)]
=>0x0000000014a4a800 JavaThread "C2 CompilerThread0" daemon [_thread_in_native, id=9052, stack(0x0000000015f50000,0x0000000016050000)]
  0x0000000014a48000 JavaThread "Attach Listener" daemon [_thread_blocked, id=5544, stack(0x0000000015e50000,0x0000000015f50000)]
  0x0000000014a47800 JavaThread "Signal Dispatcher" daemon [_thread_blocked, id=2896, stack(0x0000000015d50000,0x0000000015e50000)]
  0x0000000002327000 JavaThread "Finalizer" daemon [_thread_blocked, id=7380, stack(0x0000000015c50000,0x0000000015d50000)]
  0x000000000231e800 JavaThread "Reference Handler" daemon [_thread_blocked, id=7668, stack(0x0000000015b50000,0x0000000015c50000)]
  0x0000000002230800 JavaThread "main" [_thread_in_Java, id=6340, stack(0x00000000020d0000,0x00000000021d0000)]

Other Threads:
  0x00000000149c7000 VMThread [stack: 0x0000000015a50000,0x0000000015b50000] [id=8100]
  0x00000000160aa800 WatcherThread [stack: 0x0000000016750000,0x0000000016850000] [id=7244]

VM state:not at safepoint (normal execution)

VM Mutex/Monitor currently owned by a thread: None

Heap:
 PSYoungGen      total 38400K, used 37251K [0x00000000eab00000, 0x00000000ed580000, 0x0000000100000000)
  eden space 33280K, 96% used [0x00000000eab00000,0x00000000eca61ab0,0x00000000ecb80000)
  from space 5120K, 99% used [0x00000000ecb80000,0x00000000ed07f188,0x00000000ed080000)
  to   space 5120K, 0% used [0x00000000ed080000,0x00000000ed080000,0x00000000ed580000)
 ParOldGen       total 87552K, used 354K [0x00000000c0000000, 0x00000000c5580000, 0x00000000eab00000)
  object space 87552K, 0% used [0x00000000c0000000,0x00000000c0058bd0,0x00000000c5580000)
 Metaspace       used 6204K, capacity 7088K, committed 7296K, reserved 1056768K
  class space    used 595K, capacity 616K, committed 640K, reserved 1048576K

Card table byte_map: [0x00000000116f0000,0x0000000011900000] byte_map_base: 0x00000000110f0000

Marking Bits: (ParMarkBitMap*) 0x0000000053a74040
 Begin Bits: [0x0000000011e60000, 0x0000000012e60000)
 End Bits:   [0x0000000012e60000, 0x0000000013e60000)

Polling page: 0x0000000000900000

CodeCache: size=245760Kb used=6504Kb max_used=6522Kb free=239255Kb
 bounds [0x0000000002330000, 0x00000000029a0000, 0x0000000011330000]
 total_blobs=1820 nmethods=1551 adapters=182
 compilation: enabled

Compilation events (10 events):
Event: 6.750 Thread 0x000000001609a800 nmethod 1558 0x000000000293b7d0 code [0x000000000293b960, 0x000000000293bf10]
Event: 6.751 Thread 0x000000001609a800 1559       3       com.android.dx.rop.code.Rops::opMarkLocal (69 bytes)
Event: 6.751 Thread 0x0000000016094800 nmethod 1550 0x000000000293a750 code [0x000000000293a900, 0x000000000293b128]
Event: 6.751 Thread 0x0000000016094800 1541       4       com.android.dx.rop.type.Type::equals (31 bytes)
Event: 6.752 Thread 0x000000001609a800 nmethod 1559 0x000000000293ed50 code [0x000000000293ef80, 0x000000000293fb58]
Event: 6.753 Thread 0x0000000016094800 nmethod 1541 0x000000000293e9d0 code [0x000000000293eb20, 0x000000000293ec98]
Event: 6.753 Thread 0x0000000016094800 1536       4       com.android.dx.rop.code.ThrowingCstInsn::accept (8 bytes)
Event: 6.753 Thread 0x0000000016094800 nmethod 1536 0x0000000002934550 code [0x0000000002934680, 0x00000000029346f8]
Event: 6.753 Thread 0x0000000016094800 1555       4       com.android.dx.ssa.back.FirstFitLocalCombiningAllocator$1::visitNonMoveInsn (6 bytes)
Event: 6.796 Thread 0x000000001609a800 1564       3       com.android.dx.ssa.LocalVariableExtractor::processBlock (383 bytes)

GC Heap History (2 events):
Event: 3.795 GC heap before
{Heap before GC invocations=1 (full 0):
 PSYoungGen      total 38400K, used 33280K [0x00000000eab00000, 0x00000000ed580000, 0x0000000100000000)
  eden space 33280K, 100% used [0x00000000eab00000,0x00000000ecb80000,0x00000000ecb80000)
  from space 5120K, 0% used [0x00000000ed080000,0x00000000ed080000,0x00000000ed580000)
  to   space 5120K, 0% used [0x00000000ecb80000,0x00000000ecb80000,0x00000000ed080000)
 ParOldGen       total 87552K, used 0K [0x00000000c0000000, 0x00000000c5580000, 0x00000000eab00000)
  object space 87552K, 0% used [0x00000000c0000000,0x00000000c0000000,0x00000000c5580000)
 Metaspace       used 5905K, capacity 6832K, committed 7040K, reserved 1056768K
  class space    used 593K, capacity 616K, committed 640K, reserved 1048576K
Event: 3.811 GC heap after
Heap after GC invocations=1 (full 0):
 PSYoungGen      total 38400K, used 5116K [0x00000000eab00000, 0x00000000ed580000, 0x0000000100000000)
  eden space 33280K, 0% used [0x00000000eab00000,0x00000000eab00000,0x00000000ecb80000)
  from space 5120K, 99% used [0x00000000ecb80000,0x00000000ed07f188,0x00000000ed080000)
  to   space 5120K, 0% used [0x00000000ed080000,0x00000000ed080000,0x00000000ed580000)
 ParOldGen       total 87552K, used 354K [0x00000000c0000000, 0x00000000c5580000, 0x00000000eab00000)
  object space 87552K, 0% used [0x00000000c0000000,0x00000000c0058bd0,0x00000000c5580000)
 Metaspace       used 5905K, capacity 6832K, committed 7040K, reserved 1056768K
  class space    used 593K, capacity 616K, committed 640K, reserved 1048576K
}

Deoptimization events (10 events):
Event: 6.721 Thread 0x0000000016865800 Uncommon trap: reason=unstable_if action=reinterpret pc=0x000000000292d830 method=com.android.dx.cf.code.BaseMachine.getLocalTarget(Z)Lcom/android/dx/rop/code/RegisterSpec; @ 131
Event: 6.764 Thread 0x0000000002230800 Uncommon trap: reason=unstable_if action=reinterpret pc=0x000000000296fe04 method=com.android.dx.rop.code.RegisterSpec.equals(ILcom/android/dx/rop/type/TypeBearer;Lcom/android/dx/rop/code/LocalItem;)Z @ 42
Event: 6.788 Thread 0x0000000002230800 Uncommon trap: reason=bimorphic action=maybe_recompile pc=0x0000000002837380 method=java.util.HashMap.getNode(ILjava/lang/Object;)Ljava/util/HashMap$Node; @ 126
Event: 6.789 Thread 0x0000000002230800 Uncommon trap: reason=class_check action=maybe_recompile pc=0x000000000293b090 method=java.util.HashMap.putVal(ILjava/lang/Object;Ljava/lang/Object;ZZ)Ljava/lang/Object; @ 203
Event: 6.789 Thread 0x0000000002230800 Uncommon trap: reason=bimorphic action=maybe_recompile pc=0x0000000002837380 method=java.util.HashMap.getNode(ILjava/lang/Object;)Ljava/util/HashMap$Node; @ 126
Event: 6.789 Thread 0x0000000002230800 Uncommon trap: reason=class_check action=maybe_recompile pc=0x000000000293b090 method=java.util.HashMap.putVal(ILjava/lang/Object;Ljava/lang/Object;ZZ)Ljava/lang/Object; @ 203
Event: 6.789 Thread 0x0000000002230800 Uncommon trap: reason=bimorphic action=maybe_recompile pc=0x0000000002837380 method=java.util.HashMap.getNode(ILjava/lang/Object;)Ljava/util/HashMap$Node; @ 126
Event: 6.789 Thread 0x0000000002230800 Uncommon trap: reason=bimorphic action=maybe_recompile pc=0x0000000002837380 method=java.util.HashMap.getNode(ILjava/lang/Object;)Ljava/util/HashMap$Node; @ 126
Event: 6.789 Thread 0x0000000002230800 Uncommon trap: reason=unstable_if action=reinterpret pc=0x000000000266a59c method=com.android.dx.rop.cst.Constant.compareTo(Lcom/android/dx/rop/cst/Constant;)I @ 12
Event: 6.789 Thread 0x0000000002230800 Uncommon trap: reason=class_check action=maybe_recompile pc=0x000000000293b090 method=java.util.HashMap.putVal(ILjava/lang/Object;Ljava/lang/Object;ZZ)Ljava/lang/Object; @ 203

Internal exceptions (2 events):
Event: 0.251 Thread 0x0000000002230800 Exception <a 'java/lang/NoSuchMethodError': Method sun.misc.Unsafe.defineClass(Ljava/lang/String;[BII)Ljava/lang/Class; name or signature does not match> (0x00000000eab12c10) thrown at [C:\re\workspace\8-2-build-windows-amd64-cygwin\jdk8u45\3627\hotspot\srÚ“∫–?
Event: 0.252 Thread 0x0000000002230800 Exception <a 'java/lang/NoSuchMethodError': Method sun.misc.Unsafe.prefetchRead(Ljava/lang/Object;J)V name or signature does not match> (0x00000000eab12ea0) thrown at [C:\re\workspace\8-2-build-windows-amd64-cygwin\jdk8u45\3627\hotspot\src\share\vm\prims\j

Events (10 events):
Event: 6.789 Thread 0x0000000002230800 DEOPT UNPACKING pc=0x000000000237582a sp=0x00000000021ce1c0 mode 2
Event: 6.789 Thread 0x0000000002230800 Uncommon trap: trap_request=0xffffffc6 fr.pc=0x0000000002837380
Event: 6.789 Thread 0x0000000002230800 DEOPT PACKING pc=0x0000000002837380 sp=0x00000000021ce250
Event: 6.789 Thread 0x0000000002230800 DEOPT UNPACKING pc=0x000000000237582a sp=0x00000000021ce1d0 mode 2
Event: 6.789 Thread 0x0000000002230800 Uncommon trap: trap_request=0xffffff65 fr.pc=0x000000000266a59c
Event: 6.789 Thread 0x0000000002230800 DEOPT PACKING pc=0x000000000266a59c sp=0x00000000021ce2a0
Event: 6.789 Thread 0x0000000002230800 DEOPT UNPACKING pc=0x000000000237582a sp=0x00000000021ce240 mode 2
Event: 6.789 Thread 0x0000000002230800 Uncommon trap: trap_request=0xffffffde fr.pc=0x000000000293b090
Event: 6.789 Thread 0x0000000002230800 DEOPT PACKING pc=0x000000000293b090 sp=0x00000000021ce690
Event: 6.789 Thread 0x0000000002230800 DEOPT UNPACKING pc=0x000000000237582a sp=0x00000000021ce618 mode 2


Dynamic libraries:
0x00007ff7a1cf0000 - 0x00007ff7a1d27000 	C:\Program Files\Java\jdk8\bin\java.exe
0x00007ff892b20000 - 0x00007ff892ccd000 	C:\windows\SYSTEM32\ntdll.dll
0x00007ff8916e0000 - 0x00007ff89181e000 	C:\windows\system32\KERNEL32.DLL
0x00007ff88fd20000 - 0x00007ff88fe35000 	C:\windows\system32\KERNELBASE.dll
0x00007ff88e6d0000 - 0x00007ff88e75e000 	C:\windows\system32\apphelp.dll
0x00007ff883090000 - 0x00007ff8830e3000 	C:\windows\AppPatch\AppPatch64\AcGenral.DLL
0x00007ff891b70000 - 0x00007ff891c1a000 	C:\windows\system32\msvcrt.dll
0x00007ff88fe40000 - 0x00007ff88fe6e000 	C:\windows\system32\SspiCli.dll
0x00007ff892660000 - 0x00007ff8926b4000 	C:\windows\system32\SHLWAPI.dll
0x00007ff891cd0000 - 0x00007ff891e47000 	C:\windows\system32\USER32.dll
0x00007ff891f10000 - 0x00007ff8920a4000 	C:\windows\system32\ole32.dll
0x00007ff8901b0000 - 0x00007ff8916d9000 	C:\windows\system32\SHELL32.dll
0x00007ff88f220000 - 0x00007ff88f241000 	C:\windows\SYSTEM32\USERENV.dll
0x00007ff892a50000 - 0x00007ff892afa000 	C:\windows\system32\ADVAPI32.dll
0x00007ff885ae0000 - 0x00007ff885afe000 	C:\windows\SYSTEM32\MPR.dll
0x00007ff8926d0000 - 0x00007ff892810000 	C:\windows\system32\RPCRT4.dll
0x00007ff892810000 - 0x00007ff892869000 	C:\windows\SYSTEM32\sechost.dll
0x00007ff891820000 - 0x00007ff891a31000 	C:\windows\SYSTEM32\combase.dll
0x00007ff8920c0000 - 0x00007ff89220f000 	C:\windows\system32\GDI32.dll
0x00007ff88fc50000 - 0x00007ff88fc65000 	C:\windows\SYSTEM32\profapi.dll
0x00007ff88e0e0000 - 0x00007ff88e192000 	C:\windows\SYSTEM32\SHCORE.dll
0x00007ff891c90000 - 0x00007ff891cc6000 	C:\windows\system32\IMM32.DLL
0x00007ff892350000 - 0x00007ff8924a2000 	C:\windows\system32\MSCTF.dll
0x00007ff88d9e0000 - 0x00007ff88dc5b000 	C:\windows\WinSxS\amd64_microsoft.windows.common-controls_6595b64144ccf1df_6.0.9600.18006_none_623f33d3ecbe86e8\COMCTL32.dll
0x0000000052c50000 - 0x0000000052d22000 	C:\Program Files\Java\jdk8\jre\bin\msvcr100.dll
0x0000000053270000 - 0x0000000053af3000 	C:\Program Files\Java\jdk8\jre\bin\server\jvm.dll
0x00007ff88d400000 - 0x00007ff88d409000 	C:\windows\SYSTEM32\WSOCK32.dll
0x00007ff88d500000 - 0x00007ff88d522000 	C:\windows\SYSTEM32\WINMM.dll
0x00007ff88eef0000 - 0x00007ff88eefa000 	C:\windows\SYSTEM32\VERSION.dll
0x00007ff891c20000 - 0x00007ff891c27000 	C:\windows\system32\PSAPI.DLL
0x00007ff891a40000 - 0x00007ff891a9a000 	C:\windows\system32\WS2_32.dll
0x00007ff88d4d0000 - 0x00007ff88d4fa000 	C:\windows\SYSTEM32\WINMMBASE.dll
0x00007ff8920b0000 - 0x00007ff8920b9000 	C:\windows\system32\NSI.dll
0x00007ff890160000 - 0x00007ff8901af000 	C:\windows\SYSTEM32\cfgmgr32.dll
0x00007ff88e980000 - 0x00007ff88e9a8000 	C:\windows\SYSTEM32\DEVOBJ.dll
0x0000000053260000 - 0x000000005326f000 	C:\Program Files\Java\jdk8\jre\bin\verify.dll
0x0000000053230000 - 0x0000000053259000 	C:\Program Files\Java\jdk8\jre\bin\java.dll
0x0000000053210000 - 0x0000000053226000 	C:\Program Files\Java\jdk8\jre\bin\zip.dll
0x00007ff888090000 - 0x00007ff888219000 	C:\windows\SYSTEM32\dbghelp.dll

VM Arguments:
jvm_args: -Djava.awt.headless=true -Xmx1024M -Dfile.encoding=windows-1255 -Duser.country=US -Duser.language=en -Duser.variant 
java_command: com.android.dx.command.Main --dex --num-threads=4 --output C:\Users\User\AndroidStudioProjects\NavigateLifeSaver\app\build\intermediates\pre-dexed\debug\com.android.support-support-v4-23.1.1_cfa377b84af8dc785f86f77b204bafcb69b9565d.jar C:\Users\User\AndroidStudioProjects\NavigateLifeSaver\app\build\intermediates\exploded-aar\com.android.support\support-v4\23.1.1\jars\classes.jar
java_class_path (initial): C:\Users\User\AppData\Local\Android\sdk\build-tools\23.0.3\lib\dx.jar
Launcher Type: SUN_STANDARD

Environment Variables:
JAVA_HOME=C:\Program Files\Java\jdk8
PATH=C:\Python27\;C:\ProgramData\Oracle\Java\javapath;C:\Program Files (x86)\Intel\iCLS Client\;C:\Program Files\Intel\iCLS Client\;C:\windows\system32;C:\windows;C:\windows\System32\Wbem;C:\windows\System32\WindowsPowerShell\v1.0\;C:\Program Files\Intel\Intel(R) Management Engine Components\DAL;C:\Program Files (x86)\Intel\Intel(R) Management Engine Components\DAL;C:\Program Files\Intel\Intel(R) Management Engine Components\IPT;C:\Program Files (x86)\Intel\Intel(R) Management Engine Components\IPT;C:\Program Files\Microsoft SQL Server\110\Tools\Binn\;C:\Program Files (x86)\Microsoft SDKs\TypeScript\1.0\;C:\Program Files\Microsoft SQL Server\120\Tools\Binn\;C:\Program Files (x86)\Windows Kits\8.1\Windows Performance Toolkit\;C:\MinGW\bin;\;C:\Program Files\Java\jdk8\bin;C:\Program Files (x86)\Skype\Phone\;C:\Program Files\Git\cmd\;C:\OpenCV\opencv\build\x86\vc12\bin\;
USERNAME=User
OS=Windows_NT
PROCESSOR_IDENTIFIER=Intel64 Family 6 Model 61 Stepping 4, GenuineIntel



---------------  S Y S T E M  ---------------

OS: Windows 8.1 , 64 bit Build 9600 (6.3.9600.17415)

CPU:total 4 (2 cores per cpu, 2 threads per core) family 6 model 61 stepping 4, cmov, cx8, fxsr, mmx, sse, sse2, sse3, ssse3, sse4.1, sse4.2, popcnt, avx, avx2, aes, clmul, erms, 3dnowpref, lzcnt, ht, tsc, tscinvbit, bmi1, bmi2, adx

Memory: 4k page, physical 8277100k(1467932k free), swap 8277100k(8756k free)

vm_info: Java HotSpot(TM) 64-Bit Server VM (25.45-b02) for windows-amd64 JRE (1.8.0_45-b15), built on Apr 30 2015 12:40:44 by "java_re" with MS VC++ 10.0 (VS2010)

time: Sat Aug 27 12:28:25 2016
elapsed time: 6 seconds (0d 0h 0m 6s)

