#
# There is insufficient memory for the Java Runtime Environment to continue.
# Native memory allocation (malloc) failed to allocate 1488336 bytes for Chunk::new
# Possible reasons:
#   The system is out of physical RAM or swap space
#   In 32 bit mode, the process size limit was hit
# Possible solutions:
#   Reduce memory load on the system
#   Increase physical memory or swap space
#   Check if swap backing store is full
#   Use 64 bit Java on a 64 bit OS
#   Decrease Java heap size (-Xmx/-Xms)
#   Decrease number of Java threads
#   Decrease Java thread stack sizes (-Xss)
#   Set larger code cache with -XX:ReservedCodeCacheSize=
# This output file may be truncated or incomplete.
#
#  Out of Memory Error (allocation.cpp:390), pid=4364, tid=1180
#
# JRE version: Java(TM) SE Runtime Environment (8.0_45-b15) (build 1.8.0_45-b15)
# Java VM: Java HotSpot(TM) 64-Bit Server VM (25.45-b02 mixed mode windows-amd64 compressed oops)
# Failed to write core dump. Minidumps are not enabled by default on client versions of Windows
#

---------------  T H R E A D  ---------------

Current thread (0x0000000014a8d800):  JavaThread "C2 CompilerThread1" daemon [_thread_in_native, id=1180, stack(0x0000000016480000,0x0000000016580000)]

Stack: [0x0000000016480000,0x0000000016580000]
Native frames: (J=compiled Java code, j=interpreted, Vv=VM code, C=native code)
V  [jvm.dll+0x32b57a]
V  [jvm.dll+0x279873]
V  [jvm.dll+0x27a509]
V  [jvm.dll+0x271825]
V  [jvm.dll+0xcb9e2]
V  [jvm.dll+0xcbeac]
V  [jvm.dll+0x476ef2]
V  [jvm.dll+0x4b955f]
V  [jvm.dll+0x46b6b5]
V  [jvm.dll+0x46ccbe]
V  [jvm.dll+0x4500f2]
V  [jvm.dll+0xa4352]
V  [jvm.dll+0xa4c8f]
V  [jvm.dll+0x241984]
V  [jvm.dll+0x29853a]
C  [msvcr100.dll+0x21d9f]
C  [msvcr100.dll+0x21e3b]
C  [KERNEL32.DLL+0x13d2]
C  [ntdll.dll+0x154e4]


Current CompileTask:
C2:   8073 1763       4       com.android.dx.rop.code.Rops::ropFor (771 bytes)


---------------  P R O C E S S  ---------------

Java Threads: ( => current thread )
  0x0000000016339800 JavaThread "pool-2-thread-4" [_thread_in_vm, id=2372, stack(0x0000000016c80000,0x0000000016d80000)]
  0x0000000016338800 JavaThread "pool-2-thread-3" [_thread_blocked, id=4588, stack(0x0000000016b80000,0x0000000016c80000)]
  0x00000000162e2000 JavaThread "pool-2-thread-2" [_thread_in_vm, id=4120, stack(0x0000000016a80000,0x0000000016b80000)]
  0x00000000162e1000 JavaThread "pool-3-thread-1" [_thread_blocked, id=544, stack(0x0000000016980000,0x0000000016a80000)]
  0x0000000016331800 JavaThread "pool-2-thread-1" [_thread_blocked, id=3936, stack(0x0000000016880000,0x0000000016980000)]
  0x00000000160d1000 JavaThread "Service Thread" daemon [_thread_blocked, id=6928, stack(0x0000000016680000,0x0000000016780000)]
  0x0000000014a8e800 JavaThread "C1 CompilerThread2" daemon [_thread_in_native, id=5100, stack(0x0000000016580000,0x0000000016680000)]
=>0x0000000014a8d800 JavaThread "C2 CompilerThread1" daemon [_thread_in_native, id=1180, stack(0x0000000016480000,0x0000000016580000)]
  0x0000000014a7b800 JavaThread "C2 CompilerThread0" daemon [_thread_in_native, id=8916, stack(0x0000000015f80000,0x0000000016080000)]
  0x0000000014a79800 JavaThread "Attach Listener" daemon [_thread_blocked, id=5448, stack(0x0000000015e80000,0x0000000015f80000)]
  0x0000000014a78800 JavaThread "Signal Dispatcher" daemon [_thread_blocked, id=8204, stack(0x0000000015d80000,0x0000000015e80000)]
  0x0000000002357800 JavaThread "Finalizer" daemon [_thread_blocked, id=5976, stack(0x0000000015c80000,0x0000000015d80000)]
  0x000000000234f000 JavaThread "Reference Handler" daemon [_thread_blocked, id=5636, stack(0x0000000015b80000,0x0000000015c80000)]
  0x0000000002260800 JavaThread "main" [_thread_blocked, id=7512, stack(0x00000000009e0000,0x0000000000ae0000)]

Other Threads:
  0x00000000149f8000 VMThread [stack: 0x0000000015a80000,0x0000000015b80000] [id=8712]
  0x00000000160da800 WatcherThread [stack: 0x0000000016780000,0x0000000016880000] [id=3808]

VM state:not at safepoint (normal execution)

VM Mutex/Monitor currently owned by a thread: None

Heap:
 PSYoungGen      total 38400K, used 17496K [0x00000000eab00000, 0x00000000ed580000, 0x0000000100000000)
  eden space 33280K, 37% used [0x00000000eab00000,0x00000000eb71c5f0,0x00000000ecb80000)
  from space 5120K, 99% used [0x00000000ed080000,0x00000000ed579c78,0x00000000ed580000)
  to   space 5120K, 0% used [0x00000000ecb80000,0x00000000ecb80000,0x00000000ed080000)
 ParOldGen       total 87552K, used 4269K [0x00000000c0000000, 0x00000000c5580000, 0x00000000eab00000)
  object space 87552K, 4% used [0x00000000c0000000,0x00000000c042b4d0,0x00000000c5580000)
 Metaspace       used 6274K, capacity 7088K, committed 7296K, reserved 1056768K
  class space    used 594K, capacity 616K, committed 640K, reserved 1048576K

Card table byte_map: [0x0000000011720000,0x0000000011930000] byte_map_base: 0x0000000011120000

Marking Bits: (ParMarkBitMap*) 0x0000000053a74040
 Begin Bits: [0x0000000011e90000, 0x0000000012e90000)
 End Bits:   [0x0000000012e90000, 0x0000000013e90000)

Polling page: 0x0000000000870000

CodeCache: size=245760Kb used=7158Kb max_used=7158Kb free=238601Kb
 bounds [0x0000000002360000, 0x0000000002a70000, 0x0000000011360000]
 total_blobs=2019 nmethods=1749 adapters=182
 compilation: enabled

Compilation events (10 events):
Event: 7.961 Thread 0x0000000014a8d800 nmethod 1758 0x0000000002a5ab10 code [0x0000000002a5ac60, 0x0000000002a5af18]
Event: 7.961 Thread 0x0000000014a8d800 1759       4       com.android.dx.ssa.DeadCodeRemover::pruneDeadInstructions (246 bytes)
Event: 7.976 Thread 0x0000000014a8d800 nmethod 1759 0x0000000002a59d50 code [0x0000000002a59ee0, 0x0000000002a5a4f8]
Event: 7.976 Thread 0x0000000014a8d800 1760       4       java.util.BitSet::set (124 bytes)
Event: 7.981 Thread 0x0000000014a8d800 nmethod 1760 0x0000000002a5c690 code [0x0000000002a5c7e0, 0x0000000002a5cbd8]
Event: 7.981 Thread 0x0000000014a8d800 1761       4       java.util.BitSet::checkRange (104 bytes)
Event: 7.982 Thread 0x0000000014a8d800 nmethod 1761 0x0000000002a20850 code [0x0000000002a20980, 0x0000000002a20a18]
Event: 7.982 Thread 0x0000000014a8d800 1762       4       com.android.dx.rop.code.SourcePosition::<init> (50 bytes)
Event: 7.983 Thread 0x0000000014a8d800 nmethod 1762 0x0000000002a26a10 code [0x0000000002a26b40, 0x0000000002a26bf8]
Event: 7.984 Thread 0x0000000014a8d800 1763       4       com.android.dx.rop.code.Rops::ropFor (771 bytes)

GC Heap History (4 events):
Event: 4.383 GC heap before
{Heap before GC invocations=1 (full 0):
 PSYoungGen      total 38400K, used 33280K [0x00000000eab00000, 0x00000000ed580000, 0x0000000100000000)
  eden space 33280K, 100% used [0x00000000eab00000,0x00000000ecb80000,0x00000000ecb80000)
  from space 5120K, 0% used [0x00000000ed080000,0x00000000ed080000,0x00000000ed580000)
  to   space 5120K, 0% used [0x00000000ecb80000,0x00000000ecb80000,0x00000000ed080000)
 ParOldGen       total 87552K, used 0K [0x00000000c0000000, 0x00000000c5580000, 0x00000000eab00000)
  object space 87552K, 0% used [0x00000000c0000000,0x00000000c0000000,0x00000000c5580000)
 Metaspace       used 5931K, capacity 6832K, committed 7040K, reserved 1056768K
  class space    used 589K, capacity 616K, committed 640K, reserved 1048576K
Event: 4.396 GC heap after
Heap after GC invocations=1 (full 0):
 PSYoungGen      total 38400K, used 5104K [0x00000000eab00000, 0x00000000ed580000, 0x0000000100000000)
  eden space 33280K, 0% used [0x00000000eab00000,0x00000000eab00000,0x00000000ecb80000)
  from space 5120K, 99% used [0x00000000ecb80000,0x00000000ed07c040,0x00000000ed080000)
  to   space 5120K, 0% used [0x00000000ed080000,0x00000000ed080000,0x00000000ed580000)
 ParOldGen       total 87552K, used 567K [0x00000000c0000000, 0x00000000c5580000, 0x00000000eab00000)
  object space 87552K, 0% used [0x00000000c0000000,0x00000000c008df90,0x00000000c5580000)
 Metaspace       used 5931K, capacity 6832K, committed 7040K, reserved 1056768K
  class space    used 589K, capacity 616K, committed 640K, reserved 1048576K
}
Event: 6.954 GC heap before
{Heap before GC invocations=2 (full 0):
 PSYoungGen      total 38400K, used 38384K [0x00000000eab00000, 0x00000000ed580000, 0x0000000100000000)
  eden space 33280K, 100% used [0x00000000eab00000,0x00000000ecb80000,0x00000000ecb80000)
  from space 5120K, 99% used [0x00000000ecb80000,0x00000000ed07c040,0x00000000ed080000)
  to   space 5120K, 0% used [0x00000000ed080000,0x00000000ed080000,0x00000000ed580000)
 ParOldGen       total 87552K, used 567K [0x00000000c0000000, 0x00000000c5580000, 0x00000000eab00000)
  object space 87552K, 0% used [0x00000000c0000000,0x00000000c008df90,0x00000000c5580000)
 Metaspace       used 6244K, capacity 7088K, committed 7296K, reserved 1056768K
  class space    used 593K, capacity 616K, committed 640K, reserved 1048576K
Event: 7.282 GC heap after
Heap after GC invocations=2 (full 0):
 PSYoungGen      total 38400K, used 5095K [0x00000000eab00000, 0x00000000ed580000, 0x0000000100000000)
  eden space 33280K, 0% used [0x00000000eab00000,0x00000000eab00000,0x00000000ecb80000)
  from space 5120K, 99% used [0x00000000ed080000,0x00000000ed579c78,0x00000000ed580000)
  to   space 5120K, 0% used [0x00000000ecb80000,0x00000000ecb80000,0x00000000ed080000)
 ParOldGen       total 87552K, used 4269K [0x00000000c0000000, 0x00000000c5580000, 0x00000000eab00000)
  object space 87552K, 4% used [0x00000000c0000000,0x00000000c042b4d0,0x00000000c5580000)
 Metaspace       used 6244K, capacity 7088K, committed 7296K, reserved 1056768K
  class space    used 593K, capacity 616K, committed 640K, reserved 1048576K
}

Deoptimization events (10 events):
Event: 3.522 Thread 0x0000000016339800 Uncommon trap: reason=class_check action=maybe_recompile pc=0x000000000265b5b0 method=com.android.dx.ssa.NormalSsaInsn.accept(Lcom/android/dx/ssa/SsaInsn$Visitor;)V @ 9
Event: 3.523 Thread 0x0000000016339800 Uncommon trap: reason=class_check action=maybe_recompile pc=0x000000000265b5b0 method=com.android.dx.ssa.NormalSsaInsn.accept(Lcom/android/dx/ssa/SsaInsn$Visitor;)V @ 9
Event: 3.523 Thread 0x0000000016339800 Uncommon trap: reason=class_check action=maybe_recompile pc=0x00000000026695d4 method=com.android.dx.ssa.NormalSsaInsn.accept(Lcom/android/dx/ssa/SsaInsn$Visitor;)V @ 9
Event: 3.944 Thread 0x0000000016331800 Uncommon trap: reason=unstable_if action=reinterpret pc=0x0000000002609a40 method=java.util.HashMap.getNode(ILjava/lang/Object;)Ljava/util/HashMap$Node; @ 129
Event: 4.232 Thread 0x0000000016331800 Uncommon trap: reason=unstable_if action=reinterpret pc=0x000000000268895c method=com.android.dx.rop.cst.Constant.compareTo(Lcom/android/dx/rop/cst/Constant;)I @ 12
Event: 4.734 Thread 0x0000000016331800 Uncommon trap: reason=null_check action=make_not_entrant pc=0x00000000027724d4 method=com.android.dx.ssa.SsaRenamer.getLocalForNewReg(I)Lcom/android/dx/rop/code/LocalItem; @ 19
Event: 4.734 Thread 0x0000000016331800 Uncommon trap: reason=null_check action=make_not_entrant pc=0x000000000274197c method=com.android.dx.ssa.SsaRenamer.getLocalForNewReg(I)Lcom/android/dx/rop/code/LocalItem; @ 19
Event: 6.108 Thread 0x0000000016331800 Uncommon trap: reason=unstable_if action=reinterpret pc=0x0000000002958450 method=com.android.dx.ssa.SCCP.simulateStmt(Lcom/android/dx/ssa/SsaInsn;)V @ 53
Event: 7.558 Thread 0x0000000016339800 Uncommon trap: reason=bimorphic action=maybe_recompile pc=0x0000000002a19668 method=com.android.dx.rop.code.RegisterSpec.withSimpleType()Lcom/android/dx/rop/code/RegisterSpec; @ 21
Event: 7.588 Thread 0x0000000016339800 Uncommon trap: reason=unstable_if action=reinterpret pc=0x0000000002795804 method=com.android.dx.rop.code.RegisterSpecSet.<init>(I)V @ 2

Internal exceptions (4 events):
Event: 0.127 Thread 0x0000000002260800 Exception <a 'java/lang/NoSuchMethodError': Method sun.misc.Unsafe.defineClass(Ljava/lang/String;[BII)Ljava/lang/Class; name or signature does not match> (0x00000000eab12f08) thrown at [C:\re\workspace\8-2-build-windows-amd64-cygwin\jdk8u45\3627\hotspot\sr'æodfCÀ?
Event: 0.127 Thread 0x0000000002260800 Exception <a 'java/lang/NoSuchMethodError': Method sun.misc.Unsafe.prefetchRead(Ljava/lang/Object;J)V name or signature does not match> (0x00000000eab13198) thrown at [C:\re\workspace\8-2-build-windows-amd64-cygwin\jdk8u45\3627\hotspot\src\share\vm\prims\j<0ç¡[ï@
Event: 4.734 Thread 0x0000000016331800 Implicit null exception at 0x0000000002770caf to 0x000000000277248d
Event: 4.734 Thread 0x0000000016331800 Implicit null exception at 0x0000000002740443 to 0x0000000002741949

Events (10 events):
Event: 7.510 loading class com/android/dx/cf/code/SwitchList
Event: 7.510 loading class com/android/dx/cf/code/SwitchList done
Event: 7.558 Thread 0x0000000016339800 Uncommon trap: trap_request=0xffffffc6 fr.pc=0x0000000002a19668
Event: 7.558 Thread 0x0000000016339800 DEOPT PACKING pc=0x0000000002a19668 sp=0x0000000016d7e6f0
Event: 7.558 Thread 0x0000000016339800 DEOPT UNPACKING pc=0x00000000023a582a sp=0x0000000016d7e648 mode 2
Event: 7.588 Thread 0x0000000016339800 Uncommon trap: trap_request=0xffffff65 fr.pc=0x0000000002795804
Event: 7.588 Thread 0x0000000016339800 DEOPT PACKING pc=0x0000000002795804 sp=0x0000000016d7e820
Event: 7.588 Thread 0x0000000016339800 DEOPT UNPACKING pc=0x00000000023a582a sp=0x0000000016d7e750 mode 2
Event: 7.956 Thread 0x00000000162e2000 DEOPT PACKING pc=0x00000000027ae2f5 sp=0x0000000016b7ee80
Event: 7.956 Thread 0x00000000162e2000 DEOPT UNPACKING pc=0x00000000023a787f sp=0x0000000016b7eb60 mode 0


Dynamic libraries:
0x00007ff7a1cf0000 - 0x00007ff7a1d27000 	C:\Program Files\Java\jdk8\bin\java.exe
0x00007ff892b20000 - 0x00007ff892ccd000 	C:\windows\SYSTEM32\ntdll.dll
0x00007ff8916e0000 - 0x00007ff89181e000 	C:\windows\system32\KERNEL32.DLL
0x00007ff88fd20000 - 0x00007ff88fe35000 	C:\windows\system32\KERNELBASE.dll
0x00007ff88e6d0000 - 0x00007ff88e75e000 	C:\windows\system32\apphelp.dll
0x00007ff883090000 - 0x00007ff8830e3000 	C:\windows\AppPatch\AppPatch64\AcGenral.DLL
0x00007ff891b70000 - 0x00007ff891c1a000 	C:\windows\system32\msvcrt.dll
0x00007ff88fe40000 - 0x00007ff88fe6e000 	C:\windows\system32\SspiCli.dll
0x00007ff892660000 - 0x00007ff8926b4000 	C:\windows\system32\SHLWAPI.dll
0x00007ff891cd0000 - 0x00007ff891e47000 	C:\windows\system32\USER32.dll
0x00007ff891f10000 - 0x00007ff8920a4000 	C:\windows\system32\ole32.dll
0x00007ff8901b0000 - 0x00007ff8916d9000 	C:\windows\system32\SHELL32.dll
0x00007ff88f220000 - 0x00007ff88f241000 	C:\windows\SYSTEM32\USERENV.dll
0x00007ff892a50000 - 0x00007ff892afa000 	C:\windows\system32\ADVAPI32.dll
0x00007ff885ae0000 - 0x00007ff885afe000 	C:\windows\SYSTEM32\MPR.dll
0x00007ff8926d0000 - 0x00007ff892810000 	C:\windows\system32\RPCRT4.dll
0x00007ff892810000 - 0x00007ff892869000 	C:\windows\SYSTEM32\sechost.dll
0x00007ff891820000 - 0x00007ff891a31000 	C:\windows\SYSTEM32\combase.dll
0x00007ff8920c0000 - 0x00007ff89220f000 	C:\windows\system32\GDI32.dll
0x00007ff88fc50000 - 0x00007ff88fc65000 	C:\windows\SYSTEM32\profapi.dll
0x00007ff88e0e0000 - 0x00007ff88e192000 	C:\windows\SYSTEM32\SHCORE.dll
0x00007ff891c90000 - 0x00007ff891cc6000 	C:\windows\system32\IMM32.DLL
0x00007ff892350000 - 0x00007ff8924a2000 	C:\windows\system32\MSCTF.dll
0x00007ff88d9e0000 - 0x00007ff88dc5b000 	C:\windows\WinSxS\amd64_microsoft.windows.common-controls_6595b64144ccf1df_6.0.9600.18006_none_623f33d3ecbe86e8\COMCTL32.dll
0x0000000052c50000 - 0x0000000052d22000 	C:\Program Files\Java\jdk8\jre\bin\msvcr100.dll
0x0000000053270000 - 0x0000000053af3000 	C:\Program Files\Java\jdk8\jre\bin\server\jvm.dll
0x00007ff88d400000 - 0x00007ff88d409000 	C:\windows\SYSTEM32\WSOCK32.dll
0x00007ff88d500000 - 0x00007ff88d522000 	C:\windows\SYSTEM32\WINMM.dll
0x00007ff88eef0000 - 0x00007ff88eefa000 	C:\windows\SYSTEM32\VERSION.dll
0x00007ff891c20000 - 0x00007ff891c27000 	C:\windows\system32\PSAPI.DLL
0x00007ff891a40000 - 0x00007ff891a9a000 	C:\windows\system32\WS2_32.dll
0x00007ff88d4d0000 - 0x00007ff88d4fa000 	C:\windows\SYSTEM32\WINMMBASE.dll
0x00007ff8920b0000 - 0x00007ff8920b9000 	C:\windows\system32\NSI.dll
0x00007ff890160000 - 0x00007ff8901af000 	C:\windows\SYSTEM32\cfgmgr32.dll
0x00007ff88e980000 - 0x00007ff88e9a8000 	C:\windows\SYSTEM32\DEVOBJ.dll
0x0000000053260000 - 0x000000005326f000 	C:\Program Files\Java\jdk8\jre\bin\verify.dll
0x0000000053230000 - 0x0000000053259000 	C:\Program Files\Java\jdk8\jre\bin\java.dll
0x0000000053210000 - 0x0000000053226000 	C:\Program Files\Java\jdk8\jre\bin\zip.dll
0x00007ff888090000 - 0x00007ff888219000 	C:\windows\SYSTEM32\dbghelp.dll

VM Arguments:
jvm_args: -Djava.awt.headless=true -Xmx1024M -Dfile.encoding=windows-1255 -Duser.country=US -Duser.language=en -Duser.variant 
java_command: com.android.dx.command.Main --dex --num-threads=4 --multi-dex --output C:\Users\User\AndroidStudioProjects\NavigateLifeSaver\app\build\intermediates\transforms\dex\debug\folders\1000\10\internal_impl-23.1.1_f2e933c3b1eae0c6b40ddadc1d84efb7700dbb7a C:\Users\User\AndroidStudioProjects\NavigateLifeSaver\app\build\intermediates\exploded-aar\com.android.support\support-v4\23.1.1\jars\libs\internal_impl-23.1.1.jar
java_class_path (initial): C:\Users\User\AppData\Local\Android\sdk\build-tools\23.0.3\lib\dx.jar
Launcher Type: SUN_STANDARD

Environment Variables:
JAVA_HOME=C:\Program Files\Java\jdk8
PATH=C:\Python27\;C:\ProgramData\Oracle\Java\javapath;C:\Program Files (x86)\Intel\iCLS Client\;C:\Program Files\Intel\iCLS Client\;C:\windows\system32;C:\windows;C:\windows\System32\Wbem;C:\windows\System32\WindowsPowerShell\v1.0\;C:\Program Files\Intel\Intel(R) Management Engine Components\DAL;C:\Program Files (x86)\Intel\Intel(R) Management Engine Components\DAL;C:\Program Files\Intel\Intel(R) Management Engine Components\IPT;C:\Program Files (x86)\Intel\Intel(R) Management Engine Components\IPT;C:\Program Files\Microsoft SQL Server\110\Tools\Binn\;C:\Program Files (x86)\Microsoft SDKs\TypeScript\1.0\;C:\Program Files\Microsoft SQL Server\120\Tools\Binn\;C:\Program Files (x86)\Windows Kits\8.1\Windows Performance Toolkit\;C:\MinGW\bin;\;C:\Program Files\Java\jdk8\bin;C:\Program Files (x86)\Skype\Phone\;C:\Program Files\Git\cmd\;C:\OpenCV\opencv\build\x86\vc12\bin\;
USERNAME=User
OS=Windows_NT
PROCESSOR_IDENTIFIER=Intel64 Family 6 Model 61 Stepping 4, GenuineIntel



---------------  S Y S T E M  ---------------

OS: Windows 8.1 , 64 bit Build 9600 (6.3.9600.17415)

CPU:total 4 (2 cores per cpu, 2 threads per core) family 6 model 61 stepping 4, cmov, cx8, fxsr, mmx, sse, sse2, sse3, ssse3, sse4.1, sse4.2, popcnt, avx, avx2, aes, clmul, erms, 3dnowpref, lzcnt, ht, tsc, tscinvbit, bmi1, bmi2, adx

Memory: 4k page, physical 8277100k(1544828k free), swap 8277100k(5756k free)

vm_info: Java HotSpot(TM) 64-Bit Server VM (25.45-b02) for windows-amd64 JRE (1.8.0_45-b15), built on Apr 30 2015 12:40:44 by "java_re" with MS VC++ 10.0 (VS2010)

time: Sat Aug 27 12:30:06 2016
elapsed time: 8 seconds (0d 0h 0m 8s)

