#
# There is insufficient memory for the Java Runtime Environment to continue.
# Native memory allocation (malloc) failed to allocate 773456 bytes for Chunk::new
# Possible reasons:
#   The system is out of physical RAM or swap space
#   In 32 bit mode, the process size limit was hit
# Possible solutions:
#   Reduce memory load on the system
#   Increase physical memory or swap space
#   Check if swap backing store is full
#   Use 64 bit Java on a 64 bit OS
#   Decrease Java heap size (-Xmx/-Xms)
#   Decrease number of Java threads
#   Decrease Java thread stack sizes (-Xss)
#   Set larger code cache with -XX:ReservedCodeCacheSize=
# This output file may be truncated or incomplete.
#
#  Out of Memory Error (allocation.cpp:390), pid=4484, tid=8068
#
# JRE version: Java(TM) SE Runtime Environment (8.0_45-b15) (build 1.8.0_45-b15)
# Java VM: Java HotSpot(TM) 64-Bit Server VM (25.45-b02 mixed mode windows-amd64 compressed oops)
# Failed to write core dump. Minidumps are not enabled by default on client versions of Windows
#

---------------  T H R E A D  ---------------

Current thread (0x0000000015405800):  JavaThread "C2 CompilerThread1" daemon [_thread_in_native, id=8068, stack(0x0000000016a10000,0x0000000016b10000)]

Stack: [0x0000000016a10000,0x0000000016b10000]
Native frames: (J=compiled Java code, j=interpreted, Vv=VM code, C=native code)
V  [jvm.dll+0x32b57a]


Current CompileTask:
C2:   3174 1427   !   4       com.android.dx.cf.code.BytecodeArray::parseInstruction (2764 bytes)


---------------  P R O C E S S  ---------------

Java Threads: ( => current thread )
  0x0000000016e24000 JavaThread "pool-2-thread-4" [_thread_blocked, id=2472, stack(0x0000000017e10000,0x0000000017f10000)]
  0x0000000016e23000 JavaThread "pool-2-thread-3" [_thread_blocked, id=208, stack(0x0000000017d10000,0x0000000017e10000)]
  0x0000000016e22800 JavaThread "pool-2-thread-2" [_thread_blocked, id=7576, stack(0x0000000017c10000,0x0000000017d10000)]
  0x0000000016e21800 JavaThread "pool-3-thread-1" [_thread_blocked, id=1292, stack(0x0000000017b10000,0x0000000017c10000)]
  0x0000000016d77000 JavaThread "pool-2-thread-1" [_thread_blocked, id=1712, stack(0x0000000017a10000,0x0000000017b10000)]
  0x0000000016b8e000 JavaThread "Service Thread" daemon [_thread_blocked, id=4612, stack(0x0000000017010000,0x0000000017110000)]
  0x0000000016b51000 JavaThread "C1 CompilerThread2" daemon [_thread_blocked, id=5904, stack(0x0000000016f10000,0x0000000017010000)]
=>0x0000000015405800 JavaThread "C2 CompilerThread1" daemon [_thread_in_native, id=8068, stack(0x0000000016a10000,0x0000000016b10000)]
  0x00000000153fa800 JavaThread "C2 CompilerThread0" daemon [_thread_in_native, id=5676, stack(0x0000000016910000,0x0000000016a10000)]
  0x00000000153f8800 JavaThread "Attach Listener" daemon [_thread_blocked, id=3880, stack(0x0000000016810000,0x0000000016910000)]
  0x00000000153f7800 JavaThread "Signal Dispatcher" daemon [_thread_blocked, id=3948, stack(0x0000000016710000,0x0000000016810000)]
  0x0000000002cd6800 JavaThread "Finalizer" daemon [_thread_blocked, id=6664, stack(0x0000000016610000,0x0000000016710000)]
  0x0000000002cce800 JavaThread "Reference Handler" daemon [_thread_blocked, id=8800, stack(0x0000000016510000,0x0000000016610000)]
  0x0000000002be0800 JavaThread "main" [_thread_blocked, id=8804, stack(0x0000000002ae0000,0x0000000002be0000)]

Other Threads:
  0x0000000015377000 VMThread [stack: 0x0000000016410000,0x0000000016510000] [id=7432]
  0x0000000016ba9000 WatcherThread [stack: 0x0000000017110000,0x0000000017210000] [id=8276]

VM state:not at safepoint (normal execution)

VM Mutex/Monitor currently owned by a thread: None

Heap:
 PSYoungGen      total 38400K, used 33084K [0x00000000eab00000, 0x00000000ef600000, 0x0000000100000000)
  eden space 33280K, 84% used [0x00000000eab00000,0x00000000ec6532f0,0x00000000ecb80000)
  from space 5120K, 99% used [0x00000000ecb80000,0x00000000ed07c040,0x00000000ed080000)
  to   space 5120K, 0% used [0x00000000ef100000,0x00000000ef100000,0x00000000ef600000)
 ParOldGen       total 87552K, used 610K [0x00000000c0000000, 0x00000000c5580000, 0x00000000eab00000)
  object space 87552K, 0% used [0x00000000c0000000,0x00000000c0098b38,0x00000000c5580000)
 Metaspace       used 6203K, capacity 7088K, committed 7296K, reserved 1056768K
  class space    used 593K, capacity 616K, committed 640K, reserved 1048576K

Card table byte_map: [0x00000000120a0000,0x00000000122b0000] byte_map_base: 0x0000000011aa0000

Marking Bits: (ParMarkBitMap*) 0x0000000053a74040
 Begin Bits: [0x0000000012810000, 0x0000000013810000)
 End Bits:   [0x0000000013810000, 0x0000000014810000)

Polling page: 0x0000000001150000

CodeCache: size=245760Kb used=6277Kb max_used=6277Kb free=239482Kb
 bounds [0x0000000002ce0000, 0x0000000003310000, 0x0000000011ce0000]
 total_blobs=1818 nmethods=1548 adapters=182
 compilation: enabled

Compilation events (10 events):
Event: 2.937 Thread 0x0000000016b51000 1558       3       java.util.concurrent.ThreadPoolExecutor::execute (132 bytes)
Event: 2.938 Thread 0x0000000016b51000 nmethod 1558 0x0000000003302ed0 code [0x0000000003303120, 0x0000000003304088]
Event: 2.939 Thread 0x0000000016b51000 1559       3       com.android.dx.cf.direct.DirectClassFile::getFields (9 bytes)
Event: 2.939 Thread 0x0000000016b51000 nmethod 1559 0x00000000033053d0 code [0x0000000003305540, 0x0000000003305788]
Event: 2.939 Thread 0x0000000016b51000 1560       3       com.android.dx.cf.direct.DirectClassFile::getMethods (9 bytes)
Event: 2.940 Thread 0x0000000016b51000 nmethod 1560 0x0000000003305850 code [0x00000000033059c0, 0x0000000003305c08]
Event: 2.940 Thread 0x0000000016b51000 1561       3       com.android.dx.cf.code.LocalVariableList::itemToLocal (47 bytes)
Event: 2.940 Thread 0x0000000016b51000 nmethod 1561 0x0000000003305cd0 code [0x0000000003305e80, 0x00000000033063f8]
Event: 2.942 Thread 0x0000000016b51000 1562       3       java.util.Collections::unmodifiableCollection (9 bytes)
Event: 2.943 Thread 0x0000000016b51000 nmethod 1562 0x00000000033065d0 code [0x0000000003306760, 0x0000000003306aa8]

GC Heap History (2 events):
Event: 1.837 GC heap before
{Heap before GC invocations=1 (full 0):
 PSYoungGen      total 38400K, used 33280K [0x00000000eab00000, 0x00000000ed580000, 0x0000000100000000)
  eden space 33280K, 100% used [0x00000000eab00000,0x00000000ecb80000,0x00000000ecb80000)
  from space 5120K, 0% used [0x00000000ed080000,0x00000000ed080000,0x00000000ed580000)
  to   space 5120K, 0% used [0x00000000ecb80000,0x00000000ecb80000,0x00000000ed080000)
 ParOldGen       total 87552K, used 0K [0x00000000c0000000, 0x00000000c5580000, 0x00000000eab00000)
  object space 87552K, 0% used [0x00000000c0000000,0x00000000c0000000,0x00000000c5580000)
 Metaspace       used 5926K, capacity 6832K, committed 7040K, reserved 1056768K
  class space    used 589K, capacity 616K, committed 640K, reserved 1048576K
Event: 1.988 GC heap after
Heap after GC invocations=1 (full 0):
 PSYoungGen      total 38400K, used 5104K [0x00000000eab00000, 0x00000000ef600000, 0x0000000100000000)
  eden space 33280K, 0% used [0x00000000eab00000,0x00000000eab00000,0x00000000ecb80000)
  from space 5120K, 99% used [0x00000000ecb80000,0x00000000ed07c040,0x00000000ed080000)
  to   space 5120K, 0% used [0x00000000ef100000,0x00000000ef100000,0x00000000ef600000)
 ParOldGen       total 87552K, used 610K [0x00000000c0000000, 0x00000000c5580000, 0x00000000eab00000)
  object space 87552K, 0% used [0x00000000c0000000,0x00000000c0098b38,0x00000000c5580000)
 Metaspace       used 5926K, capacity 6832K, committed 7040K, reserved 1056768K
  class space    used 589K, capacity 616K, committed 640K, reserved 1048576K
}

Deoptimization events (6 events):
Event: 0.484 Thread 0x0000000002be0800 Uncommon trap: reason=unstable_if action=reinterpret pc=0x0000000002e3d950 method=java.lang.String.indexOf(II)I @ 49
Event: 0.934 Thread 0x0000000016e22800 Uncommon trap: reason=unstable_if action=reinterpret pc=0x0000000002f201b0 method=java.util.BitSet.nextSetBit(I)I @ 87
Event: 0.944 Thread 0x0000000016e22800 Uncommon trap: reason=unstable_if action=reinterpret pc=0x0000000002f1b9a0 method=java.util.HashMap.getNode(ILjava/lang/Object;)Ljava/util/HashMap$Node; @ 129
Event: 0.956 Thread 0x0000000016e22800 Uncommon trap: reason=class_check action=maybe_recompile pc=0x0000000002f65d70 method=com.android.dx.ssa.NormalSsaInsn.accept(Lcom/android/dx/ssa/SsaInsn$Visitor;)V @ 9
Event: 1.236 Thread 0x0000000016d77000 Uncommon trap: reason=unstable_if action=reinterpret pc=0x00000000030598bc method=com.android.dx.rop.code.LocalItem.hashCode()I @ 25
Event: 2.845 Thread 0x0000000016e23000 Uncommon trap: reason=unstable_if action=reinterpret pc=0x000000000319b304 method=com.android.dx.ssa.SCCP.simulateStmt(Lcom/android/dx/ssa/SsaInsn;)V @ 53

Internal exceptions (2 events):
Event: 0.045 Thread 0x0000000002be0800 Exception <a 'java/lang/NoSuchMethodError': Method sun.misc.Unsafe.defineClass(Ljava/lang/String;[BII)Ljava/lang/Class; name or signature does not match> (0x00000000eab12f08) thrown at [C:\re\workspace\8-2-build-windows-amd64-cygwin\jdk8u45\3627\hotspot\srº/ïš§?
Event: 0.045 Thread 0x0000000002be0800 Exception <a 'java/lang/NoSuchMethodError': Method sun.misc.Unsafe.prefetchRead(Ljava/lang/Object;J)V name or signature does not match> (0x00000000eab13198) thrown at [C:\re\workspace\8-2-build-windows-amd64-cygwin\jdk8u45\3627\hotspot\src\share\vm\prims\j

Events (10 events):
Event: 2.432 loading class com/android/dx/dex/file/AnnotationSetRefItem done
Event: 2.488 loading class com/android/dx/cf/attrib/AttExceptions
Event: 2.488 loading class com/android/dx/cf/attrib/AttExceptions done
Event: 2.676 Thread 0x0000000016e23000 DEOPT PACKING pc=0x0000000002ff8b01 sp=0x0000000017e0ebb0
Event: 2.676 Thread 0x0000000016e23000 DEOPT UNPACKING pc=0x0000000002d2787f sp=0x0000000017e0e978 mode 0
Event: 2.739 Thread 0x0000000016d77000 DEOPT PACKING pc=0x0000000002ff8b01 sp=0x0000000017b0ebb0
Event: 2.739 Thread 0x0000000016d77000 DEOPT UNPACKING pc=0x0000000002d2787f sp=0x0000000017b0e978 mode 0
Event: 2.845 Thread 0x0000000016e23000 Uncommon trap: trap_request=0xffffff65 fr.pc=0x000000000319b304
Event: 2.845 Thread 0x0000000016e23000 DEOPT PACKING pc=0x000000000319b304 sp=0x0000000017e0eb90
Event: 2.848 Thread 0x0000000016e23000 DEOPT UNPACKING pc=0x0000000002d2582a sp=0x0000000017e0ebb8 mode 2


Dynamic libraries:
0x00007ff7a1cf0000 - 0x00007ff7a1d27000 	C:\Program Files\Java\jdk8\bin\java.exe
0x00007ff892b20000 - 0x00007ff892ccd000 	C:\windows\SYSTEM32\ntdll.dll
0x00007ff8916e0000 - 0x00007ff89181e000 	C:\windows\system32\KERNEL32.DLL
0x00007ff88fd20000 - 0x00007ff88fe35000 	C:\windows\system32\KERNELBASE.dll
0x00007ff88e6d0000 - 0x00007ff88e75e000 	C:\windows\system32\apphelp.dll
0x00007ff883090000 - 0x00007ff8830e3000 	C:\windows\AppPatch\AppPatch64\AcGenral.DLL
0x00007ff891b70000 - 0x00007ff891c1a000 	C:\windows\system32\msvcrt.dll
0x00007ff88fe40000 - 0x00007ff88fe6e000 	C:\windows\system32\SspiCli.dll
0x00007ff892660000 - 0x00007ff8926b4000 	C:\windows\system32\SHLWAPI.dll
0x00007ff891cd0000 - 0x00007ff891e47000 	C:\windows\system32\USER32.dll
0x00007ff891f10000 - 0x00007ff8920a4000 	C:\windows\system32\ole32.dll
0x00007ff8901b0000 - 0x00007ff8916d9000 	C:\windows\system32\SHELL32.dll
0x00007ff88f220000 - 0x00007ff88f241000 	C:\windows\SYSTEM32\USERENV.dll
0x00007ff892a50000 - 0x00007ff892afa000 	C:\windows\system32\ADVAPI32.dll
0x00007ff885ae0000 - 0x00007ff885afe000 	C:\windows\SYSTEM32\MPR.dll
0x00007ff8926d0000 - 0x00007ff892810000 	C:\windows\system32\RPCRT4.dll
0x00007ff892810000 - 0x00007ff892869000 	C:\windows\SYSTEM32\sechost.dll
0x00007ff891820000 - 0x00007ff891a31000 	C:\windows\SYSTEM32\combase.dll
0x00007ff8920c0000 - 0x00007ff89220f000 	C:\windows\system32\GDI32.dll
0x00007ff88fc50000 - 0x00007ff88fc65000 	C:\windows\SYSTEM32\profapi.dll
0x00007ff88e0e0000 - 0x00007ff88e192000 	C:\windows\SYSTEM32\SHCORE.dll
0x00007ff891c90000 - 0x00007ff891cc6000 	C:\windows\system32\IMM32.DLL
0x00007ff892350000 - 0x00007ff8924a2000 	C:\windows\system32\MSCTF.dll
0x00007ff88d9e0000 - 0x00007ff88dc5b000 	C:\windows\WinSxS\amd64_microsoft.windows.common-controls_6595b64144ccf1df_6.0.9600.18006_none_623f33d3ecbe86e8\COMCTL32.dll
0x0000000052c50000 - 0x0000000052d22000 	C:\Program Files\Java\jdk8\jre\bin\msvcr100.dll
0x0000000053270000 - 0x0000000053af3000 	C:\Program Files\Java\jdk8\jre\bin\server\jvm.dll
0x00007ff88d400000 - 0x00007ff88d409000 	C:\windows\SYSTEM32\WSOCK32.dll
0x00007ff88d500000 - 0x00007ff88d522000 	C:\windows\SYSTEM32\WINMM.dll
0x00007ff88eef0000 - 0x00007ff88eefa000 	C:\windows\SYSTEM32\VERSION.dll
0x00007ff891c20000 - 0x00007ff891c27000 	C:\windows\system32\PSAPI.DLL
0x00007ff891a40000 - 0x00007ff891a9a000 	C:\windows\system32\WS2_32.dll
0x00007ff88d4d0000 - 0x00007ff88d4fa000 	C:\windows\SYSTEM32\WINMMBASE.dll
0x00007ff8920b0000 - 0x00007ff8920b9000 	C:\windows\system32\NSI.dll
0x00007ff890160000 - 0x00007ff8901af000 	C:\windows\SYSTEM32\cfgmgr32.dll
0x00007ff88e980000 - 0x00007ff88e9a8000 	C:\windows\SYSTEM32\DEVOBJ.dll
0x0000000053260000 - 0x000000005326f000 	C:\Program Files\Java\jdk8\jre\bin\verify.dll
0x0000000053230000 - 0x0000000053259000 	C:\Program Files\Java\jdk8\jre\bin\java.dll
0x0000000053210000 - 0x0000000053226000 	C:\Program Files\Java\jdk8\jre\bin\zip.dll
0x00007ff888090000 - 0x00007ff888219000 	C:\windows\SYSTEM32\dbghelp.dll

VM Arguments:
jvm_args: -Djava.awt.headless=true -Xmx1024M -Dfile.encoding=windows-1255 -Duser.country=US -Duser.language=en -Duser.variant 
java_command: com.android.dx.command.Main --dex --num-threads=4 --multi-dex --output C:\Users\User\AndroidStudioProjects\NavigateLifeSaver\app\build\intermediates\transforms\dex\debug\folders\1000\10\internal_impl-23.1.1_f2e933c3b1eae0c6b40ddadc1d84efb7700dbb7a C:\Users\User\AndroidStudioProjects\NavigateLifeSaver\app\build\intermediates\exploded-aar\com.android.support\support-v4\23.1.1\jars\libs\internal_impl-23.1.1.jar
java_class_path (initial): C:\Users\User\AppData\Local\Android\sdk\build-tools\23.0.3\lib\dx.jar
Launcher Type: SUN_STANDARD

Environment Variables:
JAVA_HOME=C:\Program Files\Java\jdk8
PATH=C:\Python27\;C:\ProgramData\Oracle\Java\javapath;C:\Program Files (x86)\Intel\iCLS Client\;C:\Program Files\Intel\iCLS Client\;C:\windows\system32;C:\windows;C:\windows\System32\Wbem;C:\windows\System32\WindowsPowerShell\v1.0\;C:\Program Files\Intel\Intel(R) Management Engine Components\DAL;C:\Program Files (x86)\Intel\Intel(R) Management Engine Components\DAL;C:\Program Files\Intel\Intel(R) Management Engine Components\IPT;C:\Program Files (x86)\Intel\Intel(R) Management Engine Components\IPT;C:\Program Files\Microsoft SQL Server\110\Tools\Binn\;C:\Program Files (x86)\Microsoft SDKs\TypeScript\1.0\;C:\Program Files\Microsoft SQL Server\120\Tools\Binn\;C:\Program Files (x86)\Windows Kits\8.1\Windows Performance Toolkit\;C:\MinGW\bin;\;C:\Program Files\Java\jdk8\bin;C:\Program Files (x86)\Skype\Phone\;C:\Program Files\Git\cmd\;C:\OpenCV\opencv\build\x86\vc12\bin\;
USERNAME=User
OS=Windows_NT
PROCESSOR_IDENTIFIER=Intel64 Family 6 Model 61 Stepping 4, GenuineIntel



---------------  S Y S T E M  ---------------

OS: Windows 8.1 , 64 bit Build 9600 (6.3.9600.17415)

CPU:total 4 (2 cores per cpu, 2 threads per core) family 6 model 61 stepping 4, cmov, cx8, fxsr, mmx, sse, sse2, sse3, ssse3, sse4.1, sse4.2, popcnt, avx, avx2, aes, clmul, erms, 3dnowpref, lzcnt, ht, tsc, tscinvbit, bmi1, bmi2, adx

Memory: 4k page, physical 8277100k(1401912k free), swap 8277100k(6172k free)

vm_info: Java HotSpot(TM) 64-Bit Server VM (25.45-b02) for windows-amd64 JRE (1.8.0_45-b15), built on Apr 30 2015 12:40:44 by "java_re" with MS VC++ 10.0 (VS2010)

time: Sat Aug 27 16:13:36 2016
elapsed time: 3 seconds (0d 0h 0m 3s)

