#
# There is insufficient memory for the Java Runtime Environment to continue.
# Native memory allocation (malloc) failed to allocate 280816 bytes for Chunk::new
# Possible reasons:
#   The system is out of physical RAM or swap space
#   In 32 bit mode, the process size limit was hit
# Possible solutions:
#   Reduce memory load on the system
#   Increase physical memory or swap space
#   Check if swap backing store is full
#   Use 64 bit Java on a 64 bit OS
#   Decrease Java heap size (-Xmx/-Xms)
#   Decrease number of Java threads
#   Decrease Java thread stack sizes (-Xss)
#   Set larger code cache with -XX:ReservedCodeCacheSize=
# This output file may be truncated or incomplete.
#
#  Out of Memory Error (allocation.cpp:390), pid=3764, tid=184
#
# JRE version: Java(TM) SE Runtime Environment (8.0_45-b15) (build 1.8.0_45-b15)
# Java VM: Java HotSpot(TM) 64-Bit Server VM (25.45-b02 mixed mode windows-amd64 compressed oops)
# Failed to write core dump. Minidumps are not enabled by default on client versions of Windows
#

---------------  T H R E A D  ---------------

Current thread (0x00000000151c9800):  JavaThread "C2 CompilerThread1" daemon [_thread_in_native, id=184, stack(0x0000000016810000,0x0000000016910000)]

Stack: [0x0000000016810000,0x0000000016910000]
Native frames: (J=compiled Java code, j=interpreted, Vv=VM code, C=native code)
V  [jvm.dll+0x32b57a]


Current CompileTask:
C2:   7141 1052 %     4       sun.security.provider.SHA::implCompress @ 12 (491 bytes)


---------------  P R O C E S S  ---------------

Java Threads: ( => current thread )
  0x000000001697a800 JavaThread "Service Thread" daemon [_thread_blocked, id=4464, stack(0x0000000016e10000,0x0000000016f10000)]
  0x000000001521e800 JavaThread "C1 CompilerThread2" daemon [_thread_blocked, id=5920, stack(0x0000000016d10000,0x0000000016e10000)]
=>0x00000000151c9800 JavaThread "C2 CompilerThread1" daemon [_thread_in_native, id=184, stack(0x0000000016810000,0x0000000016910000)]
  0x00000000151c7800 JavaThread "C2 CompilerThread0" daemon [_thread_blocked, id=1040, stack(0x0000000016710000,0x0000000016810000)]
  0x00000000151c5000 JavaThread "Attach Listener" daemon [_thread_blocked, id=2456, stack(0x0000000016610000,0x0000000016710000)]
  0x0000000015213000 JavaThread "Signal Dispatcher" daemon [_thread_blocked, id=1072, stack(0x0000000016510000,0x0000000016610000)]
  0x0000000015189800 JavaThread "Finalizer" daemon [_thread_blocked, id=7528, stack(0x0000000016410000,0x0000000016510000)]
  0x0000000002ade800 JavaThread "Reference Handler" daemon [_thread_blocked, id=7824, stack(0x0000000016310000,0x0000000016410000)]
  0x00000000029f0800 JavaThread "main" [_thread_in_native, id=7052, stack(0x00000000027f0000,0x00000000028f0000)]

Other Threads:
  0x0000000015187000 VMThread [stack: 0x0000000016210000,0x0000000016310000] [id=3244]
  0x0000000016984000 WatcherThread [stack: 0x0000000016f10000,0x0000000017010000] [id=5096]

VM state:not at safepoint (normal execution)

VM Mutex/Monitor currently owned by a thread: None

Heap:
 PSYoungGen      total 38400K, used 18253K [0x00000000eab00000, 0x00000000ed580000, 0x0000000100000000)
  eden space 33280K, 54% used [0x00000000eab00000,0x00000000ebcd3598,0x00000000ecb80000)
  from space 5120K, 0% used [0x00000000ed080000,0x00000000ed080000,0x00000000ed580000)
  to   space 5120K, 0% used [0x00000000ecb80000,0x00000000ecb80000,0x00000000ed080000)
 ParOldGen       total 87552K, used 0K [0x00000000c0000000, 0x00000000c5580000, 0x00000000eab00000)
  object space 87552K, 0% used [0x00000000c0000000,0x00000000c0000000,0x00000000c5580000)
 Metaspace       used 6171K, capacity 6936K, committed 7168K, reserved 1056768K
  class space    used 636K, capacity 656K, committed 768K, reserved 1048576K

Card table byte_map: [0x0000000011eb0000,0x00000000120c0000] byte_map_base: 0x00000000118b0000

Marking Bits: (ParMarkBitMap*) 0x0000000053a74040
 Begin Bits: [0x0000000012620000, 0x0000000013620000)
 End Bits:   [0x0000000013620000, 0x0000000014620000)

Polling page: 0x0000000002780000

CodeCache: size=245760Kb used=3810Kb max_used=3811Kb free=241949Kb
 bounds [0x0000000002af0000, 0x0000000002eb0000, 0x0000000011af0000]
 total_blobs=1327 nmethods=1051 adapters=189
 compilation: enabled

Compilation events (10 events):
Event: 7.119 Thread 0x000000001521e800 nmethod 1046 0x0000000002ea6010 code [0x0000000002ea61c0, 0x0000000002ea6810]
Event: 7.120 Thread 0x000000001521e800 1048       3       java.lang.Integer::reverseBytes (26 bytes)
Event: 7.121 Thread 0x000000001521e800 nmethod 1048 0x0000000002ea8410 code [0x0000000002ea8560, 0x0000000002ea86b0]
Event: 7.122 Thread 0x00000000151c7800 1049       4       java.lang.Integer::reverseBytes (26 bytes)
Event: 7.122 Thread 0x00000000151c7800 nmethod 1049 0x0000000002e9e910 code [0x0000000002e9ea40, 0x0000000002e9eab8]
Event: 7.123 Thread 0x000000001521e800 1050       3       sun.security.provider.SHA::implCompress (491 bytes)
Event: 7.124 Thread 0x000000001521e800 nmethod 1050 0x0000000002eabfd0 code [0x0000000002eac1c0, 0x0000000002eacaa8]
Event: 7.125 Thread 0x000000001521e800 1051       3       sun.security.provider.ByteArrayAccess::b2iBig64 (614 bytes)
Event: 7.126 Thread 0x000000001521e800 nmethod 1051 0x0000000002eaa990 code [0x0000000002eaaba0, 0x0000000002eab968]
Event: 7.127 Thread 0x00000000151c9800 1052 %     4       sun.security.provider.SHA::implCompress @ 12 (491 bytes)

GC Heap History (0 events):
No events

Deoptimization events (10 events):
Event: 3.760 Thread 0x00000000029f0800 Uncommon trap: reason=bimorphic action=maybe_recompile pc=0x0000000002d74470 method=java.util.HashMap.getNode(ILjava/lang/Object;)Ljava/util/HashMap$Node; @ 126
Event: 3.760 Thread 0x00000000029f0800 Uncommon trap: reason=bimorphic action=maybe_recompile pc=0x0000000002d74470 method=java.util.HashMap.getNode(ILjava/lang/Object;)Ljava/util/HashMap$Node; @ 126
Event: 3.760 Thread 0x00000000029f0800 Uncommon trap: reason=bimorphic action=maybe_recompile pc=0x0000000002e01ea8 method=java.util.HashMap.getNode(ILjava/lang/Object;)Ljava/util/HashMap$Node; @ 126
Event: 4.683 Thread 0x00000000029f0800 Uncommon trap: reason=unstable_if action=reinterpret pc=0x0000000002e7452c method=com.android.dx.util.ByteArrayAnnotatedOutput.writeByte(I)V @ 13
Event: 4.712 Thread 0x00000000029f0800 Uncommon trap: reason=unstable_if action=reinterpret pc=0x0000000002e82140 method=com.android.dx.util.ByteArrayAnnotatedOutput.writeByte(I)V @ 13
Event: 7.095 Thread 0x00000000029f0800 Uncommon trap: reason=unstable_if action=reinterpret pc=0x0000000002e6e54c method=java.lang.String.indexOf([CII[CIII)I @ 3
Event: 7.098 Thread 0x00000000029f0800 Uncommon trap: reason=class_check action=maybe_recompile pc=0x0000000002e50d1c method=java.util.HashMap.putVal(ILjava/lang/Object;Ljava/lang/Object;ZZ)Ljava/lang/Object; @ 56
Event: 7.098 Thread 0x00000000029f0800 Uncommon trap: reason=class_check action=maybe_recompile pc=0x0000000002e50d94 method=java.util.HashMap.putVal(ILjava/lang/Object;Ljava/lang/Object;ZZ)Ljava/lang/Object; @ 152
Event: 7.098 Thread 0x00000000029f0800 Uncommon trap: reason=class_check action=maybe_recompile pc=0x0000000002e50d1c method=java.util.HashMap.putVal(ILjava/lang/Object;Ljava/lang/Object;ZZ)Ljava/lang/Object; @ 56
Event: 7.098 Thread 0x00000000029f0800 Uncommon trap: reason=class_check action=maybe_recompile pc=0x0000000002e50d1c method=java.util.HashMap.putVal(ILjava/lang/Object;Ljava/lang/Object;ZZ)Ljava/lang/Object; @ 56

Internal exceptions (2 events):
Event: 0.299 Thread 0x00000000029f0800 Exception <a 'java/lang/NoSuchMethodError': Method sun.misc.Unsafe.defineClass(Ljava/lang/String;[BII)Ljava/lang/Class; name or signature does not match> (0x00000000eab12f08) thrown at [C:\re\workspace\8-2-build-windows-amd64-cygwin\jdk8u45\3627\hotspot\srf"4z‹$”?
Event: 0.299 Thread 0x00000000029f0800 Exception <a 'java/lang/NoSuchMethodError': Method sun.misc.Unsafe.prefetchRead(Ljava/lang/Object;J)V name or signature does not match> (0x00000000eab13198) thrown at [C:\re\workspace\8-2-build-windows-amd64-cygwin\jdk8u45\3627\hotspot\src\share\vm\prims\j

Events (10 events):
Event: 7.119 loading class sun/security/jca/GetInstance$Instance
Event: 7.119 loading class sun/security/jca/GetInstance$Instance done
Event: 7.119 loading class java/security/MessageDigest$Delegate
Event: 7.120 loading class java/security/MessageDigest$Delegate done
Event: 7.120 loading class sun/security/provider/ByteArrayAccess
Event: 7.120 loading class sun/security/provider/ByteArrayAccess done
Event: 7.130 loading class java/util/zip/Adler32
Event: 7.130 loading class java/util/zip/Adler32 done
Event: 7.130 loading class com/android/dex/Dex
Event: 7.130 loading class com/android/dex/Dex done


Dynamic libraries:
0x00007ff7a1cf0000 - 0x00007ff7a1d27000 	C:\Program Files\Java\jdk8\bin\java.exe
0x00007ff892b20000 - 0x00007ff892ccd000 	C:\windows\SYSTEM32\ntdll.dll
0x00007ff8916e0000 - 0x00007ff89181e000 	C:\windows\system32\KERNEL32.DLL
0x00007ff88fd20000 - 0x00007ff88fe35000 	C:\windows\system32\KERNELBASE.dll
0x00007ff88e6d0000 - 0x00007ff88e75e000 	C:\windows\system32\apphelp.dll
0x00007ff883090000 - 0x00007ff8830e3000 	C:\windows\AppPatch\AppPatch64\AcGenral.DLL
0x00007ff891b70000 - 0x00007ff891c1a000 	C:\windows\system32\msvcrt.dll
0x00007ff88fe40000 - 0x00007ff88fe6e000 	C:\windows\system32\SspiCli.dll
0x00007ff892660000 - 0x00007ff8926b4000 	C:\windows\system32\SHLWAPI.dll
0x00007ff891cd0000 - 0x00007ff891e47000 	C:\windows\system32\USER32.dll
0x00007ff891f10000 - 0x00007ff8920a4000 	C:\windows\system32\ole32.dll
0x00007ff8901b0000 - 0x00007ff8916d9000 	C:\windows\system32\SHELL32.dll
0x00007ff88f220000 - 0x00007ff88f241000 	C:\windows\SYSTEM32\USERENV.dll
0x00007ff892a50000 - 0x00007ff892afa000 	C:\windows\system32\ADVAPI32.dll
0x00007ff885ae0000 - 0x00007ff885afe000 	C:\windows\SYSTEM32\MPR.dll
0x00007ff8926d0000 - 0x00007ff892810000 	C:\windows\system32\RPCRT4.dll
0x00007ff892810000 - 0x00007ff892869000 	C:\windows\SYSTEM32\sechost.dll
0x00007ff891820000 - 0x00007ff891a31000 	C:\windows\SYSTEM32\combase.dll
0x00007ff8920c0000 - 0x00007ff89220f000 	C:\windows\system32\GDI32.dll
0x00007ff88fc50000 - 0x00007ff88fc65000 	C:\windows\SYSTEM32\profapi.dll
0x00007ff88e0e0000 - 0x00007ff88e192000 	C:\windows\SYSTEM32\SHCORE.dll
0x00007ff891c90000 - 0x00007ff891cc6000 	C:\windows\system32\IMM32.DLL
0x00007ff892350000 - 0x00007ff8924a2000 	C:\windows\system32\MSCTF.dll
0x00007ff88d9e0000 - 0x00007ff88dc5b000 	C:\windows\WinSxS\amd64_microsoft.windows.common-controls_6595b64144ccf1df_6.0.9600.18006_none_623f33d3ecbe86e8\COMCTL32.dll
0x0000000052c50000 - 0x0000000052d22000 	C:\Program Files\Java\jdk8\jre\bin\msvcr100.dll
0x0000000053270000 - 0x0000000053af3000 	C:\Program Files\Java\jdk8\jre\bin\server\jvm.dll
0x00007ff88d400000 - 0x00007ff88d409000 	C:\windows\SYSTEM32\WSOCK32.dll
0x00007ff88d500000 - 0x00007ff88d522000 	C:\windows\SYSTEM32\WINMM.dll
0x00007ff88eef0000 - 0x00007ff88eefa000 	C:\windows\SYSTEM32\VERSION.dll
0x00007ff891c20000 - 0x00007ff891c27000 	C:\windows\system32\PSAPI.DLL
0x00007ff891a40000 - 0x00007ff891a9a000 	C:\windows\system32\WS2_32.dll
0x00007ff88d4d0000 - 0x00007ff88d4fa000 	C:\windows\SYSTEM32\WINMMBASE.dll
0x00007ff8920b0000 - 0x00007ff8920b9000 	C:\windows\system32\NSI.dll
0x00007ff890160000 - 0x00007ff8901af000 	C:\windows\SYSTEM32\cfgmgr32.dll
0x00007ff88e980000 - 0x00007ff88e9a8000 	C:\windows\SYSTEM32\DEVOBJ.dll
0x0000000053260000 - 0x000000005326f000 	C:\Program Files\Java\jdk8\jre\bin\verify.dll
0x0000000053230000 - 0x0000000053259000 	C:\Program Files\Java\jdk8\jre\bin\java.dll
0x0000000053210000 - 0x0000000053226000 	C:\Program Files\Java\jdk8\jre\bin\zip.dll

VM Arguments:
jvm_args: -Djava.awt.headless=true -Xmx1024M -Dfile.encoding=windows-1255 -Duser.country=US -Duser.language=en -Duser.variant 
java_command: com.android.dx.command.Main --dex --num-threads=4 --output C:\Users\User\AndroidStudioProjects\NavigateLifeSaver\app\build\intermediates\pre-dexed\debug\debug_58f6ff552423d7068ddcd5911eafb215c0d3d8a3.jar C:\Users\User\AndroidStudioProjects\NavigateLifeSaver\app\build\intermediates\classes\debug
java_class_path (initial): C:\Users\User\AppData\Local\Android\sdk\build-tools\23.0.3\lib\dx.jar
Launcher Type: SUN_STANDARD

Environment Variables:
JAVA_HOME=C:\Program Files\Java\jdk8
PATH=C:\Python27\;C:\ProgramData\Oracle\Java\javapath;C:\Program Files (x86)\Intel\iCLS Client\;C:\Program Files\Intel\iCLS Client\;C:\windows\system32;C:\windows;C:\windows\System32\Wbem;C:\windows\System32\WindowsPowerShell\v1.0\;C:\Program Files\Intel\Intel(R) Management Engine Components\DAL;C:\Program Files (x86)\Intel\Intel(R) Management Engine Components\DAL;C:\Program Files\Intel\Intel(R) Management Engine Components\IPT;C:\Program Files (x86)\Intel\Intel(R) Management Engine Components\IPT;C:\Program Files\Microsoft SQL Server\110\Tools\Binn\;C:\Program Files (x86)\Microsoft SDKs\TypeScript\1.0\;C:\Program Files\Microsoft SQL Server\120\Tools\Binn\;C:\Program Files (x86)\Windows Kits\8.1\Windows Performance Toolkit\;C:\MinGW\bin;\;C:\Program Files\Java\jdk8\bin;C:\Program Files (x86)\Skype\Phone\;C:\Program Files\Git\cmd\;C:\OpenCV\opencv\build\x86\vc12\bin\;
USERNAME=User
OS=Windows_NT
PROCESSOR_IDENTIFIER=Intel64 Family 6 Model 61 Stepping 4, GenuineIntel



---------------  S Y S T E M  ---------------

OS: Windows 8.1 , 64 bit Build 9600 (6.3.9600.17415)

CPU:total 4 (2 cores per cpu, 2 threads per core) family 6 model 61 stepping 4, cmov, cx8, fxsr, mmx, sse, sse2, sse3, ssse3, sse4.1, sse4.2, popcnt, avx, avx2, aes, clmul, erms, 3dnowpref, lzcnt, ht, tsc, tscinvbit, bmi1, bmi2, adx

Memory: 4k page, physical 8277100k(1460008k free), swap 8277100k(5128k free)

vm_info: Java HotSpot(TM) 64-Bit Server VM (25.45-b02) for windows-amd64 JRE (1.8.0_45-b15), built on Apr 30 2015 12:40:44 by "java_re" with MS VC++ 10.0 (VS2010)

time: Sat Aug 27 12:28:25 2016
elapsed time: 7 seconds (0d 0h 0m 7s)

