#
# There is insufficient memory for the Java Runtime Environment to continue.
# Native memory allocation (malloc) failed to allocate 498640 bytes for Chunk::new
# Possible reasons:
#   The system is out of physical RAM or swap space
#   In 32 bit mode, the process size limit was hit
# Possible solutions:
#   Reduce memory load on the system
#   Increase physical memory or swap space
#   Check if swap backing store is full
#   Use 64 bit Java on a 64 bit OS
#   Decrease Java heap size (-Xmx/-Xms)
#   Decrease number of Java threads
#   Decrease Java thread stack sizes (-Xss)
#   Set larger code cache with -XX:ReservedCodeCacheSize=
# This output file may be truncated or incomplete.
#
#  Out of Memory Error (allocation.cpp:390), pid=2108, tid=9120
#
# JRE version: Java(TM) SE Runtime Environment (8.0_45-b15) (build 1.8.0_45-b15)
# Java VM: Java HotSpot(TM) 64-Bit Server VM (25.45-b02 mixed mode windows-amd64 compressed oops)
# Failed to write core dump. Minidumps are not enabled by default on client versions of Windows
#

---------------  T H R E A D  ---------------

Current thread (0x0000000014909800):  JavaThread "C2 CompilerThread1" daemon [_thread_in_native, id=9120, stack(0x0000000015f80000,0x0000000016080000)]

Stack: [0x0000000015f80000,0x0000000016080000]
Native frames: (J=compiled Java code, j=interpreted, Vv=VM code, C=native code)
V  [jvm.dll+0x32b57a]


Current CompileTask:
C2:   7191 1511       4       com.android.dx.ssa.LocalVariableExtractor::processBlock (383 bytes)


---------------  P R O C E S S  ---------------

Java Threads: ( => current thread )
  0x000000001634d000 JavaThread "pool-1-thread-4" [_thread_blocked, id=2824, stack(0x0000000016b80000,0x0000000016c80000)]
  0x000000001634c000 JavaThread "pool-1-thread-3" [_thread_in_Java, id=5328, stack(0x0000000016a80000,0x0000000016b80000)]
  0x000000001634b800 JavaThread "pool-1-thread-2" [_thread_blocked, id=7444, stack(0x0000000016980000,0x0000000016a80000)]
  0x000000001634a800 JavaThread "pool-2-thread-1" [_thread_blocked, id=80, stack(0x0000000016880000,0x0000000016980000)]
  0x0000000016348000 JavaThread "pool-1-thread-1" [_thread_blocked, id=8684, stack(0x0000000016780000,0x0000000016880000)]
  0x000000001495e800 JavaThread "Service Thread" daemon [_thread_blocked, id=9124, stack(0x0000000016580000,0x0000000016680000)]
  0x00000000160cb800 JavaThread "C1 CompilerThread2" daemon [_thread_blocked, id=3584, stack(0x0000000016480000,0x0000000016580000)]
=>0x0000000014909800 JavaThread "C2 CompilerThread1" daemon [_thread_in_native, id=9120, stack(0x0000000015f80000,0x0000000016080000)]
  0x0000000014907800 JavaThread "C2 CompilerThread0" daemon [_thread_in_native, id=3016, stack(0x0000000015e80000,0x0000000015f80000)]
  0x0000000014905000 JavaThread "Attach Listener" daemon [_thread_blocked, id=4992, stack(0x0000000015d80000,0x0000000015e80000)]
  0x0000000014953000 JavaThread "Signal Dispatcher" daemon [_thread_blocked, id=5628, stack(0x0000000015c80000,0x0000000015d80000)]
  0x0000000002220800 JavaThread "Finalizer" daemon [_thread_blocked, id=5672, stack(0x0000000015b80000,0x0000000015c80000)]
  0x000000000221d000 JavaThread "Reference Handler" daemon [_thread_blocked, id=7560, stack(0x0000000015a80000,0x0000000015b80000)]
  0x0000000002130800 JavaThread "main" [_thread_in_Java, id=8708, stack(0x0000000001f80000,0x0000000002080000)]

Other Threads:
  0x00000000148c8000 VMThread [stack: 0x0000000015980000,0x0000000015a80000] [id=8360]
  0x00000000160ea800 WatcherThread [stack: 0x0000000016680000,0x0000000016780000] [id=8532]

VM state:not at safepoint (normal execution)

VM Mutex/Monitor currently owned by a thread: None

Heap:
 PSYoungGen      total 38400K, used 21562K [0x00000000eab00000, 0x00000000ef600000, 0x0000000100000000)
  eden space 33280K, 49% used [0x00000000eab00000,0x00000000ebb110f8,0x00000000ecb80000)
  from space 5120K, 99% used [0x00000000ed080000,0x00000000ed57d968,0x00000000ed580000)
  to   space 5120K, 0% used [0x00000000ecb80000,0x00000000ecb80000,0x00000000ed080000)
 ParOldGen       total 87552K, used 5620K [0x00000000c0000000, 0x00000000c5580000, 0x00000000eab00000)
  object space 87552K, 6% used [0x00000000c0000000,0x00000000c057d138,0x00000000c5580000)
 Metaspace       used 6212K, capacity 7088K, committed 7296K, reserved 1056768K
  class space    used 596K, capacity 616K, committed 640K, reserved 1048576K

Card table byte_map: [0x00000000115f0000,0x0000000011800000] byte_map_base: 0x0000000010ff0000

Marking Bits: (ParMarkBitMap*) 0x0000000053a74040
 Begin Bits: [0x0000000011d60000, 0x0000000012d60000)
 End Bits:   [0x0000000012d60000, 0x0000000013d60000)

Polling page: 0x0000000000640000

CodeCache: size=245760Kb used=6932Kb max_used=6932Kb free=238827Kb
 bounds [0x0000000002230000, 0x0000000002900000, 0x0000000011230000]
 total_blobs=1890 nmethods=1621 adapters=182
 compilation: enabled

Compilation events (10 events):
Event: 7.130 Thread 0x0000000014907800 nmethod 1404 0x0000000002756d90 code [0x0000000002756ec0, 0x0000000002756f38]
Event: 7.130 Thread 0x0000000014907800 1361       4       com.android.dx.util.ByteArray::<init> (81 bytes)
Event: 7.131 Thread 0x0000000014907800 nmethod 1361 0x000000000288bd10 code [0x000000000288be60, 0x000000000288bf58]
Event: 7.132 Thread 0x0000000014907800 1578       4       com.android.dx.ssa.SsaMethod::onInsnsChanged (16 bytes)
Event: 7.132 Thread 0x0000000014907800 nmethod 1578 0x0000000002758810 code [0x0000000002758940, 0x00000000027589b8]
Event: 7.169 Thread 0x0000000014907800 1623       4       com.android.dx.ssa.SCCP::simulateBranch (666 bytes)
Event: 7.174 Thread 0x00000000160cb800 1625       3       com.android.dx.ssa.SCCP::simulateMath (424 bytes)
Event: 7.176 Thread 0x00000000160cb800 nmethod 1625 0x00000000028fad50 code [0x00000000028fb000, 0x00000000028fc948]
Event: 7.186 Thread 0x00000000160cb800 1635       3       com.android.dx.rop.code.ThrowingInsn::<init> (49 bytes)
Event: 7.186 Thread 0x00000000160cb800 nmethod 1635 0x00000000028f2d50 code [0x00000000028f2ee0, 0x00000000028f3348]

GC Heap History (4 events):
Event: 3.852 GC heap before
{Heap before GC invocations=1 (full 0):
 PSYoungGen      total 38400K, used 33280K [0x00000000eab00000, 0x00000000ed580000, 0x0000000100000000)
  eden space 33280K, 100% used [0x00000000eab00000,0x00000000ecb80000,0x00000000ecb80000)
  from space 5120K, 0% used [0x00000000ed080000,0x00000000ed080000,0x00000000ed580000)
  to   space 5120K, 0% used [0x00000000ecb80000,0x00000000ecb80000,0x00000000ed080000)
 ParOldGen       total 87552K, used 0K [0x00000000c0000000, 0x00000000c5580000, 0x00000000eab00000)
  object space 87552K, 0% used [0x00000000c0000000,0x00000000c0000000,0x00000000c5580000)
 Metaspace       used 5979K, capacity 6896K, committed 7040K, reserved 1056768K
  class space    used 595K, capacity 616K, committed 640K, reserved 1048576K
Event: 3.881 GC heap after
Heap after GC invocations=1 (full 0):
 PSYoungGen      total 38400K, used 5088K [0x00000000eab00000, 0x00000000ed580000, 0x0000000100000000)
  eden space 33280K, 0% used [0x00000000eab00000,0x00000000eab00000,0x00000000ecb80000)
  from space 5120K, 99% used [0x00000000ecb80000,0x00000000ed078020,0x00000000ed080000)
  to   space 5120K, 0% used [0x00000000ed080000,0x00000000ed080000,0x00000000ed580000)
 ParOldGen       total 87552K, used 1019K [0x00000000c0000000, 0x00000000c5580000, 0x00000000eab00000)
  object space 87552K, 1% used [0x00000000c0000000,0x00000000c00fecd0,0x00000000c5580000)
 Metaspace       used 5979K, capacity 6896K, committed 7040K, reserved 1056768K
  class space    used 595K, capacity 616K, committed 640K, reserved 1048576K
}
Event: 6.477 GC heap before
{Heap before GC invocations=2 (full 0):
 PSYoungGen      total 38400K, used 38368K [0x00000000eab00000, 0x00000000ed580000, 0x0000000100000000)
  eden space 33280K, 100% used [0x00000000eab00000,0x00000000ecb80000,0x00000000ecb80000)
  from space 5120K, 99% used [0x00000000ecb80000,0x00000000ed078020,0x00000000ed080000)
  to   space 5120K, 0% used [0x00000000ed080000,0x00000000ed080000,0x00000000ed580000)
 ParOldGen       total 87552K, used 1019K [0x00000000c0000000, 0x00000000c5580000, 0x00000000eab00000)
  object space 87552K, 1% used [0x00000000c0000000,0x00000000c00fecd0,0x00000000c5580000)
 Metaspace       used 6196K, capacity 7088K, committed 7296K, reserved 1056768K
  class space    used 596K, capacity 616K, committed 640K, reserved 1048576K
Event: 6.775 GC heap after
Heap after GC invocations=2 (full 0):
 PSYoungGen      total 38400K, used 5110K [0x00000000eab00000, 0x00000000ef600000, 0x0000000100000000)
  eden space 33280K, 0% used [0x00000000eab00000,0x00000000eab00000,0x00000000ecb80000)
  from space 5120K, 99% used [0x00000000ed080000,0x00000000ed57d968,0x00000000ed580000)
  to   space 5120K, 0% used [0x00000000ecb80000,0x00000000ecb80000,0x00000000ed080000)
 ParOldGen       total 87552K, used 5620K [0x00000000c0000000, 0x00000000c5580000, 0x00000000eab00000)
  object space 87552K, 6% used [0x00000000c0000000,0x00000000c057d138,0x00000000c5580000)
 Metaspace       used 6196K, capacity 7088K, committed 7296K, reserved 1056768K
  class space    used 596K, capacity 616K, committed 640K, reserved 1048576K
}

Deoptimization events (8 events):
Event: 2.671 Thread 0x0000000016348000 Uncommon trap: reason=unstable_if action=reinterpret pc=0x000000000246d704 method=java.util.HashMap.getNode(ILjava/lang/Object;)Ljava/util/HashMap$Node; @ 129
Event: 3.547 Thread 0x000000001634d000 Uncommon trap: reason=unstable_if action=reinterpret pc=0x00000000025f102c method=com.android.dx.rop.code.RegisterSpecSet.put(Lcom/android/dx/rop/code/RegisterSpec;)V @ 77
Event: 3.547 Thread 0x000000001634d000 Uncommon trap: reason=unstable_if action=reinterpret pc=0x00000000025ff6ac method=com.android.dx.rop.code.RegisterSpecSet.put(Lcom/android/dx/rop/code/RegisterSpec;)V @ 77
Event: 3.564 Thread 0x000000001634c000 Uncommon trap: reason=unstable_if action=reinterpret pc=0x00000000025588c0 method=com.android.dx.rop.code.RegisterSpec.equals(ILcom/android/dx/rop/type/TypeBearer;Lcom/android/dx/rop/code/LocalItem;)Z @ 42
Event: 5.336 Thread 0x000000001634c000 Uncommon trap: reason=unstable_if action=reinterpret pc=0x00000000025c191c method=com.android.dx.rop.cst.Constant.compareTo(Lcom/android/dx/rop/cst/Constant;)I @ 12
Event: 5.637 Thread 0x000000001634d000 Uncommon trap: reason=unstable_if action=reinterpret pc=0x000000000274d45c method=com.android.dx.ssa.SCCP.simulateBranch(Lcom/android/dx/ssa/SsaInsn;)V @ 64
Event: 5.789 Thread 0x000000001634b800 Uncommon trap: reason=uninitialized action=reinterpret pc=0x00000000027c70bc method=com.android.dx.cf.code.BytecodeArray.parseInstruction(ILcom/android/dx/cf/code/BytecodeArray$Visitor;)I @ 999
Event: 6.472 Thread 0x000000001634b800 Uncommon trap: reason=bimorphic action=maybe_recompile pc=0x0000000002745b70 method=java.util.HashMap.putVal(ILjava/lang/Object;Ljava/lang/Object;ZZ)Ljava/lang/Object; @ 203

Internal exceptions (2 events):
Event: 0.132 Thread 0x0000000002130800 Exception <a 'java/lang/NoSuchMethodError': Method sun.misc.Unsafe.defineClass(Ljava/lang/String;[BII)Ljava/lang/Class; name or signature does not match> (0x00000000eab12f08) thrown at [C:\re\workspace\8-2-build-windows-amd64-cygwin\jdk8u45\3627\hotspot\sr¸ò	± ûÀ?
Event: 0.133 Thread 0x0000000002130800 Exception <a 'java/lang/NoSuchMethodError': Method sun.misc.Unsafe.prefetchRead(Ljava/lang/Object;J)V name or signature does not match> (0x00000000eab13198) thrown at [C:\re\workspace\8-2-build-windows-amd64-cygwin\jdk8u45\3627\hotspot\src\share\vm\prims\j

Events (10 events):
Event: 5.637 Thread 0x000000001634d000 DEOPT PACKING pc=0x000000000274d45c sp=0x0000000016c7e9d0
Event: 5.637 Thread 0x000000001634d000 DEOPT UNPACKING pc=0x000000000227582a sp=0x0000000016c7e990 mode 2
Event: 5.789 Thread 0x000000001634b800 Uncommon trap: trap_request=0xffffffb5 fr.pc=0x00000000027c70bc
Event: 5.789 Thread 0x000000001634b800 DEOPT PACKING pc=0x00000000027c70bc sp=0x0000000016a7e8e0
Event: 5.789 Thread 0x000000001634b800 DEOPT UNPACKING pc=0x000000000227582a sp=0x0000000016a7e860 mode 2
Event: 6.472 Thread 0x000000001634b800 Uncommon trap: trap_request=0xffffffc6 fr.pc=0x0000000002745b70
Event: 6.472 Thread 0x000000001634b800 DEOPT PACKING pc=0x0000000002745b70 sp=0x0000000016a7e6d0
Event: 6.472 Thread 0x000000001634b800 DEOPT UNPACKING pc=0x000000000227582a sp=0x0000000016a7e658 mode 2
Event: 6.477 Executing VM operation: ParallelGCFailedAllocation
Event: 6.775 Executing VM operation: ParallelGCFailedAllocation done


Dynamic libraries:
0x00007ff7a1cf0000 - 0x00007ff7a1d27000 	C:\Program Files\Java\jdk8\bin\java.exe
0x00007ff892b20000 - 0x00007ff892ccd000 	C:\windows\SYSTEM32\ntdll.dll
0x00007ff8916e0000 - 0x00007ff89181e000 	C:\windows\system32\KERNEL32.DLL
0x00007ff88fd20000 - 0x00007ff88fe35000 	C:\windows\system32\KERNELBASE.dll
0x00007ff88e6d0000 - 0x00007ff88e75e000 	C:\windows\system32\apphelp.dll
0x00007ff883090000 - 0x00007ff8830e3000 	C:\windows\AppPatch\AppPatch64\AcGenral.DLL
0x00007ff891b70000 - 0x00007ff891c1a000 	C:\windows\system32\msvcrt.dll
0x00007ff88fe40000 - 0x00007ff88fe6e000 	C:\windows\system32\SspiCli.dll
0x00007ff892660000 - 0x00007ff8926b4000 	C:\windows\system32\SHLWAPI.dll
0x00007ff891cd0000 - 0x00007ff891e47000 	C:\windows\system32\USER32.dll
0x00007ff891f10000 - 0x00007ff8920a4000 	C:\windows\system32\ole32.dll
0x00007ff8901b0000 - 0x00007ff8916d9000 	C:\windows\system32\SHELL32.dll
0x00007ff88f220000 - 0x00007ff88f241000 	C:\windows\SYSTEM32\USERENV.dll
0x00007ff892a50000 - 0x00007ff892afa000 	C:\windows\system32\ADVAPI32.dll
0x00007ff885ae0000 - 0x00007ff885afe000 	C:\windows\SYSTEM32\MPR.dll
0x00007ff8926d0000 - 0x00007ff892810000 	C:\windows\system32\RPCRT4.dll
0x00007ff892810000 - 0x00007ff892869000 	C:\windows\SYSTEM32\sechost.dll
0x00007ff891820000 - 0x00007ff891a31000 	C:\windows\SYSTEM32\combase.dll
0x00007ff8920c0000 - 0x00007ff89220f000 	C:\windows\system32\GDI32.dll
0x00007ff88fc50000 - 0x00007ff88fc65000 	C:\windows\SYSTEM32\profapi.dll
0x00007ff88e0e0000 - 0x00007ff88e192000 	C:\windows\SYSTEM32\SHCORE.dll
0x00007ff891c90000 - 0x00007ff891cc6000 	C:\windows\system32\IMM32.DLL
0x00007ff892350000 - 0x00007ff8924a2000 	C:\windows\system32\MSCTF.dll
0x00007ff88d9e0000 - 0x00007ff88dc5b000 	C:\windows\WinSxS\amd64_microsoft.windows.common-controls_6595b64144ccf1df_6.0.9600.18006_none_623f33d3ecbe86e8\COMCTL32.dll
0x0000000052c50000 - 0x0000000052d22000 	C:\Program Files\Java\jdk8\jre\bin\msvcr100.dll
0x0000000053270000 - 0x0000000053af3000 	C:\Program Files\Java\jdk8\jre\bin\server\jvm.dll
0x00007ff88d400000 - 0x00007ff88d409000 	C:\windows\SYSTEM32\WSOCK32.dll
0x00007ff88d500000 - 0x00007ff88d522000 	C:\windows\SYSTEM32\WINMM.dll
0x00007ff88eef0000 - 0x00007ff88eefa000 	C:\windows\SYSTEM32\VERSION.dll
0x00007ff891c20000 - 0x00007ff891c27000 	C:\windows\system32\PSAPI.DLL
0x00007ff891a40000 - 0x00007ff891a9a000 	C:\windows\system32\WS2_32.dll
0x00007ff88d4d0000 - 0x00007ff88d4fa000 	C:\windows\SYSTEM32\WINMMBASE.dll
0x00007ff8920b0000 - 0x00007ff8920b9000 	C:\windows\system32\NSI.dll
0x00007ff890160000 - 0x00007ff8901af000 	C:\windows\SYSTEM32\cfgmgr32.dll
0x00007ff88e980000 - 0x00007ff88e9a8000 	C:\windows\SYSTEM32\DEVOBJ.dll
0x0000000053260000 - 0x000000005326f000 	C:\Program Files\Java\jdk8\jre\bin\verify.dll
0x0000000053230000 - 0x0000000053259000 	C:\Program Files\Java\jdk8\jre\bin\java.dll
0x0000000053210000 - 0x0000000053226000 	C:\Program Files\Java\jdk8\jre\bin\zip.dll

VM Arguments:
jvm_args: -Djava.awt.headless=true -Xmx1024M -Dfile.encoding=windows-1255 -Duser.country=US -Duser.language=en -Duser.variant 
java_command: com.android.dx.command.Main --dex --num-threads=4 --output C:\Users\User\AndroidStudioProjects\NavigateLifeSaver\app\build\intermediates\pre-dexed\debug\com.android.support-appcompat-v7-23.1.1_ef094741c281d84c4488918a83f5644b968ccf8c.jar C:\Users\User\AndroidStudioProjects\NavigateLifeSaver\app\build\intermediates\exploded-aar\com.android.support\appcompat-v7\23.1.1\jars\classes.jar
java_class_path (initial): C:\Users\User\AppData\Local\Android\sdk\build-tools\23.0.3\lib\dx.jar
Launcher Type: SUN_STANDARD

Environment Variables:
JAVA_HOME=C:\Program Files\Java\jdk8
PATH=C:\Python27\;C:\ProgramData\Oracle\Java\javapath;C:\Program Files (x86)\Intel\iCLS Client\;C:\Program Files\Intel\iCLS Client\;C:\windows\system32;C:\windows;C:\windows\System32\Wbem;C:\windows\System32\WindowsPowerShell\v1.0\;C:\Program Files\Intel\Intel(R) Management Engine Components\DAL;C:\Program Files (x86)\Intel\Intel(R) Management Engine Components\DAL;C:\Program Files\Intel\Intel(R) Management Engine Components\IPT;C:\Program Files (x86)\Intel\Intel(R) Management Engine Components\IPT;C:\Program Files\Microsoft SQL Server\110\Tools\Binn\;C:\Program Files (x86)\Microsoft SDKs\TypeScript\1.0\;C:\Program Files\Microsoft SQL Server\120\Tools\Binn\;C:\Program Files (x86)\Windows Kits\8.1\Windows Performance Toolkit\;C:\MinGW\bin;\;C:\Program Files\Java\jdk8\bin;C:\Program Files (x86)\Skype\Phone\;C:\Program Files\Git\cmd\;C:\OpenCV\opencv\build\x86\vc12\bin\;
USERNAME=User
OS=Windows_NT
PROCESSOR_IDENTIFIER=Intel64 Family 6 Model 61 Stepping 4, GenuineIntel



---------------  S Y S T E M  ---------------

OS: Windows 8.1 , 64 bit Build 9600 (6.3.9600.17415)

CPU:total 4 (2 cores per cpu, 2 threads per core) family 6 model 61 stepping 4, cmov, cx8, fxsr, mmx, sse, sse2, sse3, ssse3, sse4.1, sse4.2, popcnt, avx, avx2, aes, clmul, erms, 3dnowpref, lzcnt, ht, tsc, tscinvbit, bmi1, bmi2, adx

Memory: 4k page, physical 8277100k(1460064k free), swap 8277100k(4920k free)

vm_info: Java HotSpot(TM) 64-Bit Server VM (25.45-b02) for windows-amd64 JRE (1.8.0_45-b15), built on Apr 30 2015 12:40:44 by "java_re" with MS VC++ 10.0 (VS2010)

time: Sat Aug 27 12:28:25 2016
elapsed time: 7 seconds (0d 0h 0m 7s)

