#
# There is insufficient memory for the Java Runtime Environment to continue.
# Native memory allocation (malloc) failed to allocate 496896 bytes for Chunk::new
# Possible reasons:
#   The system is out of physical RAM or swap space
#   In 32 bit mode, the process size limit was hit
# Possible solutions:
#   Reduce memory load on the system
#   Increase physical memory or swap space
#   Check if swap backing store is full
#   Use 64 bit Java on a 64 bit OS
#   Decrease Java heap size (-Xmx/-Xms)
#   Decrease number of Java threads
#   Decrease Java thread stack sizes (-Xss)
#   Set larger code cache with -XX:ReservedCodeCacheSize=
# This output file may be truncated or incomplete.
#
#  Out of Memory Error (allocation.cpp:390), pid=4420, tid=9192
#
# JRE version: Java(TM) SE Runtime Environment (8.0_45-b15) (build 1.8.0_45-b15)
# Java VM: Java HotSpot(TM) 64-Bit Server VM (25.45-b02 mixed mode windows-amd64 compressed oops)
# Failed to write core dump. Minidumps are not enabled by default on client versions of Windows
#

---------------  T H R E A D  ---------------

Current thread (0x0000000016364800):  JavaThread "C2 CompilerThread1" daemon [_thread_in_native, id=9192, stack(0x0000000016720000,0x0000000016820000)]

Stack: [0x0000000016720000,0x0000000016820000]
Native frames: (J=compiled Java code, j=interpreted, Vv=VM code, C=native code)
V  [jvm.dll+0x32b57a]


Current CompileTask:
C2:   3338 1247       4       com.android.dx.ssa.SCCP::simulateBranch (666 bytes)


---------------  P R O C E S S  ---------------

Java Threads: ( => current thread )
  0x0000000016597000 JavaThread "pool-2-thread-4" [_thread_in_Java, id=7236, stack(0x0000000016f20000,0x0000000017020000)]
  0x0000000016596000 JavaThread "pool-2-thread-3" [_thread_in_Java, id=2084, stack(0x0000000016e20000,0x0000000016f20000)]
  0x0000000016595000 JavaThread "pool-2-thread-2" [_thread_blocked, id=7292, stack(0x0000000016d20000,0x0000000016e20000)]
  0x0000000016594800 JavaThread "pool-3-thread-1" [_thread_blocked, id=3052, stack(0x0000000016c20000,0x0000000016d20000)]
  0x0000000016591800 JavaThread "pool-2-thread-1" [_thread_blocked, id=6316, stack(0x0000000016b20000,0x0000000016c20000)]
  0x0000000016370800 JavaThread "Service Thread" daemon [_thread_blocked, id=6844, stack(0x0000000016920000,0x0000000016a20000)]
  0x000000001636a800 JavaThread "C1 CompilerThread2" daemon [_thread_in_native, id=8096, stack(0x0000000016820000,0x0000000016920000)]
=>0x0000000016364800 JavaThread "C2 CompilerThread1" daemon [_thread_in_native, id=9192, stack(0x0000000016720000,0x0000000016820000)]
  0x0000000014d0a800 JavaThread "C2 CompilerThread0" daemon [_thread_blocked, id=6548, stack(0x0000000016220000,0x0000000016320000)]
  0x0000000014d08800 JavaThread "Attach Listener" daemon [_thread_blocked, id=2764, stack(0x0000000016120000,0x0000000016220000)]
  0x0000000014d07800 JavaThread "Signal Dispatcher" daemon [_thread_blocked, id=7916, stack(0x0000000016020000,0x0000000016120000)]
  0x00000000025e6000 JavaThread "Finalizer" daemon [_thread_blocked, id=7816, stack(0x0000000015f20000,0x0000000016020000)]
  0x00000000025dd800 JavaThread "Reference Handler" daemon [_thread_blocked, id=7024, stack(0x0000000015e20000,0x0000000015f20000)]
  0x00000000024f0800 JavaThread "main" [_thread_in_Java, id=7812, stack(0x00000000023f0000,0x00000000024f0000)]

Other Threads:
  0x0000000014c88000 VMThread [stack: 0x0000000015d20000,0x0000000015e20000] [id=5984]
  0x0000000016392800 WatcherThread [stack: 0x0000000016a20000,0x0000000016b20000] [id=6972]

VM state:not at safepoint (normal execution)

VM Mutex/Monitor currently owned by a thread:  ([mutex/lock_event])
[0x00000000023ec0e0] Heap_lock - owner thread: 0x0000000016591800
[0x00000000023edb70] Compile_lock - owner thread: 0x0000000000000000

Heap:
 PSYoungGen      total 38400K, used 12172K [0x00000000eab00000, 0x00000000ed580000, 0x0000000100000000)
  eden space 33280K, 21% used [0x00000000eab00000,0x00000000eb1e6a68,0x00000000ecb80000)
  from space 5120K, 99% used [0x00000000ecb80000,0x00000000ed07c5f8,0x00000000ed080000)
  to   space 5120K, 0% used [0x00000000ed080000,0x00000000ed080000,0x00000000ed580000)
 ParOldGen       total 87552K, used 1157K [0x00000000c0000000, 0x00000000c5580000, 0x00000000eab00000)
  object space 87552K, 1% used [0x00000000c0000000,0x00000000c0121408,0x00000000c5580000)
 Metaspace       used 5992K, capacity 6896K, committed 7040K, reserved 1056768K
  class space    used 595K, capacity 616K, committed 640K, reserved 1048576K

Card table byte_map: [0x00000000119b0000,0x0000000011bc0000] byte_map_base: 0x00000000113b0000

Marking Bits: (ParMarkBitMap*) 0x0000000053a74040
 Begin Bits: [0x0000000012120000, 0x0000000013120000)
 End Bits:   [0x0000000013120000, 0x0000000014120000)

Polling page: 0x00000000022e0000

CodeCache: size=245760Kb used=4904Kb max_used=4904Kb free=240855Kb
 bounds [0x00000000025f0000, 0x0000000002ac0000, 0x00000000115f0000]
 total_blobs=1525 nmethods=1256 adapters=182
 compilation: enabled

Compilation events (10 events):
Event: 3.332 Thread 0x000000001636a800 nmethod 1252 0x0000000002a91850 code [0x0000000002a919a0, 0x0000000002a91af0]
Event: 3.332 Thread 0x000000001636a800 1256       3       com.android.dx.rop.cst.CstNat::getFieldType (11 bytes)
Event: 3.332 Thread 0x000000001636a800 nmethod 1256 0x0000000002a8e610 code [0x0000000002a8e780, 0x0000000002a8e9a8]
Event: 3.332 Thread 0x000000001636a800 1255       3       com.android.dx.rop.cst.CstFieldRef::getType (8 bytes)
Event: 3.332 Thread 0x000000001636a800 nmethod 1255 0x0000000002aa1e50 code [0x0000000002aa1fc0, 0x0000000002aa2368]
Event: 3.332 Thread 0x000000001636a800 1259       3       java.util.ArrayList::add (54 bytes)
Event: 3.333 Thread 0x000000001636a800 nmethod 1259 0x0000000002ab5390 code [0x0000000002ab5560, 0x0000000002ab5d38]
Event: 3.333 Thread 0x000000001636a800 1264       3       com.android.dx.cf.code.BaseMachine::popArgs (127 bytes)
Event: 3.334 Thread 0x000000001636a800 nmethod 1264 0x0000000002ab6110 code [0x0000000002ab6420, 0x0000000002ab7d68]
Event: 3.335 Thread 0x000000001636a800 1265       3       com.android.dx.dex.code.RopTranslator::pickOrder (400 bytes)

GC Heap History (2 events):
Event: 2.879 GC heap before
{Heap before GC invocations=1 (full 0):
 PSYoungGen      total 38400K, used 33280K [0x00000000eab00000, 0x00000000ed580000, 0x0000000100000000)
  eden space 33280K, 100% used [0x00000000eab00000,0x00000000ecb80000,0x00000000ecb80000)
  from space 5120K, 0% used [0x00000000ed080000,0x00000000ed080000,0x00000000ed580000)
  to   space 5120K, 0% used [0x00000000ecb80000,0x00000000ecb80000,0x00000000ed080000)
 ParOldGen       total 87552K, used 0K [0x00000000c0000000, 0x00000000c5580000, 0x00000000eab00000)
  object space 87552K, 0% used [0x00000000c0000000,0x00000000c0000000,0x00000000c5580000)
 Metaspace       used 5973K, capacity 6896K, committed 7040K, reserved 1056768K
  class space    used 595K, capacity 616K, committed 640K, reserved 1048576K
Event: 3.299 GC heap after
Heap after GC invocations=1 (full 0):
 PSYoungGen      total 38400K, used 5105K [0x00000000eab00000, 0x00000000ed580000, 0x0000000100000000)
  eden space 33280K, 0% used [0x00000000eab00000,0x00000000eab00000,0x00000000ecb80000)
  from space 5120K, 99% used [0x00000000ecb80000,0x00000000ed07c5f8,0x00000000ed080000)
  to   space 5120K, 0% used [0x00000000ed080000,0x00000000ed080000,0x00000000ed580000)
 ParOldGen       total 87552K, used 1157K [0x00000000c0000000, 0x00000000c5580000, 0x00000000eab00000)
  object space 87552K, 1% used [0x00000000c0000000,0x00000000c0121408,0x00000000c5580000)
 Metaspace       used 5973K, capacity 6896K, committed 7040K, reserved 1056768K
  class space    used 595K, capacity 616K, committed 640K, reserved 1048576K
}

Deoptimization events (2 events):
Event: 1.565 Thread 0x0000000016595000 Uncommon trap: reason=unstable_if action=reinterpret pc=0x000000000283b5cc method=java.util.HashMap.getNode(ILjava/lang/Object;)Ljava/util/HashMap$Node; @ 62
Event: 3.307 Thread 0x0000000016596000 Uncommon trap: reason=unstable_if action=reinterpret pc=0x00000000028b0800 method=com.android.dx.rop.code.RegisterSpec.equals(ILcom/android/dx/rop/type/TypeBearer;Lcom/android/dx/rop/code/LocalItem;)Z @ 42

Internal exceptions (2 events):
Event: 0.053 Thread 0x00000000024f0800 Exception <a 'java/lang/NoSuchMethodError': Method sun.misc.Unsafe.defineClass(Ljava/lang/String;[BII)Ljava/lang/Class; name or signature does not match> (0x00000000eab12f08) thrown at [C:\re\workspace\8-2-build-windows-amd64-cygwin\jdk8u45\3627\hotspot\srtcÚ–T«?
Event: 0.053 Thread 0x00000000024f0800 Exception <a 'java/lang/NoSuchMethodError': Method sun.misc.Unsafe.prefetchRead(Ljava/lang/Object;J)V name or signature does not match> (0x00000000eab13198) thrown at [C:\re\workspace\8-2-build-windows-amd64-cygwin\jdk8u45\3627\hotspot\src\share\vm\prims\j

Events (10 events):
Event: 2.152 loading class com/android/dx/cf/code/SwitchList done
Event: 2.555 loading class java/util/DualPivotQuicksort
Event: 2.555 loading class java/util/DualPivotQuicksort done
Event: 2.767 Executing VM operation: ForceSafepoint
Event: 2.772 Executing VM operation: ForceSafepoint done
Event: 2.871 Executing VM operation: ParallelGCFailedAllocation
Event: 3.299 Executing VM operation: ParallelGCFailedAllocation done
Event: 3.307 Thread 0x0000000016596000 Uncommon trap: trap_request=0xffffff65 fr.pc=0x00000000028b0800
Event: 3.307 Thread 0x0000000016596000 DEOPT PACKING pc=0x00000000028b0800 sp=0x0000000016f1ec30
Event: 3.307 Thread 0x0000000016596000 DEOPT UNPACKING pc=0x000000000263582a sp=0x0000000016f1ebb8 mode 2


Dynamic libraries:
0x00007ff7a1cf0000 - 0x00007ff7a1d27000 	C:\Program Files\Java\jdk8\bin\java.exe
0x00007ff892b20000 - 0x00007ff892ccd000 	C:\windows\SYSTEM32\ntdll.dll
0x00007ff8916e0000 - 0x00007ff89181e000 	C:\windows\system32\KERNEL32.DLL
0x00007ff88fd20000 - 0x00007ff88fe35000 	C:\windows\system32\KERNELBASE.dll
0x00007ff88e6d0000 - 0x00007ff88e75e000 	C:\windows\system32\apphelp.dll
0x00007ff883090000 - 0x00007ff8830e3000 	C:\windows\AppPatch\AppPatch64\AcGenral.DLL
0x00007ff891b70000 - 0x00007ff891c1a000 	C:\windows\system32\msvcrt.dll
0x00007ff88fe40000 - 0x00007ff88fe6e000 	C:\windows\system32\SspiCli.dll
0x00007ff892660000 - 0x00007ff8926b4000 	C:\windows\system32\SHLWAPI.dll
0x00007ff891cd0000 - 0x00007ff891e47000 	C:\windows\system32\USER32.dll
0x00007ff891f10000 - 0x00007ff8920a4000 	C:\windows\system32\ole32.dll
0x00007ff8901b0000 - 0x00007ff8916d9000 	C:\windows\system32\SHELL32.dll
0x00007ff88f220000 - 0x00007ff88f241000 	C:\windows\SYSTEM32\USERENV.dll
0x00007ff892a50000 - 0x00007ff892afa000 	C:\windows\system32\ADVAPI32.dll
0x00007ff885ae0000 - 0x00007ff885afe000 	C:\windows\SYSTEM32\MPR.dll
0x00007ff8926d0000 - 0x00007ff892810000 	C:\windows\system32\RPCRT4.dll
0x00007ff892810000 - 0x00007ff892869000 	C:\windows\SYSTEM32\sechost.dll
0x00007ff891820000 - 0x00007ff891a31000 	C:\windows\SYSTEM32\combase.dll
0x00007ff8920c0000 - 0x00007ff89220f000 	C:\windows\system32\GDI32.dll
0x00007ff88fc50000 - 0x00007ff88fc65000 	C:\windows\SYSTEM32\profapi.dll
0x00007ff88e0e0000 - 0x00007ff88e192000 	C:\windows\SYSTEM32\SHCORE.dll
0x00007ff891c90000 - 0x00007ff891cc6000 	C:\windows\system32\IMM32.DLL
0x00007ff892350000 - 0x00007ff8924a2000 	C:\windows\system32\MSCTF.dll
0x00007ff88d9e0000 - 0x00007ff88dc5b000 	C:\windows\WinSxS\amd64_microsoft.windows.common-controls_6595b64144ccf1df_6.0.9600.18006_none_623f33d3ecbe86e8\COMCTL32.dll
0x0000000052c50000 - 0x0000000052d22000 	C:\Program Files\Java\jdk8\jre\bin\msvcr100.dll
0x0000000053270000 - 0x0000000053af3000 	C:\Program Files\Java\jdk8\jre\bin\server\jvm.dll
0x00007ff88d400000 - 0x00007ff88d409000 	C:\windows\SYSTEM32\WSOCK32.dll
0x00007ff88d500000 - 0x00007ff88d522000 	C:\windows\SYSTEM32\WINMM.dll
0x00007ff88eef0000 - 0x00007ff88eefa000 	C:\windows\SYSTEM32\VERSION.dll
0x00007ff891c20000 - 0x00007ff891c27000 	C:\windows\system32\PSAPI.DLL
0x00007ff891a40000 - 0x00007ff891a9a000 	C:\windows\system32\WS2_32.dll
0x00007ff88d4d0000 - 0x00007ff88d4fa000 	C:\windows\SYSTEM32\WINMMBASE.dll
0x00007ff8920b0000 - 0x00007ff8920b9000 	C:\windows\system32\NSI.dll
0x00007ff890160000 - 0x00007ff8901af000 	C:\windows\SYSTEM32\cfgmgr32.dll
0x00007ff88e980000 - 0x00007ff88e9a8000 	C:\windows\SYSTEM32\DEVOBJ.dll
0x0000000053260000 - 0x000000005326f000 	C:\Program Files\Java\jdk8\jre\bin\verify.dll
0x0000000053230000 - 0x0000000053259000 	C:\Program Files\Java\jdk8\jre\bin\java.dll
0x0000000053210000 - 0x0000000053226000 	C:\Program Files\Java\jdk8\jre\bin\zip.dll

VM Arguments:
jvm_args: -Djava.awt.headless=true -Xmx1024M -Dfile.encoding=windows-1255 -Duser.country=US -Duser.language=en -Duser.variant 
java_command: com.android.dx.command.Main --dex --num-threads=4 --multi-dex --output C:\Users\User\AndroidStudioProjects\NavigateLifeSaver\app\build\intermediates\transforms\dex\debug\folders\1000\10\com.android.support-appcompat-v7-23.1.1_ef094741c281d84c4488918a83f5644b968ccf8c C:\Users\User\AndroidStudioProjects\NavigateLifeSaver\app\build\intermediates\exploded-aar\com.android.support\appcompat-v7\23.1.1\jars\classes.jar
java_class_path (initial): C:\Users\User\AppData\Local\Android\sdk\build-tools\23.0.3\lib\dx.jar
Launcher Type: SUN_STANDARD

Environment Variables:
JAVA_HOME=C:\Program Files\Java\jdk8
PATH=C:\Python27\;C:\ProgramData\Oracle\Java\javapath;C:\Program Files (x86)\Intel\iCLS Client\;C:\Program Files\Intel\iCLS Client\;C:\windows\system32;C:\windows;C:\windows\System32\Wbem;C:\windows\System32\WindowsPowerShell\v1.0\;C:\Program Files\Intel\Intel(R) Management Engine Components\DAL;C:\Program Files (x86)\Intel\Intel(R) Management Engine Components\DAL;C:\Program Files\Intel\Intel(R) Management Engine Components\IPT;C:\Program Files (x86)\Intel\Intel(R) Management Engine Components\IPT;C:\Program Files\Microsoft SQL Server\110\Tools\Binn\;C:\Program Files (x86)\Microsoft SDKs\TypeScript\1.0\;C:\Program Files\Microsoft SQL Server\120\Tools\Binn\;C:\Program Files (x86)\Windows Kits\8.1\Windows Performance Toolkit\;C:\MinGW\bin;\;C:\Program Files\Java\jdk8\bin;C:\Program Files (x86)\Skype\Phone\;C:\Program Files\Git\cmd\;C:\OpenCV\opencv\build\x86\vc12\bin\;
USERNAME=User
OS=Windows_NT
PROCESSOR_IDENTIFIER=Intel64 Family 6 Model 61 Stepping 4, GenuineIntel



---------------  S Y S T E M  ---------------

OS: Windows 8.1 , 64 bit Build 9600 (6.3.9600.17415)

CPU:total 4 (2 cores per cpu, 2 threads per core) family 6 model 61 stepping 4, cmov, cx8, fxsr, mmx, sse, sse2, sse3, ssse3, sse4.1, sse4.2, popcnt, avx, avx2, aes, clmul, erms, 3dnowpref, lzcnt, ht, tsc, tscinvbit, bmi1, bmi2, adx

Memory: 4k page, physical 8277100k(1364224k free), swap 8277100k(4992k free)

vm_info: Java HotSpot(TM) 64-Bit Server VM (25.45-b02) for windows-amd64 JRE (1.8.0_45-b15), built on Apr 30 2015 12:40:44 by "java_re" with MS VC++ 10.0 (VS2010)

time: Sat Aug 27 16:13:33 2016
elapsed time: 3 seconds (0d 0h 0m 3s)

