#
# There is insufficient memory for the Java Runtime Environment to continue.
# Native memory allocation (malloc) failed to allocate 32744 bytes for ChunkPool::allocate
# Possible reasons:
#   The system is out of physical RAM or swap space
#   In 32 bit mode, the process size limit was hit
# Possible solutions:
#   Reduce memory load on the system
#   Increase physical memory or swap space
#   Check if swap backing store is full
#   Use 64 bit Java on a 64 bit OS
#   Decrease Java heap size (-Xmx/-Xms)
#   Decrease number of Java threads
#   Decrease Java thread stack sizes (-Xss)
#   Set larger code cache with -XX:ReservedCodeCacheSize=
# This output file may be truncated or incomplete.
#
#  Out of Memory Error (allocation.cpp:273), pid=7004, tid=1080
#
# JRE version: Java(TM) SE Runtime Environment (8.0_45-b15) (build 1.8.0_45-b15)
# Java VM: Java HotSpot(TM) 64-Bit Server VM (25.45-b02 mixed mode windows-amd64 compressed oops)
# Failed to write core dump. Minidumps are not enabled by default on client versions of Windows
#

---------------  T H R E A D  ---------------

Current thread (0x0000000014a39800):  JavaThread "C2 CompilerThread1" daemon [_thread_in_native, id=1080, stack(0x0000000016080000,0x0000000016180000)]

Stack: [0x0000000016080000,0x0000000016180000]
Native frames: (J=compiled Java code, j=interpreted, Vv=VM code, C=native code)
V  [jvm.dll+0x32b57a]
V  [jvm.dll+0x279873]
V  [jvm.dll+0x27a509]
V  [jvm.dll+0x271825]
V  [jvm.dll+0xcb804]
V  [jvm.dll+0xcba27]
V  [jvm.dll+0xcbeac]
V  [jvm.dll+0xcc204]
V  [jvm.dll+0x4ea280]
V  [jvm.dll+0x4ea2de]
V  [jvm.dll+0x506c2c]
V  [jvm.dll+0x507081]
V  [jvm.dll+0x508ba7]
V  [jvm.dll+0x45f646]
V  [jvm.dll+0x46a73b]
V  [jvm.dll+0x46cd52]
V  [jvm.dll+0x4500f2]
V  [jvm.dll+0xa4352]
V  [jvm.dll+0xa4c8f]
V  [jvm.dll+0x241984]
V  [jvm.dll+0x29853a]
C  [msvcr100.dll+0x21d9f]
C  [msvcr100.dll+0x21e3b]
C  [KERNEL32.DLL+0x13d2]
C  [ntdll.dll+0x154e4]


Current CompileTask:
C2:   6947 1622   !   4       com.android.dx.cf.cst.ConstantPoolParser::parse0 (731 bytes)


---------------  P R O C E S S  ---------------

Java Threads: ( => current thread )
  0x0000000016435000 JavaThread "pool-1-thread-4" [_thread_blocked, id=8784, stack(0x0000000017480000,0x0000000017580000)]
  0x0000000016434000 JavaThread "pool-1-thread-3" [_thread_blocked, id=2196, stack(0x0000000017380000,0x0000000017480000)]
  0x0000000016433800 JavaThread "pool-1-thread-2" [_thread_blocked, id=6400, stack(0x0000000017280000,0x0000000017380000)]
  0x0000000016432800 JavaThread "pool-2-thread-1" [_thread_blocked, id=5540, stack(0x0000000017180000,0x0000000017280000)]
  0x0000000016430000 JavaThread "pool-1-thread-1" [_thread_blocked, id=4984, stack(0x0000000017080000,0x0000000017180000)]
  0x0000000014a8e800 JavaThread "Service Thread" daemon [_thread_blocked, id=904, stack(0x0000000016680000,0x0000000016780000)]
  0x00000000161cb800 JavaThread "C1 CompilerThread2" daemon [_thread_blocked, id=9176, stack(0x0000000016580000,0x0000000016680000)]
=>0x0000000014a39800 JavaThread "C2 CompilerThread1" daemon [_thread_in_native, id=1080, stack(0x0000000016080000,0x0000000016180000)]
  0x0000000014a37800 JavaThread "C2 CompilerThread0" daemon [_thread_blocked, id=5008, stack(0x0000000015f80000,0x0000000016080000)]
  0x0000000014a35000 JavaThread "Attach Listener" daemon [_thread_blocked, id=8636, stack(0x0000000015e80000,0x0000000015f80000)]
  0x0000000014a83000 JavaThread "Signal Dispatcher" daemon [_thread_blocked, id=8856, stack(0x0000000015d80000,0x0000000015e80000)]
  0x0000000002270800 JavaThread "Finalizer" daemon [_thread_blocked, id=4264, stack(0x0000000015c80000,0x0000000015d80000)]
  0x000000000226d000 JavaThread "Reference Handler" daemon [_thread_blocked, id=4748, stack(0x0000000015b80000,0x0000000015c80000)]
  0x0000000002180800 JavaThread "main" [_thread_blocked, id=5640, stack(0x00000000008f0000,0x00000000009f0000)]

Other Threads:
  0x00000000149f8000 VMThread [stack: 0x0000000015a80000,0x0000000015b80000] [id=8416]
  0x00000000161f4000 WatcherThread [stack: 0x0000000016780000,0x0000000016880000] [id=8124]

VM state:at safepoint (normal execution)

VM Mutex/Monitor currently owned by a thread:  ([mutex/lock_event])
[0x00000000009fc530] Threads_lock - owner thread: 0x00000000149f8000
[0x00000000009fcc30] Heap_lock - owner thread: 0x0000000016435000

Heap:
 PSYoungGen      total 38400K, used 38377K [0x00000000eab00000, 0x00000000ef600000, 0x0000000100000000)
  eden space 33280K, 100% used [0x00000000eab00000,0x00000000ecb80000,0x00000000ecb80000)
  from space 5120K, 99% used [0x00000000ecb80000,0x00000000ed07a7c8,0x00000000ed080000)
  to   space 5120K, 99% used [0x00000000ef100000,0x00000000ef5fdc88,0x00000000ef600000)
 ParOldGen       total 87552K, used 4159K [0x00000000c0000000, 0x00000000c5580000, 0x00000000eab00000)
  object space 87552K, 4% used [0x00000000c0000000,0x00000000c040fc30,0x00000000c5580000)
 Metaspace       used 6219K, capacity 7088K, committed 7296K, reserved 1056768K
  class space    used 593K, capacity 616K, committed 640K, reserved 1048576K

Card table byte_map: [0x0000000011720000,0x0000000011930000] byte_map_base: 0x0000000011120000

Marking Bits: (ParMarkBitMap*) 0x0000000053a74040
 Begin Bits: [0x0000000011e90000, 0x0000000012e90000)
 End Bits:   [0x0000000012e90000, 0x0000000013e90000)

Polling page: 0x00000000007a0000

CodeCache: size=245760Kb used=6859Kb max_used=6867Kb free=238900Kb
 bounds [0x0000000002360000, 0x0000000002a20000, 0x0000000011360000]
 total_blobs=1892 nmethods=1622 adapters=182
 compilation: enabled

Compilation events (10 events):
Event: 6.597 Thread 0x0000000014a37800 nmethod 1629 0x00000000029e3a10 code [0x00000000029e3b60, 0x00000000029e3c58]
Event: 6.599 Thread 0x0000000014a37800 1630       4       com.android.dx.ssa.SCCP::addUsersToWorklist (103 bytes)
Event: 6.733 Thread 0x00000000161cb800 1636       3       com.android.dx.rop.cst.CstString::<init> (42 bytes)
Event: 6.733 Thread 0x00000000161cb800 nmethod 1636 0x0000000002a05810 code [0x0000000002a059e0, 0x0000000002a05f78]
Event: 6.738 Thread 0x0000000014a37800 nmethod 1630 0x0000000002a16790 code [0x0000000002a16b00, 0x0000000002a191f8]
Event: 6.739 Thread 0x0000000014a37800 1638       4       com.android.dx.ssa.SsaMethod::getUseListCopy (56 bytes)
Event: 6.740 Thread 0x00000000161cb800 1639       3       com.android.dx.rop.annotation.Annotations::addAll (59 bytes)
Event: 6.741 Thread 0x00000000161cb800 nmethod 1639 0x0000000002a06510 code [0x0000000002a06720, 0x0000000002a07258]
Event: 6.741 Thread 0x00000000161cb800 1640       3       com.android.dx.ssa.back.SsaToRop::convert (99 bytes)
Event: 6.743 Thread 0x00000000161cb800 nmethod 1640 0x0000000002a0b390 code [0x0000000002a0b640, 0x0000000002a0c938]

GC Heap History (3 events):
Event: 3.857 GC heap before
{Heap before GC invocations=1 (full 0):
 PSYoungGen      total 38400K, used 33280K [0x00000000eab00000, 0x00000000ed580000, 0x0000000100000000)
  eden space 33280K, 100% used [0x00000000eab00000,0x00000000ecb80000,0x00000000ecb80000)
  from space 5120K, 0% used [0x00000000ed080000,0x00000000ed080000,0x00000000ed580000)
  to   space 5120K, 0% used [0x00000000ecb80000,0x00000000ecb80000,0x00000000ed080000)
 ParOldGen       total 87552K, used 0K [0x00000000c0000000, 0x00000000c5580000, 0x00000000eab00000)
  object space 87552K, 0% used [0x00000000c0000000,0x00000000c0000000,0x00000000c5580000)
 Metaspace       used 5933K, capacity 6832K, committed 7040K, reserved 1056768K
  class space    used 589K, capacity 616K, committed 640K, reserved 1048576K
Event: 4.243 GC heap after
Heap after GC invocations=1 (full 0):
 PSYoungGen      total 38400K, used 5097K [0x00000000eab00000, 0x00000000ef600000, 0x0000000100000000)
  eden space 33280K, 0% used [0x00000000eab00000,0x00000000eab00000,0x00000000ecb80000)
  from space 5120K, 99% used [0x00000000ecb80000,0x00000000ed07a7c8,0x00000000ed080000)
  to   space 5120K, 0% used [0x00000000ef100000,0x00000000ef100000,0x00000000ef600000)
 ParOldGen       total 87552K, used 791K [0x00000000c0000000, 0x00000000c5580000, 0x00000000eab00000)
  object space 87552K, 0% used [0x00000000c0000000,0x00000000c00c5c30,0x00000000c5580000)
 Metaspace       used 5933K, capacity 6832K, committed 7040K, reserved 1056768K
  class space    used 589K, capacity 616K, committed 640K, reserved 1048576K
}
Event: 6.744 GC heap before
{Heap before GC invocations=2 (full 0):
 PSYoungGen      total 38400K, used 38377K [0x00000000eab00000, 0x00000000ef600000, 0x0000000100000000)
  eden space 33280K, 100% used [0x00000000eab00000,0x00000000ecb80000,0x00000000ecb80000)
  from space 5120K, 99% used [0x00000000ecb80000,0x00000000ed07a7c8,0x00000000ed080000)
  to   space 5120K, 0% used [0x00000000ef100000,0x00000000ef100000,0x00000000ef600000)
 ParOldGen       total 87552K, used 791K [0x00000000c0000000, 0x00000000c5580000, 0x00000000eab00000)
  object space 87552K, 0% used [0x00000000c0000000,0x00000000c00c5c30,0x00000000c5580000)
 Metaspace       used 6219K, capacity 7088K, committed 7296K, reserved 1056768K
  class space    used 593K, capacity 616K, committed 640K, reserved 1048576K

Deoptimization events (9 events):
Event: 2.367 Thread 0x0000000002180800 Uncommon trap: reason=unstable_if action=reinterpret pc=0x000000000258fea0 method=java.util.HashMap.getNode(ILjava/lang/Object;)Ljava/util/HashMap$Node; @ 129
Event: 2.843 Thread 0x0000000002180800 Uncommon trap: reason=class_check action=maybe_recompile pc=0x0000000002665d14 method=com.android.dx.ssa.NormalSsaInsn.accept(Lcom/android/dx/ssa/SsaInsn$Visitor;)V @ 9
Event: 2.862 Thread 0x0000000002180800 Uncommon trap: reason=class_check action=maybe_recompile pc=0x0000000002665d14 method=com.android.dx.ssa.NormalSsaInsn.accept(Lcom/android/dx/ssa/SsaInsn$Visitor;)V @ 9
Event: 2.885 Thread 0x0000000016430000 Uncommon trap: reason=class_check action=maybe_recompile pc=0x0000000002665d14 method=com.android.dx.ssa.NormalSsaInsn.accept(Lcom/android/dx/ssa/SsaInsn$Visitor;)V @ 9
Event: 2.885 Thread 0x0000000016430000 Uncommon trap: reason=class_check action=maybe_recompile pc=0x0000000002665d14 method=com.android.dx.ssa.NormalSsaInsn.accept(Lcom/android/dx/ssa/SsaInsn$Visitor;)V @ 9
Event: 2.886 Thread 0x0000000016430000 Uncommon trap: reason=class_check action=maybe_recompile pc=0x000000000260a370 method=com.android.dx.ssa.NormalSsaInsn.accept(Lcom/android/dx/ssa/SsaInsn$Visitor;)V @ 9
Event: 4.303 Thread 0x0000000016430000 Uncommon trap: reason=null_check action=make_not_entrant pc=0x00000000026d3d24 method=com.android.dx.ssa.SsaRenamer.getLocalForNewReg(I)Lcom/android/dx/rop/code/LocalItem; @ 19
Event: 4.303 Thread 0x0000000016430000 Uncommon trap: reason=null_check action=make_not_entrant pc=0x00000000026c81a0 method=com.android.dx.ssa.SsaRenamer.getLocalForNewReg(I)Lcom/android/dx/rop/code/LocalItem; @ 19
Event: 4.860 Thread 0x0000000016434000 Uncommon trap: reason=unstable_if action=reinterpret pc=0x00000000028a8ea4 method=com.android.dx.ssa.SCCP.simulateStmt(Lcom/android/dx/ssa/SsaInsn;)V @ 53

Internal exceptions (4 events):
Event: 0.165 Thread 0x0000000002180800 Exception <a 'java/lang/NoSuchMethodError': Method sun.misc.Unsafe.defineClass(Ljava/lang/String;[BII)Ljava/lang/Class; name or signature does not match> (0x00000000eab12f08) thrown at [C:\re\workspace\8-2-build-windows-amd64-cygwin\jdk8u45\3627\hotspot\srC'ha!Å?
Event: 0.165 Thread 0x0000000002180800 Exception <a 'java/lang/NoSuchMethodError': Method sun.misc.Unsafe.prefetchRead(Ljava/lang/Object;J)V name or signature does not match> (0x00000000eab13198) thrown at [C:\re\workspace\8-2-build-windows-amd64-cygwin\jdk8u45\3627\hotspot\src\share\vm\prims\jÆöY¡6@
Event: 4.303 Thread 0x0000000016430000 Implicit null exception at 0x00000000026d18f8 to 0x00000000026d3cdd
Event: 4.303 Thread 0x0000000016430000 Implicit null exception at 0x00000000026c5fd4 to 0x00000000026c8175

Events (10 events):
Event: 4.784 loading class com/android/dx/dex/file/AnnotationSetRefItem
Event: 4.784 loading class com/android/dx/dex/file/AnnotationSetRefItem done
Event: 4.786 loading class com/android/dx/cf/attrib/AttExceptions
Event: 4.786 loading class com/android/dx/cf/attrib/AttExceptions done
Event: 4.812 Thread 0x0000000016433800 DEOPT PACKING pc=0x00000000027065ed sp=0x000000001737ebc0
Event: 4.812 Thread 0x0000000016433800 DEOPT UNPACKING pc=0x00000000023a787f sp=0x000000001737e958 mode 0
Event: 4.860 Thread 0x0000000016434000 Uncommon trap: trap_request=0xffffff65 fr.pc=0x00000000028a8ea4
Event: 4.860 Thread 0x0000000016434000 DEOPT PACKING pc=0x00000000028a8ea4 sp=0x000000001747eb10
Event: 4.860 Thread 0x0000000016434000 DEOPT UNPACKING pc=0x00000000023a582a sp=0x000000001747eaf8 mode 2
Event: 6.744 Executing VM operation: ParallelGCFailedAllocation


Dynamic libraries:
0x00007ff7a1cf0000 - 0x00007ff7a1d27000 	C:\Program Files\Java\jdk8\bin\java.exe
0x00007ff892b20000 - 0x00007ff892ccd000 	C:\windows\SYSTEM32\ntdll.dll
0x00007ff8916e0000 - 0x00007ff89181e000 	C:\windows\system32\KERNEL32.DLL
0x00007ff88fd20000 - 0x00007ff88fe35000 	C:\windows\system32\KERNELBASE.dll
0x00007ff88e6d0000 - 0x00007ff88e75e000 	C:\windows\system32\apphelp.dll
0x00007ff883090000 - 0x00007ff8830e3000 	C:\windows\AppPatch\AppPatch64\AcGenral.DLL
0x00007ff891b70000 - 0x00007ff891c1a000 	C:\windows\system32\msvcrt.dll
0x00007ff88fe40000 - 0x00007ff88fe6e000 	C:\windows\system32\SspiCli.dll
0x00007ff892660000 - 0x00007ff8926b4000 	C:\windows\system32\SHLWAPI.dll
0x00007ff891cd0000 - 0x00007ff891e47000 	C:\windows\system32\USER32.dll
0x00007ff891f10000 - 0x00007ff8920a4000 	C:\windows\system32\ole32.dll
0x00007ff8901b0000 - 0x00007ff8916d9000 	C:\windows\system32\SHELL32.dll
0x00007ff88f220000 - 0x00007ff88f241000 	C:\windows\SYSTEM32\USERENV.dll
0x00007ff892a50000 - 0x00007ff892afa000 	C:\windows\system32\ADVAPI32.dll
0x00007ff885ae0000 - 0x00007ff885afe000 	C:\windows\SYSTEM32\MPR.dll
0x00007ff8926d0000 - 0x00007ff892810000 	C:\windows\system32\RPCRT4.dll
0x00007ff892810000 - 0x00007ff892869000 	C:\windows\SYSTEM32\sechost.dll
0x00007ff891820000 - 0x00007ff891a31000 	C:\windows\SYSTEM32\combase.dll
0x00007ff8920c0000 - 0x00007ff89220f000 	C:\windows\system32\GDI32.dll
0x00007ff88fc50000 - 0x00007ff88fc65000 	C:\windows\SYSTEM32\profapi.dll
0x00007ff88e0e0000 - 0x00007ff88e192000 	C:\windows\SYSTEM32\SHCORE.dll
0x00007ff891c90000 - 0x00007ff891cc6000 	C:\windows\system32\IMM32.DLL
0x00007ff892350000 - 0x00007ff8924a2000 	C:\windows\system32\MSCTF.dll
0x00007ff88d9e0000 - 0x00007ff88dc5b000 	C:\windows\WinSxS\amd64_microsoft.windows.common-controls_6595b64144ccf1df_6.0.9600.18006_none_623f33d3ecbe86e8\COMCTL32.dll
0x0000000052c50000 - 0x0000000052d22000 	C:\Program Files\Java\jdk8\jre\bin\msvcr100.dll
0x0000000053270000 - 0x0000000053af3000 	C:\Program Files\Java\jdk8\jre\bin\server\jvm.dll
0x00007ff88d400000 - 0x00007ff88d409000 	C:\windows\SYSTEM32\WSOCK32.dll
0x00007ff88d500000 - 0x00007ff88d522000 	C:\windows\SYSTEM32\WINMM.dll
0x00007ff88eef0000 - 0x00007ff88eefa000 	C:\windows\SYSTEM32\VERSION.dll
0x00007ff891c20000 - 0x00007ff891c27000 	C:\windows\system32\PSAPI.DLL
0x00007ff891a40000 - 0x00007ff891a9a000 	C:\windows\system32\WS2_32.dll
0x00007ff88d4d0000 - 0x00007ff88d4fa000 	C:\windows\SYSTEM32\WINMMBASE.dll
0x00007ff8920b0000 - 0x00007ff8920b9000 	C:\windows\system32\NSI.dll
0x00007ff890160000 - 0x00007ff8901af000 	C:\windows\SYSTEM32\cfgmgr32.dll
0x00007ff88e980000 - 0x00007ff88e9a8000 	C:\windows\SYSTEM32\DEVOBJ.dll
0x0000000053260000 - 0x000000005326f000 	C:\Program Files\Java\jdk8\jre\bin\verify.dll
0x0000000053230000 - 0x0000000053259000 	C:\Program Files\Java\jdk8\jre\bin\java.dll
0x0000000053210000 - 0x0000000053226000 	C:\Program Files\Java\jdk8\jre\bin\zip.dll
0x00007ff888090000 - 0x00007ff888219000 	C:\windows\SYSTEM32\dbghelp.dll

VM Arguments:
jvm_args: -Djava.awt.headless=true -Xmx1024M -Dfile.encoding=windows-1255 -Duser.country=US -Duser.language=en -Duser.variant 
java_command: com.android.dx.command.Main --dex --num-threads=4 --output C:\Users\User\AndroidStudioProjects\NavigateLifeSaver\app\build\intermediates\pre-dexed\debug\internal_impl-23.1.1_f2e933c3b1eae0c6b40ddadc1d84efb7700dbb7a.jar C:\Users\User\AndroidStudioProjects\NavigateLifeSaver\app\build\intermediates\exploded-aar\com.android.support\support-v4\23.1.1\jars\libs\internal_impl-23.1.1.jar
java_class_path (initial): C:\Users\User\AppData\Local\Android\sdk\build-tools\23.0.3\lib\dx.jar
Launcher Type: SUN_STANDARD

Environment Variables:
JAVA_HOME=C:\Program Files\Java\jdk8
PATH=C:\Python27\;C:\ProgramData\Oracle\Java\javapath;C:\Program Files (x86)\Intel\iCLS Client\;C:\Program Files\Intel\iCLS Client\;C:\windows\system32;C:\windows;C:\windows\System32\Wbem;C:\windows\System32\WindowsPowerShell\v1.0\;C:\Program Files\Intel\Intel(R) Management Engine Components\DAL;C:\Program Files (x86)\Intel\Intel(R) Management Engine Components\DAL;C:\Program Files\Intel\Intel(R) Management Engine Components\IPT;C:\Program Files (x86)\Intel\Intel(R) Management Engine Components\IPT;C:\Program Files\Microsoft SQL Server\110\Tools\Binn\;C:\Program Files (x86)\Microsoft SDKs\TypeScript\1.0\;C:\Program Files\Microsoft SQL Server\120\Tools\Binn\;C:\Program Files (x86)\Windows Kits\8.1\Windows Performance Toolkit\;C:\MinGW\bin;\;C:\Program Files\Java\jdk8\bin;C:\Program Files (x86)\Skype\Phone\;C:\Program Files\Git\cmd\;C:\OpenCV\opencv\build\x86\vc12\bin\;
USERNAME=User
OS=Windows_NT
PROCESSOR_IDENTIFIER=Intel64 Family 6 Model 61 Stepping 4, GenuineIntel



---------------  S Y S T E M  ---------------

OS: Windows 8.1 , 64 bit Build 9600 (6.3.9600.17415)

CPU:total 4 (2 cores per cpu, 2 threads per core) family 6 model 61 stepping 4, cmov, cx8, fxsr, mmx, sse, sse2, sse3, ssse3, sse4.1, sse4.2, popcnt, avx, avx2, aes, clmul, erms, 3dnowpref, lzcnt, ht, tsc, tscinvbit, bmi1, bmi2, adx

Memory: 4k page, physical 8277100k(1467932k free), swap 8277100k(8732k free)

vm_info: Java HotSpot(TM) 64-Bit Server VM (25.45-b02) for windows-amd64 JRE (1.8.0_45-b15), built on Apr 30 2015 12:40:44 by "java_re" with MS VC++ 10.0 (VS2010)

time: Sat Aug 27 12:28:25 2016
elapsed time: 6 seconds (0d 0h 0m 6s)

