#
# There is insufficient memory for the Java Runtime Environment to continue.
# Native memory allocation (malloc) failed to allocate 541360 bytes for Chunk::new
# Possible reasons:
#   The system is out of physical RAM or swap space
#   In 32 bit mode, the process size limit was hit
# Possible solutions:
#   Reduce memory load on the system
#   Increase physical memory or swap space
#   Check if swap backing store is full
#   Use 64 bit Java on a 64 bit OS
#   Decrease Java heap size (-Xmx/-Xms)
#   Decrease number of Java threads
#   Decrease Java thread stack sizes (-Xss)
#   Set larger code cache with -XX:ReservedCodeCacheSize=
# This output file may be truncated or incomplete.
#
#  Out of Memory Error (allocation.cpp:390), pid=4924, tid=908
#
# JRE version: Java(TM) SE Runtime Environment (8.0_45-b15) (build 1.8.0_45-b15)
# Java VM: Java HotSpot(TM) 64-Bit Server VM (25.45-b02 mixed mode windows-amd64 compressed oops)
# Failed to write core dump. Minidumps are not enabled by default on client versions of Windows
#

---------------  T H R E A D  ---------------

Current thread (0x0000000015577800):  JavaThread "C2 CompilerThread0" daemon [_thread_in_native, id=908, stack(0x0000000016ad0000,0x0000000016bd0000)]

Stack: [0x0000000016ad0000,0x0000000016bd0000]
Native frames: (J=compiled Java code, j=interpreted, Vv=VM code, C=native code)
V  [jvm.dll+0x32b57a]


Current CompileTask:
C2:   8133 1632       4       com.android.dx.ssa.SCCP::simulateBlock (54 bytes)


---------------  P R O C E S S  ---------------

Java Threads: ( => current thread )
  0x0000000016f9a800 JavaThread "pool-2-thread-4" [_thread_blocked, id=8716, stack(0x0000000017fd0000,0x00000000180d0000)]
  0x0000000016e8a800 JavaThread "pool-2-thread-3" [_thread_in_Java, id=7280, stack(0x0000000017ed0000,0x0000000017fd0000)]
  0x0000000016e89800 JavaThread "pool-2-thread-2" [_thread_blocked, id=3536, stack(0x0000000017dd0000,0x0000000017ed0000)]
  0x0000000016e88000 JavaThread "pool-3-thread-1" [_thread_blocked, id=6120, stack(0x0000000017cd0000,0x0000000017dd0000)]
  0x0000000016f56800 JavaThread "pool-2-thread-1" [_thread_blocked, id=5416, stack(0x0000000017bd0000,0x0000000017cd0000)]
  0x0000000016c20800 JavaThread "Service Thread" daemon [_thread_blocked, id=8264, stack(0x00000000171d0000,0x00000000172d0000)]
  0x0000000016c1a800 JavaThread "C1 CompilerThread2" daemon [_thread_blocked, id=4884, stack(0x00000000170d0000,0x00000000171d0000)]
  0x00000000155ce000 JavaThread "C2 CompilerThread1" daemon [_thread_in_native, id=9132, stack(0x0000000016fd0000,0x00000000170d0000)]
=>0x0000000015577800 JavaThread "C2 CompilerThread0" daemon [_thread_in_native, id=908, stack(0x0000000016ad0000,0x0000000016bd0000)]
  0x00000000155c2000 JavaThread "Attach Listener" daemon [_thread_blocked, id=1304, stack(0x00000000169d0000,0x0000000016ad0000)]
  0x00000000155c1800 JavaThread "Signal Dispatcher" daemon [_thread_blocked, id=2228, stack(0x00000000168d0000,0x00000000169d0000)]
  0x0000000002e96800 JavaThread "Finalizer" daemon [_thread_blocked, id=7820, stack(0x00000000167d0000,0x00000000168d0000)]
  0x0000000002e8e800 JavaThread "Reference Handler" daemon [_thread_blocked, id=1448, stack(0x00000000166d0000,0x00000000167d0000)]
  0x0000000002da0800 JavaThread "main" [_thread_blocked, id=8968, stack(0x0000000002bf0000,0x0000000002cf0000)]

Other Threads:
  0x0000000015537800 VMThread [stack: 0x00000000165d0000,0x00000000166d0000] [id=2232]
  0x0000000016c3a800 WatcherThread [stack: 0x00000000172d0000,0x00000000173d0000] [id=7624]

VM state:not at safepoint (normal execution)

VM Mutex/Monitor currently owned by a thread:  ([mutex/lock_event])
[0x0000000002d9c260] Heap_lock - owner thread: 0x0000000002da0800

Heap:
 PSYoungGen      total 71680K, used 5727K [0x00000000eab00000, 0x00000000ef600000, 0x0000000100000000)
  eden space 66560K, 0% used [0x00000000eab00000,0x00000000eab994d8,0x00000000eec00000)
  from space 5120K, 99% used [0x00000000ef100000,0x00000000ef5feaa8,0x00000000ef600000)
  to   space 5120K, 0% used [0x00000000eec00000,0x00000000eec00000,0x00000000ef100000)
 ParOldGen       total 87552K, used 4517K [0x00000000c0000000, 0x00000000c5580000, 0x00000000eab00000)
  object space 87552K, 5% used [0x00000000c0000000,0x00000000c0469610,0x00000000c5580000)
 Metaspace       used 6206K, capacity 7088K, committed 7296K, reserved 1056768K
  class space    used 594K, capacity 616K, committed 640K, reserved 1048576K

Card table byte_map: [0x0000000012260000,0x0000000012470000] byte_map_base: 0x0000000011c60000

Marking Bits: (ParMarkBitMap*) 0x0000000053a74040
 Begin Bits: [0x00000000129d0000, 0x00000000139d0000)
 End Bits:   [0x00000000139d0000, 0x00000000149d0000)

Polling page: 0x0000000001230000

CodeCache: size=245760Kb used=6839Kb max_used=6859Kb free=238920Kb
 bounds [0x0000000002ea0000, 0x0000000003570000, 0x0000000011ea0000]
 total_blobs=1896 nmethods=1626 adapters=182
 compilation: enabled

Compilation events (10 events):
Event: 6.980 Thread 0x0000000015577800 nmethod 1547 0x00000000035419d0 code [0x00000000035423e0, 0x000000000354dc98]
Event: 6.981 Thread 0x0000000015577800 1631       4       com.android.dx.ssa.SsaBasicBlock::exitBlockFixup (58 bytes)
Event: 7.004 Thread 0x0000000015577800 nmethod 1631 0x0000000003540690 code [0x0000000003540800, 0x00000000035412b8]
Event: 7.005 Thread 0x0000000015577800 1632       4       com.android.dx.ssa.SCCP::simulateBlock (54 bytes)
Event: 7.119 Thread 0x00000000155ce000 nmethod 1630 0x000000000355b4d0 code [0x000000000355b7c0, 0x000000000355e6c8]
Event: 7.120 Thread 0x00000000155ce000 1633       4       java.util.ArrayList$SubList::removeRange (47 bytes)
Event: 7.124 Thread 0x00000000155ce000 nmethod 1633 0x0000000003521290 code [0x00000000035213e0, 0x0000000003521658]
Event: 7.124 Thread 0x00000000155ce000 1634       4       java.util.ArrayList::removeRange (75 bytes)
Event: 7.128 Thread 0x00000000155ce000 nmethod 1634 0x0000000003520ed0 code [0x0000000003521020, 0x0000000003521198]
Event: 7.128 Thread 0x00000000155ce000 1637       4       com.android.dx.rop.code.LocalVariableExtractor::processBlock (327 bytes)

GC Heap History (4 events):
Event: 4.979 GC heap before
{Heap before GC invocations=1 (full 0):
 PSYoungGen      total 38400K, used 33280K [0x00000000eab00000, 0x00000000ed580000, 0x0000000100000000)
  eden space 33280K, 100% used [0x00000000eab00000,0x00000000ecb80000,0x00000000ecb80000)
  from space 5120K, 0% used [0x00000000ed080000,0x00000000ed080000,0x00000000ed580000)
  to   space 5120K, 0% used [0x00000000ecb80000,0x00000000ecb80000,0x00000000ed080000)
 ParOldGen       total 87552K, used 0K [0x00000000c0000000, 0x00000000c5580000, 0x00000000eab00000)
  object space 87552K, 0% used [0x00000000c0000000,0x00000000c0000000,0x00000000c5580000)
 Metaspace       used 6011K, capacity 6896K, committed 7040K, reserved 1056768K
  class space    used 593K, capacity 616K, committed 640K, reserved 1048576K
Event: 5.174 GC heap after
Heap after GC invocations=1 (full 0):
 PSYoungGen      total 38400K, used 5115K [0x00000000eab00000, 0x00000000ef600000, 0x0000000100000000)
  eden space 33280K, 0% used [0x00000000eab00000,0x00000000eab00000,0x00000000ecb80000)
  from space 5120K, 99% used [0x00000000ecb80000,0x00000000ed07edb0,0x00000000ed080000)
  to   space 5120K, 0% used [0x00000000ef100000,0x00000000ef100000,0x00000000ef600000)
 ParOldGen       total 87552K, used 522K [0x00000000c0000000, 0x00000000c5580000, 0x00000000eab00000)
  object space 87552K, 0% used [0x00000000c0000000,0x00000000c0082b98,0x00000000c5580000)
 Metaspace       used 6011K, capacity 6896K, committed 7040K, reserved 1056768K
  class space    used 593K, capacity 616K, committed 640K, reserved 1048576K
}
Event: 7.363 GC heap before
{Heap before GC invocations=2 (full 0):
 PSYoungGen      total 38400K, used 38395K [0x00000000eab00000, 0x00000000ef600000, 0x0000000100000000)
  eden space 33280K, 100% used [0x00000000eab00000,0x00000000ecb80000,0x00000000ecb80000)
  from space 5120K, 99% used [0x00000000ecb80000,0x00000000ed07edb0,0x00000000ed080000)
  to   space 5120K, 0% used [0x00000000ef100000,0x00000000ef100000,0x00000000ef600000)
 ParOldGen       total 87552K, used 522K [0x00000000c0000000, 0x00000000c5580000, 0x00000000eab00000)
  object space 87552K, 0% used [0x00000000c0000000,0x00000000c0082b98,0x00000000c5580000)
 Metaspace       used 6206K, capacity 7088K, committed 7296K, reserved 1056768K
  class space    used 594K, capacity 616K, committed 640K, reserved 1048576K
Event: 8.128 GC heap after
Heap after GC invocations=2 (full 0):
 PSYoungGen      total 71680K, used 5114K [0x00000000eab00000, 0x00000000ef600000, 0x0000000100000000)
  eden space 66560K, 0% used [0x00000000eab00000,0x00000000eab00000,0x00000000eec00000)
  from space 5120K, 99% used [0x00000000ef100000,0x00000000ef5feaa8,0x00000000ef600000)
  to   space 5120K, 0% used [0x00000000eec00000,0x00000000eec00000,0x00000000ef100000)
 ParOldGen       total 87552K, used 4517K [0x00000000c0000000, 0x00000000c5580000, 0x00000000eab00000)
  object space 87552K, 5% used [0x00000000c0000000,0x00000000c0469610,0x00000000c5580000)
 Metaspace       used 6206K, capacity 7088K, committed 7296K, reserved 1056768K
  class space    used 594K, capacity 616K, committed 640K, reserved 1048576K
}

Deoptimization events (10 events):
Event: 4.087 Thread 0x0000000002da0800 Uncommon trap: reason=class_check action=maybe_recompile pc=0x00000000031420f0 method=com.android.dx.ssa.NormalSsaInsn.accept(Lcom/android/dx/ssa/SsaInsn$Visitor;)V @ 9
Event: 4.087 Thread 0x0000000002da0800 Uncommon trap: reason=class_check action=maybe_recompile pc=0x00000000031420f0 method=com.android.dx.ssa.NormalSsaInsn.accept(Lcom/android/dx/ssa/SsaInsn$Visitor;)V @ 9
Event: 4.087 Thread 0x0000000002da0800 Uncommon trap: reason=class_check action=maybe_recompile pc=0x00000000031420f0 method=com.android.dx.ssa.NormalSsaInsn.accept(Lcom/android/dx/ssa/SsaInsn$Visitor;)V @ 9
Event: 4.089 Thread 0x0000000002da0800 Uncommon trap: reason=class_check action=maybe_recompile pc=0x0000000003192e10 method=com.android.dx.ssa.NormalSsaInsn.accept(Lcom/android/dx/ssa/SsaInsn$Visitor;)V @ 9
Event: 5.349 Thread 0x0000000016e89800 Uncommon trap: reason=unstable_if action=reinterpret pc=0x00000000031d64dc method=com.android.dx.rop.cst.Constant.compareTo(Lcom/android/dx/rop/cst/Constant;)I @ 12
Event: 5.758 Thread 0x0000000016e8a800 Uncommon trap: reason=bimorphic action=maybe_recompile pc=0x00000000034595e0 method=com.android.dx.cf.code.BytecodeArray.parseInstruction(ILcom/android/dx/cf/code/BytecodeArray$Visitor;)I @ 2484
Event: 5.759 Thread 0x0000000016e8a800 Uncommon trap: reason=bimorphic action=maybe_recompile pc=0x00000000034595e0 method=com.android.dx.cf.code.BytecodeArray.parseInstruction(ILcom/android/dx/cf/code/BytecodeArray$Visitor;)I @ 2484
Event: 6.123 Thread 0x0000000016f9a800 Uncommon trap: reason=unstable_if action=reinterpret pc=0x000000000345a724 method=com.android.dx.cf.code.BytecodeArray.parseInstruction(ILcom/android/dx/cf/code/BytecodeArray$Visitor;)I @ 1198
Event: 6.203 Thread 0x0000000016f9a800 Uncommon trap: reason=unstable_if action=reinterpret pc=0x00000000032f859c method=com.android.dx.ssa.SsaMethod.updateOneDefinition(Lcom/android/dx/ssa/SsaInsn;Lcom/android/dx/rop/code/RegisterSpec;)V @ 4
Event: 6.268 Thread 0x0000000016e89800 Uncommon trap: reason=unstable_if action=reinterpret pc=0x00000000034b2b74 method=com.android.dx.ssa.SCCP.simulateBranch(Lcom/android/dx/ssa/SsaInsn;)V @ 118

Internal exceptions (2 events):
Event: 0.351 Thread 0x0000000002da0800 Exception <a 'java/lang/NoSuchMethodError': Method sun.misc.Unsafe.defineClass(Ljava/lang/String;[BII)Ljava/lang/Class; name or signature does not match> (0x00000000eab12f08) thrown at [C:\re\workspace\8-2-build-windows-amd64-cygwin\jdk8u45\3627\hotspot\sr¨îÅ?z÷?
Event: 0.351 Thread 0x0000000002da0800 Exception <a 'java/lang/NoSuchMethodError': Method sun.misc.Unsafe.prefetchRead(Ljava/lang/Object;J)V name or signature does not match> (0x00000000eab13198) thrown at [C:\re\workspace\8-2-build-windows-amd64-cygwin\jdk8u45\3627\hotspot\src\share\vm\prims\j

Events (10 events):
Event: 6.123 Thread 0x0000000016f9a800 DEOPT PACKING pc=0x000000000345a724 sp=0x00000000180ce7a0
Event: 6.123 Thread 0x0000000016f9a800 DEOPT UNPACKING pc=0x0000000002ee582a sp=0x00000000180ce738 mode 2
Event: 6.203 Thread 0x0000000016f9a800 Uncommon trap: trap_request=0xffffff65 fr.pc=0x00000000032f859c
Event: 6.203 Thread 0x0000000016f9a800 DEOPT PACKING pc=0x00000000032f859c sp=0x00000000180ce3e0
Event: 6.203 Thread 0x0000000016f9a800 DEOPT UNPACKING pc=0x0000000002ee582a sp=0x00000000180ce388 mode 2
Event: 6.268 Thread 0x0000000016e89800 Uncommon trap: trap_request=0xffffff65 fr.pc=0x00000000034b2b74
Event: 6.268 Thread 0x0000000016e89800 DEOPT PACKING pc=0x00000000034b2b74 sp=0x0000000017ece830
Event: 6.268 Thread 0x0000000016e89800 DEOPT UNPACKING pc=0x0000000002ee582a sp=0x0000000017ece830 mode 2
Event: 7.145 Executing VM operation: ParallelGCFailedAllocation
Event: 8.129 Executing VM operation: ParallelGCFailedAllocation done


Dynamic libraries:
0x00007ff7a1cf0000 - 0x00007ff7a1d27000 	C:\Program Files\Java\jdk8\bin\java.exe
0x00007ff892b20000 - 0x00007ff892ccd000 	C:\windows\SYSTEM32\ntdll.dll
0x00007ff8916e0000 - 0x00007ff89181e000 	C:\windows\system32\KERNEL32.DLL
0x00007ff88fd20000 - 0x00007ff88fe35000 	C:\windows\system32\KERNELBASE.dll
0x00007ff88e6d0000 - 0x00007ff88e75e000 	C:\windows\system32\apphelp.dll
0x00007ff883090000 - 0x00007ff8830e3000 	C:\windows\AppPatch\AppPatch64\AcGenral.DLL
0x00007ff891b70000 - 0x00007ff891c1a000 	C:\windows\system32\msvcrt.dll
0x00007ff88fe40000 - 0x00007ff88fe6e000 	C:\windows\system32\SspiCli.dll
0x00007ff892660000 - 0x00007ff8926b4000 	C:\windows\system32\SHLWAPI.dll
0x00007ff891cd0000 - 0x00007ff891e47000 	C:\windows\system32\USER32.dll
0x00007ff891f10000 - 0x00007ff8920a4000 	C:\windows\system32\ole32.dll
0x00007ff8901b0000 - 0x00007ff8916d9000 	C:\windows\system32\SHELL32.dll
0x00007ff88f220000 - 0x00007ff88f241000 	C:\windows\SYSTEM32\USERENV.dll
0x00007ff892a50000 - 0x00007ff892afa000 	C:\windows\system32\ADVAPI32.dll
0x00007ff885ae0000 - 0x00007ff885afe000 	C:\windows\SYSTEM32\MPR.dll
0x00007ff8926d0000 - 0x00007ff892810000 	C:\windows\system32\RPCRT4.dll
0x00007ff892810000 - 0x00007ff892869000 	C:\windows\SYSTEM32\sechost.dll
0x00007ff891820000 - 0x00007ff891a31000 	C:\windows\SYSTEM32\combase.dll
0x00007ff8920c0000 - 0x00007ff89220f000 	C:\windows\system32\GDI32.dll
0x00007ff88fc50000 - 0x00007ff88fc65000 	C:\windows\SYSTEM32\profapi.dll
0x00007ff88e0e0000 - 0x00007ff88e192000 	C:\windows\SYSTEM32\SHCORE.dll
0x00007ff891c90000 - 0x00007ff891cc6000 	C:\windows\system32\IMM32.DLL
0x00007ff892350000 - 0x00007ff8924a2000 	C:\windows\system32\MSCTF.dll
0x00007ff88d9e0000 - 0x00007ff88dc5b000 	C:\windows\WinSxS\amd64_microsoft.windows.common-controls_6595b64144ccf1df_6.0.9600.18006_none_623f33d3ecbe86e8\COMCTL32.dll
0x0000000052c50000 - 0x0000000052d22000 	C:\Program Files\Java\jdk8\jre\bin\msvcr100.dll
0x0000000053270000 - 0x0000000053af3000 	C:\Program Files\Java\jdk8\jre\bin\server\jvm.dll
0x00007ff88d400000 - 0x00007ff88d409000 	C:\windows\SYSTEM32\WSOCK32.dll
0x00007ff88d500000 - 0x00007ff88d522000 	C:\windows\SYSTEM32\WINMM.dll
0x00007ff88eef0000 - 0x00007ff88eefa000 	C:\windows\SYSTEM32\VERSION.dll
0x00007ff891c20000 - 0x00007ff891c27000 	C:\windows\system32\PSAPI.DLL
0x00007ff891a40000 - 0x00007ff891a9a000 	C:\windows\system32\WS2_32.dll
0x00007ff88d4d0000 - 0x00007ff88d4fa000 	C:\windows\SYSTEM32\WINMMBASE.dll
0x00007ff8920b0000 - 0x00007ff8920b9000 	C:\windows\system32\NSI.dll
0x00007ff890160000 - 0x00007ff8901af000 	C:\windows\SYSTEM32\cfgmgr32.dll
0x00007ff88e980000 - 0x00007ff88e9a8000 	C:\windows\SYSTEM32\DEVOBJ.dll
0x0000000053260000 - 0x000000005326f000 	C:\Program Files\Java\jdk8\jre\bin\verify.dll
0x0000000053230000 - 0x0000000053259000 	C:\Program Files\Java\jdk8\jre\bin\java.dll
0x0000000053210000 - 0x0000000053226000 	C:\Program Files\Java\jdk8\jre\bin\zip.dll

VM Arguments:
jvm_args: -Djava.awt.headless=true -Xmx1024M -Dfile.encoding=windows-1255 -Duser.country=US -Duser.language=en -Duser.variant 
java_command: com.android.dx.command.Main --dex --num-threads=4 --multi-dex --output C:\Users\User\AndroidStudioProjects\NavigateLifeSaver\app\build\intermediates\transforms\dex\debug\folders\1000\10\com.google.android.gms-play-services-basement-8.4.0_390da9869161dcea32cc966ccfa2cb4a26e6654c C:\Users\User\AndroidStudioProjects\NavigateLifeSaver\app\build\intermediates\exploded-aar\com.google.android.gms\play-services-basement\8.4.0\jars\classes.jar
java_class_path (initial): C:\Users\User\AppData\Local\Android\sdk\build-tools\23.0.3\lib\dx.jar
Launcher Type: SUN_STANDARD

Environment Variables:
JAVA_HOME=C:\Program Files\Java\jdk8
PATH=C:\Python27\;C:\ProgramData\Oracle\Java\javapath;C:\Program Files (x86)\Intel\iCLS Client\;C:\Program Files\Intel\iCLS Client\;C:\windows\system32;C:\windows;C:\windows\System32\Wbem;C:\windows\System32\WindowsPowerShell\v1.0\;C:\Program Files\Intel\Intel(R) Management Engine Components\DAL;C:\Program Files (x86)\Intel\Intel(R) Management Engine Components\DAL;C:\Program Files\Intel\Intel(R) Management Engine Components\IPT;C:\Program Files (x86)\Intel\Intel(R) Management Engine Components\IPT;C:\Program Files\Microsoft SQL Server\110\Tools\Binn\;C:\Program Files (x86)\Microsoft SDKs\TypeScript\1.0\;C:\Program Files\Microsoft SQL Server\120\Tools\Binn\;C:\Program Files (x86)\Windows Kits\8.1\Windows Performance Toolkit\;C:\MinGW\bin;\;C:\Program Files\Java\jdk8\bin;C:\Program Files (x86)\Skype\Phone\;C:\Program Files\Git\cmd\;C:\OpenCV\opencv\build\x86\vc12\bin\;
USERNAME=User
OS=Windows_NT
PROCESSOR_IDENTIFIER=Intel64 Family 6 Model 61 Stepping 4, GenuineIntel



---------------  S Y S T E M  ---------------

OS: Windows 8.1 , 64 bit Build 9600 (6.3.9600.17415)

CPU:total 4 (2 cores per cpu, 2 threads per core) family 6 model 61 stepping 4, cmov, cx8, fxsr, mmx, sse, sse2, sse3, ssse3, sse4.1, sse4.2, popcnt, avx, avx2, aes, clmul, erms, 3dnowpref, lzcnt, ht, tsc, tscinvbit, bmi1, bmi2, adx

Memory: 4k page, physical 8277100k(1365580k free), swap 8277100k(5100k free)

vm_info: Java HotSpot(TM) 64-Bit Server VM (25.45-b02) for windows-amd64 JRE (1.8.0_45-b15), built on Apr 30 2015 12:40:44 by "java_re" with MS VC++ 10.0 (VS2010)

time: Sat Aug 27 16:11:58 2016
elapsed time: 8 seconds (0d 0h 0m 8s)

