#
# There is insufficient memory for the Java Runtime Environment to continue.
# Native memory allocation (malloc) failed to allocate 32744 bytes for ChunkPool::allocate
# Possible reasons:
#   The system is out of physical RAM or swap space
#   In 32 bit mode, the process size limit was hit
# Possible solutions:
#   Reduce memory load on the system
#   Increase physical memory or swap space
#   Check if swap backing store is full
#   Use 64 bit Java on a 64 bit OS
#   Decrease Java heap size (-Xmx/-Xms)
#   Decrease number of Java threads
#   Decrease Java thread stack sizes (-Xss)
#   Set larger code cache with -XX:ReservedCodeCacheSize=
# This output file may be truncated or incomplete.
#
#  Out of Memory Error (allocation.cpp:273), pid=7388, tid=8120
#
# JRE version: Java(TM) SE Runtime Environment (8.0_45-b15) (build 1.8.0_45-b15)
# Java VM: Java HotSpot(TM) 64-Bit Server VM (25.45-b02 mixed mode windows-amd64 compressed oops)
# Failed to write core dump. Minidumps are not enabled by default on client versions of Windows
#

---------------  T H R E A D  ---------------

Current thread (0x000000001459d800):  JavaThread "C2 CompilerThread1" daemon [_thread_in_native, id=8120, stack(0x0000000015bb0000,0x0000000015cb0000)]

Stack: [0x0000000015bb0000,0x0000000015cb0000]
Native frames: (J=compiled Java code, j=interpreted, Vv=VM code, C=native code)
V  [jvm.dll+0x32b57a]


Current CompileTask:
C2:   8969  478   !   4       com.android.dx.rop.cst.StdConstantPool::getOrNull (13 bytes)


---------------  P R O C E S S  ---------------

Java Threads: ( => current thread )
  0x0000000015f3c000 JavaThread "pool-2-thread-4" [_thread_blocked, id=5132, stack(0x00000000167b0000,0x00000000168b0000)]
  0x0000000015f26800 JavaThread "pool-2-thread-3" [_thread_blocked, id=8308, stack(0x00000000166b0000,0x00000000167b0000)]
  0x0000000015eb1800 JavaThread "pool-2-thread-2" [_thread_blocked, id=6924, stack(0x00000000165b0000,0x00000000166b0000)]
  0x0000000015e3d000 JavaThread "pool-3-thread-1" [_thread_blocked, id=8840, stack(0x00000000164b0000,0x00000000165b0000)]
  0x0000000015e3a000 JavaThread "pool-2-thread-1" [_thread_blocked, id=4928, stack(0x00000000163b0000,0x00000000164b0000)]
  0x0000000015d01800 JavaThread "Service Thread" daemon [_thread_blocked, id=7196, stack(0x00000000161b0000,0x00000000162b0000)]
  0x0000000015cfb800 JavaThread "C1 CompilerThread2" daemon [_thread_blocked, id=5328, stack(0x00000000160b0000,0x00000000161b0000)]
=>0x000000001459d800 JavaThread "C2 CompilerThread1" daemon [_thread_in_native, id=8120, stack(0x0000000015bb0000,0x0000000015cb0000)]
  0x000000001459b800 JavaThread "C2 CompilerThread0" daemon [_thread_in_native, id=2708, stack(0x0000000015ab0000,0x0000000015bb0000)]
  0x0000000014599000 JavaThread "Attach Listener" daemon [_thread_blocked, id=4836, stack(0x00000000159b0000,0x0000000015ab0000)]
  0x0000000014598800 JavaThread "Signal Dispatcher" daemon [_thread_blocked, id=7924, stack(0x00000000158b0000,0x00000000159b0000)]
  0x0000000001db0800 JavaThread "Finalizer" daemon [_thread_blocked, id=7308, stack(0x00000000157b0000,0x00000000158b0000)]
  0x0000000001dad000 JavaThread "Reference Handler" daemon [_thread_blocked, id=3524, stack(0x00000000156b0000,0x00000000157b0000)]
  0x0000000001cc0800 JavaThread "main" [_thread_in_vm, id=3088, stack(0x0000000000480000,0x0000000000580000)]

Other Threads:
  0x0000000014518000 VMThread [stack: 0x00000000155b0000,0x00000000156b0000] [id=6256]
  0x0000000015d23000 WatcherThread [stack: 0x00000000162b0000,0x00000000163b0000] [id=8488]

VM state:not at safepoint (normal execution)

VM Mutex/Monitor currently owned by a thread: None

Heap:
 PSYoungGen      total 38400K, used 11622K [0x00000000eab00000, 0x00000000ed580000, 0x0000000100000000)
  eden space 33280K, 34% used [0x00000000eab00000,0x00000000eb659960,0x00000000ecb80000)
  from space 5120K, 0% used [0x00000000ed080000,0x00000000ed080000,0x00000000ed580000)
  to   space 5120K, 0% used [0x00000000ecb80000,0x00000000ecb80000,0x00000000ed080000)
 ParOldGen       total 87552K, used 0K [0x00000000c0000000, 0x00000000c5580000, 0x00000000eab00000)
  object space 87552K, 0% used [0x00000000c0000000,0x00000000c0000000,0x00000000c5580000)
 Metaspace       used 5347K, capacity 6384K, committed 6528K, reserved 1056768K
  class space    used 578K, capacity 616K, committed 640K, reserved 1048576K

Card table byte_map: [0x00000000113a0000,0x00000000115b0000] byte_map_base: 0x0000000010da0000

Marking Bits: (ParMarkBitMap*) 0x0000000053a74040
 Begin Bits: [0x00000000119b0000, 0x00000000129b0000)
 End Bits:   [0x00000000129b0000, 0x00000000139b0000)

Polling page: 0x0000000000360000

CodeCache: size=245760Kb used=2134Kb max_used=2145Kb free=243625Kb
 bounds [0x0000000001fe0000, 0x0000000002250000, 0x0000000010fe0000]
 total_blobs=744 nmethods=476 adapters=181
 compilation: enabled

Compilation events (10 events):
Event: 8.426 Thread 0x0000000015cfb800  473       3       java.util.ArrayList::<init> (12 bytes)
Event: 8.426 Thread 0x0000000015cfb800 nmethod 473 0x00000000021f4d90 code [0x00000000021f4f00, 0x00000000021f5190]
Event: 8.427 Thread 0x0000000015cfb800  474       3       java.util.ArrayList::remove (69 bytes)
Event: 8.427 Thread 0x0000000015cfb800 nmethod 474 0x00000000021f5290 code [0x00000000021f5440, 0x00000000021f5a68]
Event: 8.428 Thread 0x0000000015cfb800  475       1       java.util.concurrent.atomic.AtomicInteger::get (5 bytes)
Event: 8.428 Thread 0x0000000015cfb800 nmethod 475 0x00000000021ee4d0 code [0x00000000021ee620, 0x00000000021ee730]
Event: 8.962 Thread 0x000000001459d800  476       4       com.android.dx.util.ByteArray::getUnsignedByte (14 bytes)
Event: 8.963 Thread 0x000000001459b800  477       4       com.android.dx.rop.cst.CstString::utf8BytesToString (391 bytes)
Event: 8.964 Thread 0x000000001459d800 nmethod 476 0x00000000021f8ad0 code [0x00000000021f8c20, 0x00000000021f8d38]
Event: 8.965 Thread 0x000000001459d800  478   !   4       com.android.dx.rop.cst.StdConstantPool::getOrNull (13 bytes)

GC Heap History (0 events):
No events

Deoptimization events (0 events):
No events

Internal exceptions (2 events):
Event: 0.134 Thread 0x0000000001cc0800 Exception <a 'java/lang/NoSuchMethodError': Method sun.misc.Unsafe.defineClass(Ljava/lang/String;[BII)Ljava/lang/Class; name or signature does not match> (0x00000000eab12f08) thrown at [C:\re\workspace\8-2-build-windows-amd64-cygwin\jdk8u45\3627\hotspot\sr®Éó+Ö1Á?
Event: 0.134 Thread 0x0000000001cc0800 Exception <a 'java/lang/NoSuchMethodError': Method sun.misc.Unsafe.prefetchRead(Ljava/lang/Object;J)V name or signature does not match> (0x00000000eab13198) thrown at [C:\re\workspace\8-2-build-windows-amd64-cygwin\jdk8u45\3627\hotspot\src\share\vm\prims\j

Events (10 events):
Event: 2.774 loading class java/io/PrintWriter
Event: 2.774 loading class java/io/PrintWriter done
Event: 2.774 loading class com/android/dx/dex/file/DebugInfoItem
Event: 2.774 loading class com/android/dx/dex/file/DebugInfoItem done
Event: 2.775 loading class com/android/dx/rop/annotation/AnnotationsList
Event: 2.775 loading class com/android/dx/rop/annotation/AnnotationsList done
Event: 2.776 loading class com/android/dx/dex/file/MethodIdItem
Event: 2.776 loading class com/android/dx/dex/file/MethodIdItem done
Event: 4.429 Executing VM operation: EnableBiasedLocking
Event: 4.429 Executing VM operation: EnableBiasedLocking done


Dynamic libraries:
0x00007ff7a1cf0000 - 0x00007ff7a1d27000 	C:\Program Files\Java\jdk8\bin\java.exe
0x00007ff892b20000 - 0x00007ff892ccd000 	C:\windows\SYSTEM32\ntdll.dll
0x00007ff8916e0000 - 0x00007ff89181e000 	C:\windows\system32\KERNEL32.DLL
0x00007ff88fd20000 - 0x00007ff88fe35000 	C:\windows\system32\KERNELBASE.dll
0x00007ff88e6d0000 - 0x00007ff88e75e000 	C:\windows\system32\apphelp.dll
0x00007ff883090000 - 0x00007ff8830e3000 	C:\windows\AppPatch\AppPatch64\AcGenral.DLL
0x00007ff891b70000 - 0x00007ff891c1a000 	C:\windows\system32\msvcrt.dll
0x00007ff88fe40000 - 0x00007ff88fe6e000 	C:\windows\system32\SspiCli.dll
0x00007ff892660000 - 0x00007ff8926b4000 	C:\windows\system32\SHLWAPI.dll
0x00007ff891cd0000 - 0x00007ff891e47000 	C:\windows\system32\USER32.dll
0x00007ff891f10000 - 0x00007ff8920a4000 	C:\windows\system32\ole32.dll
0x00007ff8901b0000 - 0x00007ff8916d9000 	C:\windows\system32\SHELL32.dll
0x00007ff88f220000 - 0x00007ff88f241000 	C:\windows\SYSTEM32\USERENV.dll
0x00007ff892a50000 - 0x00007ff892afa000 	C:\windows\system32\ADVAPI32.dll
0x00007ff885ae0000 - 0x00007ff885afe000 	C:\windows\SYSTEM32\MPR.dll
0x00007ff8926d0000 - 0x00007ff892810000 	C:\windows\system32\RPCRT4.dll
0x00007ff892810000 - 0x00007ff892869000 	C:\windows\SYSTEM32\sechost.dll
0x00007ff891820000 - 0x00007ff891a31000 	C:\windows\SYSTEM32\combase.dll
0x00007ff8920c0000 - 0x00007ff89220f000 	C:\windows\system32\GDI32.dll
0x00007ff88fc50000 - 0x00007ff88fc65000 	C:\windows\SYSTEM32\profapi.dll
0x00007ff88e0e0000 - 0x00007ff88e192000 	C:\windows\SYSTEM32\SHCORE.dll
0x00007ff891c90000 - 0x00007ff891cc6000 	C:\windows\system32\IMM32.DLL
0x00007ff892350000 - 0x00007ff8924a2000 	C:\windows\system32\MSCTF.dll
0x00007ff88d9e0000 - 0x00007ff88dc5b000 	C:\windows\WinSxS\amd64_microsoft.windows.common-controls_6595b64144ccf1df_6.0.9600.18006_none_623f33d3ecbe86e8\COMCTL32.dll
0x0000000052c50000 - 0x0000000052d22000 	C:\Program Files\Java\jdk8\jre\bin\msvcr100.dll
0x0000000053270000 - 0x0000000053af3000 	C:\Program Files\Java\jdk8\jre\bin\server\jvm.dll
0x00007ff88d400000 - 0x00007ff88d409000 	C:\windows\SYSTEM32\WSOCK32.dll
0x00007ff88d500000 - 0x00007ff88d522000 	C:\windows\SYSTEM32\WINMM.dll
0x00007ff88eef0000 - 0x00007ff88eefa000 	C:\windows\SYSTEM32\VERSION.dll
0x00007ff891c20000 - 0x00007ff891c27000 	C:\windows\system32\PSAPI.DLL
0x00007ff891a40000 - 0x00007ff891a9a000 	C:\windows\system32\WS2_32.dll
0x00007ff88d4d0000 - 0x00007ff88d4fa000 	C:\windows\SYSTEM32\WINMMBASE.dll
0x00007ff8920b0000 - 0x00007ff8920b9000 	C:\windows\system32\NSI.dll
0x00007ff890160000 - 0x00007ff8901af000 	C:\windows\SYSTEM32\cfgmgr32.dll
0x00007ff88e980000 - 0x00007ff88e9a8000 	C:\windows\SYSTEM32\DEVOBJ.dll
0x0000000053260000 - 0x000000005326f000 	C:\Program Files\Java\jdk8\jre\bin\verify.dll
0x0000000053230000 - 0x0000000053259000 	C:\Program Files\Java\jdk8\jre\bin\java.dll
0x0000000053210000 - 0x0000000053226000 	C:\Program Files\Java\jdk8\jre\bin\zip.dll

VM Arguments:
jvm_args: -Djava.awt.headless=true -Xmx1024M -Dfile.encoding=windows-1255 -Duser.country=US -Duser.language=en -Duser.variant 
java_command: com.android.dx.command.Main --dex --num-threads=4 --multi-dex --output C:\Users\User\AndroidStudioProjects\NavigateLifeSaver\app\build\intermediates\transforms\dex\debug\folders\1000\1\debug_58f6ff552423d7068ddcd5911eafb215c0d3d8a3 C:\Users\User\AndroidStudioProjects\NavigateLifeSaver\app\build\intermediates\classes\debug
java_class_path (initial): C:\Users\User\AppData\Local\Android\sdk\build-tools\23.0.3\lib\dx.jar
Launcher Type: SUN_STANDARD

Environment Variables:
JAVA_HOME=C:\Program Files\Java\jdk8
PATH=C:\Python27\;C:\ProgramData\Oracle\Java\javapath;C:\Program Files (x86)\Intel\iCLS Client\;C:\Program Files\Intel\iCLS Client\;C:\windows\system32;C:\windows;C:\windows\System32\Wbem;C:\windows\System32\WindowsPowerShell\v1.0\;C:\Program Files\Intel\Intel(R) Management Engine Components\DAL;C:\Program Files (x86)\Intel\Intel(R) Management Engine Components\DAL;C:\Program Files\Intel\Intel(R) Management Engine Components\IPT;C:\Program Files (x86)\Intel\Intel(R) Management Engine Components\IPT;C:\Program Files\Microsoft SQL Server\110\Tools\Binn\;C:\Program Files (x86)\Microsoft SDKs\TypeScript\1.0\;C:\Program Files\Microsoft SQL Server\120\Tools\Binn\;C:\Program Files (x86)\Windows Kits\8.1\Windows Performance Toolkit\;C:\MinGW\bin;\;C:\Program Files\Java\jdk8\bin;C:\Program Files (x86)\Skype\Phone\;C:\Program Files\Git\cmd\;C:\OpenCV\opencv\build\x86\vc12\bin\;
USERNAME=User
OS=Windows_NT
PROCESSOR_IDENTIFIER=Intel64 Family 6 Model 61 Stepping 4, GenuineIntel



---------------  S Y S T E M  ---------------

OS: Windows 8.1 , 64 bit Build 9600 (6.3.9600.17415)

CPU:total 4 (2 cores per cpu, 2 threads per core) family 6 model 61 stepping 4, cmov, cx8, fxsr, mmx, sse, sse2, sse3, ssse3, sse4.1, sse4.2, popcnt, avx, avx2, aes, clmul, erms, 3dnowpref, lzcnt, ht, tsc, tscinvbit, bmi1, bmi2, adx

Memory: 4k page, physical 8277100k(1350352k free), swap 8277100k(4672k free)

vm_info: Java HotSpot(TM) 64-Bit Server VM (25.45-b02) for windows-amd64 JRE (1.8.0_45-b15), built on Apr 30 2015 12:40:44 by "java_re" with MS VC++ 10.0 (VS2010)

time: Sat Aug 27 16:08:49 2016
elapsed time: 8 seconds (0d 0h 0m 8s)

