#
# There is insufficient memory for the Java Runtime Environment to continue.
# Native memory allocation (malloc) failed to allocate 1232736 bytes for Chunk::new
# Possible reasons:
#   The system is out of physical RAM or swap space
#   In 32 bit mode, the process size limit was hit
# Possible solutions:
#   Reduce memory load on the system
#   Increase physical memory or swap space
#   Check if swap backing store is full
#   Use 64 bit Java on a 64 bit OS
#   Decrease Java heap size (-Xmx/-Xms)
#   Decrease number of Java threads
#   Decrease Java thread stack sizes (-Xss)
#   Set larger code cache with -XX:ReservedCodeCacheSize=
# This output file may be truncated or incomplete.
#
#  Out of Memory Error (allocation.cpp:390), pid=3640, tid=544
#
# JRE version: Java(TM) SE Runtime Environment (8.0_45-b15) (build 1.8.0_45-b15)
# Java VM: Java HotSpot(TM) 64-Bit Server VM (25.45-b02 mixed mode windows-amd64 compressed oops)
# Failed to write core dump. Minidumps are not enabled by default on client versions of Windows
#

---------------  T H R E A D  ---------------

Current thread (0x0000000015ed3800):  JavaThread "C2 CompilerThread1" daemon [_thread_in_native, id=544, stack(0x0000000016290000,0x0000000016390000)]

Stack: [0x0000000016290000,0x0000000016390000]
Native frames: (J=compiled Java code, j=interpreted, Vv=VM code, C=native code)
V  [jvm.dll+0x32b57a]
V  [jvm.dll+0x279873]
V  [jvm.dll+0x27a509]
V  [jvm.dll+0x271825]
V  [jvm.dll+0xcb9e2]
V  [jvm.dll+0xcbeac]
V  [jvm.dll+0x476ef2]
V  [jvm.dll+0x4b955f]
V  [jvm.dll+0x46bf81]
V  [jvm.dll+0x46ccbe]
V  [jvm.dll+0x4500f2]
V  [jvm.dll+0xa4352]
V  [jvm.dll+0xa4c8f]
V  [jvm.dll+0x241984]
V  [jvm.dll+0x29853a]
C  [msvcr100.dll+0x21d9f]
C  [msvcr100.dll+0x21e3b]
C  [KERNEL32.DLL+0x13d2]
C  [ntdll.dll+0x154e4]


Current CompileTask:
C2:  29617 2355       4       com.android.dx.ssa.SsaConverter::placePhiFunctions (394 bytes)


---------------  P R O C E S S  ---------------

Java Threads: ( => current thread )
  0x00000000161b1000 JavaThread "pool-2-thread-4" [_thread_in_Java, id=5300, stack(0x0000000017290000,0x0000000017390000)]
  0x00000000161b0000 JavaThread "pool-2-thread-3" [_thread_in_Java, id=9200, stack(0x0000000017190000,0x0000000017290000)]
  0x00000000161ab800 JavaThread "pool-2-thread-2" [_thread_in_Java, id=8444, stack(0x0000000017090000,0x0000000017190000)]
  0x00000000161aa800 JavaThread "pool-3-thread-1" [_thread_blocked, id=6872, stack(0x0000000016f90000,0x0000000017090000)]
  0x0000000016146000 JavaThread "pool-2-thread-1" [_thread_in_Java, id=3240, stack(0x0000000016e90000,0x0000000016f90000)]
  0x0000000015ee0000 JavaThread "Service Thread" daemon [_thread_blocked, id=940, stack(0x0000000016490000,0x0000000016590000)]
  0x0000000015ed9800 JavaThread "C1 CompilerThread2" daemon [_thread_blocked, id=6396, stack(0x0000000016390000,0x0000000016490000)]
=>0x0000000015ed3800 JavaThread "C2 CompilerThread1" daemon [_thread_in_native, id=544, stack(0x0000000016290000,0x0000000016390000)]
  0x000000001487a000 JavaThread "C2 CompilerThread0" daemon [_thread_in_native, id=6096, stack(0x0000000015d90000,0x0000000015e90000)]
  0x0000000014878800 JavaThread "Attach Listener" daemon [_thread_blocked, id=8768, stack(0x0000000015c90000,0x0000000015d90000)]
  0x0000000014877800 JavaThread "Signal Dispatcher" daemon [_thread_blocked, id=4192, stack(0x0000000015b90000,0x0000000015c90000)]
  0x0000000002156800 JavaThread "Finalizer" daemon [_thread_blocked, id=8856, stack(0x0000000015a90000,0x0000000015b90000)]
  0x000000000214d800 JavaThread "Reference Handler" daemon [_thread_blocked, id=6364, stack(0x0000000015990000,0x0000000015a90000)]
  0x0000000002060800 JavaThread "main" [_thread_in_Java, id=4900, stack(0x0000000001ea0000,0x0000000001fa0000)]

Other Threads:
  0x00000000147f8800 VMThread [stack: 0x0000000015890000,0x0000000015990000] [id=4088]
  0x0000000015ee1800 WatcherThread [stack: 0x0000000016590000,0x0000000016690000] [id=2764]

VM state:not at safepoint (normal execution)

VM Mutex/Monitor currently owned by a thread: None

Heap:
 PSYoungGen      total 150016K, used 44949K [0x00000000eab00000, 0x00000000fee00000, 0x0000000100000000)
  eden space 133120K, 33% used [0x00000000eab00000,0x00000000ed6e55a8,0x00000000f2d00000)
  from space 16896K, 0% used [0x00000000f2d00000,0x00000000f2d00000,0x00000000f3d80000)
  to   space 32256K, 32% used [0x00000000fce80000,0x00000000fd8c47c8,0x00000000fee00000)
 ParOldGen       total 179200K, used 178905K [0x00000000c0000000, 0x00000000caf00000, 0x00000000eab00000)
  object space 179200K, 99% used [0x00000000c0000000,0x00000000caeb6768,0x00000000caf00000)
 Metaspace       used 6507K, capacity 7256K, committed 7424K, reserved 1056768K
  class space    used 617K, capacity 656K, committed 768K, reserved 1048576K

Card table byte_map: [0x0000000011520000,0x0000000011730000] byte_map_base: 0x0000000010f20000

Marking Bits: (ParMarkBitMap*) 0x0000000053a74040
 Begin Bits: [0x0000000011c90000, 0x0000000012c90000)
 End Bits:   [0x0000000012c90000, 0x0000000013c90000)

Polling page: 0x0000000001e00000

CodeCache: size=245760Kb used=8586Kb max_used=11060Kb free=237173Kb
 bounds [0x0000000002160000, 0x0000000002c50000, 0x0000000011160000]
 total_blobs=2048 nmethods=1778 adapters=182
 compilation: enabled

Compilation events (10 events):
Event: 29.409 Thread 0x0000000015ed3800 nmethod 2327 0x000000000241d110 code [0x000000000241d4e0, 0x000000000241ff90]
Event: 29.409 Thread 0x0000000015ed3800 2337       4       com.android.dx.ssa.back.FirstFitLocalCombiningAllocator::handleUnassociatedParameters (60 bytes)
Event: 29.412 Thread 0x0000000015ed9800 2354       2       com.android.dx.cf.direct.AnnotationParser::<init> (69 bytes)
Event: 29.413 Thread 0x0000000015ed9800 nmethod 2354 0x000000000229efd0 code [0x000000000229f180, 0x000000000229f6a8]
Event: 29.423 Thread 0x0000000015ed3800 nmethod 2337 0x000000000240acd0 code [0x000000000240ae80, 0x000000000240b5e8]
Event: 29.423 Thread 0x0000000015ed3800 2355       4       com.android.dx.ssa.SsaConverter::placePhiFunctions (394 bytes)
Event: 29.536 Thread 0x000000001487a000 nmethod 2326 0x0000000002733210 code [0x00000000027336a0, 0x0000000002738740]
Event: 29.536 Thread 0x000000001487a000 2360 %     4       java.util.BitSet::cardinality @ 4 (32 bytes)
Event: 29.540 Thread 0x000000001487a000 nmethod 2360% 0x0000000002285490 code [0x00000000022855e0, 0x0000000002285778]
Event: 29.540 Thread 0x000000001487a000 2361       4       com.android.dx.ssa.MoveParamCombiner$1::visitNonMoveInsn (213 bytes)

GC Heap History (10 events):
Event: 15.681 GC heap before
{Heap before GC invocations=6 (full 0):
 PSYoungGen      total 71680K, used 7915K [0x00000000eab00000, 0x00000000f4f00000, 0x0000000100000000)
  eden space 66560K, 4% used [0x00000000eab00000,0x00000000eadc2e88,0x00000000eec00000)
  from space 5120K, 99% used [0x00000000eec00000,0x00000000ef0f8018,0x00000000ef100000)
  to   space 17408K, 0% used [0x00000000f3e00000,0x00000000f3e00000,0x00000000f4f00000)
 ParOldGen       total 87552K, used 22106K [0x00000000c0000000, 0x00000000c5580000, 0x00000000eab00000)
  object space 87552K, 25% used [0x00000000c0000000,0x00000000c1596a80,0x00000000c5580000)
 Metaspace       used 6461K, capacity 7256K, committed 7424K, reserved 1056768K
  class space    used 615K, capacity 656K, committed 768K, reserved 1048576K
Event: 16.061 GC heap after
Heap after GC invocations=6 (full 0):
 PSYoungGen      total 149504K, used 5296K [0x00000000eab00000, 0x00000000f4e00000, 0x0000000100000000)
  eden space 133120K, 0% used [0x00000000eab00000,0x00000000eab00000,0x00000000f2d00000)
  from space 16384K, 32% used [0x00000000f3e00000,0x00000000f432c028,0x00000000f4e00000)
  to   space 16896K, 0% used [0x00000000f2d00000,0x00000000f2d00000,0x00000000f3d80000)
 ParOldGen       total 87552K, used 22114K [0x00000000c0000000, 0x00000000c5580000, 0x00000000eab00000)
  object space 87552K, 25% used [0x00000000c0000000,0x00000000c1598a80,0x00000000c5580000)
 Metaspace       used 6461K, capacity 7256K, committed 7424K, reserved 1056768K
  class space    used 615K, capacity 656K, committed 768K, reserved 1048576K
}
Event: 20.015 GC heap before
{Heap before GC invocations=7 (full 0):
 PSYoungGen      total 149504K, used 138416K [0x00000000eab00000, 0x00000000f4e00000, 0x0000000100000000)
  eden space 133120K, 100% used [0x00000000eab00000,0x00000000f2d00000,0x00000000f2d00000)
  from space 16384K, 32% used [0x00000000f3e00000,0x00000000f432c028,0x00000000f4e00000)
  to   space 16896K, 0% used [0x00000000f2d00000,0x00000000f2d00000,0x00000000f3d80000)
 ParOldGen       total 87552K, used 22114K [0x00000000c0000000, 0x00000000c5580000, 0x00000000eab00000)
  object space 87552K, 25% used [0x00000000c0000000,0x00000000c1598a80,0x00000000c5580000)
 Metaspace       used 6494K, capacity 7256K, committed 7424K, reserved 1056768K
  class space    used 616K, capacity 656K, committed 768K, reserved 1048576K
Event: 20.152 GC heap after
Heap after GC invocations=7 (full 0):
 PSYoungGen      total 150016K, used 16891K [0x00000000eab00000, 0x00000000fee00000, 0x0000000100000000)
  eden space 133120K, 0% used [0x00000000eab00000,0x00000000eab00000,0x00000000f2d00000)
  from space 16896K, 99% used [0x00000000f2d00000,0x00000000f3d7ed70,0x00000000f3d80000)
  to   space 32256K, 0% used [0x00000000fce80000,0x00000000fce80000,0x00000000fee00000)
 ParOldGen       total 87552K, used 46876K [0x00000000c0000000, 0x00000000c5580000, 0x00000000eab00000)
  object space 87552K, 53% used [0x00000000c0000000,0x00000000c2dc7340,0x00000000c5580000)
 Metaspace       used 6494K, capacity 7256K, committed 7424K, reserved 1056768K
  class space    used 616K, capacity 656K, committed 768K, reserved 1048576K
}
Event: 20.429 GC heap before
{Heap before GC invocations=8 (full 0):
 PSYoungGen      total 150016K, used 150011K [0x00000000eab00000, 0x00000000fee00000, 0x0000000100000000)
  eden space 133120K, 100% used [0x00000000eab00000,0x00000000f2d00000,0x00000000f2d00000)
  from space 16896K, 99% used [0x00000000f2d00000,0x00000000f3d7ed70,0x00000000f3d80000)
  to   space 32256K, 0% used [0x00000000fce80000,0x00000000fce80000,0x00000000fee00000)
 ParOldGen       total 87552K, used 46876K [0x00000000c0000000, 0x00000000c5580000, 0x00000000eab00000)
  object space 87552K, 53% used [0x00000000c0000000,0x00000000c2dc7340,0x00000000c5580000)
 Metaspace       used 6498K, capacity 7256K, committed 7424K, reserved 1056768K
  class space    used 616K, capacity 656K, committed 768K, reserved 1048576K
Event: 20.579 GC heap after
Heap after GC invocations=8 (full 0):
 PSYoungGen      total 150016K, used 150011K [0x00000000eab00000, 0x00000000fee00000, 0x0000000100000000)
  eden space 133120K, 100% used [0x00000000eab00000,0x00000000f2d00000,0x00000000f2d00000)
  from space 16896K, 99% used [0x00000000f2d00000,0x00000000f3d7ed70,0x00000000f3d80000)
  to   space 32256K, 99% used [0x00000000fce80000,0x00000000fedfdc00,0x00000000fee00000)
 ParOldGen       total 112640K, used 112150K [0x00000000c0000000, 0x00000000c6e00000, 0x00000000eab00000)
  object space 112640K, 99% used [0x00000000c0000000,0x00000000c6d85890,0x00000000c6e00000)
 Metaspace       used 6498K, capacity 7256K, committed 7424K, reserved 1056768K
  class space    used 616K, capacity 656K, committed 768K, reserved 1048576K
}
Event: 20.580 GC heap before
{Heap before GC invocations=9 (full 1):
 PSYoungGen      total 150016K, used 150011K [0x00000000eab00000, 0x00000000fee00000, 0x0000000100000000)
  eden space 133120K, 100% used [0x00000000eab00000,0x00000000f2d00000,0x00000000f2d00000)
  from space 16896K, 99% used [0x00000000f2d00000,0x00000000f3d7ed70,0x00000000f3d80000)
  to   space 32256K, 99% used [0x00000000fce80000,0x00000000fedfdc00,0x00000000fee00000)
 ParOldGen       total 112640K, used 112150K [0x00000000c0000000, 0x00000000c6e00000, 0x00000000eab00000)
  object space 112640K, 99% used [0x00000000c0000000,0x00000000c6d85890,0x00000000c6e00000)
 Metaspace       used 6498K, capacity 7256K, committed 7424K, reserved 1056768K
  class space    used 616K, capacity 656K, committed 768K, reserved 1048576K
Event: 23.906 GC heap after
Heap after GC invocations=9 (full 1):
 PSYoungGen      total 150016K, used 0K [0x00000000eab00000, 0x00000000fee00000, 0x0000000100000000)
  eden space 133120K, 0% used [0x00000000eab00000,0x00000000eab00000,0x00000000f2d00000)
  from space 16896K, 0% used [0x00000000f2d00000,0x00000000f2d00000,0x00000000f3d80000)
  to   space 32256K, 70% used [0x00000000fce80000,0x00000000fe4c48a0,0x00000000fee00000)
 ParOldGen       total 179200K, used 112206K [0x00000000c0000000, 0x00000000caf00000, 0x00000000eab00000)
  object space 179200K, 62% used [0x00000000c0000000,0x00000000c6d93878,0x00000000caf00000)
 Metaspace       used 6498K, capacity 7256K, committed 7424K, reserved 1056768K
  class space    used 616K, capacity 656K, committed 768K, reserved 1048576K
}
Event: 24.742 GC heap before
{Heap before GC invocations=10 (full 2):
 PSYoungGen      total 150016K, used 133120K [0x00000000eab00000, 0x00000000fee00000, 0x0000000100000000)
  eden space 133120K, 100% used [0x00000000eab00000,0x00000000f2d00000,0x00000000f2d00000)
  from space 16896K, 0% used [0x00000000f2d00000,0x00000000f2d00000,0x00000000f3d80000)
  to   space 32256K, 70% used [0x00000000fce80000,0x00000000fe4c48a0,0x00000000fee00000)
 ParOldGen       total 179200K, used 112206K [0x00000000c0000000, 0x00000000caf00000, 0x00000000eab00000)
  object space 179200K, 62% used [0x00000000c0000000,0x00000000c6d93878,0x00000000caf00000)
 Metaspace       used 6506K, capacity 7256K, committed 7424K, reserved 1056768K
  class space    used 617K, capacity 656K, committed 768K, reserved 1048576K
Event: 29.289 GC heap after
Heap after GC invocations=10 (full 2):
 PSYoungGen      total 150016K, used 0K [0x00000000eab00000, 0x00000000fee00000, 0x0000000100000000)
  eden space 133120K, 0% used [0x00000000eab00000,0x00000000eab00000,0x00000000f2d00000)
  from space 16896K, 0% used [0x00000000f2d00000,0x00000000f2d00000,0x00000000f3d80000)
  to   space 32256K, 32% used [0x00000000fce80000,0x00000000fd8c47c8,0x00000000fee00000)
 ParOldGen       total 179200K, used 178905K [0x00000000c0000000, 0x00000000caf00000, 0x00000000eab00000)
  object space 179200K, 99% used [0x00000000c0000000,0x00000000caeb6768,0x00000000caf00000)
 Metaspace       used 6506K, capacity 7256K, committed 7424K, reserved 1056768K
  class space    used 617K, capacity 656K, committed 768K, reserved 1048576K
}

Deoptimization events (10 events):
Event: 18.181 Thread 0x0000000002060800 Uncommon trap: reason=unstable_if action=reinterpret pc=0x0000000002a13ab0 method=com.android.dx.cf.code.Merger.mergeType(Lcom/android/dx/rop/type/TypeBearer;Lcom/android/dx/rop/type/TypeBearer;)Lcom/android/dx/rop/type/TypeBearer; @ 52
Event: 18.208 Thread 0x0000000002060800 Uncommon trap: reason=unstable_if action=reinterpret pc=0x00000000028d2b94 method=com.android.dx.cf.code.Merger.mergeType(Lcom/android/dx/rop/type/TypeBearer;Lcom/android/dx/rop/type/TypeBearer;)Lcom/android/dx/rop/type/TypeBearer; @ 52
Event: 18.331 Thread 0x0000000002060800 Uncommon trap: reason=unstable_if action=reinterpret pc=0x00000000029657b4 method=com.android.dx.rop.code.BasicBlockList.preferredSuccessorOf(Lcom/android/dx/rop/code/BasicBlock;)Lcom/android/dx/rop/code/BasicBlock; @ 58
Event: 18.525 Thread 0x0000000002060800 Uncommon trap: reason=unstable_if action=reinterpret pc=0x0000000002b2caf4 method=com.android.dx.cf.code.ByteCatchList.typeNotFound(Lcom/android/dx/cf/code/ByteCatchList$Item;[Lcom/android/dx/cf/code/ByteCatchList$Item;I)Z @ 34
Event: 19.367 Thread 0x0000000002060800 Uncommon trap: reason=speculate_class_check action=maybe_recompile pc=0x0000000002a863b0 method=com.android.dx.rop.cst.TypedConstant.getBasicType()I @ 1
Event: 19.590 Thread 0x0000000002060800 Uncommon trap: reason=unstable_if action=reinterpret pc=0x00000000028bf93c method=com.android.dx.ssa.SCCP.simulateStmt(Lcom/android/dx/ssa/SsaInsn;)V @ 59
Event: 24.281 Thread 0x0000000016146000 Uncommon trap: reason=predicate action=maybe_recompile pc=0x000000000296efe0 method=com.android.dx.ssa.DomFront.run()[Lcom/android/dx/ssa/DomFront$DomInfo; @ 175
Event: 24.355 Thread 0x0000000016146000 Uncommon trap: reason=class_check action=maybe_recompile pc=0x0000000002922dd8 method=com.android.dx.ssa.SsaConverter.placePhiFunctions(Lcom/android/dx/ssa/SsaMethod;Lcom/android/dx/ssa/LocalVariableInfo;I)V @ 257
Event: 29.451 Thread 0x00000000161b0000 Uncommon trap: reason=predicate action=maybe_recompile pc=0x000000000296efe0 method=com.android.dx.ssa.DomFront.run()[Lcom/android/dx/ssa/DomFront$DomInfo; @ 175
Event: 29.545 Thread 0x00000000161ab800 Uncommon trap: reason=class_check action=maybe_recompile pc=0x0000000002922dd8 method=com.android.dx.ssa.SsaConverter.placePhiFunctions(Lcom/android/dx/ssa/SsaMethod;Lcom/android/dx/ssa/LocalVariableInfo;I)V @ 257

Internal exceptions (6 events):
Event: 0.086 Thread 0x0000000002060800 Exception <a 'java/lang/NoSuchMethodError': Method sun.misc.Unsafe.defineClass(Ljava/lang/String;[BII)Ljava/lang/Class; name or signature does not match> (0x00000000eab12f08) thrown at [C:\re\workspace\8-2-build-windows-amd64-cygwin\jdk8u45\3627\hotspot\srjS&<“∂?
Event: 0.086 Thread 0x0000000002060800 Exception <a 'java/lang/NoSuchMethodError': Method sun.misc.Unsafe.prefetchRead(Ljava/lang/Object;J)V name or signature does not match> (0x00000000eab13198) thrown at [C:\re\workspace\8-2-build-windows-amd64-cygwin\jdk8u45\3627\hotspot\src\share\vm\prims\jÙç6·
Event: 4.501 Thread 0x0000000002060800 Implicit null exception at 0x00000000024392a2 to 0x0000000002439395
Event: 11.455 Thread 0x00000000161ab800 Exception <a 'java/lang/ArrayIndexOutOfBoundsException': 18> (0x00000000ec4e5e88) thrown at [C:\re\workspace\8-2-build-windows-amd64-cygwin\jdk8u45\3627\hotspot\src\share\vm\interpreter\interpreterRuntime.cpp, line 366]
Event: 11.456 Thread 0x00000000161ab800 Exception <a 'java/lang/ArrayIndexOutOfBoundsException'> (0x00000000ec4e7958) thrown at [C:\re\workspace\8-2-build-windows-amd64-cygwin\jdk8u45\3627\hotspot\src\share\vm\runtime\sharedRuntime.cpp, line 605]
Event: 11.457 Thread 0x00000000161ab800 Exception <a 'java/lang/ArrayIndexOutOfBoundsException'> (0x00000000ec4e8b90) thrown at [C:\re\workspace\8-2-build-windows-amd64-cygwin\jdk8u45\3627\hotspot\src\share\vm\runtime\sharedRuntime.cpp, line 605]

Events (10 events):
Event: 29.439 Thread 0x00000000161b1000 DEOPT PACKING pc=0x00000000025fc950 sp=0x000000001738e7b0
Event: 29.439 Thread 0x00000000161b1000 DEOPT UNPACKING pc=0x00000000021a787f sp=0x000000001738e510 mode 0
Event: 29.451 Thread 0x00000000161b0000 Uncommon trap: trap_request=0xffffff86 fr.pc=0x000000000296efe0
Event: 29.451 Thread 0x00000000161b0000 DEOPT PACKING pc=0x000000000296efe0 sp=0x000000001728eaa0
Event: 29.451 Thread 0x00000000161b0000 DEOPT UNPACKING pc=0x00000000021a582a sp=0x000000001728ea68 mode 2
Event: 29.540 Thread 0x00000000161ab800 DEOPT PACKING pc=0x000000000238d358 sp=0x000000001718e690
Event: 29.540 Thread 0x00000000161ab800 DEOPT UNPACKING pc=0x00000000021a787f sp=0x000000001718e390 mode 0
Event: 29.545 Thread 0x00000000161ab800 Uncommon trap: trap_request=0xffffffde fr.pc=0x0000000002922dd8
Event: 29.545 Thread 0x00000000161ab800 DEOPT PACKING pc=0x0000000002922dd8 sp=0x000000001718e830
Event: 29.545 Thread 0x00000000161ab800 DEOPT UNPACKING pc=0x00000000021a582a sp=0x000000001718e868 mode 2


Dynamic libraries:
0x00007ff7a1cf0000 - 0x00007ff7a1d27000 	C:\Program Files\Java\jdk8\bin\java.exe
0x00007ff892b20000 - 0x00007ff892ccd000 	C:\windows\SYSTEM32\ntdll.dll
0x00007ff8916e0000 - 0x00007ff89181e000 	C:\windows\system32\KERNEL32.DLL
0x00007ff88fd20000 - 0x00007ff88fe35000 	C:\windows\system32\KERNELBASE.dll
0x00007ff88e6d0000 - 0x00007ff88e75e000 	C:\windows\system32\apphelp.dll
0x00007ff883090000 - 0x00007ff8830e3000 	C:\windows\AppPatch\AppPatch64\AcGenral.DLL
0x00007ff891b70000 - 0x00007ff891c1a000 	C:\windows\system32\msvcrt.dll
0x00007ff88fe40000 - 0x00007ff88fe6e000 	C:\windows\system32\SspiCli.dll
0x00007ff892660000 - 0x00007ff8926b4000 	C:\windows\system32\SHLWAPI.dll
0x00007ff891cd0000 - 0x00007ff891e47000 	C:\windows\system32\USER32.dll
0x00007ff891f10000 - 0x00007ff8920a4000 	C:\windows\system32\ole32.dll
0x00007ff8901b0000 - 0x00007ff8916d9000 	C:\windows\system32\SHELL32.dll
0x00007ff88f220000 - 0x00007ff88f241000 	C:\windows\SYSTEM32\USERENV.dll
0x00007ff892a50000 - 0x00007ff892afa000 	C:\windows\system32\ADVAPI32.dll
0x00007ff885ae0000 - 0x00007ff885afe000 	C:\windows\SYSTEM32\MPR.dll
0x00007ff8926d0000 - 0x00007ff892810000 	C:\windows\system32\RPCRT4.dll
0x00007ff892810000 - 0x00007ff892869000 	C:\windows\SYSTEM32\sechost.dll
0x00007ff891820000 - 0x00007ff891a31000 	C:\windows\SYSTEM32\combase.dll
0x00007ff8920c0000 - 0x00007ff89220f000 	C:\windows\system32\GDI32.dll
0x00007ff88fc50000 - 0x00007ff88fc65000 	C:\windows\SYSTEM32\profapi.dll
0x00007ff88e0e0000 - 0x00007ff88e192000 	C:\windows\SYSTEM32\SHCORE.dll
0x00007ff891c90000 - 0x00007ff891cc6000 	C:\windows\system32\IMM32.DLL
0x00007ff892350000 - 0x00007ff8924a2000 	C:\windows\system32\MSCTF.dll
0x00007ff88d9e0000 - 0x00007ff88dc5b000 	C:\windows\WinSxS\amd64_microsoft.windows.common-controls_6595b64144ccf1df_6.0.9600.18006_none_623f33d3ecbe86e8\COMCTL32.dll
0x0000000052c50000 - 0x0000000052d22000 	C:\Program Files\Java\jdk8\jre\bin\msvcr100.dll
0x0000000053270000 - 0x0000000053af3000 	C:\Program Files\Java\jdk8\jre\bin\server\jvm.dll
0x00007ff88d400000 - 0x00007ff88d409000 	C:\windows\SYSTEM32\WSOCK32.dll
0x00007ff88d500000 - 0x00007ff88d522000 	C:\windows\SYSTEM32\WINMM.dll
0x00007ff88eef0000 - 0x00007ff88eefa000 	C:\windows\SYSTEM32\VERSION.dll
0x00007ff891c20000 - 0x00007ff891c27000 	C:\windows\system32\PSAPI.DLL
0x00007ff891a40000 - 0x00007ff891a9a000 	C:\windows\system32\WS2_32.dll
0x00007ff88d4d0000 - 0x00007ff88d4fa000 	C:\windows\SYSTEM32\WINMMBASE.dll
0x00007ff8920b0000 - 0x00007ff8920b9000 	C:\windows\system32\NSI.dll
0x00007ff890160000 - 0x00007ff8901af000 	C:\windows\SYSTEM32\cfgmgr32.dll
0x00007ff88e980000 - 0x00007ff88e9a8000 	C:\windows\SYSTEM32\DEVOBJ.dll
0x0000000053260000 - 0x000000005326f000 	C:\Program Files\Java\jdk8\jre\bin\verify.dll
0x0000000053230000 - 0x0000000053259000 	C:\Program Files\Java\jdk8\jre\bin\java.dll
0x0000000053210000 - 0x0000000053226000 	C:\Program Files\Java\jdk8\jre\bin\zip.dll
0x00007ff888090000 - 0x00007ff888219000 	C:\windows\SYSTEM32\dbghelp.dll

VM Arguments:
jvm_args: -Djava.awt.headless=true -Xmx1024M -Dfile.encoding=windows-1255 -Duser.country=US -Duser.language=en -Duser.variant 
java_command: com.android.dx.command.Main --dex --num-threads=4 --multi-dex --output C:\Users\User\AndroidStudioProjects\NavigateLifeSaver\app\build\intermediates\transforms\dex\debug\folders\1000\10\com.google.android.gms-play-services-ads-8.4.0_71bead0ba43cb982d06774c135e4ad9aaf8ae3d9 C:\Users\User\AndroidStudioProjects\NavigateLifeSaver\app\build\intermediates\exploded-aar\com.google.android.gms\play-services-ads\8.4.0\jars\classes.jar
java_class_path (initial): C:\Users\User\AppData\Local\Android\sdk\build-tools\23.0.3\lib\dx.jar
Launcher Type: SUN_STANDARD

Environment Variables:
JAVA_HOME=C:\Program Files\Java\jdk8
PATH=C:\Python27\;C:\ProgramData\Oracle\Java\javapath;C:\Program Files (x86)\Intel\iCLS Client\;C:\Program Files\Intel\iCLS Client\;C:\windows\system32;C:\windows;C:\windows\System32\Wbem;C:\windows\System32\WindowsPowerShell\v1.0\;C:\Program Files\Intel\Intel(R) Management Engine Components\DAL;C:\Program Files (x86)\Intel\Intel(R) Management Engine Components\DAL;C:\Program Files\Intel\Intel(R) Management Engine Components\IPT;C:\Program Files (x86)\Intel\Intel(R) Management Engine Components\IPT;C:\Program Files\Microsoft SQL Server\110\Tools\Binn\;C:\Program Files (x86)\Microsoft SDKs\TypeScript\1.0\;C:\Program Files\Microsoft SQL Server\120\Tools\Binn\;C:\Program Files (x86)\Windows Kits\8.1\Windows Performance Toolkit\;C:\MinGW\bin;\;C:\Program Files\Java\jdk8\bin;C:\Program Files (x86)\Skype\Phone\;C:\Program Files\Git\cmd\;C:\OpenCV\opencv\build\x86\vc12\bin\;
USERNAME=User
OS=Windows_NT
PROCESSOR_IDENTIFIER=Intel64 Family 6 Model 61 Stepping 4, GenuineIntel



---------------  S Y S T E M  ---------------

OS: Windows 8.1 , 64 bit Build 9600 (6.3.9600.17415)

CPU:total 4 (2 cores per cpu, 2 threads per core) family 6 model 61 stepping 4, cmov, cx8, fxsr, mmx, sse, sse2, sse3, ssse3, sse4.1, sse4.2, popcnt, avx, avx2, aes, clmul, erms, 3dnowpref, lzcnt, ht, tsc, tscinvbit, bmi1, bmi2, adx

Memory: 4k page, physical 8277100k(1235244k free), swap 8277100k(5076k free)

vm_info: Java HotSpot(TM) 64-Bit Server VM (25.45-b02) for windows-amd64 JRE (1.8.0_45-b15), built on Apr 30 2015 12:40:44 by "java_re" with MS VC++ 10.0 (VS2010)

time: Sat Aug 27 13:55:20 2016
elapsed time: 29 seconds (0d 0h 0m 29s)

