#
# There is insufficient memory for the Java Runtime Environment to continue.
# Native memory allocation (malloc) failed to allocate 32744 bytes for ChunkPool::allocate
# Possible reasons:
#   The system is out of physical RAM or swap space
#   In 32 bit mode, the process size limit was hit
# Possible solutions:
#   Reduce memory load on the system
#   Increase physical memory or swap space
#   Check if swap backing store is full
#   Use 64 bit Java on a 64 bit OS
#   Decrease Java heap size (-Xmx/-Xms)
#   Decrease number of Java threads
#   Decrease Java thread stack sizes (-Xss)
#   Set larger code cache with -XX:ReservedCodeCacheSize=
# This output file may be truncated or incomplete.
#
#  Out of Memory Error (allocation.cpp:273), pid=6972, tid=8640
#
# JRE version: Java(TM) SE Runtime Environment (8.0_45-b15) (build 1.8.0_45-b15)
# Java VM: Java HotSpot(TM) 64-Bit Server VM (25.45-b02 mixed mode windows-amd64 compressed oops)
# Failed to write core dump. Minidumps are not enabled by default on client versions of Windows
#

---------------  T H R E A D  ---------------

Current thread (0x00000000148dd800):  JavaThread "C2 CompilerThread1" daemon [_thread_in_native, id=8640, stack(0x00000000162f0000,0x00000000163f0000)]

Stack: [0x00000000162f0000,0x00000000163f0000]
Native frames: (J=compiled Java code, j=interpreted, Vv=VM code, C=native code)
V  [jvm.dll+0x32b57a]


Current CompileTask:
C2:   8110 1438   !   4       com.android.dx.cf.cst.ConstantPoolParser::parse0 (731 bytes)


---------------  P R O C E S S  ---------------

Java Threads: ( => current thread )
  0x0000000016e8c000 JavaThread "pool-2-thread-4" [_thread_blocked, id=7776, stack(0x00000000182c0000,0x00000000183c0000)]
  0x0000000016e89800 JavaThread "pool-2-thread-3" [_thread_blocked, id=7208, stack(0x00000000181c0000,0x00000000182c0000)]
  0x0000000016bd0000 JavaThread "pool-2-thread-2" [_thread_blocked, id=5864, stack(0x00000000180c0000,0x00000000181c0000)]
  0x0000000016bcf000 JavaThread "pool-3-thread-1" [_thread_blocked, id=7380, stack(0x0000000017fc0000,0x00000000180c0000)]
  0x00000000161f2000 JavaThread "pool-2-thread-1" [_thread_blocked, id=2120, stack(0x0000000017ec0000,0x0000000017fc0000)]
  0x0000000015f41000 JavaThread "Service Thread" daemon [_thread_blocked, id=7212, stack(0x00000000164f0000,0x00000000165f0000)]
  0x0000000015f3b000 JavaThread "C1 CompilerThread2" daemon [_thread_blocked, id=8440, stack(0x00000000163f0000,0x00000000164f0000)]
=>0x00000000148dd800 JavaThread "C2 CompilerThread1" daemon [_thread_in_native, id=8640, stack(0x00000000162f0000,0x00000000163f0000)]
  0x00000000148cb800 JavaThread "C2 CompilerThread0" daemon [_thread_blocked, id=8888, stack(0x0000000015df0000,0x0000000015ef0000)]
  0x00000000148c9800 JavaThread "Attach Listener" daemon [_thread_blocked, id=1752, stack(0x0000000015cf0000,0x0000000015df0000)]
  0x00000000148c8800 JavaThread "Signal Dispatcher" daemon [_thread_blocked, id=2020, stack(0x0000000015bf0000,0x0000000015cf0000)]
  0x0000000014849800 JavaThread "Finalizer" daemon [_thread_blocked, id=3244, stack(0x0000000015af0000,0x0000000015bf0000)]
  0x00000000021a0800 JavaThread "Reference Handler" daemon [_thread_blocked, id=5044, stack(0x00000000159f0000,0x0000000015af0000)]
  0x00000000020b0800 JavaThread "main" [_thread_blocked, id=4348, stack(0x0000000001ec0000,0x0000000001fc0000)]

Other Threads:
  0x0000000014848000 VMThread [stack: 0x00000000158f0000,0x00000000159f0000] [id=5788]
  0x0000000015f62800 WatcherThread [stack: 0x00000000165f0000,0x00000000166f0000] [id=8072]

VM state:at safepoint (normal execution)

VM Mutex/Monitor currently owned by a thread:  ([mutex/lock_event])
[0x000000000203c9e0] Threads_lock - owner thread: 0x0000000014848000
[0x000000000203cd60] Heap_lock - owner thread: 0x0000000016e89800

Heap:
 PSYoungGen      total 38400K, used 37137K [0x00000000eab00000, 0x00000000ef600000, 0x0000000100000000)
  eden space 33280K, 100% used [0x00000000eab00000,0x00000000ecb80000,0x00000000ecb80000)
  from space 5120K, 75% used [0x00000000ecb80000,0x00000000ecf44488,0x00000000ed080000)
  to   space 5120K, 99% used [0x00000000ef100000,0x00000000ef5f9c78,0x00000000ef600000)
 ParOldGen       total 87552K, used 1782K [0x00000000c0000000, 0x00000000c5580000, 0x00000000eab00000)
  object space 87552K, 2% used [0x00000000c0000000,0x00000000c01bda90,0x00000000c5580000)
 Metaspace       used 6123K, capacity 7024K, committed 7296K, reserved 1056768K
  class space    used 594K, capacity 616K, committed 640K, reserved 1048576K

Card table byte_map: [0x0000000011570000,0x0000000011780000] byte_map_base: 0x0000000010f70000

Marking Bits: (ParMarkBitMap*) 0x0000000053a74040
 Begin Bits: [0x0000000011ce0000, 0x0000000012ce0000)
 End Bits:   [0x0000000012ce0000, 0x0000000013ce0000)

Polling page: 0x0000000000700000

CodeCache: size=245760Kb used=6137Kb max_used=6145Kb free=239622Kb
 bounds [0x00000000021b0000, 0x00000000027c0000, 0x00000000111b0000]
 total_blobs=1760 nmethods=1491 adapters=182
 compilation: enabled

Compilation events (10 events):
Event: 7.951 Thread 0x00000000148cb800 1493       4       com.android.dx.ssa.back.FirstFitLocalCombiningAllocator$1::visitNonMoveInsn (6 bytes)
Event: 7.952 Thread 0x00000000148cb800 nmethod 1493 0x0000000002724250 code [0x00000000027243a0, 0x0000000002724428]
Event: 7.953 Thread 0x0000000015f3b000 1494       3       com.android.dx.ssa.back.FirstFitLocalCombiningAllocator::handleLocalAssociatedOther (151 bytes)
Event: 7.954 Thread 0x0000000015f3b000 nmethod 1494 0x00000000027a6fd0 code [0x00000000027a7260, 0x00000000027a8318]
Event: 7.955 Thread 0x00000000148cb800 1495       4       com.android.dx.cf.code.LineNumberList::pcToLine (73 bytes)
Event: 7.955 Thread 0x00000000148cb800 nmethod 1495 0x00000000027a4090 code [0x00000000027a41c0, 0x00000000027a4258]
Event: 7.956 Thread 0x00000000148cb800 1496       4       com.android.dx.rop.code.SourcePosition::<init> (50 bytes)
Event: 7.956 Thread 0x00000000148cb800 nmethod 1496 0x00000000027666d0 code [0x0000000002766800, 0x00000000027668b8]
Event: 7.959 Thread 0x00000000148cb800 1497       4       com.android.dx.dex.code.RopToDop::dopFor (792 bytes)
Event: 8.000 Thread 0x00000000148cb800 nmethod 1497 0x00000000027b4110 code [0x00000000027b45c0, 0x00000000027b55d0]

GC Heap History (3 events):
Event: 4.748 GC heap before
{Heap before GC invocations=1 (full 0):
 PSYoungGen      total 38400K, used 33280K [0x00000000eab00000, 0x00000000ed580000, 0x0000000100000000)
  eden space 33280K, 100% used [0x00000000eab00000,0x00000000ecb80000,0x00000000ecb80000)
  from space 5120K, 0% used [0x00000000ed080000,0x00000000ed080000,0x00000000ed580000)
  to   space 5120K, 0% used [0x00000000ecb80000,0x00000000ecb80000,0x00000000ed080000)
 ParOldGen       total 87552K, used 0K [0x00000000c0000000, 0x00000000c5580000, 0x00000000eab00000)
  object space 87552K, 0% used [0x00000000c0000000,0x00000000c0000000,0x00000000c5580000)
 Metaspace       used 5648K, capacity 6576K, committed 6784K, reserved 1056768K
  class space    used 586K, capacity 616K, committed 640K, reserved 1048576K
Event: 4.980 GC heap after
Heap after GC invocations=1 (full 0):
 PSYoungGen      total 38400K, used 3857K [0x00000000eab00000, 0x00000000ef600000, 0x0000000100000000)
  eden space 33280K, 0% used [0x00000000eab00000,0x00000000eab00000,0x00000000ecb80000)
  from space 5120K, 75% used [0x00000000ecb80000,0x00000000ecf44488,0x00000000ed080000)
  to   space 5120K, 0% used [0x00000000ef100000,0x00000000ef100000,0x00000000ef600000)
 ParOldGen       total 87552K, used 8K [0x00000000c0000000, 0x00000000c5580000, 0x00000000eab00000)
  object space 87552K, 0% used [0x00000000c0000000,0x00000000c0002000,0x00000000c5580000)
 Metaspace       used 5648K, capacity 6576K, committed 6784K, reserved 1056768K
  class space    used 586K, capacity 616K, committed 640K, reserved 1048576K
}
Event: 8.008 GC heap before
{Heap before GC invocations=2 (full 0):
 PSYoungGen      total 38400K, used 37137K [0x00000000eab00000, 0x00000000ef600000, 0x0000000100000000)
  eden space 33280K, 100% used [0x00000000eab00000,0x00000000ecb80000,0x00000000ecb80000)
  from space 5120K, 75% used [0x00000000ecb80000,0x00000000ecf44488,0x00000000ed080000)
  to   space 5120K, 0% used [0x00000000ef100000,0x00000000ef100000,0x00000000ef600000)
 ParOldGen       total 87552K, used 8K [0x00000000c0000000, 0x00000000c5580000, 0x00000000eab00000)
  object space 87552K, 0% used [0x00000000c0000000,0x00000000c0002000,0x00000000c5580000)
 Metaspace       used 6123K, capacity 7024K, committed 7296K, reserved 1056768K
  class space    used 594K, capacity 616K, committed 640K, reserved 1048576K

Deoptimization events (10 events):
Event: 2.452 Thread 0x00000000020b0800 Uncommon trap: reason=unstable_if action=reinterpret pc=0x0000000002347158 method=java.util.regex.Pattern$BnM.match(Ljava/util/regex/Matcher;ILjava/lang/CharSequence;)Z @ 56
Event: 2.452 Thread 0x00000000020b0800 Uncommon trap: reason=unstable_if action=reinterpret pc=0x0000000002348f24 method=java.util.regex.Pattern$BnM.match(Ljava/util/regex/Matcher;ILjava/lang/CharSequence;)Z @ 56
Event: 4.260 Thread 0x0000000016bd0000 Uncommon trap: reason=unstable_if action=reinterpret pc=0x000000000240eddc method=java.util.HashMap.getNode(ILjava/lang/Object;)Ljava/util/HashMap$Node; @ 129
Event: 5.004 Thread 0x0000000016e8c000 Uncommon trap: reason=unstable_if action=reinterpret pc=0x0000000002421630 method=java.util.BitSet.nextSetBit(I)I @ 87
Event: 5.842 Thread 0x00000000020b0800 Uncommon trap: reason=class_check action=maybe_recompile pc=0x000000000246ee54 method=com.android.dx.ssa.NormalSsaInsn.accept(Lcom/android/dx/ssa/SsaInsn$Visitor;)V @ 9
Event: 5.842 Thread 0x00000000020b0800 Uncommon trap: reason=class_check action=maybe_recompile pc=0x000000000241e8f0 method=com.android.dx.ssa.NormalSsaInsn.accept(Lcom/android/dx/ssa/SsaInsn$Visitor;)V @ 9
Event: 5.842 Thread 0x00000000020b0800 Uncommon trap: reason=class_check action=maybe_recompile pc=0x000000000241e8f0 method=com.android.dx.ssa.NormalSsaInsn.accept(Lcom/android/dx/ssa/SsaInsn$Visitor;)V @ 9
Event: 5.966 Thread 0x0000000016e89800 Uncommon trap: reason=null_check action=make_not_entrant pc=0x000000000254c3e4 method=com.android.dx.rop.type.Type.equals(Ljava/lang/Object;)Z @ 8
Event: 6.089 Thread 0x00000000020b0800 Uncommon trap: reason=unstable_if action=reinterpret pc=0x00000000026b3504 method=com.android.dx.ssa.SCCP.simulateStmt(Lcom/android/dx/ssa/SsaInsn;)V @ 53
Event: 7.410 Thread 0x00000000161f2000 Uncommon trap: reason=unstable_if action=reinterpret pc=0x00000000025d1b9c method=com.android.dx.rop.code.RegisterSpecSet.<init>(I)V @ 2

Internal exceptions (3 events):
Event: 0.373 Thread 0x00000000020b0800 Exception <a 'java/lang/NoSuchMethodError': Method sun.misc.Unsafe.defineClass(Ljava/lang/String;[BII)Ljava/lang/Class; name or signature does not match> (0x00000000eab12f08) thrown at [C:\re\workspace\8-2-build-windows-amd64-cygwin\jdk8u45\3627\hotspot\sr¢Ì°â×?
Event: 0.373 Thread 0x00000000020b0800 Exception <a 'java/lang/NoSuchMethodError': Method sun.misc.Unsafe.prefetchRead(Ljava/lang/Object;J)V name or signature does not match> (0x00000000eab13198) thrown at [C:\re\workspace\8-2-build-windows-amd64-cygwin\jdk8u45\3627\hotspot\src\share\vm\prims\jÇrˆ–LÝ@
Event: 5.966 Thread 0x0000000016e89800 Implicit null exception at 0x000000000254c2e2 to 0x000000000254c3d5

Events (10 events):
Event: 7.169 Thread 0x0000000016bd0000 DEOPT PACKING pc=0x000000000250c53a sp=0x00000000181bebe0
Event: 7.169 Thread 0x0000000016bd0000 DEOPT UNPACKING pc=0x00000000021f787f sp=0x00000000181be948 mode 0
Event: 7.410 Thread 0x00000000161f2000 Uncommon trap: trap_request=0xffffff65 fr.pc=0x00000000025d1b9c
Event: 7.410 Thread 0x00000000161f2000 DEOPT PACKING pc=0x00000000025d1b9c sp=0x0000000017fbe8f0
Event: 7.410 Thread 0x00000000161f2000 DEOPT UNPACKING pc=0x00000000021f582a sp=0x0000000017fbe820 mode 2
Event: 7.417 Thread 0x0000000016e8c000 DEOPT PACKING pc=0x0000000002550813 sp=0x00000000183be680
Event: 7.417 Thread 0x0000000016e8c000 DEOPT UNPACKING pc=0x00000000021f787f sp=0x00000000183be448 mode 0
Event: 7.459 Thread 0x0000000016bd0000 DEOPT PACKING pc=0x0000000002550813 sp=0x00000000181becc0
Event: 7.459 Thread 0x0000000016bd0000 DEOPT UNPACKING pc=0x00000000021f787f sp=0x00000000181bea88 mode 0
Event: 8.000 Executing VM operation: ParallelGCFailedAllocation


Dynamic libraries:
0x00007ff7a1cf0000 - 0x00007ff7a1d27000 	C:\Program Files\Java\jdk8\bin\java.exe
0x00007ff892b20000 - 0x00007ff892ccd000 	C:\windows\SYSTEM32\ntdll.dll
0x00007ff8916e0000 - 0x00007ff89181e000 	C:\windows\system32\KERNEL32.DLL
0x00007ff88fd20000 - 0x00007ff88fe35000 	C:\windows\system32\KERNELBASE.dll
0x00007ff88e6d0000 - 0x00007ff88e75e000 	C:\windows\system32\apphelp.dll
0x00007ff883090000 - 0x00007ff8830e3000 	C:\windows\AppPatch\AppPatch64\AcGenral.DLL
0x00007ff891b70000 - 0x00007ff891c1a000 	C:\windows\system32\msvcrt.dll
0x00007ff88fe40000 - 0x00007ff88fe6e000 	C:\windows\system32\SspiCli.dll
0x00007ff892660000 - 0x00007ff8926b4000 	C:\windows\system32\SHLWAPI.dll
0x00007ff891cd0000 - 0x00007ff891e47000 	C:\windows\system32\USER32.dll
0x00007ff891f10000 - 0x00007ff8920a4000 	C:\windows\system32\ole32.dll
0x00007ff8901b0000 - 0x00007ff8916d9000 	C:\windows\system32\SHELL32.dll
0x00007ff88f220000 - 0x00007ff88f241000 	C:\windows\SYSTEM32\USERENV.dll
0x00007ff892a50000 - 0x00007ff892afa000 	C:\windows\system32\ADVAPI32.dll
0x00007ff885ae0000 - 0x00007ff885afe000 	C:\windows\SYSTEM32\MPR.dll
0x00007ff8926d0000 - 0x00007ff892810000 	C:\windows\system32\RPCRT4.dll
0x00007ff892810000 - 0x00007ff892869000 	C:\windows\SYSTEM32\sechost.dll
0x00007ff891820000 - 0x00007ff891a31000 	C:\windows\SYSTEM32\combase.dll
0x00007ff8920c0000 - 0x00007ff89220f000 	C:\windows\system32\GDI32.dll
0x00007ff88fc50000 - 0x00007ff88fc65000 	C:\windows\SYSTEM32\profapi.dll
0x00007ff88e0e0000 - 0x00007ff88e192000 	C:\windows\SYSTEM32\SHCORE.dll
0x00007ff891c90000 - 0x00007ff891cc6000 	C:\windows\system32\IMM32.DLL
0x00007ff892350000 - 0x00007ff8924a2000 	C:\windows\system32\MSCTF.dll
0x00007ff88d9e0000 - 0x00007ff88dc5b000 	C:\windows\WinSxS\amd64_microsoft.windows.common-controls_6595b64144ccf1df_6.0.9600.18006_none_623f33d3ecbe86e8\COMCTL32.dll
0x0000000052c50000 - 0x0000000052d22000 	C:\Program Files\Java\jdk8\jre\bin\msvcr100.dll
0x0000000053270000 - 0x0000000053af3000 	C:\Program Files\Java\jdk8\jre\bin\server\jvm.dll
0x00007ff88d400000 - 0x00007ff88d409000 	C:\windows\SYSTEM32\WSOCK32.dll
0x00007ff88d500000 - 0x00007ff88d522000 	C:\windows\SYSTEM32\WINMM.dll
0x00007ff88eef0000 - 0x00007ff88eefa000 	C:\windows\SYSTEM32\VERSION.dll
0x00007ff891c20000 - 0x00007ff891c27000 	C:\windows\system32\PSAPI.DLL
0x00007ff891a40000 - 0x00007ff891a9a000 	C:\windows\system32\WS2_32.dll
0x00007ff88d4d0000 - 0x00007ff88d4fa000 	C:\windows\SYSTEM32\WINMMBASE.dll
0x00007ff8920b0000 - 0x00007ff8920b9000 	C:\windows\system32\NSI.dll
0x00007ff890160000 - 0x00007ff8901af000 	C:\windows\SYSTEM32\cfgmgr32.dll
0x00007ff88e980000 - 0x00007ff88e9a8000 	C:\windows\SYSTEM32\DEVOBJ.dll
0x0000000053260000 - 0x000000005326f000 	C:\Program Files\Java\jdk8\jre\bin\verify.dll
0x0000000053230000 - 0x0000000053259000 	C:\Program Files\Java\jdk8\jre\bin\java.dll
0x0000000053210000 - 0x0000000053226000 	C:\Program Files\Java\jdk8\jre\bin\zip.dll
0x00007ff888090000 - 0x00007ff888219000 	C:\windows\SYSTEM32\dbghelp.dll

VM Arguments:
jvm_args: -Djava.awt.headless=true -Xmx1024M -Dfile.encoding=windows-1255 -Duser.country=US -Duser.language=en -Duser.variant 
java_command: com.android.dx.command.Main --dex --num-threads=4 --multi-dex --output C:\Users\User\AndroidStudioProjects\NavigateLifeSaver\app\build\intermediates\transforms\dex\debug\folders\1000\10\com.google.android.gms-play-services-ads-8.4.0_71bead0ba43cb982d06774c135e4ad9aaf8ae3d9 C:\Users\User\AndroidStudioProjects\NavigateLifeSaver\app\build\intermediates\exploded-aar\com.google.android.gms\play-services-ads\8.4.0\jars\classes.jar
java_class_path (initial): C:\Users\User\AppData\Local\Android\sdk\build-tools\23.0.3\lib\dx.jar
Launcher Type: SUN_STANDARD

Environment Variables:
JAVA_HOME=C:\Program Files\Java\jdk8
PATH=C:\Python27\;C:\ProgramData\Oracle\Java\javapath;C:\Program Files (x86)\Intel\iCLS Client\;C:\Program Files\Intel\iCLS Client\;C:\windows\system32;C:\windows;C:\windows\System32\Wbem;C:\windows\System32\WindowsPowerShell\v1.0\;C:\Program Files\Intel\Intel(R) Management Engine Components\DAL;C:\Program Files (x86)\Intel\Intel(R) Management Engine Components\DAL;C:\Program Files\Intel\Intel(R) Management Engine Components\IPT;C:\Program Files (x86)\Intel\Intel(R) Management Engine Components\IPT;C:\Program Files\Microsoft SQL Server\110\Tools\Binn\;C:\Program Files (x86)\Microsoft SDKs\TypeScript\1.0\;C:\Program Files\Microsoft SQL Server\120\Tools\Binn\;C:\Program Files (x86)\Windows Kits\8.1\Windows Performance Toolkit\;C:\MinGW\bin;\;C:\Program Files\Java\jdk8\bin;C:\Program Files (x86)\Skype\Phone\;C:\Program Files\Git\cmd\;C:\OpenCV\opencv\build\x86\vc12\bin\;
USERNAME=User
OS=Windows_NT
PROCESSOR_IDENTIFIER=Intel64 Family 6 Model 61 Stepping 4, GenuineIntel



---------------  S Y S T E M  ---------------

OS: Windows 8.1 , 64 bit Build 9600 (6.3.9600.17415)

CPU:total 4 (2 cores per cpu, 2 threads per core) family 6 model 61 stepping 4, cmov, cx8, fxsr, mmx, sse, sse2, sse3, ssse3, sse4.1, sse4.2, popcnt, avx, avx2, aes, clmul, erms, 3dnowpref, lzcnt, ht, tsc, tscinvbit, bmi1, bmi2, adx

Memory: 4k page, physical 8277100k(1368484k free), swap 8277100k(5124k free)

vm_info: Java HotSpot(TM) 64-Bit Server VM (25.45-b02) for windows-amd64 JRE (1.8.0_45-b15), built on Apr 30 2015 12:40:44 by "java_re" with MS VC++ 10.0 (VS2010)

time: Sat Aug 27 16:11:58 2016
elapsed time: 8 seconds (0d 0h 0m 8s)

