#
# There is insufficient memory for the Java Runtime Environment to continue.
# Native memory allocation (malloc) failed to allocate 1094416 bytes for Chunk::new
# Possible reasons:
#   The system is out of physical RAM or swap space
#   In 32 bit mode, the process size limit was hit
# Possible solutions:
#   Reduce memory load on the system
#   Increase physical memory or swap space
#   Check if swap backing store is full
#   Use 64 bit Java on a 64 bit OS
#   Decrease Java heap size (-Xmx/-Xms)
#   Decrease number of Java threads
#   Decrease Java thread stack sizes (-Xss)
#   Set larger code cache with -XX:ReservedCodeCacheSize=
# This output file may be truncated or incomplete.
#
#  Out of Memory Error (allocation.cpp:390), pid=7424, tid=8584
#
# JRE version: Java(TM) SE Runtime Environment (8.0_45-b15) (build 1.8.0_45-b15)
# Java VM: Java HotSpot(TM) 64-Bit Server VM (25.45-b02 mixed mode windows-amd64 compressed oops)
# Failed to write core dump. Minidumps are not enabled by default on client versions of Windows
#

---------------  T H R E A D  ---------------

Current thread (0x0000000015e54800):  JavaThread "C2 CompilerThread1" daemon [_thread_in_native, id=8584, stack(0x0000000016210000,0x0000000016310000)]

Stack: [0x0000000016210000,0x0000000016310000]
Native frames: (J=compiled Java code, j=interpreted, Vv=VM code, C=native code)
V  [jvm.dll+0x32b57a]


Current CompileTask:
C2:   9134 2191       4       com.android.dx.ssa.SsaConverter::placePhiFunctions (394 bytes)


---------------  P R O C E S S  ---------------

Java Threads: ( => current thread )
  0x000000001661a800 JavaThread "pool-2-thread-4" [_thread_blocked, id=7456, stack(0x0000000017210000,0x0000000017310000)]
  0x000000001661a000 JavaThread "pool-2-thread-3" [_thread_in_Java, id=7060, stack(0x0000000017110000,0x0000000017210000)]
  0x0000000016616800 JavaThread "pool-2-thread-2" [_thread_in_Java, id=7108, stack(0x0000000017010000,0x0000000017110000)]
  0x0000000016614800 JavaThread "pool-3-thread-1" [_thread_blocked, id=6664, stack(0x0000000016f10000,0x0000000017010000)]
  0x0000000016628800 JavaThread "pool-2-thread-1" [_thread_blocked, id=8812, stack(0x0000000016e10000,0x0000000016f10000)]
  0x0000000015e61800 JavaThread "Service Thread" daemon [_thread_blocked, id=2572, stack(0x0000000016410000,0x0000000016510000)]
  0x0000000015e5a800 JavaThread "C1 CompilerThread2" daemon [_thread_blocked, id=1848, stack(0x0000000016310000,0x0000000016410000)]
=>0x0000000015e54800 JavaThread "C2 CompilerThread1" daemon [_thread_in_native, id=8584, stack(0x0000000016210000,0x0000000016310000)]
  0x000000001480a800 JavaThread "C2 CompilerThread0" daemon [_thread_in_vm, id=5128, stack(0x0000000015d10000,0x0000000015e10000)]
  0x0000000014808800 JavaThread "Attach Listener" daemon [_thread_blocked, id=8864, stack(0x0000000015c10000,0x0000000015d10000)]
  0x0000000014807800 JavaThread "Signal Dispatcher" daemon [_thread_blocked, id=1336, stack(0x0000000015b10000,0x0000000015c10000)]
  0x0000000002076000 JavaThread "Finalizer" daemon [_thread_blocked, id=7172, stack(0x0000000015a10000,0x0000000015b10000)]
  0x000000000206d800 JavaThread "Reference Handler" daemon [_thread_blocked, id=8724, stack(0x0000000015910000,0x0000000015a10000)]
  0x0000000001f80800 JavaThread "main" [_thread_in_vm, id=2068, stack(0x0000000000750000,0x0000000000850000)]

Other Threads:
  0x0000000014788000 VMThread [stack: 0x0000000015810000,0x0000000015910000] [id=8952]
  0x0000000015e83800 WatcherThread [stack: 0x0000000016510000,0x0000000016610000] [id=5672]

VM state:not at safepoint (normal execution)

VM Mutex/Monitor currently owned by a thread: None

Heap:
 PSYoungGen      total 71680K, used 60437K [0x00000000eab00000, 0x00000000ef600000, 0x0000000100000000)
  eden space 66560K, 83% used [0x00000000eab00000,0x00000000ee105878,0x00000000eec00000)
  from space 5120K, 99% used [0x00000000eec00000,0x00000000ef0ffc48,0x00000000ef100000)
  to   space 5120K, 0% used [0x00000000ef100000,0x00000000ef100000,0x00000000ef600000)
 ParOldGen       total 87552K, used 23669K [0x00000000c0000000, 0x00000000c5580000, 0x00000000eab00000)
  object space 87552K, 27% used [0x00000000c0000000,0x00000000c171d630,0x00000000c5580000)
 Metaspace       used 6383K, capacity 7216K, committed 7296K, reserved 1056768K
  class space    used 596K, capacity 616K, committed 640K, reserved 1048576K

Card table byte_map: [0x00000000115b0000,0x00000000117c0000] byte_map_base: 0x0000000010fb0000

Marking Bits: (ParMarkBitMap*) 0x0000000053a74040
 Begin Bits: [0x0000000011c20000, 0x0000000012c20000)
 End Bits:   [0x0000000012c20000, 0x0000000013c20000)

Polling page: 0x0000000000610000

CodeCache: size=245760Kb used=9341Kb max_used=9350Kb free=236418Kb
 bounds [0x00000000021f0000, 0x0000000002b20000, 0x00000000111f0000]
 total_blobs=2361 nmethods=2091 adapters=182
 compilation: enabled

Compilation events (10 events):
Event: 8.859 Thread 0x000000001480a800 nmethod 1964 0x0000000002b055d0 code [0x0000000002b05720, 0x0000000002b05af8]
Event: 8.859 Thread 0x000000001480a800 1948       4       com.android.dx.rop.code.Insn::hashCode (5 bytes)
Event: 8.860 Thread 0x000000001480a800 nmethod 1948 0x0000000002895c90 code [0x0000000002895de0, 0x0000000002895e88]
Event: 9.051 Thread 0x0000000015e5a800 2192       3       com.android.dx.ssa.SCCP::simulateStmt (481 bytes)
Event: 9.053 Thread 0x0000000015e5a800 nmethod 2192 0x0000000002afe010 code [0x0000000002afe340, 0x0000000002b002d8]
Event: 9.054 Thread 0x000000001480a800 2193       4       com.android.dx.rop.code.BasicBlockList::preferredSuccessorOf (77 bytes)
Event: 9.059 Thread 0x000000001480a800 nmethod 2193 0x0000000002afd450 code [0x0000000002afd5c0, 0x0000000002afd8d8]
Event: 9.059 Thread 0x000000001480a800 2194       4       com.android.dx.dex.code.RopTranslator::outputBlock (202 bytes)
Event: 9.125 Thread 0x000000001480a800 nmethod 2194 0x0000000002b16290 code [0x0000000002b164e0, 0x0000000002b18008]
Event: 9.125 Thread 0x000000001480a800 2195 %     4       com.android.dx.rop.code.LocalVariableExtractor::processBlock @ 266 (327 bytes)

GC Heap History (10 events):
Event: 1.587 GC heap before
{Heap before GC invocations=1 (full 0):
 PSYoungGen      total 38400K, used 33280K [0x00000000eab00000, 0x00000000ed580000, 0x0000000100000000)
  eden space 33280K, 100% used [0x00000000eab00000,0x00000000ecb80000,0x00000000ecb80000)
  from space 5120K, 0% used [0x00000000ed080000,0x00000000ed080000,0x00000000ed580000)
  to   space 5120K, 0% used [0x00000000ecb80000,0x00000000ecb80000,0x00000000ed080000)
 ParOldGen       total 87552K, used 0K [0x00000000c0000000, 0x00000000c5580000, 0x00000000eab00000)
  object space 87552K, 0% used [0x00000000c0000000,0x00000000c0000000,0x00000000c5580000)
 Metaspace       used 5889K, capacity 6832K, committed 7040K, reserved 1056768K
  class space    used 592K, capacity 616K, committed 640K, reserved 1048576K
Event: 1.653 GC heap after
Heap after GC invocations=1 (full 0):
 PSYoungGen      total 38400K, used 5092K [0x00000000eab00000, 0x00000000ed580000, 0x0000000100000000)
  eden space 33280K, 0% used [0x00000000eab00000,0x00000000eab00000,0x00000000ecb80000)
  from space 5120K, 99% used [0x00000000ecb80000,0x00000000ed079050,0x00000000ed080000)
  to   space 5120K, 0% used [0x00000000ed080000,0x00000000ed080000,0x00000000ed580000)
 ParOldGen       total 87552K, used 215K [0x00000000c0000000, 0x00000000c5580000, 0x00000000eab00000)
  object space 87552K, 0% used [0x00000000c0000000,0x00000000c0035fc8,0x00000000c5580000)
 Metaspace       used 5889K, capacity 6832K, committed 7040K, reserved 1056768K
  class space    used 592K, capacity 616K, committed 640K, reserved 1048576K
}
Event: 2.707 GC heap before
{Heap before GC invocations=2 (full 0):
 PSYoungGen      total 38400K, used 38372K [0x00000000eab00000, 0x00000000ed580000, 0x0000000100000000)
  eden space 33280K, 100% used [0x00000000eab00000,0x00000000ecb80000,0x00000000ecb80000)
  from space 5120K, 99% used [0x00000000ecb80000,0x00000000ed079050,0x00000000ed080000)
  to   space 5120K, 0% used [0x00000000ed080000,0x00000000ed080000,0x00000000ed580000)
 ParOldGen       total 87552K, used 215K [0x00000000c0000000, 0x00000000c5580000, 0x00000000eab00000)
  object space 87552K, 0% used [0x00000000c0000000,0x00000000c0035fc8,0x00000000c5580000)
 Metaspace       used 6133K, capacity 7024K, committed 7296K, reserved 1056768K
  class space    used 594K, capacity 616K, committed 640K, reserved 1048576K
Event: 2.811 GC heap after
Heap after GC invocations=2 (full 0):
 PSYoungGen      total 38400K, used 5101K [0x00000000eab00000, 0x00000000ef600000, 0x0000000100000000)
  eden space 33280K, 0% used [0x00000000eab00000,0x00000000eab00000,0x00000000ecb80000)
  from space 5120K, 99% used [0x00000000ed080000,0x00000000ed57b608,0x00000000ed580000)
  to   space 5120K, 0% used [0x00000000ecb80000,0x00000000ecb80000,0x00000000ed080000)
 ParOldGen       total 87552K, used 3658K [0x00000000c0000000, 0x00000000c5580000, 0x00000000eab00000)
  object space 87552K, 4% used [0x00000000c0000000,0x00000000c0392a08,0x00000000c5580000)
 Metaspace       used 6133K, capacity 7024K, committed 7296K, reserved 1056768K
  class space    used 594K, capacity 616K, committed 640K, reserved 1048576K
}
Event: 5.152 GC heap before
{Heap before GC invocations=3 (full 0):
 PSYoungGen      total 38400K, used 38381K [0x00000000eab00000, 0x00000000ef600000, 0x0000000100000000)
  eden space 33280K, 100% used [0x00000000eab00000,0x00000000ecb80000,0x00000000ecb80000)
  from space 5120K, 99% used [0x00000000ed080000,0x00000000ed57b608,0x00000000ed580000)
  to   space 5120K, 0% used [0x00000000ecb80000,0x00000000ecb80000,0x00000000ed080000)
 ParOldGen       total 87552K, used 3658K [0x00000000c0000000, 0x00000000c5580000, 0x00000000eab00000)
  object space 87552K, 4% used [0x00000000c0000000,0x00000000c0392a08,0x00000000c5580000)
 Metaspace       used 6198K, capacity 7088K, committed 7296K, reserved 1056768K
  class space    used 594K, capacity 616K, committed 640K, reserved 1048576K
Event: 5.260 GC heap after
Heap after GC invocations=3 (full 0):
 PSYoungGen      total 38400K, used 5116K [0x00000000eab00000, 0x00000000ef600000, 0x0000000100000000)
  eden space 33280K, 0% used [0x00000000eab00000,0x00000000eab00000,0x00000000ecb80000)
  from space 5120K, 99% used [0x00000000ecb80000,0x00000000ed07f150,0x00000000ed080000)
  to   space 5120K, 0% used [0x00000000ef100000,0x00000000ef100000,0x00000000ef600000)
 ParOldGen       total 87552K, used 7354K [0x00000000c0000000, 0x00000000c5580000, 0x00000000eab00000)
  object space 87552K, 8% used [0x00000000c0000000,0x00000000c072eac8,0x00000000c5580000)
 Metaspace       used 6198K, capacity 7088K, committed 7296K, reserved 1056768K
  class space    used 594K, capacity 616K, committed 640K, reserved 1048576K
}
Event: 6.685 GC heap before
{Heap before GC invocations=4 (full 0):
 PSYoungGen      total 38400K, used 38396K [0x00000000eab00000, 0x00000000ef600000, 0x0000000100000000)
  eden space 33280K, 100% used [0x00000000eab00000,0x00000000ecb80000,0x00000000ecb80000)
  from space 5120K, 99% used [0x00000000ecb80000,0x00000000ed07f150,0x00000000ed080000)
  to   space 5120K, 0% used [0x00000000ef100000,0x00000000ef100000,0x00000000ef600000)
 ParOldGen       total 87552K, used 7354K [0x00000000c0000000, 0x00000000c5580000, 0x00000000eab00000)
  object space 87552K, 8% used [0x00000000c0000000,0x00000000c072eac8,0x00000000c5580000)
 Metaspace       used 6268K, capacity 7152K, committed 7296K, reserved 1056768K
  class space    used 595K, capacity 616K, committed 640K, reserved 1048576K
Event: 6.862 GC heap after
Heap after GC invocations=4 (full 0):
 PSYoungGen      total 71680K, used 5099K [0x00000000eab00000, 0x00000000ef600000, 0x0000000100000000)
  eden space 66560K, 0% used [0x00000000eab00000,0x00000000eab00000,0x00000000eec00000)
  from space 5120K, 99% used [0x00000000ef100000,0x00000000ef5faf58,0x00000000ef600000)
  to   space 5120K, 0% used [0x00000000eec00000,0x00000000eec00000,0x00000000ef100000)
 ParOldGen       total 87552K, used 12919K [0x00000000c0000000, 0x00000000c5580000, 0x00000000eab00000)
  object space 87552K, 14% used [0x00000000c0000000,0x00000000c0c9de98,0x00000000c5580000)
 Metaspace       used 6268K, capacity 7152K, committed 7296K, reserved 1056768K
  class space    used 595K, capacity 616K, committed 640K, reserved 1048576K
}
Event: 8.386 GC heap before
{Heap before GC invocations=5 (full 0):
 PSYoungGen      total 71680K, used 71659K [0x00000000eab00000, 0x00000000ef600000, 0x0000000100000000)
  eden space 66560K, 100% used [0x00000000eab00000,0x00000000eec00000,0x00000000eec00000)
  from space 5120K, 99% used [0x00000000ef100000,0x00000000ef5faf58,0x00000000ef600000)
  to   space 5120K, 0% used [0x00000000eec00000,0x00000000eec00000,0x00000000ef100000)
 ParOldGen       total 87552K, used 12919K [0x00000000c0000000, 0x00000000c5580000, 0x00000000eab00000)
  object space 87552K, 14% used [0x00000000c0000000,0x00000000c0c9de98,0x00000000c5580000)
 Metaspace       used 6356K, capacity 7152K, committed 7296K, reserved 1056768K
  class space    used 595K, capacity 616K, committed 640K, reserved 1048576K
Event: 8.497 GC heap after
Heap after GC invocations=5 (full 0):
 PSYoungGen      total 71680K, used 5119K [0x00000000eab00000, 0x00000000ef600000, 0x0000000100000000)
  eden space 66560K, 0% used [0x00000000eab00000,0x00000000eab00000,0x00000000eec00000)
  from space 5120K, 99% used [0x00000000eec00000,0x00000000ef0ffc48,0x00000000ef100000)
  to   space 5120K, 0% used [0x00000000ef100000,0x00000000ef100000,0x00000000ef600000)
 ParOldGen       total 87552K, used 23669K [0x00000000c0000000, 0x00000000c5580000, 0x00000000eab00000)
  object space 87552K, 27% used [0x00000000c0000000,0x00000000c171d630,0x00000000c5580000)
 Metaspace       used 6356K, capacity 7152K, committed 7296K, reserved 1056768K
  class space    used 595K, capacity 616K, committed 640K, reserved 1048576K
}

Deoptimization events (10 events):
Event: 7.153 Thread 0x0000000001f80800 Uncommon trap: reason=unloaded action=reinterpret pc=0x000000000275abdc method=com.android.dx.cf.cst.ConstantPoolParser.parse0(ILjava/util/BitSet;)Lcom/android/dx/rop/cst/Constant; @ 198
Event: 7.838 Thread 0x000000001661a800 Uncommon trap: reason=unstable_if action=reinterpret pc=0x0000000002894024 method=com.android.dx.cf.code.Ropper.addOrReplaceBlock(Lcom/android/dx/rop/code/BasicBlock;Lcom/android/dx/util/IntList;)Z @ 24
Event: 7.840 Thread 0x000000001661a000 Uncommon trap: reason=bimorphic action=maybe_recompile pc=0x0000000002a544a8 method=com.android.dx.cf.code.BytecodeArray.parseInstruction(ILcom/android/dx/cf/code/BytecodeArray$Visitor;)I @ 2281
Event: 7.840 Thread 0x000000001661a000 Uncommon trap: reason=bimorphic action=maybe_recompile pc=0x0000000002a544a8 method=com.android.dx.cf.code.BytecodeArray.parseInstruction(ILcom/android/dx/cf/code/BytecodeArray$Visitor;)I @ 2281
Event: 7.868 Thread 0x0000000001f80800 Uncommon trap: reason=unstable_if action=reinterpret pc=0x000000000278a3c8 method=com.android.dx.ssa.SCCP.simulateStmt(Lcom/android/dx/ssa/SsaInsn;)V @ 53
Event: 7.876 Thread 0x0000000001f80800 Uncommon trap: reason=class_check action=maybe_recompile pc=0x00000000026d4d3c method=java.util.HashMap.putVal(ILjava/lang/Object;Ljava/lang/Object;ZZ)Ljava/lang/Object; @ 203
Event: 8.578 Thread 0x0000000016628800 Uncommon trap: reason=unstable_if action=reinterpret pc=0x000000000284c284 method=com.android.dx.rop.code.LocalItem.compareHandlesNulls(Lcom/android/dx/rop/cst/CstString;Lcom/android/dx/rop/cst/CstString;)I @ 14
Event: 8.731 Thread 0x0000000016616800 Uncommon trap: reason=class_check action=maybe_recompile pc=0x0000000002ab9474 method=com.android.dx.cf.code.BytecodeArray.parseInstruction(ILcom/android/dx/cf/code/BytecodeArray$Visitor;)I @ 1417
Event: 8.739 Thread 0x000000001661a000 Uncommon trap: reason=class_check action=maybe_recompile pc=0x0000000002ab9474 method=com.android.dx.cf.code.BytecodeArray.parseInstruction(ILcom/android/dx/cf/code/BytecodeArray$Visitor;)I @ 1417
Event: 8.740 Thread 0x000000001661a000 Uncommon trap: reason=class_check action=maybe_recompile pc=0x0000000002ab9474 method=com.android.dx.cf.code.BytecodeArray.parseInstruction(ILcom/android/dx/cf/code/BytecodeArray$Visitor;)I @ 1417

Internal exceptions (6 events):
Event: 0.065 Thread 0x0000000001f80800 Exception <a 'java/lang/NoSuchMethodError': Method sun.misc.Unsafe.defineClass(Ljava/lang/String;[BII)Ljava/lang/Class; name or signature does not match> (0x00000000eab12f08) thrown at [C:\re\workspace\8-2-build-windows-amd64-cygwin\jdk8u45\3627\hotspot\srè"îpõ∞?
Event: 0.065 Thread 0x0000000001f80800 Exception <a 'java/lang/NoSuchMethodError': Method sun.misc.Unsafe.prefetchRead(Ljava/lang/Object;J)V name or signature does not match> (0x00000000eab13198) thrown at [C:\re\workspace\8-2-build-windows-amd64-cygwin\jdk8u45\3627\hotspot\src\share\vm\prims\jjH≠≥¯?
Event: 1.544 Thread 0x0000000016628800 Implicit null exception at 0x00000000024945a2 to 0x00000000024946a5
Event: 5.275 Thread 0x0000000016616800 Implicit null exception at 0x0000000002861355 to 0x0000000002864a8d
Event: 5.366 Thread 0x000000001661a800 Implicit null exception at 0x00000000028bf8e0 to 0x00000000028c3edd
Event: 8.578 Thread 0x0000000016628800 Implicit null exception at 0x000000000284a906 to 0x000000000284c259

Events (10 events):
Event: 8.732 Thread 0x0000000016616800 DEOPT PACKING pc=0x0000000002661d91 sp=0x000000001710ee60
Event: 8.732 Thread 0x0000000016616800 DEOPT UNPACKING pc=0x000000000223787f sp=0x000000001710ebc0 mode 0
Event: 8.739 Thread 0x000000001661a000 Uncommon trap: trap_request=0xffffffde fr.pc=0x0000000002ab9474
Event: 8.739 Thread 0x000000001661a000 DEOPT PACKING pc=0x0000000002ab9474 sp=0x000000001720e9c0
Event: 8.739 Thread 0x000000001661a000 DEOPT UNPACKING pc=0x000000000223582a sp=0x000000001720e968 mode 2
Event: 8.740 Thread 0x000000001661a000 Uncommon trap: trap_request=0xffffffde fr.pc=0x0000000002ab9474
Event: 8.740 Thread 0x000000001661a000 DEOPT PACKING pc=0x0000000002ab9474 sp=0x000000001720e9c0
Event: 8.740 Thread 0x000000001661a000 DEOPT UNPACKING pc=0x000000000223582a sp=0x000000001720e968 mode 2
Event: 8.753 Thread 0x0000000001f80800 DEOPT PACKING pc=0x0000000002675699 sp=0x000000000084e1b0
Event: 8.753 Thread 0x0000000001f80800 DEOPT UNPACKING pc=0x000000000223787f sp=0x000000000084dfe0 mode 0


Dynamic libraries:
0x00007ff7a1cf0000 - 0x00007ff7a1d27000 	C:\Program Files\Java\jdk8\bin\java.exe
0x00007ff892b20000 - 0x00007ff892ccd000 	C:\windows\SYSTEM32\ntdll.dll
0x00007ff8916e0000 - 0x00007ff89181e000 	C:\windows\system32\KERNEL32.DLL
0x00007ff88fd20000 - 0x00007ff88fe35000 	C:\windows\system32\KERNELBASE.dll
0x00007ff88e6d0000 - 0x00007ff88e75e000 	C:\windows\system32\apphelp.dll
0x00007ff883090000 - 0x00007ff8830e3000 	C:\windows\AppPatch\AppPatch64\AcGenral.DLL
0x00007ff891b70000 - 0x00007ff891c1a000 	C:\windows\system32\msvcrt.dll
0x00007ff88fe40000 - 0x00007ff88fe6e000 	C:\windows\system32\SspiCli.dll
0x00007ff892660000 - 0x00007ff8926b4000 	C:\windows\system32\SHLWAPI.dll
0x00007ff891cd0000 - 0x00007ff891e47000 	C:\windows\system32\USER32.dll
0x00007ff891f10000 - 0x00007ff8920a4000 	C:\windows\system32\ole32.dll
0x00007ff8901b0000 - 0x00007ff8916d9000 	C:\windows\system32\SHELL32.dll
0x00007ff88f220000 - 0x00007ff88f241000 	C:\windows\SYSTEM32\USERENV.dll
0x00007ff892a50000 - 0x00007ff892afa000 	C:\windows\system32\ADVAPI32.dll
0x00007ff885ae0000 - 0x00007ff885afe000 	C:\windows\SYSTEM32\MPR.dll
0x00007ff8926d0000 - 0x00007ff892810000 	C:\windows\system32\RPCRT4.dll
0x00007ff892810000 - 0x00007ff892869000 	C:\windows\SYSTEM32\sechost.dll
0x00007ff891820000 - 0x00007ff891a31000 	C:\windows\SYSTEM32\combase.dll
0x00007ff8920c0000 - 0x00007ff89220f000 	C:\windows\system32\GDI32.dll
0x00007ff88fc50000 - 0x00007ff88fc65000 	C:\windows\SYSTEM32\profapi.dll
0x00007ff88e0e0000 - 0x00007ff88e192000 	C:\windows\SYSTEM32\SHCORE.dll
0x00007ff891c90000 - 0x00007ff891cc6000 	C:\windows\system32\IMM32.DLL
0x00007ff892350000 - 0x00007ff8924a2000 	C:\windows\system32\MSCTF.dll
0x00007ff88d9e0000 - 0x00007ff88dc5b000 	C:\windows\WinSxS\amd64_microsoft.windows.common-controls_6595b64144ccf1df_6.0.9600.18006_none_623f33d3ecbe86e8\COMCTL32.dll
0x0000000052c50000 - 0x0000000052d22000 	C:\Program Files\Java\jdk8\jre\bin\msvcr100.dll
0x0000000053270000 - 0x0000000053af3000 	C:\Program Files\Java\jdk8\jre\bin\server\jvm.dll
0x00007ff88d400000 - 0x00007ff88d409000 	C:\windows\SYSTEM32\WSOCK32.dll
0x00007ff88d500000 - 0x00007ff88d522000 	C:\windows\SYSTEM32\WINMM.dll
0x00007ff88eef0000 - 0x00007ff88eefa000 	C:\windows\SYSTEM32\VERSION.dll
0x00007ff891c20000 - 0x00007ff891c27000 	C:\windows\system32\PSAPI.DLL
0x00007ff891a40000 - 0x00007ff891a9a000 	C:\windows\system32\WS2_32.dll
0x00007ff88d4d0000 - 0x00007ff88d4fa000 	C:\windows\SYSTEM32\WINMMBASE.dll
0x00007ff8920b0000 - 0x00007ff8920b9000 	C:\windows\system32\NSI.dll
0x00007ff890160000 - 0x00007ff8901af000 	C:\windows\SYSTEM32\cfgmgr32.dll
0x00007ff88e980000 - 0x00007ff88e9a8000 	C:\windows\SYSTEM32\DEVOBJ.dll
0x0000000053260000 - 0x000000005326f000 	C:\Program Files\Java\jdk8\jre\bin\verify.dll
0x0000000053230000 - 0x0000000053259000 	C:\Program Files\Java\jdk8\jre\bin\java.dll
0x0000000053210000 - 0x0000000053226000 	C:\Program Files\Java\jdk8\jre\bin\zip.dll

VM Arguments:
jvm_args: -Djava.awt.headless=true -Xmx1024M -Dfile.encoding=windows-1255 -Duser.country=US -Duser.language=en -Duser.variant 
java_command: com.android.dx.command.Main --dex --num-threads=4 --multi-dex --output C:\Users\User\AndroidStudioProjects\NavigateLifeSaver\app\build\intermediates\transforms\dex\debug\folders\1000\10\com.android.support-support-v4-23.1.1_cfa377b84af8dc785f86f77b204bafcb69b9565d C:\Users\User\AndroidStudioProjects\NavigateLifeSaver\app\build\intermediates\exploded-aar\com.android.support\support-v4\23.1.1\jars\classes.jar
java_class_path (initial): C:\Users\User\AppData\Local\Android\sdk\build-tools\23.0.3\lib\dx.jar
Launcher Type: SUN_STANDARD

Environment Variables:
JAVA_HOME=C:\Program Files\Java\jdk8
PATH=C:\Python27\;C:\ProgramData\Oracle\Java\javapath;C:\Program Files (x86)\Intel\iCLS Client\;C:\Program Files\Intel\iCLS Client\;C:\windows\system32;C:\windows;C:\windows\System32\Wbem;C:\windows\System32\WindowsPowerShell\v1.0\;C:\Program Files\Intel\Intel(R) Management Engine Components\DAL;C:\Program Files (x86)\Intel\Intel(R) Management Engine Components\DAL;C:\Program Files\Intel\Intel(R) Management Engine Components\IPT;C:\Program Files (x86)\Intel\Intel(R) Management Engine Components\IPT;C:\Program Files\Microsoft SQL Server\110\Tools\Binn\;C:\Program Files (x86)\Microsoft SDKs\TypeScript\1.0\;C:\Program Files\Microsoft SQL Server\120\Tools\Binn\;C:\Program Files (x86)\Windows Kits\8.1\Windows Performance Toolkit\;C:\MinGW\bin;\;C:\Program Files\Java\jdk8\bin;C:\Program Files (x86)\Skype\Phone\;C:\Program Files\Git\cmd\;C:\OpenCV\opencv\build\x86\vc12\bin\;
USERNAME=User
OS=Windows_NT
PROCESSOR_IDENTIFIER=Intel64 Family 6 Model 61 Stepping 4, GenuineIntel



---------------  S Y S T E M  ---------------

OS: Windows 8.1 , 64 bit Build 9600 (6.3.9600.17415)

CPU:total 4 (2 cores per cpu, 2 threads per core) family 6 model 61 stepping 4, cmov, cx8, fxsr, mmx, sse, sse2, sse3, ssse3, sse4.1, sse4.2, popcnt, avx, avx2, aes, clmul, erms, 3dnowpref, lzcnt, ht, tsc, tscinvbit, bmi1, bmi2, adx

Memory: 4k page, physical 8277100k(1235188k free), swap 8277100k(4980k free)

vm_info: Java HotSpot(TM) 64-Bit Server VM (25.45-b02) for windows-amd64 JRE (1.8.0_45-b15), built on Apr 30 2015 12:40:44 by "java_re" with MS VC++ 10.0 (VS2010)

time: Sat Aug 27 13:55:20 2016
elapsed time: 9 seconds (0d 0h 0m 9s)

