#
# There is insufficient memory for the Java Runtime Environment to continue.
# Native memory allocation (malloc) failed to allocate 1524576 bytes for Chunk::new
# Possible reasons:
#   The system is out of physical RAM or swap space
#   In 32 bit mode, the process size limit was hit
# Possible solutions:
#   Reduce memory load on the system
#   Increase physical memory or swap space
#   Check if swap backing store is full
#   Use 64 bit Java on a 64 bit OS
#   Decrease Java heap size (-Xmx/-Xms)
#   Decrease number of Java threads
#   Decrease Java thread stack sizes (-Xss)
#   Set larger code cache with -XX:ReservedCodeCacheSize=
# This output file may be truncated or incomplete.
#
#  Out of Memory Error (allocation.cpp:390), pid=2372, tid=7140
#
# JRE version: Java(TM) SE Runtime Environment (8.0_45-b15) (build 1.8.0_45-b15)
# Java VM: Java HotSpot(TM) 64-Bit Server VM (25.45-b02 mixed mode windows-amd64 compressed oops)
# Failed to write core dump. Minidumps are not enabled by default on client versions of Windows
#

---------------  T H R E A D  ---------------

Current thread (0x000000001cb8f800):  JavaThread "C2 CompilerThread1" daemon [_thread_in_native, id=7140, stack(0x000000001cf50000,0x000000001d050000)]

Stack: [0x000000001cf50000,0x000000001d050000]
Native frames: (J=compiled Java code, j=interpreted, Vv=VM code, C=native code)
V  [jvm.dll+0x32b57a]
V  [jvm.dll+0x279873]
V  [jvm.dll+0x27a509]
V  [jvm.dll+0x271825]
V  [jvm.dll+0xcb9e2]
V  [jvm.dll+0xcbeac]
V  [jvm.dll+0x476ef2]
V  [jvm.dll+0x4b955f]
V  [jvm.dll+0x46b6b5]
V  [jvm.dll+0x46ccbe]
V  [jvm.dll+0x4500f2]
V  [jvm.dll+0xa4352]
V  [jvm.dll+0xa4c8f]
V  [jvm.dll+0x241984]
V  [jvm.dll+0x29853a]
C  [msvcr100.dll+0x21d9f]
C  [msvcr100.dll+0x21e3b]
C  [KERNEL32.DLL+0x13d2]
C  [ntdll.dll+0x154e4]


Current CompileTask:
C2:   4143 1766   !   4       com.android.dx.cf.code.RopperMachine::run (1550 bytes)


---------------  P R O C E S S  ---------------

Java Threads: ( => current thread )
  0x000000001ce1a000 JavaThread "pool-2-thread-4" [_thread_in_vm, id=9024, stack(0x000000001d750000,0x000000001d850000)]
  0x000000001cdf2000 JavaThread "pool-2-thread-3" [_thread_in_Java, id=3096, stack(0x000000001d650000,0x000000001d750000)]
  0x000000001cdf1800 JavaThread "pool-2-thread-2" [_thread_in_Java, id=2056, stack(0x000000001d550000,0x000000001d650000)]
  0x000000001cdf0800 JavaThread "pool-3-thread-1" [_thread_blocked, id=7260, stack(0x000000001d450000,0x000000001d550000)]
  0x000000001cdee000 JavaThread "pool-2-thread-1" [_thread_in_Java, id=5668, stack(0x000000001d350000,0x000000001d450000)]
  0x000000001cba1000 JavaThread "Service Thread" daemon [_thread_blocked, id=8656, stack(0x000000001d150000,0x000000001d250000)]
  0x000000001cb9a800 JavaThread "C1 CompilerThread2" daemon [_thread_blocked, id=5252, stack(0x000000001d050000,0x000000001d150000)]
=>0x000000001cb8f800 JavaThread "C2 CompilerThread1" daemon [_thread_in_native, id=7140, stack(0x000000001cf50000,0x000000001d050000)]
  0x000000001b54b000 JavaThread "C2 CompilerThread0" daemon [_thread_in_native, id=8368, stack(0x000000001ca50000,0x000000001cb50000)]
  0x000000001b548800 JavaThread "Attach Listener" daemon [_thread_blocked, id=5820, stack(0x000000001c950000,0x000000001ca50000)]
  0x000000001b547800 JavaThread "Signal Dispatcher" daemon [_thread_blocked, id=7200, stack(0x000000001c850000,0x000000001c950000)]
  0x0000000001e20800 JavaThread "Finalizer" daemon [_thread_blocked, id=8420, stack(0x000000001c750000,0x000000001c850000)]
  0x0000000001e1d800 JavaThread "Reference Handler" daemon [_thread_blocked, id=8016, stack(0x000000001c650000,0x000000001c750000)]
  0x0000000001d30800 JavaThread "main" [_thread_in_Java, id=2248, stack(0x0000000001c30000,0x0000000001d30000)]

Other Threads:
  0x000000001b4c8800 VMThread [stack: 0x000000001c550000,0x000000001c650000] [id=5144]
  0x000000001cbc3000 WatcherThread [stack: 0x000000001d250000,0x000000001d350000] [id=5300]

VM state:not at safepoint (normal execution)

VM Mutex/Monitor currently owned by a thread: None

Heap:
 PSYoungGen      total 71680K, used 69479K [0x000000076ab00000, 0x000000076f600000, 0x00000007c0000000)
  eden space 66560K, 96% used [0x000000076ab00000,0x000000076e9dbb10,0x000000076ec00000)
  from space 5120K, 99% used [0x000000076f100000,0x000000076f5fe198,0x000000076f600000)
  to   space 5120K, 0% used [0x000000076ec00000,0x000000076ec00000,0x000000076f100000)
 ParOldGen       total 87552K, used 6415K [0x00000006c0000000, 0x00000006c5580000, 0x000000076ab00000)
  object space 87552K, 7% used [0x00000006c0000000,0x00000006c0643c38,0x00000006c5580000)
 Metaspace       used 6249K, capacity 7128K, committed 7424K, reserved 1056768K
  class space    used 611K, capacity 656K, committed 768K, reserved 1048576K

Card table byte_map: [0x00000000111f0000,0x0000000011a00000] byte_map_base: 0x000000000dbf0000

Marking Bits: (ParMarkBitMap*) 0x0000000053a74040
 Begin Bits: [0x0000000012360000, 0x0000000016360000)
 End Bits:   [0x0000000016360000, 0x000000001a360000)

Polling page: 0x0000000001b30000

CodeCache: size=245760Kb used=6961Kb max_used=6969Kb free=238798Kb
 bounds [0x0000000001e30000, 0x0000000002510000, 0x0000000010e30000]
 total_blobs=1973 nmethods=1704 adapters=182
 compilation: enabled

Compilation events (10 events):
Event: 4.052 Thread 0x000000001cb8f800 nmethod 1756 0x00000000024e8b10 code [0x00000000024e8c60, 0x00000000024e8ec8]
Event: 4.052 Thread 0x000000001cb8f800 1748       4       com.android.dx.ssa.PhiInsn::getSources (95 bytes)
Event: 4.062 Thread 0x000000001cb8f800 nmethod 1748 0x00000000024ff310 code [0x00000000024ff480, 0x00000000024ff8b8]
Event: 4.062 Thread 0x000000001cb8f800 1766   !   4       com.android.dx.cf.code.RopperMachine::run (1550 bytes)
Event: 4.080 Thread 0x000000001cb9a800 1771       2       com.android.dx.rop.cst.CstDouble::getType (4 bytes)
Event: 4.080 Thread 0x000000001cb9a800 nmethod 1771 0x00000000024e1210 code [0x00000000024e1360, 0x00000000024e14b0]
Event: 4.087 Thread 0x000000001cb9a800 1773       1       com.android.dx.cf.code.ByteCatchList$Item::getHandlerPc (5 bytes)
Event: 4.087 Thread 0x000000001cb9a800 nmethod 1773 0x00000000024c6d90 code [0x00000000024c6ee0, 0x00000000024c6ff0]
Event: 4.090 Thread 0x000000001cb9a800 1774       2       com.android.dx.rop.type.StdTypeList::equalContents (56 bytes)
Event: 4.090 Thread 0x000000001cb9a800 nmethod 1774 0x00000000024e0ad0 code [0x00000000024e0c80, 0x00000000024e0fc8]

GC Heap History (4 events):
Event: 1.778 GC heap before
{Heap before GC invocations=1 (full 0):
 PSYoungGen      total 38400K, used 33280K [0x000000076ab00000, 0x000000076d580000, 0x00000007c0000000)
  eden space 33280K, 100% used [0x000000076ab00000,0x000000076cb80000,0x000000076cb80000)
  from space 5120K, 0% used [0x000000076d080000,0x000000076d080000,0x000000076d580000)
  to   space 5120K, 0% used [0x000000076cb80000,0x000000076cb80000,0x000000076d080000)
 ParOldGen       total 87552K, used 0K [0x00000006c0000000, 0x00000006c5580000, 0x000000076ab00000)
  object space 87552K, 0% used [0x00000006c0000000,0x00000006c0000000,0x00000006c5580000)
 Metaspace       used 5978K, capacity 6960K, committed 7040K, reserved 1056768K
  class space    used 589K, capacity 616K, committed 640K, reserved 1048576K
Event: 1.804 GC heap after
Heap after GC invocations=1 (full 0):
 PSYoungGen      total 38400K, used 5105K [0x000000076ab00000, 0x000000076f600000, 0x00000007c0000000)
  eden space 33280K, 0% used [0x000000076ab00000,0x000000076ab00000,0x000000076cb80000)
  from space 5120K, 99% used [0x000000076cb80000,0x000000076d07c540,0x000000076d080000)
  to   space 5120K, 0% used [0x000000076f100000,0x000000076f100000,0x000000076f600000)
 ParOldGen       total 87552K, used 1753K [0x00000006c0000000, 0x00000006c5580000, 0x000000076ab00000)
  object space 87552K, 2% used [0x00000006c0000000,0x00000006c01b6760,0x00000006c5580000)
 Metaspace       used 5978K, capacity 6960K, committed 7040K, reserved 1056768K
  class space    used 589K, capacity 616K, committed 640K, reserved 1048576K
}
Event: 2.459 GC heap before
{Heap before GC invocations=2 (full 0):
 PSYoungGen      total 38400K, used 38385K [0x000000076ab00000, 0x000000076f600000, 0x00000007c0000000)
  eden space 33280K, 100% used [0x000000076ab00000,0x000000076cb80000,0x000000076cb80000)
  from space 5120K, 99% used [0x000000076cb80000,0x000000076d07c540,0x000000076d080000)
  to   space 5120K, 0% used [0x000000076f100000,0x000000076f100000,0x000000076f600000)
 ParOldGen       total 87552K, used 1753K [0x00000006c0000000, 0x00000006c5580000, 0x000000076ab00000)
  object space 87552K, 2% used [0x00000006c0000000,0x00000006c01b6760,0x00000006c5580000)
 Metaspace       used 6108K, capacity 7024K, committed 7296K, reserved 1056768K
  class space    used 591K, capacity 616K, committed 640K, reserved 1048576K
Event: 2.631 GC heap after
Heap after GC invocations=2 (full 0):
 PSYoungGen      total 71680K, used 5112K [0x000000076ab00000, 0x000000076f600000, 0x00000007c0000000)
  eden space 66560K, 0% used [0x000000076ab00000,0x000000076ab00000,0x000000076ec00000)
  from space 5120K, 99% used [0x000000076f100000,0x000000076f5fe198,0x000000076f600000)
  to   space 5120K, 0% used [0x000000076ec00000,0x000000076ec00000,0x000000076f100000)
 ParOldGen       total 87552K, used 6415K [0x00000006c0000000, 0x00000006c5580000, 0x000000076ab00000)
  object space 87552K, 7% used [0x00000006c0000000,0x00000006c0643c38,0x00000006c5580000)
 Metaspace       used 6108K, capacity 7024K, committed 7296K, reserved 1056768K
  class space    used 591K, capacity 616K, committed 640K, reserved 1048576K
}

Deoptimization events (10 events):
Event: 2.054 Thread 0x000000001cdf2000 Uncommon trap: reason=bimorphic action=maybe_recompile pc=0x00000000020b3588 method=java.util.HashMap.getNode(ILjava/lang/Object;)Ljava/util/HashMap$Node; @ 126
Event: 2.055 Thread 0x000000001cdf2000 Uncommon trap: reason=bimorphic action=maybe_recompile pc=0x000000000209d0d0 method=java.util.HashMap.getNode(ILjava/lang/Object;)Ljava/util/HashMap$Node; @ 126
Event: 2.055 Thread 0x000000001cdf2000 Uncommon trap: reason=bimorphic action=maybe_recompile pc=0x000000000209d0d0 method=java.util.HashMap.getNode(ILjava/lang/Object;)Ljava/util/HashMap$Node; @ 126
Event: 2.055 Thread 0x000000001cdf2000 Uncommon trap: reason=bimorphic action=maybe_recompile pc=0x00000000020b3588 method=java.util.HashMap.getNode(ILjava/lang/Object;)Ljava/util/HashMap$Node; @ 126
Event: 2.235 Thread 0x000000001ce1a000 Uncommon trap: reason=unstable_if action=reinterpret pc=0x0000000002352f04 method=com.android.dx.ssa.SCCP.simulateStmt(Lcom/android/dx/ssa/SsaInsn;)V @ 53
Event: 2.248 Thread 0x000000001cdf1800 Uncommon trap: reason=unstable_if action=reinterpret pc=0x00000000023fe88c method=com.android.dx.cf.code.ByteCatchList.listFor(I)Lcom/android/dx/cf/code/ByteCatchList; @ 19
Event: 2.711 Thread 0x000000001ce1a000 Uncommon trap: reason=unstable_if action=reinterpret pc=0x0000000002136b18 method=java.util.HashMap.putVal(ILjava/lang/Object;Ljava/lang/Object;ZZ)Ljava/lang/Object; @ 162
Event: 2.715 Thread 0x000000001ce1a000 Uncommon trap: reason=unstable_if action=reinterpret pc=0x00000000023f56f4 method=java.util.HashMap.getNode(ILjava/lang/Object;)Ljava/util/HashMap$Node; @ 84
Event: 2.719 Thread 0x000000001ce1a000 Uncommon trap: reason=unstable_if action=reinterpret pc=0x0000000002431b64 method=java.util.HashMap.getNode(ILjava/lang/Object;)Ljava/util/HashMap$Node; @ 84
Event: 2.734 Thread 0x000000001cdee000 Uncommon trap: reason=unstable_if action=reinterpret pc=0x00000000023f6830 method=java.util.HashMap.putVal(ILjava/lang/Object;Ljava/lang/Object;ZZ)Ljava/lang/Object; @ 162

Internal exceptions (7 events):
Event: 0.073 Thread 0x0000000001d30800 Exception <a 'java/lang/NoSuchMethodError': Method sun.misc.Unsafe.defineClass(Ljava/lang/String;[BII)Ljava/lang/Class; name or signature does not match> (0x000000076ab12f08) thrown at [C:\re\workspace\8-2-build-windows-amd64-cygwin\jdk8u45\3627\hotspot\sr=ìÅÔÏ¢²?
Event: 0.073 Thread 0x0000000001d30800 Exception <a 'java/lang/NoSuchMethodError': Method sun.misc.Unsafe.prefetchRead(Ljava/lang/Object;J)V name or signature does not match> (0x000000076ab13198) thrown at [C:\re\workspace\8-2-build-windows-amd64-cygwin\jdk8u45\3627\hotspot\src\share\vm\prims\jêzò@YŒõ?
Event: 1.347 Thread 0x0000000001d30800 Implicit null exception at 0x0000000002162db0 to 0x000000000216540d
Event: 1.567 Thread 0x000000001cdf1800 Implicit null exception at 0x0000000002187522 to 0x000000000218761d
Event: 2.713 Thread 0x000000001ce1a000 Exception <a 'java/lang/ArrayIndexOutOfBoundsException': 18> (0x000000076abefca0) thrown at [C:\re\workspace\8-2-build-windows-amd64-cygwin\jdk8u45\3627\hotspot\src\share\vm\interpreter\interpreterRuntime.cpp, line 366]
Event: 2.714 Thread 0x000000001ce1a000 Exception <a 'java/lang/ArrayIndexOutOfBoundsException': 145> (0x000000076abf1770) thrown at [C:\re\workspace\8-2-build-windows-amd64-cygwin\jdk8u45\3627\hotspot\src\share\vm\interpreter\interpreterRuntime.cpp, line 366]
Event: 2.714 Thread 0x000000001ce1a000 Exception <a 'java/lang/ArrayIndexOutOfBoundsException'> (0x000000076abf29a8) thrown at [C:\re\workspace\8-2-build-windows-amd64-cygwin\jdk8u45\3627\hotspot\src\share\vm\runtime\sharedRuntime.cpp, line 605]

Events (10 events):
Event: 2.715 loading class sun/reflect/generics/reflectiveObjects/TypeVariableImpl done
Event: 2.715 Thread 0x000000001ce1a000 Uncommon trap: trap_request=0xffffff65 fr.pc=0x00000000023f56f4
Event: 2.715 Thread 0x000000001ce1a000 DEOPT PACKING pc=0x00000000023f56f4 sp=0x000000001d84e760
Event: 2.715 Thread 0x000000001ce1a000 DEOPT UNPACKING pc=0x0000000001e7582a sp=0x000000001d84e680 mode 2
Event: 2.719 Thread 0x000000001ce1a000 Uncommon trap: trap_request=0xffffff65 fr.pc=0x0000000002431b64
Event: 2.719 Thread 0x000000001ce1a000 DEOPT PACKING pc=0x0000000002431b64 sp=0x000000001d84ea60
Event: 2.719 Thread 0x000000001ce1a000 DEOPT UNPACKING pc=0x0000000001e7582a sp=0x000000001d84e9d8 mode 2
Event: 2.734 Thread 0x000000001cdee000 Uncommon trap: trap_request=0xffffff65 fr.pc=0x00000000023f6830
Event: 2.734 Thread 0x000000001cdee000 DEOPT PACKING pc=0x00000000023f6830 sp=0x000000001d44e6f0
Event: 2.734 Thread 0x000000001cdee000 DEOPT UNPACKING pc=0x0000000001e7582a sp=0x000000001d44e678 mode 2


Dynamic libraries:
0x00007ff7a1cf0000 - 0x00007ff7a1d27000 	C:\Program Files\Java\jdk8\bin\java.exe
0x00007ff892b20000 - 0x00007ff892ccd000 	C:\windows\SYSTEM32\ntdll.dll
0x00007ff8916e0000 - 0x00007ff89181e000 	C:\windows\system32\KERNEL32.DLL
0x00007ff88fd20000 - 0x00007ff88fe35000 	C:\windows\system32\KERNELBASE.dll
0x00007ff88e6d0000 - 0x00007ff88e75e000 	C:\windows\system32\apphelp.dll
0x00007ff883090000 - 0x00007ff8830e3000 	C:\windows\AppPatch\AppPatch64\AcGenral.DLL
0x00007ff891b70000 - 0x00007ff891c1a000 	C:\windows\system32\msvcrt.dll
0x00007ff88fe40000 - 0x00007ff88fe6e000 	C:\windows\system32\SspiCli.dll
0x00007ff892660000 - 0x00007ff8926b4000 	C:\windows\system32\SHLWAPI.dll
0x00007ff891cd0000 - 0x00007ff891e47000 	C:\windows\system32\USER32.dll
0x00007ff891f10000 - 0x00007ff8920a4000 	C:\windows\system32\ole32.dll
0x00007ff8901b0000 - 0x00007ff8916d9000 	C:\windows\system32\SHELL32.dll
0x00007ff88f220000 - 0x00007ff88f241000 	C:\windows\SYSTEM32\USERENV.dll
0x00007ff892a50000 - 0x00007ff892afa000 	C:\windows\system32\ADVAPI32.dll
0x00007ff885ae0000 - 0x00007ff885afe000 	C:\windows\SYSTEM32\MPR.dll
0x00007ff8926d0000 - 0x00007ff892810000 	C:\windows\system32\RPCRT4.dll
0x00007ff892810000 - 0x00007ff892869000 	C:\windows\SYSTEM32\sechost.dll
0x00007ff891820000 - 0x00007ff891a31000 	C:\windows\SYSTEM32\combase.dll
0x00007ff8920c0000 - 0x00007ff89220f000 	C:\windows\system32\GDI32.dll
0x00007ff88fc50000 - 0x00007ff88fc65000 	C:\windows\SYSTEM32\profapi.dll
0x00007ff88e0e0000 - 0x00007ff88e192000 	C:\windows\SYSTEM32\SHCORE.dll
0x00007ff891c90000 - 0x00007ff891cc6000 	C:\windows\system32\IMM32.DLL
0x00007ff892350000 - 0x00007ff8924a2000 	C:\windows\system32\MSCTF.dll
0x00007ff88d9e0000 - 0x00007ff88dc5b000 	C:\windows\WinSxS\amd64_microsoft.windows.common-controls_6595b64144ccf1df_6.0.9600.18006_none_623f33d3ecbe86e8\COMCTL32.dll
0x0000000052c50000 - 0x0000000052d22000 	C:\Program Files\Java\jdk8\jre\bin\msvcr100.dll
0x0000000053270000 - 0x0000000053af3000 	C:\Program Files\Java\jdk8\jre\bin\server\jvm.dll
0x00007ff88d400000 - 0x00007ff88d409000 	C:\windows\SYSTEM32\WSOCK32.dll
0x00007ff88d500000 - 0x00007ff88d522000 	C:\windows\SYSTEM32\WINMM.dll
0x00007ff88eef0000 - 0x00007ff88eefa000 	C:\windows\SYSTEM32\VERSION.dll
0x00007ff891c20000 - 0x00007ff891c27000 	C:\windows\system32\PSAPI.DLL
0x00007ff891a40000 - 0x00007ff891a9a000 	C:\windows\system32\WS2_32.dll
0x00007ff88d4d0000 - 0x00007ff88d4fa000 	C:\windows\SYSTEM32\WINMMBASE.dll
0x00007ff8920b0000 - 0x00007ff8920b9000 	C:\windows\system32\NSI.dll
0x00007ff890160000 - 0x00007ff8901af000 	C:\windows\SYSTEM32\cfgmgr32.dll
0x00007ff88e980000 - 0x00007ff88e9a8000 	C:\windows\SYSTEM32\DEVOBJ.dll
0x0000000053260000 - 0x000000005326f000 	C:\Program Files\Java\jdk8\jre\bin\verify.dll
0x0000000053230000 - 0x0000000053259000 	C:\Program Files\Java\jdk8\jre\bin\java.dll
0x0000000053210000 - 0x0000000053226000 	C:\Program Files\Java\jdk8\jre\bin\zip.dll
0x00007ff888090000 - 0x00007ff888219000 	C:\windows\SYSTEM32\dbghelp.dll

VM Arguments:
jvm_args: -Djava.awt.headless=true -Xmx4g -Dfile.encoding=windows-1255 -Duser.country=US -Duser.language=en -Duser.variant 
java_command: com.android.dx.command.Main --dex --num-threads=4 --multi-dex --output C:\Users\User\AndroidStudioProjects\NavigateLifeSaver\app\build\intermediates\transforms\dex\debug\folders\1000\10\jackson-core-2.4.1_512fc7af707521b013b92a4a0ca9af33b69b74af C:\Users\User\.gradle\caches\modules-2\files-2.1\com.fasterxml.jackson.core\jackson-core\2.4.1\b130bcfb5a9c410c3cbd2e0adec9437e69a39e2c\jackson-core-2.4.1.jar
java_class_path (initial): C:\Users\User\AppData\Local\Android\sdk\build-tools\23.0.3\lib\dx.jar
Launcher Type: SUN_STANDARD

Environment Variables:
JAVA_HOME=C:\Program Files\Java\jdk8
PATH=C:\Python27\;C:\ProgramData\Oracle\Java\javapath;C:\Program Files (x86)\Intel\iCLS Client\;C:\Program Files\Intel\iCLS Client\;C:\windows\system32;C:\windows;C:\windows\System32\Wbem;C:\windows\System32\WindowsPowerShell\v1.0\;C:\Program Files\Intel\Intel(R) Management Engine Components\DAL;C:\Program Files (x86)\Intel\Intel(R) Management Engine Components\DAL;C:\Program Files\Intel\Intel(R) Management Engine Components\IPT;C:\Program Files (x86)\Intel\Intel(R) Management Engine Components\IPT;C:\Program Files\Microsoft SQL Server\110\Tools\Binn\;C:\Program Files (x86)\Microsoft SDKs\TypeScript\1.0\;C:\Program Files\Microsoft SQL Server\120\Tools\Binn\;C:\Program Files (x86)\Windows Kits\8.1\Windows Performance Toolkit\;C:\MinGW\bin;\;C:\Program Files\Java\jdk8\bin;C:\Program Files (x86)\Skype\Phone\;C:\Program Files\Git\cmd\;C:\OpenCV\opencv\build\x86\vc12\bin\;
USERNAME=User
OS=Windows_NT
PROCESSOR_IDENTIFIER=Intel64 Family 6 Model 61 Stepping 4, GenuineIntel



---------------  S Y S T E M  ---------------

OS: Windows 8.1 , 64 bit Build 9600 (6.3.9600.17415)

CPU:total 4 (2 cores per cpu, 2 threads per core) family 6 model 61 stepping 4, cmov, cx8, fxsr, mmx, sse, sse2, sse3, ssse3, sse4.1, sse4.2, popcnt, avx, avx2, aes, clmul, erms, 3dnowpref, lzcnt, ht, tsc, tscinvbit, bmi1, bmi2, adx

Memory: 4k page, physical 8277100k(1368000k free), swap 8277100k(5088k free)

vm_info: Java HotSpot(TM) 64-Bit Server VM (25.45-b02) for windows-amd64 JRE (1.8.0_45-b15), built on Apr 30 2015 12:40:44 by "java_re" with MS VC++ 10.0 (VS2010)

time: Sat Aug 27 16:12:53 2016
elapsed time: 4 seconds (0d 0h 0m 4s)

