#
# There is insufficient memory for the Java Runtime Environment to continue.
# Native memory allocation (malloc) failed to allocate 374496 bytes for Chunk::new
# Possible reasons:
#   The system is out of physical RAM or swap space
#   In 32 bit mode, the process size limit was hit
# Possible solutions:
#   Reduce memory load on the system
#   Increase physical memory or swap space
#   Check if swap backing store is full
#   Use 64 bit Java on a 64 bit OS
#   Decrease Java heap size (-Xmx/-Xms)
#   Decrease number of Java threads
#   Decrease Java thread stack sizes (-Xss)
#   Set larger code cache with -XX:ReservedCodeCacheSize=
# This output file may be truncated or incomplete.
#
#  Out of Memory Error (allocation.cpp:390), pid=7752, tid=2812
#
# JRE version: Java(TM) SE Runtime Environment (8.0_45-b15) (build 1.8.0_45-b15)
# Java VM: Java HotSpot(TM) 64-Bit Server VM (25.45-b02 mixed mode windows-amd64 compressed oops)
# Failed to write core dump. Minidumps are not enabled by default on client versions of Windows
#

---------------  T H R E A D  ---------------

Current thread (0x00000000149d9800):  JavaThread "C2 CompilerThread1" daemon [_thread_in_native, id=2812, stack(0x0000000016020000,0x0000000016120000)]

Stack: [0x0000000016020000,0x0000000016120000]
Native frames: (J=compiled Java code, j=interpreted, Vv=VM code, C=native code)
V  [jvm.dll+0x32b57a]


Current CompileTask:
C2:   3238 1517       4       com.android.dx.rop.code.RegisterSpec::make (7 bytes)


---------------  P R O C E S S  ---------------

Java Threads: ( => current thread )
  0x000000001637f000 JavaThread "pool-2-thread-4" [_thread_blocked, id=8668, stack(0x0000000016c20000,0x0000000016d20000)]
  0x000000001637e000 JavaThread "pool-2-thread-3" [_thread_in_vm, id=3636, stack(0x0000000016b20000,0x0000000016c20000)]
  0x000000001637d000 JavaThread "pool-2-thread-2" [_thread_in_Java, id=8088, stack(0x0000000016a20000,0x0000000016b20000)]
  0x000000001637b800 JavaThread "pool-3-thread-1" [_thread_blocked, id=3888, stack(0x0000000016920000,0x0000000016a20000)]
  0x0000000016379000 JavaThread "pool-2-thread-1" [_thread_in_Java, id=4828, stack(0x0000000016820000,0x0000000016920000)]
  0x0000000014a2e800 JavaThread "Service Thread" daemon [_thread_blocked, id=6072, stack(0x0000000016620000,0x0000000016720000)]
  0x000000001616b800 JavaThread "C1 CompilerThread2" daemon [_thread_in_native, id=2996, stack(0x0000000016520000,0x0000000016620000)]
=>0x00000000149d9800 JavaThread "C2 CompilerThread1" daemon [_thread_in_native, id=2812, stack(0x0000000016020000,0x0000000016120000)]
  0x00000000149d7800 JavaThread "C2 CompilerThread0" daemon [_thread_in_native, id=9060, stack(0x0000000015f20000,0x0000000016020000)]
  0x00000000149d5000 JavaThread "Attach Listener" daemon [_thread_blocked, id=7844, stack(0x0000000015e20000,0x0000000015f20000)]
  0x0000000014a23000 JavaThread "Signal Dispatcher" daemon [_thread_blocked, id=8904, stack(0x0000000015d20000,0x0000000015e20000)]
  0x00000000022f1800 JavaThread "Finalizer" daemon [_thread_blocked, id=3500, stack(0x0000000015c20000,0x0000000015d20000)]
  0x00000000022ee800 JavaThread "Reference Handler" daemon [_thread_blocked, id=7716, stack(0x0000000015b20000,0x0000000015c20000)]
  0x0000000002200800 JavaThread "main" [_thread_in_Java, id=5056, stack(0x0000000002010000,0x0000000002110000)]

Other Threads:
  0x0000000014997000 VMThread [stack: 0x0000000015a20000,0x0000000015b20000] [id=4800]
  0x0000000016172800 WatcherThread [stack: 0x0000000016720000,0x0000000016820000] [id=6948]

VM state:not at safepoint (normal execution)

VM Mutex/Monitor currently owned by a thread:  ([mutex/lock_event])
[0x000000000217e440] CompiledIC_lock - owner thread: 0x000000001616b800

Heap:
 PSYoungGen      total 38400K, used 27793K [0x00000000eab00000, 0x00000000ef600000, 0x0000000100000000)
  eden space 33280K, 68% used [0x00000000eab00000,0x00000000ec129a78,0x00000000ecb80000)
  from space 5120K, 99% used [0x00000000ecb80000,0x00000000ed07aab8,0x00000000ed080000)
  to   space 5120K, 0% used [0x00000000ef100000,0x00000000ef100000,0x00000000ef600000)
 ParOldGen       total 87552K, used 1761K [0x00000000c0000000, 0x00000000c5580000, 0x00000000eab00000)
  object space 87552K, 2% used [0x00000000c0000000,0x00000000c01b85f8,0x00000000c5580000)
 Metaspace       used 6199K, capacity 7064K, committed 7424K, reserved 1056768K
  class space    used 609K, capacity 656K, committed 768K, reserved 1048576K

Card table byte_map: [0x00000000116c0000,0x00000000118d0000] byte_map_base: 0x00000000110c0000

Marking Bits: (ParMarkBitMap*) 0x0000000053a74040
 Begin Bits: [0x0000000011e30000, 0x0000000012e30000)
 End Bits:   [0x0000000012e30000, 0x0000000013e30000)

Polling page: 0x00000000007f0000

CodeCache: size=245760Kb used=6110Kb max_used=6110Kb free=239649Kb
 bounds [0x0000000002300000, 0x0000000002900000, 0x0000000011300000]
 total_blobs=1794 nmethods=1524 adapters=182
 compilation: disabled (not enough contiguous free space left)

Compilation events (10 events):
Event: 3.229 Thread 0x000000001616b800 nmethod 1528 0x00000000028f4490 code [0x00000000028f4620, 0x00000000028f4958]
Event: 3.230 Thread 0x000000001616b800 1532       1       com.android.dx.ssa.MoveParamCombiner$1::visitPhiInsn (1 bytes)
Event: 3.230 Thread 0x000000001616b800 nmethod 1532 0x00000000028f1f90 code [0x00000000028f20e0, 0x00000000028f21f0]
Event: 3.232 Thread 0x000000001616b800 1533       3       java.util.Collections::unmodifiableCollection (9 bytes)
Event: 3.232 Thread 0x000000001616b800 nmethod 1533 0x00000000028f3e50 code [0x00000000028f3fe0, 0x00000000028f4328]
Event: 3.234 Thread 0x000000001616b800 1534       3       java.util.HashMap::getNode (148 bytes)
Event: 3.235 Thread 0x000000001616b800 nmethod 1534 0x00000000028fb510 code [0x00000000028fb700, 0x00000000028fc368]
Event: 3.235 Thread 0x000000001616b800 1535       3       com.android.dx.ssa.LiteralOpUpgrader$1::visitPhiInsn (1 bytes)
Event: 3.235 Thread 0x000000001616b800 nmethod 1535 0x00000000028f3b10 code [0x00000000028f3c60, 0x00000000028f3db0]
Event: 3.235 Thread 0x000000001616b800 1536       3       com.android.dx.ssa.back.FirstFitLocalCombiningAllocator::processPhiInsn (255 bytes)

GC Heap History (2 events):
Event: 2.603 GC heap before
{Heap before GC invocations=1 (full 0):
 PSYoungGen      total 38400K, used 33280K [0x00000000eab00000, 0x00000000ed580000, 0x0000000100000000)
  eden space 33280K, 100% used [0x00000000eab00000,0x00000000ecb80000,0x00000000ecb80000)
  from space 5120K, 0% used [0x00000000ed080000,0x00000000ed080000,0x00000000ed580000)
  to   space 5120K, 0% used [0x00000000ecb80000,0x00000000ecb80000,0x00000000ed080000)
 ParOldGen       total 87552K, used 0K [0x00000000c0000000, 0x00000000c5580000, 0x00000000eab00000)
  object space 87552K, 0% used [0x00000000c0000000,0x00000000c0000000,0x00000000c5580000)
 Metaspace       used 6001K, capacity 6896K, committed 7040K, reserved 1056768K
  class space    used 589K, capacity 616K, committed 640K, reserved 1048576K
Event: 2.761 GC heap after
Heap after GC invocations=1 (full 0):
 PSYoungGen      total 38400K, used 5098K [0x00000000eab00000, 0x00000000ef600000, 0x0000000100000000)
  eden space 33280K, 0% used [0x00000000eab00000,0x00000000eab00000,0x00000000ecb80000)
  from space 5120K, 99% used [0x00000000ecb80000,0x00000000ed07aab8,0x00000000ed080000)
  to   space 5120K, 0% used [0x00000000ef100000,0x00000000ef100000,0x00000000ef600000)
 ParOldGen       total 87552K, used 1761K [0x00000000c0000000, 0x00000000c5580000, 0x00000000eab00000)
  object space 87552K, 2% used [0x00000000c0000000,0x00000000c01b85f8,0x00000000c5580000)
 Metaspace       used 6001K, capacity 6896K, committed 7040K, reserved 1056768K
  class space    used 589K, capacity 616K, committed 640K, reserved 1048576K
}

Deoptimization events (10 events):
Event: 1.779 Thread 0x0000000016379000 Uncommon trap: reason=predicate action=maybe_recompile pc=0x000000000270e91c method=java.util.ArrayList.remove(Ljava/lang/Object;)Z @ 49
Event: 2.235 Thread 0x0000000016379000 Uncommon trap: reason=null_check action=make_not_entrant pc=0x00000000026ae3c4 method=com.android.dx.ssa.SsaRenamer.getLocalForNewReg(I)Lcom/android/dx/rop/code/LocalItem; @ 19
Event: 2.308 Thread 0x0000000016379000 Uncommon trap: reason=bimorphic action=maybe_recompile pc=0x00000000025f1250 method=java.util.HashMap.getNode(ILjava/lang/Object;)Ljava/util/HashMap$Node; @ 126
Event: 2.308 Thread 0x0000000016379000 Uncommon trap: reason=class_check action=maybe_recompile pc=0x000000000276abc4 method=java.util.HashMap.putVal(ILjava/lang/Object;Ljava/lang/Object;ZZ)Ljava/lang/Object; @ 203
Event: 2.765 Thread 0x000000001637f000 Uncommon trap: reason=unstable_if action=reinterpret pc=0x00000000027efd34 method=com.android.dx.ssa.SCCP.simulateStmt(Lcom/android/dx/ssa/SsaInsn;)V @ 53
Event: 3.139 Thread 0x0000000016379000 Uncommon trap: reason=bimorphic action=maybe_recompile pc=0x00000000025f1250 method=java.util.HashMap.getNode(ILjava/lang/Object;)Ljava/util/HashMap$Node; @ 126
Event: 3.139 Thread 0x0000000016379000 Uncommon trap: reason=class_check action=maybe_recompile pc=0x000000000276abc4 method=java.util.HashMap.putVal(ILjava/lang/Object;Ljava/lang/Object;ZZ)Ljava/lang/Object; @ 203
Event: 3.164 Thread 0x0000000016379000 Uncommon trap: reason=class_check action=maybe_recompile pc=0x000000000276abc4 method=java.util.HashMap.putVal(ILjava/lang/Object;Ljava/lang/Object;ZZ)Ljava/lang/Object; @ 203
Event: 3.164 Thread 0x0000000016379000 Uncommon trap: reason=unstable_if action=reinterpret pc=0x000000000266c80c method=java.util.HashMap.putVal(ILjava/lang/Object;Ljava/lang/Object;ZZ)Ljava/lang/Object; @ 162
Event: 3.233 Thread 0x0000000016379000 Uncommon trap: reason=unstable_if action=reinterpret pc=0x00000000028f1d58 method=java.util.HashMap.getNode(ILjava/lang/Object;)Ljava/util/HashMap$Node; @ 84

Internal exceptions (6 events):
Event: 0.049 Thread 0x0000000002200800 Exception <a 'java/lang/NoSuchMethodError': Method sun.misc.Unsafe.defineClass(Ljava/lang/String;[BII)Ljava/lang/Class; name or signature does not match> (0x00000000eab12f08) thrown at [C:\re\workspace\8-2-build-windows-amd64-cygwin\jdk8u45\3627\hotspot\sr§.ìÓÔ®?
Event: 0.049 Thread 0x0000000002200800 Exception <a 'java/lang/NoSuchMethodError': Method sun.misc.Unsafe.prefetchRead(Ljava/lang/Object;J)V name or signature does not match> (0x00000000eab13198) thrown at [C:\re\workspace\8-2-build-windows-amd64-cygwin\jdk8u45\3627\hotspot\src\share\vm\prims\j,xè√X·@
Event: 2.235 Thread 0x0000000016379000 Implicit null exception at 0x00000000026abcf0 to 0x00000000026ae379
Event: 3.224 Thread 0x0000000016379000 Exception <a 'java/lang/ArrayIndexOutOfBoundsException': 18> (0x00000000ebf3d420) thrown at [C:\re\workspace\8-2-build-windows-amd64-cygwin\jdk8u45\3627\hotspot\src\share\vm\interpreter\interpreterRuntime.cpp, line 366]
Event: 3.224 Thread 0x0000000016379000 Exception <a 'java/lang/ArrayIndexOutOfBoundsException': 145> (0x00000000ebf3eef0) thrown at [C:\re\workspace\8-2-build-windows-amd64-cygwin\jdk8u45\3627\hotspot\src\share\vm\interpreter\interpreterRuntime.cpp, line 366]
Event: 3.225 Thread 0x0000000016379000 Exception <a 'java/lang/ArrayIndexOutOfBoundsException'> (0x00000000ebf40128) thrown at [C:\re\workspace\8-2-build-windows-amd64-cygwin\jdk8u45\3627\hotspot\src\share\vm\runtime\sharedRuntime.cpp, line 605]

Events (10 events):
Event: 3.225 loading class sun/reflect/generics/reflectiveObjects/ParameterizedTypeImpl done
Event: 3.225 loading class java/lang/reflect/TypeVariable
Event: 3.225 loading class java/lang/reflect/TypeVariable done
Event: 3.225 loading class sun/reflect/generics/reflectiveObjects/TypeVariableImpl
Event: 3.226 loading class sun/reflect/generics/reflectiveObjects/LazyReflectiveObjectGenerator
Event: 3.226 loading class sun/reflect/generics/reflectiveObjects/LazyReflectiveObjectGenerator done
Event: 3.226 loading class sun/reflect/generics/reflectiveObjects/TypeVariableImpl done
Event: 3.233 Thread 0x0000000016379000 Uncommon trap: trap_request=0xffffff65 fr.pc=0x00000000028f1d58
Event: 3.233 Thread 0x0000000016379000 DEOPT PACKING pc=0x00000000028f1d58 sp=0x000000001691e550
Event: 3.233 Thread 0x0000000016379000 DEOPT UNPACKING pc=0x000000000234582a sp=0x000000001691e4c8 mode 2


Dynamic libraries:
0x00007ff7a1cf0000 - 0x00007ff7a1d27000 	C:\Program Files\Java\jdk8\bin\java.exe
0x00007ff892b20000 - 0x00007ff892ccd000 	C:\windows\SYSTEM32\ntdll.dll
0x00007ff8916e0000 - 0x00007ff89181e000 	C:\windows\system32\KERNEL32.DLL
0x00007ff88fd20000 - 0x00007ff88fe35000 	C:\windows\system32\KERNELBASE.dll
0x00007ff88e6d0000 - 0x00007ff88e75e000 	C:\windows\system32\apphelp.dll
0x00007ff883090000 - 0x00007ff8830e3000 	C:\windows\AppPatch\AppPatch64\AcGenral.DLL
0x00007ff891b70000 - 0x00007ff891c1a000 	C:\windows\system32\msvcrt.dll
0x00007ff88fe40000 - 0x00007ff88fe6e000 	C:\windows\system32\SspiCli.dll
0x00007ff892660000 - 0x00007ff8926b4000 	C:\windows\system32\SHLWAPI.dll
0x00007ff891cd0000 - 0x00007ff891e47000 	C:\windows\system32\USER32.dll
0x00007ff891f10000 - 0x00007ff8920a4000 	C:\windows\system32\ole32.dll
0x00007ff8901b0000 - 0x00007ff8916d9000 	C:\windows\system32\SHELL32.dll
0x00007ff88f220000 - 0x00007ff88f241000 	C:\windows\SYSTEM32\USERENV.dll
0x00007ff892a50000 - 0x00007ff892afa000 	C:\windows\system32\ADVAPI32.dll
0x00007ff885ae0000 - 0x00007ff885afe000 	C:\windows\SYSTEM32\MPR.dll
0x00007ff8926d0000 - 0x00007ff892810000 	C:\windows\system32\RPCRT4.dll
0x00007ff892810000 - 0x00007ff892869000 	C:\windows\SYSTEM32\sechost.dll
0x00007ff891820000 - 0x00007ff891a31000 	C:\windows\SYSTEM32\combase.dll
0x00007ff8920c0000 - 0x00007ff89220f000 	C:\windows\system32\GDI32.dll
0x00007ff88fc50000 - 0x00007ff88fc65000 	C:\windows\SYSTEM32\profapi.dll
0x00007ff88e0e0000 - 0x00007ff88e192000 	C:\windows\SYSTEM32\SHCORE.dll
0x00007ff891c90000 - 0x00007ff891cc6000 	C:\windows\system32\IMM32.DLL
0x00007ff892350000 - 0x00007ff8924a2000 	C:\windows\system32\MSCTF.dll
0x00007ff88d9e0000 - 0x00007ff88dc5b000 	C:\windows\WinSxS\amd64_microsoft.windows.common-controls_6595b64144ccf1df_6.0.9600.18006_none_623f33d3ecbe86e8\COMCTL32.dll
0x0000000052c50000 - 0x0000000052d22000 	C:\Program Files\Java\jdk8\jre\bin\msvcr100.dll
0x0000000053270000 - 0x0000000053af3000 	C:\Program Files\Java\jdk8\jre\bin\server\jvm.dll
0x00007ff88d400000 - 0x00007ff88d409000 	C:\windows\SYSTEM32\WSOCK32.dll
0x00007ff88d500000 - 0x00007ff88d522000 	C:\windows\SYSTEM32\WINMM.dll
0x00007ff88eef0000 - 0x00007ff88eefa000 	C:\windows\SYSTEM32\VERSION.dll
0x00007ff891c20000 - 0x00007ff891c27000 	C:\windows\system32\PSAPI.DLL
0x00007ff891a40000 - 0x00007ff891a9a000 	C:\windows\system32\WS2_32.dll
0x00007ff88d4d0000 - 0x00007ff88d4fa000 	C:\windows\SYSTEM32\WINMMBASE.dll
0x00007ff8920b0000 - 0x00007ff8920b9000 	C:\windows\system32\NSI.dll
0x00007ff890160000 - 0x00007ff8901af000 	C:\windows\SYSTEM32\cfgmgr32.dll
0x00007ff88e980000 - 0x00007ff88e9a8000 	C:\windows\SYSTEM32\DEVOBJ.dll
0x0000000053260000 - 0x000000005326f000 	C:\Program Files\Java\jdk8\jre\bin\verify.dll
0x0000000053230000 - 0x0000000053259000 	C:\Program Files\Java\jdk8\jre\bin\java.dll
0x0000000053210000 - 0x0000000053226000 	C:\Program Files\Java\jdk8\jre\bin\zip.dll

VM Arguments:
jvm_args: -Djava.awt.headless=true -Xmx1024M -Dfile.encoding=windows-1255 -Duser.country=US -Duser.language=en -Duser.variant 
java_command: com.android.dx.command.Main --dex --num-threads=4 --multi-dex --output C:\Users\User\AndroidStudioProjects\NavigateLifeSaver\app\build\intermediates\transforms\dex\debug\folders\1000\10\okhttp-3.4.1_8ace88c03f5ecdf8e2974baab6cf011759917046 C:\Users\User\.gradle\caches\modules-2\files-2.1\com.squareup.okhttp3\okhttp\3.4.1\c7c4f9e35c2fd5900da24f9872e3971801f08ce0\okhttp-3.4.1.jar
java_class_path (initial): C:\Users\User\AppData\Local\Android\sdk\build-tools\23.0.3\lib\dx.jar
Launcher Type: SUN_STANDARD

Environment Variables:
JAVA_HOME=C:\Program Files\Java\jdk8
PATH=C:\Python27\;C:\ProgramData\Oracle\Java\javapath;C:\Program Files (x86)\Intel\iCLS Client\;C:\Program Files\Intel\iCLS Client\;C:\windows\system32;C:\windows;C:\windows\System32\Wbem;C:\windows\System32\WindowsPowerShell\v1.0\;C:\Program Files\Intel\Intel(R) Management Engine Components\DAL;C:\Program Files (x86)\Intel\Intel(R) Management Engine Components\DAL;C:\Program Files\Intel\Intel(R) Management Engine Components\IPT;C:\Program Files (x86)\Intel\Intel(R) Management Engine Components\IPT;C:\Program Files\Microsoft SQL Server\110\Tools\Binn\;C:\Program Files (x86)\Microsoft SDKs\TypeScript\1.0\;C:\Program Files\Microsoft SQL Server\120\Tools\Binn\;C:\Program Files (x86)\Windows Kits\8.1\Windows Performance Toolkit\;C:\MinGW\bin;\;C:\Program Files\Java\jdk8\bin;C:\Program Files (x86)\Skype\Phone\;C:\Program Files\Git\cmd\;C:\OpenCV\opencv\build\x86\vc12\bin\;
USERNAME=User
OS=Windows_NT
PROCESSOR_IDENTIFIER=Intel64 Family 6 Model 61 Stepping 4, GenuineIntel



---------------  S Y S T E M  ---------------

OS: Windows 8.1 , 64 bit Build 9600 (6.3.9600.17415)

CPU:total 4 (2 cores per cpu, 2 threads per core) family 6 model 61 stepping 4, cmov, cx8, fxsr, mmx, sse, sse2, sse3, ssse3, sse4.1, sse4.2, popcnt, avx, avx2, aes, clmul, erms, 3dnowpref, lzcnt, ht, tsc, tscinvbit, bmi1, bmi2, adx

Memory: 4k page, physical 8277100k(1398188k free), swap 8277100k(5132k free)

vm_info: Java HotSpot(TM) 64-Bit Server VM (25.45-b02) for windows-amd64 JRE (1.8.0_45-b15), built on Apr 30 2015 12:40:44 by "java_re" with MS VC++ 10.0 (VS2010)

time: Sat Aug 27 16:13:36 2016
elapsed time: 3 seconds (0d 0h 0m 3s)

