#
# There is insufficient memory for the Java Runtime Environment to continue.
# Native memory allocation (malloc) failed to allocate 32744 bytes for ChunkPool::allocate
# Possible reasons:
#   The system is out of physical RAM or swap space
#   In 32 bit mode, the process size limit was hit
# Possible solutions:
#   Reduce memory load on the system
#   Increase physical memory or swap space
#   Check if swap backing store is full
#   Use 64 bit Java on a 64 bit OS
#   Decrease Java heap size (-Xmx/-Xms)
#   Decrease number of Java threads
#   Decrease Java thread stack sizes (-Xss)
#   Set larger code cache with -XX:ReservedCodeCacheSize=
# This output file may be truncated or incomplete.
#
#  Out of Memory Error (allocation.cpp:273), pid=9156, tid=2896
#
# JRE version: Java(TM) SE Runtime Environment (8.0_45-b15) (build 1.8.0_45-b15)
# Java VM: Java HotSpot(TM) 64-Bit Server VM (25.45-b02 mixed mode windows-amd64 compressed oops)
# Failed to write core dump. Minidumps are not enabled by default on client versions of Windows
#

---------------  T H R E A D  ---------------

Current thread (0x0000000014b07800):  JavaThread "C2 CompilerThread0" daemon [_thread_in_native, id=2896, stack(0x0000000016050000,0x0000000016150000)]

Stack: [0x0000000016050000,0x0000000016150000]
Native frames: (J=compiled Java code, j=interpreted, Vv=VM code, C=native code)
V  [jvm.dll+0x32b57a]


Current CompileTask:
C2:   9026 1817   !   4       com.android.dx.cf.cst.ConstantPoolParser::parse0 (731 bytes)


---------------  P R O C E S S  ---------------

Java Threads: ( => current thread )
  0x00000000164ef800 JavaThread "pool-2-thread-4" [_thread_in_Java, id=7772, stack(0x0000000016d50000,0x0000000016e50000)]
  0x00000000164ee800 JavaThread "pool-2-thread-3" [_thread_in_Java, id=7372, stack(0x0000000016c50000,0x0000000016d50000)]
  0x00000000164ed800 JavaThread "pool-2-thread-2" [_thread_in_Java, id=3428, stack(0x0000000016b50000,0x0000000016c50000)]
  0x00000000164e2000 JavaThread "pool-3-thread-1" [_thread_blocked, id=4848, stack(0x0000000016a50000,0x0000000016b50000)]
  0x00000000164a9000 JavaThread "pool-2-thread-1" [_thread_in_Java, id=4840, stack(0x0000000016950000,0x0000000016a50000)]
  0x00000000162b0800 JavaThread "Service Thread" daemon [_thread_blocked, id=2872, stack(0x0000000016750000,0x0000000016850000)]
  0x0000000014b5e800 JavaThread "C1 CompilerThread2" daemon [_thread_blocked, id=1748, stack(0x0000000016650000,0x0000000016750000)]
  0x0000000014b09800 JavaThread "C2 CompilerThread1" daemon [_thread_in_native, id=9076, stack(0x0000000016150000,0x0000000016250000)]
=>0x0000000014b07800 JavaThread "C2 CompilerThread0" daemon [_thread_in_native, id=2896, stack(0x0000000016050000,0x0000000016150000)]
  0x0000000014b05000 JavaThread "Attach Listener" daemon [_thread_blocked, id=3996, stack(0x0000000015f50000,0x0000000016050000)]
  0x0000000014b53000 JavaThread "Signal Dispatcher" daemon [_thread_blocked, id=6672, stack(0x0000000015e50000,0x0000000015f50000)]
  0x0000000002420800 JavaThread "Finalizer" daemon [_thread_blocked, id=8724, stack(0x0000000015d50000,0x0000000015e50000)]
  0x000000000241d000 JavaThread "Reference Handler" daemon [_thread_blocked, id=4408, stack(0x0000000015c50000,0x0000000015d50000)]
  0x0000000002330800 JavaThread "main" [_thread_in_Java, id=5636, stack(0x0000000002230000,0x0000000002330000)]

Other Threads:
  0x0000000014ac8000 VMThread [stack: 0x0000000015b50000,0x0000000015c50000] [id=2652]
  0x00000000162b2800 WatcherThread [stack: 0x0000000016850000,0x0000000016950000] [id=3252]

VM state:not at safepoint (normal execution)

VM Mutex/Monitor currently owned by a thread: None

Heap:
 PSYoungGen      total 71680K, used 27160K [0x00000000eab00000, 0x00000000ef600000, 0x0000000100000000)
  eden space 66560K, 33% used [0x00000000eab00000,0x00000000ec086af0,0x00000000eec00000)
  from space 5120K, 99% used [0x00000000eec00000,0x00000000ef0ff908,0x00000000ef100000)
  to   space 5120K, 0% used [0x00000000ef100000,0x00000000ef100000,0x00000000ef600000)
 ParOldGen       total 87552K, used 13466K [0x00000000c0000000, 0x00000000c5580000, 0x00000000eab00000)
  object space 87552K, 15% used [0x00000000c0000000,0x00000000c0d26888,0x00000000c5580000)
 Metaspace       used 6288K, capacity 7152K, committed 7296K, reserved 1056768K
  class space    used 596K, capacity 616K, committed 640K, reserved 1048576K

Card table byte_map: [0x00000000117f0000,0x0000000011a00000] byte_map_base: 0x00000000111f0000

Marking Bits: (ParMarkBitMap*) 0x0000000053a74040
 Begin Bits: [0x0000000011f60000, 0x0000000012f60000)
 End Bits:   [0x0000000012f60000, 0x0000000013f60000)

Polling page: 0x0000000002130000

CodeCache: size=245760Kb used=8354Kb max_used=8354Kb free=237405Kb
 bounds [0x0000000002430000, 0x0000000002c70000, 0x0000000011430000]
 total_blobs=2117 nmethods=1848 adapters=182
 compilation: enabled

Compilation events (10 events):
Event: 8.529 Thread 0x0000000014b5e800 1900       2       com.android.dx.rop.code.Rop::<init> (15 bytes)
Event: 8.529 Thread 0x0000000014b5e800 nmethod 1900 0x0000000002c55910 code [0x0000000002c55a80, 0x0000000002c55c28]
Event: 8.529 Thread 0x0000000014b5e800 1904       2       com.android.dx.util.ByteArray::getShort (25 bytes)
Event: 8.530 Thread 0x0000000014b5e800 nmethod 1904 0x0000000002c55cd0 code [0x0000000002c55e40, 0x0000000002c56028]
Event: 8.530 Thread 0x0000000014b5e800 1901       2       com.android.dx.rop.code.Rops::pickBinaryOp (158 bytes)
Event: 8.531 Thread 0x0000000014b5e800 nmethod 1901 0x0000000002c56190 code [0x0000000002c56380, 0x0000000002c56998]
Event: 8.534 Thread 0x0000000014b5e800 1905   !   2       com.android.dx.cf.direct.MemberListParser::parse (641 bytes)
Event: 8.541 Thread 0x0000000014b5e800 nmethod 1905 0x0000000002c56e90 code [0x0000000002c575e0, 0x0000000002c5a1d8]
Event: 8.541 Thread 0x0000000014b5e800 1906   !   2       java.util.zip.ZipFile::releaseInflater (41 bytes)
Event: 8.542 Thread 0x0000000014b5e800 nmethod 1906 0x0000000002c5ff90 code [0x0000000002c60120, 0x0000000002c60638]

GC Heap History (6 events):
Event: 2.293 GC heap before
{Heap before GC invocations=1 (full 0):
 PSYoungGen      total 38400K, used 33280K [0x00000000eab00000, 0x00000000ed580000, 0x0000000100000000)
  eden space 33280K, 100% used [0x00000000eab00000,0x00000000ecb80000,0x00000000ecb80000)
  from space 5120K, 0% used [0x00000000ed080000,0x00000000ed080000,0x00000000ed580000)
  to   space 5120K, 0% used [0x00000000ecb80000,0x00000000ecb80000,0x00000000ed080000)
 ParOldGen       total 87552K, used 0K [0x00000000c0000000, 0x00000000c5580000, 0x00000000eab00000)
  object space 87552K, 0% used [0x00000000c0000000,0x00000000c0000000,0x00000000c5580000)
 Metaspace       used 5910K, capacity 6832K, committed 7040K, reserved 1056768K
  class space    used 593K, capacity 616K, committed 640K, reserved 1048576K
Event: 2.401 GC heap after
Heap after GC invocations=1 (full 0):
 PSYoungGen      total 38400K, used 5106K [0x00000000eab00000, 0x00000000ef600000, 0x0000000100000000)
  eden space 33280K, 0% used [0x00000000eab00000,0x00000000eab00000,0x00000000ecb80000)
  from space 5120K, 99% used [0x00000000ecb80000,0x00000000ed07c950,0x00000000ed080000)
  to   space 5120K, 0% used [0x00000000ef100000,0x00000000ef100000,0x00000000ef600000)
 ParOldGen       total 87552K, used 92K [0x00000000c0000000, 0x00000000c5580000, 0x00000000eab00000)
  object space 87552K, 0% used [0x00000000c0000000,0x00000000c0017060,0x00000000c5580000)
 Metaspace       used 5910K, capacity 6832K, committed 7040K, reserved 1056768K
  class space    used 593K, capacity 616K, committed 640K, reserved 1048576K
}
Event: 4.345 GC heap before
{Heap before GC invocations=2 (full 0):
 PSYoungGen      total 38400K, used 38386K [0x00000000eab00000, 0x00000000ef600000, 0x0000000100000000)
  eden space 33280K, 100% used [0x00000000eab00000,0x00000000ecb80000,0x00000000ecb80000)
  from space 5120K, 99% used [0x00000000ecb80000,0x00000000ed07c950,0x00000000ed080000)
  to   space 5120K, 0% used [0x00000000ef100000,0x00000000ef100000,0x00000000ef600000)
 ParOldGen       total 87552K, used 92K [0x00000000c0000000, 0x00000000c5580000, 0x00000000eab00000)
  object space 87552K, 0% used [0x00000000c0000000,0x00000000c0017060,0x00000000c5580000)
 Metaspace       used 6187K, capacity 7088K, committed 7296K, reserved 1056768K
  class space    used 595K, capacity 616K, committed 640K, reserved 1048576K
Event: 4.599 GC heap after
Heap after GC invocations=2 (full 0):
 PSYoungGen      total 71680K, used 5115K [0x00000000eab00000, 0x00000000ef600000, 0x0000000100000000)
  eden space 66560K, 0% used [0x00000000eab00000,0x00000000eab00000,0x00000000eec00000)
  from space 5120K, 99% used [0x00000000ef100000,0x00000000ef5fef80,0x00000000ef600000)
  to   space 5120K, 0% used [0x00000000eec00000,0x00000000eec00000,0x00000000ef100000)
 ParOldGen       total 87552K, used 3798K [0x00000000c0000000, 0x00000000c5580000, 0x00000000eab00000)
  object space 87552K, 4% used [0x00000000c0000000,0x00000000c03b5b30,0x00000000c5580000)
 Metaspace       used 6187K, capacity 7088K, committed 7296K, reserved 1056768K
  class space    used 595K, capacity 616K, committed 640K, reserved 1048576K
}
Event: 8.123 GC heap before
{Heap before GC invocations=3 (full 0):
 PSYoungGen      total 71680K, used 71675K [0x00000000eab00000, 0x00000000ef600000, 0x0000000100000000)
  eden space 66560K, 100% used [0x00000000eab00000,0x00000000eec00000,0x00000000eec00000)
  from space 5120K, 99% used [0x00000000ef100000,0x00000000ef5fef80,0x00000000ef600000)
  to   space 5120K, 0% used [0x00000000eec00000,0x00000000eec00000,0x00000000ef100000)
 ParOldGen       total 87552K, used 3798K [0x00000000c0000000, 0x00000000c5580000, 0x00000000eab00000)
  object space 87552K, 4% used [0x00000000c0000000,0x00000000c03b5b30,0x00000000c5580000)
 Metaspace       used 6261K, capacity 7152K, committed 7296K, reserved 1056768K
  class space    used 596K, capacity 616K, committed 640K, reserved 1048576K
Event: 8.299 GC heap after
Heap after GC invocations=3 (full 0):
 PSYoungGen      total 71680K, used 5118K [0x00000000eab00000, 0x00000000ef600000, 0x0000000100000000)
  eden space 66560K, 0% used [0x00000000eab00000,0x00000000eab00000,0x00000000eec00000)
  from space 5120K, 99% used [0x00000000eec00000,0x00000000ef0ff908,0x00000000ef100000)
  to   space 5120K, 0% used [0x00000000ef100000,0x00000000ef100000,0x00000000ef600000)
 ParOldGen       total 87552K, used 13466K [0x00000000c0000000, 0x00000000c5580000, 0x00000000eab00000)
  object space 87552K, 15% used [0x00000000c0000000,0x00000000c0d26888,0x00000000c5580000)
 Metaspace       used 6261K, capacity 7152K, committed 7296K, reserved 1056768K
  class space    used 596K, capacity 616K, committed 640K, reserved 1048576K
}

Deoptimization events (10 events):
Event: 4.744 Thread 0x00000000164ef800 Uncommon trap: reason=bimorphic action=maybe_recompile pc=0x00000000029109e4 method=java.util.HashMap.getNode(ILjava/lang/Object;)Ljava/util/HashMap$Node; @ 126
Event: 4.744 Thread 0x00000000164ef800 Uncommon trap: reason=bimorphic action=maybe_recompile pc=0x00000000029109e4 method=java.util.HashMap.getNode(ILjava/lang/Object;)Ljava/util/HashMap$Node; @ 126
Event: 4.744 Thread 0x00000000164ef800 Uncommon trap: reason=class_check action=maybe_recompile pc=0x00000000029a01c0 method=java.util.HashMap.putVal(ILjava/lang/Object;Ljava/lang/Object;ZZ)Ljava/lang/Object; @ 203
Event: 4.745 Thread 0x00000000164ef800 Uncommon trap: reason=bimorphic action=maybe_recompile pc=0x0000000002759ce0 method=java.util.HashMap.getNode(ILjava/lang/Object;)Ljava/util/HashMap$Node; @ 126
Event: 6.037 Thread 0x00000000164a9000 Uncommon trap: reason=unstable_if action=reinterpret pc=0x000000000289e47c method=com.android.dx.util.IntList.binarysearch(I)I @ 105
Event: 6.999 Thread 0x00000000164a9000 Uncommon trap: reason=bimorphic action=maybe_recompile pc=0x00000000029f87e8 method=com.android.dx.cf.code.BytecodeArray.parseInstruction(ILcom/android/dx/cf/code/BytecodeArray$Visitor;)I @ 1501
Event: 7.172 Thread 0x00000000164ed800 Uncommon trap: reason=unstable_if action=reinterpret pc=0x0000000002b842f4 method=com.android.dx.cf.code.RopperMachine.run(Lcom/android/dx/cf/code/Frame;II)V @ 1250
Event: 7.190 Thread 0x00000000164a9000 Uncommon trap: reason=bimorphic action=maybe_recompile pc=0x00000000029f87e8 method=com.android.dx.cf.code.BytecodeArray.parseInstruction(ILcom/android/dx/cf/code/BytecodeArray$Visitor;)I @ 1501
Event: 8.513 Thread 0x00000000164ee800 Uncommon trap: reason=bimorphic action=maybe_recompile pc=0x00000000029f9524 method=com.android.dx.cf.code.BytecodeArray.parseInstruction(ILcom/android/dx/cf/code/BytecodeArray$Visitor;)I @ 1130
Event: 8.513 Thread 0x00000000164ee800 Uncommon trap: reason=bimorphic action=maybe_recompile pc=0x00000000029f9524 method=com.android.dx.cf.code.BytecodeArray.parseInstruction(ILcom/android/dx/cf/code/BytecodeArray$Visitor;)I @ 1130

Internal exceptions (4 events):
Event: 0.048 Thread 0x0000000002330800 Exception <a 'java/lang/NoSuchMethodError': Method sun.misc.Unsafe.defineClass(Ljava/lang/String;[BII)Ljava/lang/Class; name or signature does not match> (0x00000000eab12f08) thrown at [C:\re\workspace\8-2-build-windows-amd64-cygwin\jdk8u45\3627\hotspot\srîe“®?
Event: 0.048 Thread 0x0000000002330800 Exception <a 'java/lang/NoSuchMethodError': Method sun.misc.Unsafe.prefetchRead(Ljava/lang/Object;J)V name or signature does not match> (0x00000000eab13198) thrown at [C:\re\workspace\8-2-build-windows-amd64-cygwin\jdk8u45\3627\hotspot\src\share\vm\prims\j}VØ_@
Event: 2.422 Thread 0x00000000164ef800 Implicit null exception at 0x00000000027cdd62 to 0x00000000027cde65
Event: 4.732 Thread 0x00000000164ef800 Implicit null exception at 0x0000000002a2a5a1 to 0x0000000002a2c3d9

Events (10 events):
Event: 8.048 Executing VM operation: ParallelGCFailedAllocation
Event: 8.299 Executing VM operation: ParallelGCFailedAllocation done
Event: 8.498 Thread 0x00000000164ed800 DEOPT PACKING pc=0x00000000028ebd31 sp=0x0000000016c4e560
Event: 8.498 Thread 0x00000000164ed800 DEOPT UNPACKING pc=0x000000000247787f sp=0x0000000016c4e2f0 mode 0
Event: 8.513 Thread 0x00000000164ee800 Uncommon trap: trap_request=0xffffffc6 fr.pc=0x00000000029f9524
Event: 8.513 Thread 0x00000000164ee800 DEOPT PACKING pc=0x00000000029f9524 sp=0x0000000016d4e710
Event: 8.513 Thread 0x00000000164ee800 DEOPT UNPACKING pc=0x000000000247582a sp=0x0000000016d4e6b8 mode 2
Event: 8.513 Thread 0x00000000164ee800 Uncommon trap: trap_request=0xffffffc6 fr.pc=0x00000000029f9524
Event: 8.513 Thread 0x00000000164ee800 DEOPT PACKING pc=0x00000000029f9524 sp=0x0000000016d4e5a0
Event: 8.513 Thread 0x00000000164ee800 DEOPT UNPACKING pc=0x000000000247582a sp=0x0000000016d4e548 mode 2


Dynamic libraries:
0x00007ff7a1cf0000 - 0x00007ff7a1d27000 	C:\Program Files\Java\jdk8\bin\java.exe
0x00007ff892b20000 - 0x00007ff892ccd000 	C:\windows\SYSTEM32\ntdll.dll
0x00007ff8916e0000 - 0x00007ff89181e000 	C:\windows\system32\KERNEL32.DLL
0x00007ff88fd20000 - 0x00007ff88fe35000 	C:\windows\system32\KERNELBASE.dll
0x00007ff88e6d0000 - 0x00007ff88e75e000 	C:\windows\system32\apphelp.dll
0x00007ff883090000 - 0x00007ff8830e3000 	C:\windows\AppPatch\AppPatch64\AcGenral.DLL
0x00007ff891b70000 - 0x00007ff891c1a000 	C:\windows\system32\msvcrt.dll
0x00007ff88fe40000 - 0x00007ff88fe6e000 	C:\windows\system32\SspiCli.dll
0x00007ff892660000 - 0x00007ff8926b4000 	C:\windows\system32\SHLWAPI.dll
0x00007ff891cd0000 - 0x00007ff891e47000 	C:\windows\system32\USER32.dll
0x00007ff891f10000 - 0x00007ff8920a4000 	C:\windows\system32\ole32.dll
0x00007ff8901b0000 - 0x00007ff8916d9000 	C:\windows\system32\SHELL32.dll
0x00007ff88f220000 - 0x00007ff88f241000 	C:\windows\SYSTEM32\USERENV.dll
0x00007ff892a50000 - 0x00007ff892afa000 	C:\windows\system32\ADVAPI32.dll
0x00007ff885ae0000 - 0x00007ff885afe000 	C:\windows\SYSTEM32\MPR.dll
0x00007ff8926d0000 - 0x00007ff892810000 	C:\windows\system32\RPCRT4.dll
0x00007ff892810000 - 0x00007ff892869000 	C:\windows\SYSTEM32\sechost.dll
0x00007ff891820000 - 0x00007ff891a31000 	C:\windows\SYSTEM32\combase.dll
0x00007ff8920c0000 - 0x00007ff89220f000 	C:\windows\system32\GDI32.dll
0x00007ff88fc50000 - 0x00007ff88fc65000 	C:\windows\SYSTEM32\profapi.dll
0x00007ff88e0e0000 - 0x00007ff88e192000 	C:\windows\SYSTEM32\SHCORE.dll
0x00007ff891c90000 - 0x00007ff891cc6000 	C:\windows\system32\IMM32.DLL
0x00007ff892350000 - 0x00007ff8924a2000 	C:\windows\system32\MSCTF.dll
0x00007ff88d9e0000 - 0x00007ff88dc5b000 	C:\windows\WinSxS\amd64_microsoft.windows.common-controls_6595b64144ccf1df_6.0.9600.18006_none_623f33d3ecbe86e8\COMCTL32.dll
0x0000000052c50000 - 0x0000000052d22000 	C:\Program Files\Java\jdk8\jre\bin\msvcr100.dll
0x0000000053270000 - 0x0000000053af3000 	C:\Program Files\Java\jdk8\jre\bin\server\jvm.dll
0x00007ff88d400000 - 0x00007ff88d409000 	C:\windows\SYSTEM32\WSOCK32.dll
0x00007ff88d500000 - 0x00007ff88d522000 	C:\windows\SYSTEM32\WINMM.dll
0x00007ff88eef0000 - 0x00007ff88eefa000 	C:\windows\SYSTEM32\VERSION.dll
0x00007ff891c20000 - 0x00007ff891c27000 	C:\windows\system32\PSAPI.DLL
0x00007ff891a40000 - 0x00007ff891a9a000 	C:\windows\system32\WS2_32.dll
0x00007ff88d4d0000 - 0x00007ff88d4fa000 	C:\windows\SYSTEM32\WINMMBASE.dll
0x00007ff8920b0000 - 0x00007ff8920b9000 	C:\windows\system32\NSI.dll
0x00007ff890160000 - 0x00007ff8901af000 	C:\windows\SYSTEM32\cfgmgr32.dll
0x00007ff88e980000 - 0x00007ff88e9a8000 	C:\windows\SYSTEM32\DEVOBJ.dll
0x0000000053260000 - 0x000000005326f000 	C:\Program Files\Java\jdk8\jre\bin\verify.dll
0x0000000053230000 - 0x0000000053259000 	C:\Program Files\Java\jdk8\jre\bin\java.dll
0x0000000053210000 - 0x0000000053226000 	C:\Program Files\Java\jdk8\jre\bin\zip.dll

VM Arguments:
jvm_args: -Djava.awt.headless=true -Xmx1024M -Dfile.encoding=windows-1255 -Duser.country=US -Duser.language=en -Duser.variant 
java_command: com.android.dx.command.Main --dex --num-threads=4 --multi-dex --output C:\Users\User\AndroidStudioProjects\NavigateLifeSaver\app\build\intermediates\transforms\dex\debug\folders\1000\10\com.android.support-support-v4-23.1.1_cfa377b84af8dc785f86f77b204bafcb69b9565d C:\Users\User\AndroidStudioProjects\NavigateLifeSaver\app\build\intermediates\exploded-aar\com.android.support\support-v4\23.1.1\jars\classes.jar
java_class_path (initial): C:\Users\User\AppData\Local\Android\sdk\build-tools\23.0.3\lib\dx.jar
Launcher Type: SUN_STANDARD

Environment Variables:
JAVA_HOME=C:\Program Files\Java\jdk8
PATH=C:\Python27\;C:\ProgramData\Oracle\Java\javapath;C:\Program Files (x86)\Intel\iCLS Client\;C:\Program Files\Intel\iCLS Client\;C:\windows\system32;C:\windows;C:\windows\System32\Wbem;C:\windows\System32\WindowsPowerShell\v1.0\;C:\Program Files\Intel\Intel(R) Management Engine Components\DAL;C:\Program Files (x86)\Intel\Intel(R) Management Engine Components\DAL;C:\Program Files\Intel\Intel(R) Management Engine Components\IPT;C:\Program Files (x86)\Intel\Intel(R) Management Engine Components\IPT;C:\Program Files\Microsoft SQL Server\110\Tools\Binn\;C:\Program Files (x86)\Microsoft SDKs\TypeScript\1.0\;C:\Program Files\Microsoft SQL Server\120\Tools\Binn\;C:\Program Files (x86)\Windows Kits\8.1\Windows Performance Toolkit\;C:\MinGW\bin;\;C:\Program Files\Java\jdk8\bin;C:\Program Files (x86)\Skype\Phone\;C:\Program Files\Git\cmd\;C:\OpenCV\opencv\build\x86\vc12\bin\;
USERNAME=User
OS=Windows_NT
PROCESSOR_IDENTIFIER=Intel64 Family 6 Model 61 Stepping 4, GenuineIntel



---------------  S Y S T E M  ---------------

OS: Windows 8.1 , 64 bit Build 9600 (6.3.9600.17415)

CPU:total 4 (2 cores per cpu, 2 threads per core) family 6 model 61 stepping 4, cmov, cx8, fxsr, mmx, sse, sse2, sse3, ssse3, sse4.1, sse4.2, popcnt, avx, avx2, aes, clmul, erms, 3dnowpref, lzcnt, ht, tsc, tscinvbit, bmi1, bmi2, adx

Memory: 4k page, physical 8277100k(1387436k free), swap 8277100k(5096k free)

vm_info: Java HotSpot(TM) 64-Bit Server VM (25.45-b02) for windows-amd64 JRE (1.8.0_45-b15), built on Apr 30 2015 12:40:44 by "java_re" with MS VC++ 10.0 (VS2010)

time: Sat Aug 27 16:08:58 2016
elapsed time: 9 seconds (0d 0h 0m 9s)

