#
# There is insufficient memory for the Java Runtime Environment to continue.
# Native memory allocation (malloc) failed to allocate 35440 bytes for Chunk::new
# Possible reasons:
#   The system is out of physical RAM or swap space
#   In 32 bit mode, the process size limit was hit
# Possible solutions:
#   Reduce memory load on the system
#   Increase physical memory or swap space
#   Check if swap backing store is full
#   Use 64 bit Java on a 64 bit OS
#   Decrease Java heap size (-Xmx/-Xms)
#   Decrease number of Java threads
#   Decrease Java thread stack sizes (-Xss)
#   Set larger code cache with -XX:ReservedCodeCacheSize=
# This output file may be truncated or incomplete.
#
#  Out of Memory Error (allocation.cpp:390), pid=2876, tid=6164
#
# JRE version: Java(TM) SE Runtime Environment (8.0_45-b15) (build 1.8.0_45-b15)
# Java VM: Java HotSpot(TM) 64-Bit Server VM (25.45-b02 mixed mode windows-amd64 compressed oops)
# Failed to write core dump. Minidumps are not enabled by default on client versions of Windows
#

---------------  T H R E A D  ---------------

Current thread (0x0000000014bfc000):  JavaThread "C2 CompilerThread0" daemon [_thread_in_native, id=6164, stack(0x0000000016120000,0x0000000016220000)]

Stack: [0x0000000016120000,0x0000000016220000]
Native frames: (J=compiled Java code, j=interpreted, Vv=VM code, C=native code)
V  [jvm.dll+0x32b57a]


Current CompileTask:
C2:   5296 1241 %     4       com.android.dx.rop.code.RopMethod::calcPredecessors @ 91 (227 bytes)


---------------  P R O C E S S  ---------------

Java Threads: ( => current thread )
  0x0000000016539800 JavaThread "pool-2-thread-4" [_thread_in_vm, id=5904, stack(0x00000000185f0000,0x00000000186f0000)]
  0x0000000016537000 JavaThread "pool-2-thread-3" [_thread_in_Java, id=8068, stack(0x00000000184f0000,0x00000000185f0000)]
  0x0000000016f62000 JavaThread "pool-2-thread-2" [_thread_blocked, id=5676, stack(0x00000000183f0000,0x00000000184f0000)]
  0x0000000016dcb800 JavaThread "pool-3-thread-1" [_thread_blocked, id=3880, stack(0x00000000182f0000,0x00000000183f0000)]
  0x0000000016dc8800 JavaThread "pool-2-thread-1" [_thread_blocked, id=3948, stack(0x00000000181f0000,0x00000000182f0000)]
  0x000000001627a000 JavaThread "Service Thread" daemon [_thread_blocked, id=8472, stack(0x0000000016820000,0x0000000016920000)]
  0x000000001626c000 JavaThread "C1 CompilerThread2" daemon [_thread_in_native, id=5164, stack(0x0000000016720000,0x0000000016820000)]
  0x0000000014c0e800 JavaThread "C2 CompilerThread1" daemon [_thread_in_native, id=2060, stack(0x0000000016620000,0x0000000016720000)]
=>0x0000000014bfc000 JavaThread "C2 CompilerThread0" daemon [_thread_in_native, id=6164, stack(0x0000000016120000,0x0000000016220000)]
  0x0000000014bf9800 JavaThread "Attach Listener" daemon [_thread_blocked, id=2708, stack(0x0000000016020000,0x0000000016120000)]
  0x0000000014bf9000 JavaThread "Signal Dispatcher" daemon [_thread_blocked, id=7504, stack(0x0000000015f20000,0x0000000016020000)]
  0x0000000014b79800 JavaThread "Finalizer" daemon [_thread_blocked, id=6844, stack(0x0000000015e20000,0x0000000015f20000)]
  0x00000000024cf800 JavaThread "Reference Handler" daemon [_thread_blocked, id=8096, stack(0x0000000015d20000,0x0000000015e20000)]
  0x00000000023e0800 JavaThread "main" [_thread_in_Java, id=4952, stack(0x0000000002240000,0x0000000002340000)]

Other Threads:
  0x0000000014b77000 VMThread [stack: 0x0000000015c20000,0x0000000015d20000] [id=9192]
  0x000000001626f800 WatcherThread [stack: 0x0000000016920000,0x0000000016a20000] [id=5092]

VM state:not at safepoint (normal execution)

VM Mutex/Monitor currently owned by a thread:  ([mutex/lock_event])
[0x00000000009abc10] CodeCache_lock - owner thread: 0x0000000000000000

Heap:
 PSYoungGen      total 38400K, used 22586K [0x00000000eab00000, 0x00000000ed580000, 0x0000000100000000)
  eden space 33280K, 56% used [0x00000000eab00000,0x00000000ebd6a370,0x00000000ecb80000)
  from space 5120K, 72% used [0x00000000ecb80000,0x00000000ecf24770,0x00000000ed080000)
  to   space 5120K, 0% used [0x00000000ed080000,0x00000000ed080000,0x00000000ed580000)
 ParOldGen       total 87552K, used 8K [0x00000000c0000000, 0x00000000c5580000, 0x00000000eab00000)
  object space 87552K, 0% used [0x00000000c0000000,0x00000000c0002000,0x00000000c5580000)
 Metaspace       used 5946K, capacity 6896K, committed 7040K, reserved 1056768K
  class space    used 589K, capacity 616K, committed 640K, reserved 1048576K

Card table byte_map: [0x00000000118a0000,0x0000000011ab0000] byte_map_base: 0x00000000112a0000

Marking Bits: (ParMarkBitMap*) 0x0000000053a74040
 Begin Bits: [0x0000000012010000, 0x0000000013010000)
 End Bits:   [0x0000000013010000, 0x0000000014010000)

Polling page: 0x0000000000930000

CodeCache: size=245760Kb used=4940Kb max_used=4946Kb free=240819Kb
 bounds [0x00000000024e0000, 0x00000000029c0000, 0x00000000114e0000]
 total_blobs=1517 nmethods=1248 adapters=182
 compilation: enabled

Compilation events (10 events):
Event: 5.284 Thread 0x000000001626c000 nmethod 1245 0x0000000002996fd0 code [0x00000000029972c0, 0x0000000002998858]
Event: 5.284 Thread 0x000000001626c000 1246       3       com.android.dx.cf.code.BaseMachine::popArgs (127 bytes)
Event: 5.286 Thread 0x000000001626c000 nmethod 1246 0x00000000029ac5d0 code [0x00000000029ac8e0, 0x00000000029ae228]
Event: 5.286 Thread 0x000000001626c000 1248       3       com.android.dx.cf.code.Simulator$SimVisitor::visitBranch (341 bytes)
Event: 5.287 Thread 0x000000001626c000 nmethod 1248 0x0000000002995350 code [0x00000000029955e0, 0x00000000029966c8]
Event: 5.288 Thread 0x000000001626c000 1250       3       com.android.dx.cf.code.Frame::mergeWith (80 bytes)
Event: 5.289 Thread 0x000000001626c000 nmethod 1250 0x00000000029916d0 code [0x0000000002991900, 0x00000000029928e8]
Event: 5.289 Thread 0x000000001626c000 1251       3       com.android.dx.cf.code.Ropper::addExceptionSetupBlocks (203 bytes)
Event: 5.292 Thread 0x000000001626c000 nmethod 1251 0x00000000029aee50 code [0x00000000029af240, 0x00000000029b1608]
Event: 5.292 Thread 0x000000001626c000 1256       3       com.android.dx.ssa.SsaMethod::forEachBlockDepthFirstDom (128 bytes)

GC Heap History (2 events):
Event: 3.796 GC heap before
{Heap before GC invocations=1 (full 0):
 PSYoungGen      total 38400K, used 33280K [0x00000000eab00000, 0x00000000ed580000, 0x0000000100000000)
  eden space 33280K, 100% used [0x00000000eab00000,0x00000000ecb80000,0x00000000ecb80000)
  from space 5120K, 0% used [0x00000000ed080000,0x00000000ed080000,0x00000000ed580000)
  to   space 5120K, 0% used [0x00000000ecb80000,0x00000000ecb80000,0x00000000ed080000)
 ParOldGen       total 87552K, used 0K [0x00000000c0000000, 0x00000000c5580000, 0x00000000eab00000)
  object space 87552K, 0% used [0x00000000c0000000,0x00000000c0000000,0x00000000c5580000)
 Metaspace       used 5601K, capacity 6576K, committed 6784K, reserved 1056768K
  class space    used 586K, capacity 616K, committed 640K, reserved 1048576K
Event: 4.095 GC heap after
Heap after GC invocations=1 (full 0):
 PSYoungGen      total 38400K, used 3729K [0x00000000eab00000, 0x00000000ed580000, 0x0000000100000000)
  eden space 33280K, 0% used [0x00000000eab00000,0x00000000eab00000,0x00000000ecb80000)
  from space 5120K, 72% used [0x00000000ecb80000,0x00000000ecf24770,0x00000000ed080000)
  to   space 5120K, 0% used [0x00000000ed080000,0x00000000ed080000,0x00000000ed580000)
 ParOldGen       total 87552K, used 8K [0x00000000c0000000, 0x00000000c5580000, 0x00000000eab00000)
  object space 87552K, 0% used [0x00000000c0000000,0x00000000c0002000,0x00000000c5580000)
 Metaspace       used 5601K, capacity 6576K, committed 6784K, reserved 1056768K
  class space    used 586K, capacity 616K, committed 640K, reserved 1048576K
}

Deoptimization events (5 events):
Event: 1.329 Thread 0x00000000023e0800 Uncommon trap: reason=unstable_if action=reinterpret pc=0x0000000002674e64 method=java.util.regex.Pattern$BnM.match(Ljava/util/regex/Matcher;ILjava/lang/CharSequence;)Z @ 56
Event: 1.366 Thread 0x00000000023e0800 Uncommon trap: reason=unstable_if action=reinterpret pc=0x000000000267f498 method=java.util.regex.Pattern$BnM.match(Ljava/util/regex/Matcher;ILjava/lang/CharSequence;)Z @ 56
Event: 4.221 Thread 0x0000000016539800 Uncommon trap: reason=unstable_if action=reinterpret pc=0x00000000027476f0 method=java.util.BitSet.nextSetBit(I)I @ 87
Event: 4.525 Thread 0x00000000023e0800 Uncommon trap: reason=null_check action=make_not_entrant pc=0x000000000282f524 method=com.android.dx.rop.type.Type.equals(Ljava/lang/Object;)Z @ 8
Event: 4.686 Thread 0x00000000023e0800 Uncommon trap: reason=class_check action=maybe_recompile pc=0x0000000002841670 method=com.android.dx.ssa.NormalSsaInsn.accept(Lcom/android/dx/ssa/SsaInsn$Visitor;)V @ 9

Internal exceptions (3 events):
Event: 0.154 Thread 0x00000000023e0800 Exception <a 'java/lang/NoSuchMethodError': Method sun.misc.Unsafe.defineClass(Ljava/lang/String;[BII)Ljava/lang/Class; name or signature does not match> (0x00000000eab12f08) thrown at [C:\re\workspace\8-2-build-windows-amd64-cygwin\jdk8u45\3627\hotspot\srãrNA™ÄÃ?
Event: 0.154 Thread 0x00000000023e0800 Exception <a 'java/lang/NoSuchMethodError': Method sun.misc.Unsafe.prefetchRead(Ljava/lang/Object;J)V name or signature does not match> (0x00000000eab13198) thrown at [C:\re\workspace\8-2-build-windows-amd64-cygwin\jdk8u45\3627\hotspot\src\share\vm\prims\jVžÄ·@
Event: 4.525 Thread 0x00000000023e0800 Implicit null exception at 0x000000000282f422 to 0x000000000282f515

Events (10 events):
Event: 4.525 Thread 0x00000000023e0800 DEOPT UNPACKING pc=0x000000000252582a sp=0x000000000233e098 mode 2
Event: 4.686 Thread 0x00000000023e0800 Uncommon trap: trap_request=0xffffffde fr.pc=0x0000000002841670
Event: 4.686 Thread 0x00000000023e0800 DEOPT PACKING pc=0x0000000002841670 sp=0x000000000233e0c0
Event: 4.686 Thread 0x00000000023e0800 DEOPT UNPACKING pc=0x000000000252582a sp=0x000000000233e0b0 mode 2
Event: 4.795 loading class com/android/dx/cf/attrib/AttAnnotationDefault
Event: 4.795 loading class com/android/dx/cf/attrib/AttAnnotationDefault done
Event: 5.284 Thread 0x0000000016537000 DEOPT PACKING pc=0x000000000287683a sp=0x00000000185eea20
Event: 5.284 Thread 0x0000000016537000 DEOPT UNPACKING pc=0x000000000252787f sp=0x00000000185ee788 mode 0
Event: 5.286 Thread 0x0000000016537000 DEOPT PACKING pc=0x000000000287683a sp=0x00000000185eea20
Event: 5.286 Thread 0x0000000016537000 DEOPT UNPACKING pc=0x000000000252787f sp=0x00000000185ee788 mode 0


Dynamic libraries:
0x00007ff7a1cf0000 - 0x00007ff7a1d27000 	C:\Program Files\Java\jdk8\bin\java.exe
0x00007ff892b20000 - 0x00007ff892ccd000 	C:\windows\SYSTEM32\ntdll.dll
0x00007ff8916e0000 - 0x00007ff89181e000 	C:\windows\system32\KERNEL32.DLL
0x00007ff88fd20000 - 0x00007ff88fe35000 	C:\windows\system32\KERNELBASE.dll
0x00007ff88e6d0000 - 0x00007ff88e75e000 	C:\windows\system32\apphelp.dll
0x00007ff883090000 - 0x00007ff8830e3000 	C:\windows\AppPatch\AppPatch64\AcGenral.DLL
0x00007ff891b70000 - 0x00007ff891c1a000 	C:\windows\system32\msvcrt.dll
0x00007ff88fe40000 - 0x00007ff88fe6e000 	C:\windows\system32\SspiCli.dll
0x00007ff892660000 - 0x00007ff8926b4000 	C:\windows\system32\SHLWAPI.dll
0x00007ff891cd0000 - 0x00007ff891e47000 	C:\windows\system32\USER32.dll
0x00007ff891f10000 - 0x00007ff8920a4000 	C:\windows\system32\ole32.dll
0x00007ff8901b0000 - 0x00007ff8916d9000 	C:\windows\system32\SHELL32.dll
0x00007ff88f220000 - 0x00007ff88f241000 	C:\windows\SYSTEM32\USERENV.dll
0x00007ff892a50000 - 0x00007ff892afa000 	C:\windows\system32\ADVAPI32.dll
0x00007ff885ae0000 - 0x00007ff885afe000 	C:\windows\SYSTEM32\MPR.dll
0x00007ff8926d0000 - 0x00007ff892810000 	C:\windows\system32\RPCRT4.dll
0x00007ff892810000 - 0x00007ff892869000 	C:\windows\SYSTEM32\sechost.dll
0x00007ff891820000 - 0x00007ff891a31000 	C:\windows\SYSTEM32\combase.dll
0x00007ff8920c0000 - 0x00007ff89220f000 	C:\windows\system32\GDI32.dll
0x00007ff88fc50000 - 0x00007ff88fc65000 	C:\windows\SYSTEM32\profapi.dll
0x00007ff88e0e0000 - 0x00007ff88e192000 	C:\windows\SYSTEM32\SHCORE.dll
0x00007ff891c90000 - 0x00007ff891cc6000 	C:\windows\system32\IMM32.DLL
0x00007ff892350000 - 0x00007ff8924a2000 	C:\windows\system32\MSCTF.dll
0x00007ff88d9e0000 - 0x00007ff88dc5b000 	C:\windows\WinSxS\amd64_microsoft.windows.common-controls_6595b64144ccf1df_6.0.9600.18006_none_623f33d3ecbe86e8\COMCTL32.dll
0x0000000052c50000 - 0x0000000052d22000 	C:\Program Files\Java\jdk8\jre\bin\msvcr100.dll
0x0000000053270000 - 0x0000000053af3000 	C:\Program Files\Java\jdk8\jre\bin\server\jvm.dll
0x00007ff88d400000 - 0x00007ff88d409000 	C:\windows\SYSTEM32\WSOCK32.dll
0x00007ff88d500000 - 0x00007ff88d522000 	C:\windows\SYSTEM32\WINMM.dll
0x00007ff88eef0000 - 0x00007ff88eefa000 	C:\windows\SYSTEM32\VERSION.dll
0x00007ff891c20000 - 0x00007ff891c27000 	C:\windows\system32\PSAPI.DLL
0x00007ff891a40000 - 0x00007ff891a9a000 	C:\windows\system32\WS2_32.dll
0x00007ff88d4d0000 - 0x00007ff88d4fa000 	C:\windows\SYSTEM32\WINMMBASE.dll
0x00007ff8920b0000 - 0x00007ff8920b9000 	C:\windows\system32\NSI.dll
0x00007ff890160000 - 0x00007ff8901af000 	C:\windows\SYSTEM32\cfgmgr32.dll
0x00007ff88e980000 - 0x00007ff88e9a8000 	C:\windows\SYSTEM32\DEVOBJ.dll
0x0000000053260000 - 0x000000005326f000 	C:\Program Files\Java\jdk8\jre\bin\verify.dll
0x0000000053230000 - 0x0000000053259000 	C:\Program Files\Java\jdk8\jre\bin\java.dll
0x0000000053210000 - 0x0000000053226000 	C:\Program Files\Java\jdk8\jre\bin\zip.dll

VM Arguments:
jvm_args: -Djava.awt.headless=true -Xmx1024M -Dfile.encoding=windows-1255 -Duser.country=US -Duser.language=en -Duser.variant 
java_command: com.android.dx.command.Main --dex --num-threads=4 --multi-dex --output C:\Users\User\AndroidStudioProjects\NavigateLifeSaver\app\build\intermediates\transforms\dex\debug\folders\1000\10\com.google.android.gms-play-services-ads-8.4.0_71bead0ba43cb982d06774c135e4ad9aaf8ae3d9 C:\Users\User\AndroidStudioProjects\NavigateLifeSaver\app\build\intermediates\exploded-aar\com.google.android.gms\play-services-ads\8.4.0\jars\classes.jar
java_class_path (initial): C:\Users\User\AppData\Local\Android\sdk\build-tools\23.0.3\lib\dx.jar
Launcher Type: SUN_STANDARD

Environment Variables:
JAVA_HOME=C:\Program Files\Java\jdk8
PATH=C:\Python27\;C:\ProgramData\Oracle\Java\javapath;C:\Program Files (x86)\Intel\iCLS Client\;C:\Program Files\Intel\iCLS Client\;C:\windows\system32;C:\windows;C:\windows\System32\Wbem;C:\windows\System32\WindowsPowerShell\v1.0\;C:\Program Files\Intel\Intel(R) Management Engine Components\DAL;C:\Program Files (x86)\Intel\Intel(R) Management Engine Components\DAL;C:\Program Files\Intel\Intel(R) Management Engine Components\IPT;C:\Program Files (x86)\Intel\Intel(R) Management Engine Components\IPT;C:\Program Files\Microsoft SQL Server\110\Tools\Binn\;C:\Program Files (x86)\Microsoft SDKs\TypeScript\1.0\;C:\Program Files\Microsoft SQL Server\120\Tools\Binn\;C:\Program Files (x86)\Windows Kits\8.1\Windows Performance Toolkit\;C:\MinGW\bin;\;C:\Program Files\Java\jdk8\bin;C:\Program Files (x86)\Skype\Phone\;C:\Program Files\Git\cmd\;C:\OpenCV\opencv\build\x86\vc12\bin\;
USERNAME=User
OS=Windows_NT
PROCESSOR_IDENTIFIER=Intel64 Family 6 Model 61 Stepping 4, GenuineIntel



---------------  S Y S T E M  ---------------

OS: Windows 8.1 , 64 bit Build 9600 (6.3.9600.17415)

CPU:total 4 (2 cores per cpu, 2 threads per core) family 6 model 61 stepping 4, cmov, cx8, fxsr, mmx, sse, sse2, sse3, ssse3, sse4.1, sse4.2, popcnt, avx, avx2, aes, clmul, erms, 3dnowpref, lzcnt, ht, tsc, tscinvbit, bmi1, bmi2, adx

Memory: 4k page, physical 8277100k(1449764k free), swap 8277100k(5116k free)

vm_info: Java HotSpot(TM) 64-Bit Server VM (25.45-b02) for windows-amd64 JRE (1.8.0_45-b15), built on Apr 30 2015 12:40:44 by "java_re" with MS VC++ 10.0 (VS2010)

time: Sat Aug 27 16:17:07 2016
elapsed time: 5 seconds (0d 0h 0m 5s)

