#
# There is insufficient memory for the Java Runtime Environment to continue.
# Native memory allocation (malloc) failed to allocate 346880 bytes for Chunk::new
# Possible reasons:
#   The system is out of physical RAM or swap space
#   In 32 bit mode, the process size limit was hit
# Possible solutions:
#   Reduce memory load on the system
#   Increase physical memory or swap space
#   Check if swap backing store is full
#   Use 64 bit Java on a 64 bit OS
#   Decrease Java heap size (-Xmx/-Xms)
#   Decrease number of Java threads
#   Decrease Java thread stack sizes (-Xss)
#   Set larger code cache with -XX:ReservedCodeCacheSize=
# This output file may be truncated or incomplete.
#
#  Out of Memory Error (allocation.cpp:390), pid=4984, tid=3052
#
# JRE version: Java(TM) SE Runtime Environment (8.0_45-b15) (build 1.8.0_45-b15)
# Java VM: Java HotSpot(TM) 64-Bit Server VM (25.45-b02 mixed mode windows-amd64 compressed oops)
# Failed to write core dump. Minidumps are not enabled by default on client versions of Windows
#

---------------  T H R E A D  ---------------

Current thread (0x0000000014541000):  JavaThread "C2 CompilerThread0" daemon [_thread_in_native, id=3052, stack(0x0000000015a40000,0x0000000015b40000)]

Stack: [0x0000000015a40000,0x0000000015b40000]
Native frames: (J=compiled Java code, j=interpreted, Vv=VM code, C=native code)
V  [jvm.dll+0x32b57a]


Current CompileTask:
C2:   5237 1244   !   4       com.android.dx.cf.code.BytecodeArray::parseInstruction (2764 bytes)


---------------  P R O C E S S  ---------------

Java Threads: ( => current thread )
  0x0000000015e85800 JavaThread "pool-2-thread-4" [_thread_blocked, id=8804, stack(0x0000000016740000,0x0000000016840000)]
  0x0000000015e2c800 JavaThread "pool-2-thread-3" [_thread_blocked, id=8452, stack(0x0000000016640000,0x0000000016740000)]
  0x0000000015e2c000 JavaThread "pool-2-thread-2" [_thread_in_Java, id=5488, stack(0x0000000016540000,0x0000000016640000)]
  0x0000000015e2a800 JavaThread "pool-3-thread-1" [_thread_blocked, id=2760, stack(0x0000000016440000,0x0000000016540000)]
  0x0000000015e27800 JavaThread "pool-2-thread-1" [_thread_blocked, id=2248, stack(0x0000000016340000,0x0000000016440000)]
  0x0000000015c9f000 JavaThread "Service Thread" daemon [_thread_blocked, id=7948, stack(0x0000000016140000,0x0000000016240000)]
  0x0000000015c99000 JavaThread "C1 CompilerThread2" daemon [_thread_blocked, id=2004, stack(0x0000000016040000,0x0000000016140000)]
  0x000000001454b800 JavaThread "C2 CompilerThread1" daemon [_thread_in_native, id=1708, stack(0x0000000015b40000,0x0000000015c40000)]
=>0x0000000014541000 JavaThread "C2 CompilerThread0" daemon [_thread_in_native, id=3052, stack(0x0000000015a40000,0x0000000015b40000)]
  0x000000001453e800 JavaThread "Attach Listener" daemon [_thread_blocked, id=6316, stack(0x0000000015940000,0x0000000015a40000)]
  0x000000001453d800 JavaThread "Signal Dispatcher" daemon [_thread_blocked, id=6972, stack(0x0000000015840000,0x0000000015940000)]
  0x0000000001e1c000 JavaThread "Finalizer" daemon [_thread_blocked, id=6548, stack(0x0000000015740000,0x0000000015840000)]
  0x0000000001e0e800 JavaThread "Reference Handler" daemon [_thread_blocked, id=2764, stack(0x0000000015640000,0x0000000015740000)]
  0x0000000001d20800 JavaThread "main" [_thread_blocked, id=8432, stack(0x0000000001be0000,0x0000000001ce0000)]

Other Threads:
  0x00000000144b7000 VMThread [stack: 0x0000000015540000,0x0000000015640000] [id=5288]
  0x0000000015cb8800 WatcherThread [stack: 0x0000000016240000,0x0000000016340000] [id=1432]

VM state:not at safepoint (normal execution)

VM Mutex/Monitor currently owned by a thread: None

Heap:
 PSYoungGen      total 38400K, used 8187K [0x00000000eab00000, 0x00000000ed580000, 0x0000000100000000)
  eden space 33280K, 9% used [0x00000000eab00000,0x00000000eadffce0,0x00000000ecb80000)
  from space 5120K, 99% used [0x00000000ecb80000,0x00000000ed07efa8,0x00000000ed080000)
  to   space 5120K, 0% used [0x00000000ed080000,0x00000000ed080000,0x00000000ed580000)
 ParOldGen       total 87552K, used 1526K [0x00000000c0000000, 0x00000000c5580000, 0x00000000eab00000)
  object space 87552K, 1% used [0x00000000c0000000,0x00000000c017d838,0x00000000c5580000)
 Metaspace       used 5997K, capacity 6960K, committed 7040K, reserved 1056768K
  class space    used 589K, capacity 616K, committed 640K, reserved 1048576K

Card table byte_map: [0x00000000111e0000,0x00000000113f0000] byte_map_base: 0x0000000010be0000

Marking Bits: (ParMarkBitMap*) 0x0000000053a74040
 Begin Bits: [0x0000000011950000, 0x0000000012950000)
 End Bits:   [0x0000000012950000, 0x0000000013950000)

Polling page: 0x0000000000330000

CodeCache: size=245760Kb used=5106Kb max_used=5106Kb free=240653Kb
 bounds [0x0000000001e20000, 0x0000000002330000, 0x0000000010e20000]
 total_blobs=1566 nmethods=1297 adapters=182
 compilation: enabled

Compilation events (10 events):
Event: 5.228 Thread 0x0000000015c99000 1304       3       com.android.dx.cf.code.Ropper::getRopMethod (64 bytes)
Event: 5.230 Thread 0x0000000015c99000 nmethod 1304 0x000000000231bc50 code [0x000000000231bea0, 0x000000000231cc38]
Event: 5.230 Thread 0x0000000015c99000 1305       3       java.util.ArrayDeque::add (7 bytes)
Event: 5.230 Thread 0x0000000015c99000 nmethod 1305 0x000000000231d510 code [0x000000000231d680, 0x000000000231d828]
Event: 5.230 Thread 0x0000000015c99000 1308       3       com.android.dx.ssa.SsaMethod::convertRopToSsaBlocks (103 bytes)
Event: 5.232 Thread 0x0000000015c99000 nmethod 1308 0x000000000231d8d0 code [0x000000000231db40, 0x000000000231ed08]
Event: 5.232 Thread 0x0000000015c99000 1306       3       java.util.ArrayDeque::addLast (53 bytes)
Event: 5.232 Thread 0x0000000015c99000 nmethod 1306 0x000000000231f710 code [0x000000000231f8a0, 0x000000000231fcb8]
Event: 5.232 Thread 0x0000000015c99000 1307       3       com.android.dx.rop.cst.CstType::<init> (46 bytes)
Event: 5.232 Thread 0x0000000015c99000 nmethod 1307 0x000000000231fe50 code [0x0000000002320000, 0x0000000002320498]

GC Heap History (2 events):
Event: 4.584 GC heap before
{Heap before GC invocations=1 (full 0):
 PSYoungGen      total 38400K, used 33280K [0x00000000eab00000, 0x00000000ed580000, 0x0000000100000000)
  eden space 33280K, 100% used [0x00000000eab00000,0x00000000ecb80000,0x00000000ecb80000)
  from space 5120K, 0% used [0x00000000ed080000,0x00000000ed080000,0x00000000ed580000)
  to   space 5120K, 0% used [0x00000000ecb80000,0x00000000ecb80000,0x00000000ed080000)
 ParOldGen       total 87552K, used 0K [0x00000000c0000000, 0x00000000c5580000, 0x00000000eab00000)
  object space 87552K, 0% used [0x00000000c0000000,0x00000000c0000000,0x00000000c5580000)
 Metaspace       used 5980K, capacity 6960K, committed 7040K, reserved 1056768K
  class space    used 589K, capacity 616K, committed 640K, reserved 1048576K
Event: 5.158 GC heap after
Heap after GC invocations=1 (full 0):
 PSYoungGen      total 38400K, used 5115K [0x00000000eab00000, 0x00000000ed580000, 0x0000000100000000)
  eden space 33280K, 0% used [0x00000000eab00000,0x00000000eab00000,0x00000000ecb80000)
  from space 5120K, 99% used [0x00000000ecb80000,0x00000000ed07efa8,0x00000000ed080000)
  to   space 5120K, 0% used [0x00000000ed080000,0x00000000ed080000,0x00000000ed580000)
 ParOldGen       total 87552K, used 1526K [0x00000000c0000000, 0x00000000c5580000, 0x00000000eab00000)
  object space 87552K, 1% used [0x00000000c0000000,0x00000000c017d838,0x00000000c5580000)
 Metaspace       used 5980K, capacity 6960K, committed 7040K, reserved 1056768K
  class space    used 589K, capacity 616K, committed 640K, reserved 1048576K
}

Deoptimization events (5 events):
Event: 2.455 Thread 0x0000000015e27800 Uncommon trap: reason=unstable_if action=reinterpret pc=0x0000000002053000 method=java.util.HashMap.getNode(ILjava/lang/Object;)Ljava/util/HashMap$Node; @ 62
Event: 3.169 Thread 0x0000000015e2c000 Uncommon trap: reason=null_check action=make_not_entrant pc=0x00000000021a5b54 method=com.android.dx.ssa.SsaRenamer.getLocalForNewReg(I)Lcom/android/dx/rop/code/LocalItem; @ 19
Event: 3.180 Thread 0x0000000015e27800 Uncommon trap: reason=null_check action=make_not_entrant pc=0x00000000021928e4 method=com.android.dx.rop.type.Type.equals(Ljava/lang/Object;)Z @ 8
Event: 3.353 Thread 0x0000000015e27800 Uncommon trap: reason=unstable_if action=reinterpret pc=0x00000000021b7900 method=com.android.dx.rop.code.RegisterSpec.equals(ILcom/android/dx/rop/type/TypeBearer;Lcom/android/dx/rop/code/LocalItem;)Z @ 42
Event: 3.681 Thread 0x0000000015e2c000 Uncommon trap: reason=unstable_if action=reinterpret pc=0x00000000021c261c method=com.android.dx.rop.cst.Constant.compareTo(Lcom/android/dx/rop/cst/Constant;)I @ 12

Internal exceptions (4 events):
Event: 0.131 Thread 0x0000000001d20800 Exception <a 'java/lang/NoSuchMethodError': Method sun.misc.Unsafe.defineClass(Ljava/lang/String;[BII)Ljava/lang/Class; name or signature does not match> (0x00000000eab12bd8) thrown at [C:\re\workspace\8-2-build-windows-amd64-cygwin\jdk8u45\3627\hotspot\srÛ¶­Ú¿À?
Event: 0.131 Thread 0x0000000001d20800 Exception <a 'java/lang/NoSuchMethodError': Method sun.misc.Unsafe.prefetchRead(Ljava/lang/Object;J)V name or signature does not match> (0x00000000eab12e68) thrown at [C:\re\workspace\8-2-build-windows-amd64-cygwin\jdk8u45\3627\hotspot\src\share\vm\prims\jÎ÷C¼pY	@
Event: 3.169 Thread 0x0000000015e2c000 Implicit null exception at 0x00000000021a2bdd to 0x00000000021a5b11
Event: 3.180 Thread 0x0000000015e27800 Implicit null exception at 0x00000000021927e2 to 0x00000000021928d5

Events (10 events):
Event: 3.353 Thread 0x0000000015e27800 DEOPT UNPACKING pc=0x0000000001e6582a sp=0x000000001643e538 mode 2
Event: 3.681 Thread 0x0000000015e2c000 Uncommon trap: trap_request=0xffffff65 fr.pc=0x00000000021c261c
Event: 3.682 Thread 0x0000000015e2c000 DEOPT PACKING pc=0x00000000021c261c sp=0x000000001663e6a0
Event: 3.682 Thread 0x0000000015e2c000 DEOPT UNPACKING pc=0x0000000001e6582a sp=0x000000001663e640 mode 2
Event: 3.769 loading class com/android/dx/cf/code/SwitchList
Event: 3.769 loading class com/android/dx/cf/code/SwitchList done
Event: 4.091 Executing VM operation: ForceSafepoint
Event: 4.413 Executing VM operation: ForceSafepoint done
Event: 4.446 Executing VM operation: ParallelGCFailedAllocation
Event: 5.158 Executing VM operation: ParallelGCFailedAllocation done


Dynamic libraries:
0x00007ff7a1cf0000 - 0x00007ff7a1d27000 	C:\Program Files\Java\jdk8\bin\java.exe
0x00007ff892b20000 - 0x00007ff892ccd000 	C:\windows\SYSTEM32\ntdll.dll
0x00007ff8916e0000 - 0x00007ff89181e000 	C:\windows\system32\KERNEL32.DLL
0x00007ff88fd20000 - 0x00007ff88fe35000 	C:\windows\system32\KERNELBASE.dll
0x00007ff88e6d0000 - 0x00007ff88e75e000 	C:\windows\system32\apphelp.dll
0x00007ff883090000 - 0x00007ff8830e3000 	C:\windows\AppPatch\AppPatch64\AcGenral.DLL
0x00007ff891b70000 - 0x00007ff891c1a000 	C:\windows\system32\msvcrt.dll
0x00007ff88fe40000 - 0x00007ff88fe6e000 	C:\windows\system32\SspiCli.dll
0x00007ff892660000 - 0x00007ff8926b4000 	C:\windows\system32\SHLWAPI.dll
0x00007ff891cd0000 - 0x00007ff891e47000 	C:\windows\system32\USER32.dll
0x00007ff891f10000 - 0x00007ff8920a4000 	C:\windows\system32\ole32.dll
0x00007ff8901b0000 - 0x00007ff8916d9000 	C:\windows\system32\SHELL32.dll
0x00007ff88f220000 - 0x00007ff88f241000 	C:\windows\SYSTEM32\USERENV.dll
0x00007ff892a50000 - 0x00007ff892afa000 	C:\windows\system32\ADVAPI32.dll
0x00007ff885ae0000 - 0x00007ff885afe000 	C:\windows\SYSTEM32\MPR.dll
0x00007ff8926d0000 - 0x00007ff892810000 	C:\windows\system32\RPCRT4.dll
0x00007ff892810000 - 0x00007ff892869000 	C:\windows\SYSTEM32\sechost.dll
0x00007ff891820000 - 0x00007ff891a31000 	C:\windows\SYSTEM32\combase.dll
0x00007ff8920c0000 - 0x00007ff89220f000 	C:\windows\system32\GDI32.dll
0x00007ff88fc50000 - 0x00007ff88fc65000 	C:\windows\SYSTEM32\profapi.dll
0x00007ff88e0e0000 - 0x00007ff88e192000 	C:\windows\SYSTEM32\SHCORE.dll
0x00007ff891c90000 - 0x00007ff891cc6000 	C:\windows\system32\IMM32.DLL
0x00007ff892350000 - 0x00007ff8924a2000 	C:\windows\system32\MSCTF.dll
0x00007ff88d9e0000 - 0x00007ff88dc5b000 	C:\windows\WinSxS\amd64_microsoft.windows.common-controls_6595b64144ccf1df_6.0.9600.18006_none_623f33d3ecbe86e8\COMCTL32.dll
0x0000000052c50000 - 0x0000000052d22000 	C:\Program Files\Java\jdk8\jre\bin\msvcr100.dll
0x0000000053270000 - 0x0000000053af3000 	C:\Program Files\Java\jdk8\jre\bin\server\jvm.dll
0x00007ff88d400000 - 0x00007ff88d409000 	C:\windows\SYSTEM32\WSOCK32.dll
0x00007ff88d500000 - 0x00007ff88d522000 	C:\windows\SYSTEM32\WINMM.dll
0x00007ff88eef0000 - 0x00007ff88eefa000 	C:\windows\SYSTEM32\VERSION.dll
0x00007ff891c20000 - 0x00007ff891c27000 	C:\windows\system32\PSAPI.DLL
0x00007ff891a40000 - 0x00007ff891a9a000 	C:\windows\system32\WS2_32.dll
0x00007ff88d4d0000 - 0x00007ff88d4fa000 	C:\windows\SYSTEM32\WINMMBASE.dll
0x00007ff8920b0000 - 0x00007ff8920b9000 	C:\windows\system32\NSI.dll
0x00007ff890160000 - 0x00007ff8901af000 	C:\windows\SYSTEM32\cfgmgr32.dll
0x00007ff88e980000 - 0x00007ff88e9a8000 	C:\windows\SYSTEM32\DEVOBJ.dll
0x0000000053260000 - 0x000000005326f000 	C:\Program Files\Java\jdk8\jre\bin\verify.dll
0x0000000053230000 - 0x0000000053259000 	C:\Program Files\Java\jdk8\jre\bin\java.dll
0x0000000053210000 - 0x0000000053226000 	C:\Program Files\Java\jdk8\jre\bin\zip.dll

VM Arguments:
jvm_args: -Djava.awt.headless=true -Xmx1024M -Dfile.encoding=windows-1255 -Duser.country=US -Duser.language=en -Duser.variant 
java_command: com.android.dx.command.Main --dex --num-threads=4 --multi-dex --output C:\Users\User\AndroidStudioProjects\NavigateLifeSaver\app\build\intermediates\transforms\dex\debug\folders\1000\10\jackson-core-2.4.1_512fc7af707521b013b92a4a0ca9af33b69b74af C:\Users\User\.gradle\caches\modules-2\files-2.1\com.fasterxml.jackson.core\jackson-core\2.4.1\b130bcfb5a9c410c3cbd2e0adec9437e69a39e2c\jackson-core-2.4.1.jar
java_class_path (initial): C:\Users\User\AppData\Local\Android\sdk\build-tools\23.0.3\lib\dx.jar
Launcher Type: SUN_STANDARD

Environment Variables:
JAVA_HOME=C:\Program Files\Java\jdk8
PATH=C:\Python27\;C:\ProgramData\Oracle\Java\javapath;C:\Program Files (x86)\Intel\iCLS Client\;C:\Program Files\Intel\iCLS Client\;C:\windows\system32;C:\windows;C:\windows\System32\Wbem;C:\windows\System32\WindowsPowerShell\v1.0\;C:\Program Files\Intel\Intel(R) Management Engine Components\DAL;C:\Program Files (x86)\Intel\Intel(R) Management Engine Components\DAL;C:\Program Files\Intel\Intel(R) Management Engine Components\IPT;C:\Program Files (x86)\Intel\Intel(R) Management Engine Components\IPT;C:\Program Files\Microsoft SQL Server\110\Tools\Binn\;C:\Program Files (x86)\Microsoft SDKs\TypeScript\1.0\;C:\Program Files\Microsoft SQL Server\120\Tools\Binn\;C:\Program Files (x86)\Windows Kits\8.1\Windows Performance Toolkit\;C:\MinGW\bin;\;C:\Program Files\Java\jdk8\bin;C:\Program Files (x86)\Skype\Phone\;C:\Program Files\Git\cmd\;C:\OpenCV\opencv\build\x86\vc12\bin\;
USERNAME=User
OS=Windows_NT
PROCESSOR_IDENTIFIER=Intel64 Family 6 Model 61 Stepping 4, GenuineIntel



---------------  S Y S T E M  ---------------

OS: Windows 8.1 , 64 bit Build 9600 (6.3.9600.17415)

CPU:total 4 (2 cores per cpu, 2 threads per core) family 6 model 61 stepping 4, cmov, cx8, fxsr, mmx, sse, sse2, sse3, ssse3, sse4.1, sse4.2, popcnt, avx, avx2, aes, clmul, erms, 3dnowpref, lzcnt, ht, tsc, tscinvbit, bmi1, bmi2, adx

Memory: 4k page, physical 8277100k(1452200k free), swap 8277100k(6408k free)

vm_info: Java HotSpot(TM) 64-Bit Server VM (25.45-b02) for windows-amd64 JRE (1.8.0_45-b15), built on Apr 30 2015 12:40:44 by "java_re" with MS VC++ 10.0 (VS2010)

time: Sat Aug 27 16:17:07 2016
elapsed time: 5 seconds (0d 0h 0m 5s)

