#
# There is insufficient memory for the Java Runtime Environment to continue.
# Native memory allocation (malloc) failed to allocate 409056 bytes for Chunk::new
# Possible reasons:
#   The system is out of physical RAM or swap space
#   In 32 bit mode, the process size limit was hit
# Possible solutions:
#   Reduce memory load on the system
#   Increase physical memory or swap space
#   Check if swap backing store is full
#   Use 64 bit Java on a 64 bit OS
#   Decrease Java heap size (-Xmx/-Xms)
#   Decrease number of Java threads
#   Decrease Java thread stack sizes (-Xss)
#   Set larger code cache with -XX:ReservedCodeCacheSize=
# This output file may be truncated or incomplete.
#
#  Out of Memory Error (allocation.cpp:390), pid=2480, tid=4860
#
# JRE version: Java(TM) SE Runtime Environment (8.0_45-b15) (build 1.8.0_45-b15)
# Java VM: Java HotSpot(TM) 64-Bit Server VM (25.45-b02 mixed mode windows-amd64 compressed oops)
# Failed to write core dump. Minidumps are not enabled by default on client versions of Windows
#

---------------  T H R E A D  ---------------

Current thread (0x00000000149ea800):  JavaThread "C2 CompilerThread0" daemon [_thread_in_native, id=4860, stack(0x0000000015f10000,0x0000000016010000)]

Stack: [0x0000000015f10000,0x0000000016010000]
Native frames: (J=compiled Java code, j=interpreted, Vv=VM code, C=native code)
V  [jvm.dll+0x32b57a]


Current CompileTask:
C2:   9105 1765   !   4       com.android.dx.rop.code.RegisterSpec::intern (70 bytes)


---------------  P R O C E S S  ---------------

Java Threads: ( => current thread )
  0x00000000162d9000 JavaThread "pool-1-thread-1" [_thread_in_Java, id=6272, stack(0x0000000016810000,0x0000000016910000)]
  0x000000001615d800 JavaThread "Service Thread" daemon [_thread_blocked, id=6552, stack(0x0000000016610000,0x0000000016710000)]
  0x00000000149fd000 JavaThread "C1 CompilerThread2" daemon [_thread_in_native, id=6916, stack(0x0000000016510000,0x0000000016610000)]
  0x00000000149ec800 JavaThread "C2 CompilerThread1" daemon [_thread_in_native, id=9048, stack(0x0000000016010000,0x0000000016110000)]
=>0x00000000149ea800 JavaThread "C2 CompilerThread0" daemon [_thread_in_native, id=4860, stack(0x0000000015f10000,0x0000000016010000)]
  0x00000000149e8800 JavaThread "Attach Listener" daemon [_thread_blocked, id=7620, stack(0x0000000015e10000,0x0000000015f10000)]
  0x0000000014997800 JavaThread "Signal Dispatcher" daemon [_thread_blocked, id=6040, stack(0x0000000015d10000,0x0000000015e10000)]
  0x00000000021e0800 JavaThread "Finalizer" daemon [_thread_blocked, id=2988, stack(0x0000000015c10000,0x0000000015d10000)]
  0x00000000021dd000 JavaThread "Reference Handler" daemon [_thread_blocked, id=2084, stack(0x0000000015b10000,0x0000000015c10000)]
  0x00000000020f0800 JavaThread "main" [_thread_blocked, id=2068, stack(0x0000000001fb0000,0x00000000020b0000)]

Other Threads:
  0x0000000014968000 VMThread [stack: 0x0000000015a10000,0x0000000015b10000] [id=3052]
  0x000000001615f000 WatcherThread [stack: 0x0000000016710000,0x0000000016810000] [id=6716]

VM state:not at safepoint (normal execution)

VM Mutex/Monitor currently owned by a thread: None

Heap:
 PSYoungGen      total 71680K, used 10187K [0x00000000eab00000, 0x00000000ef600000, 0x0000000100000000)
  eden space 66560K, 7% used [0x00000000eab00000,0x00000000eaff3210,0x00000000eec00000)
  from space 5120K, 99% used [0x00000000ef100000,0x00000000ef5ffa68,0x00000000ef600000)
  to   space 5120K, 0% used [0x00000000eec00000,0x00000000eec00000,0x00000000ef100000)
 ParOldGen       total 87552K, used 5468K [0x00000000c0000000, 0x00000000c5580000, 0x00000000eab00000)
  object space 87552K, 6% used [0x00000000c0000000,0x00000000c05572b0,0x00000000c5580000)
 Metaspace       used 6426K, capacity 7256K, committed 7424K, reserved 1056768K
  class space    used 629K, capacity 656K, committed 768K, reserved 1048576K

Card table byte_map: [0x0000000011690000,0x00000000118a0000] byte_map_base: 0x0000000011090000

Marking Bits: (ParMarkBitMap*) 0x0000000053a74040
 Begin Bits: [0x0000000011e00000, 0x0000000012e00000)
 End Bits:   [0x0000000012e00000, 0x0000000013e00000)

Polling page: 0x00000000020b0000

CodeCache: size=245760Kb used=7386Kb max_used=7386Kb free=238373Kb
 bounds [0x00000000022d0000, 0x0000000002a10000, 0x00000000112d0000]
 total_blobs=2008 nmethods=1739 adapters=182
 compilation: enabled

Compilation events (10 events):
Event: 9.089 Thread 0x00000000149fd000 nmethod 1777 0x0000000002a03310 code [0x0000000002a03460, 0x0000000002a03570]
Event: 9.090 Thread 0x00000000149fd000 1778       3       com.android.dx.dex.code.Dops::getNextOrNull (19 bytes)
Event: 9.090 Thread 0x00000000149fd000 nmethod 1778 0x0000000002a035d0 code [0x0000000002a03760, 0x0000000002a03b28]
Event: 9.090 Thread 0x00000000149fd000 1779       3       com.android.dx.dex.code.OutputFinisher::align64bits (247 bytes)
Event: 9.092 Thread 0x00000000149fd000 nmethod 1779 0x0000000002a03d50 code [0x0000000002a04020, 0x0000000002a05878]
Event: 9.092 Thread 0x00000000149fd000 1780       1       com.android.dx.dex.code.form.Form21s::codeSize (2 bytes)
Event: 9.093 Thread 0x00000000149fd000 nmethod 1780 0x0000000002a063d0 code [0x0000000002a06520, 0x0000000002a06630]
Event: 9.100 Thread 0x00000000149fd000 1781       3       com.android.dx.dex.code.OutputFinisher::assignIndices (46 bytes)
Event: 9.101 Thread 0x00000000149fd000 nmethod 1781 0x0000000002a07b90 code [0x0000000002a07d60, 0x0000000002a085d8]
Event: 9.101 Thread 0x00000000149fd000 1782       3       com.android.dx.dex.code.DalvInsnList::makeImmutable (51 bytes)

GC Heap History (4 events):
Event: 2.383 GC heap before
{Heap before GC invocations=1 (full 0):
 PSYoungGen      total 38400K, used 33280K [0x00000000eab00000, 0x00000000ed580000, 0x0000000100000000)
  eden space 33280K, 100% used [0x00000000eab00000,0x00000000ecb80000,0x00000000ecb80000)
  from space 5120K, 0% used [0x00000000ed080000,0x00000000ed080000,0x00000000ed580000)
  to   space 5120K, 0% used [0x00000000ecb80000,0x00000000ecb80000,0x00000000ed080000)
 ParOldGen       total 87552K, used 0K [0x00000000c0000000, 0x00000000c5580000, 0x00000000eab00000)
  object space 87552K, 0% used [0x00000000c0000000,0x00000000c0000000,0x00000000c5580000)
 Metaspace       used 5992K, capacity 6960K, committed 7040K, reserved 1056768K
  class space    used 590K, capacity 616K, committed 640K, reserved 1048576K
Event: 2.664 GC heap after
Heap after GC invocations=1 (full 0):
 PSYoungGen      total 38400K, used 5113K [0x00000000eab00000, 0x00000000ef600000, 0x0000000100000000)
  eden space 33280K, 0% used [0x00000000eab00000,0x00000000eab00000,0x00000000ecb80000)
  from space 5120K, 99% used [0x00000000ecb80000,0x00000000ed07e4e8,0x00000000ed080000)
  to   space 5120K, 0% used [0x00000000ef100000,0x00000000ef100000,0x00000000ef600000)
 ParOldGen       total 87552K, used 1573K [0x00000000c0000000, 0x00000000c5580000, 0x00000000eab00000)
  object space 87552K, 1% used [0x00000000c0000000,0x00000000c0189648,0x00000000c5580000)
 Metaspace       used 5992K, capacity 6960K, committed 7040K, reserved 1056768K
  class space    used 590K, capacity 616K, committed 640K, reserved 1048576K
}
Event: 4.576 GC heap before
{Heap before GC invocations=2 (full 0):
 PSYoungGen      total 38400K, used 38393K [0x00000000eab00000, 0x00000000ef600000, 0x0000000100000000)
  eden space 33280K, 100% used [0x00000000eab00000,0x00000000ecb80000,0x00000000ecb80000)
  from space 5120K, 99% used [0x00000000ecb80000,0x00000000ed07e4e8,0x00000000ed080000)
  to   space 5120K, 0% used [0x00000000ef100000,0x00000000ef100000,0x00000000ef600000)
 ParOldGen       total 87552K, used 1573K [0x00000000c0000000, 0x00000000c5580000, 0x00000000eab00000)
  object space 87552K, 1% used [0x00000000c0000000,0x00000000c0189648,0x00000000c5580000)
 Metaspace       used 6185K, capacity 7064K, committed 7424K, reserved 1056768K
  class space    used 612K, capacity 656K, committed 768K, reserved 1048576K
Event: 5.424 GC heap after
Heap after GC invocations=2 (full 0):
 PSYoungGen      total 71680K, used 5118K [0x00000000eab00000, 0x00000000ef600000, 0x0000000100000000)
  eden space 66560K, 0% used [0x00000000eab00000,0x00000000eab00000,0x00000000eec00000)
  from space 5120K, 99% used [0x00000000ef100000,0x00000000ef5ffa68,0x00000000ef600000)
  to   space 5120K, 0% used [0x00000000eec00000,0x00000000eec00000,0x00000000ef100000)
 ParOldGen       total 87552K, used 5468K [0x00000000c0000000, 0x00000000c5580000, 0x00000000eab00000)
  object space 87552K, 6% used [0x00000000c0000000,0x00000000c05572b0,0x00000000c5580000)
 Metaspace       used 6185K, capacity 7064K, committed 7424K, reserved 1056768K
  class space    used 612K, capacity 656K, committed 768K, reserved 1048576K
}

Deoptimization events (10 events):
Event: 7.610 Thread 0x00000000162d9000 Uncommon trap: reason=class_check action=maybe_recompile pc=0x000000000283ef48 method=java.util.Arrays.hashCode([Ljava/lang/Object;)I @ 43
Event: 7.610 Thread 0x00000000162d9000 Uncommon trap: reason=class_check action=maybe_recompile pc=0x000000000283fb68 method=java.util.Arrays.hashCode([Ljava/lang/Object;)I @ 43
Event: 7.794 Thread 0x00000000162d9000 Uncommon trap: reason=unstable_if action=reinterpret pc=0x000000000298ff10 method=com.android.dx.dex.code.OutputFinisher.addConstants(Ljava/util/HashSet;Lcom/android/dx/rop/code/RegisterSpec;)V @ 57
Event: 8.167 Thread 0x00000000162d9000 Uncommon trap: reason=speculate_class_check action=maybe_recompile pc=0x00000000026b88a0 method=com.android.dx.util.FixedSizeList.equals(Ljava/lang/Object;)Z @ 25
Event: 8.167 Thread 0x00000000162d9000 Uncommon trap: reason=class_check action=maybe_recompile pc=0x00000000026b26b4 method=java.util.Arrays.equals([Ljava/lang/Object;[Ljava/lang/Object;)Z @ 62
Event: 8.167 Thread 0x00000000162d9000 Uncommon trap: reason=speculate_class_check action=maybe_recompile pc=0x00000000026b88a0 method=com.android.dx.util.FixedSizeList.equals(Ljava/lang/Object;)Z @ 25
Event: 8.167 Thread 0x00000000162d9000 Uncommon trap: reason=unstable_if action=reinterpret pc=0x00000000026b26e8 method=java.util.Arrays.equals([Ljava/lang/Object;[Ljava/lang/Object;)Z @ 23
Event: 8.168 Thread 0x00000000162d9000 Uncommon trap: reason=speculate_class_check action=maybe_recompile pc=0x00000000026b88a0 method=com.android.dx.util.FixedSizeList.equals(Ljava/lang/Object;)Z @ 25
Event: 8.168 Thread 0x00000000162d9000 Uncommon trap: reason=speculate_class_check action=maybe_recompile pc=0x00000000026b88a0 method=com.android.dx.util.FixedSizeList.equals(Ljava/lang/Object;)Z @ 25
Event: 8.183 Thread 0x00000000162d9000 Uncommon trap: reason=unstable_if action=reinterpret pc=0x00000000029ad604 method=java.util.TreeMap.put(Ljava/lang/Object;Ljava/lang/Object;)Ljava/lang/Object; @ 163

Internal exceptions (8 events):
Event: 0.048 Thread 0x00000000020f0800 Exception <a 'java/lang/NoSuchMethodError': Method sun.misc.Unsafe.defineClass(Ljava/lang/String;[BII)Ljava/lang/Class; name or signature does not match> (0x00000000eab12f08) thrown at [C:\re\workspace\8-2-build-windows-amd64-cygwin\jdk8u45\3627\hotspot\sr≈Õ4E<¿®?
Event: 0.048 Thread 0x00000000020f0800 Exception <a 'java/lang/NoSuchMethodError': Method sun.misc.Unsafe.prefetchRead(Ljava/lang/Object;J)V name or signature does not match> (0x00000000eab13198) thrown at [C:\re\workspace\8-2-build-windows-amd64-cygwin\jdk8u45\3627\hotspot\src\share\vm\prims\jê‹Ì?eíˇ?
Event: 1.973 Thread 0x000000001638b000 Implicit null exception at 0x00000000025e7b89 to 0x00000000025ea29d
Event: 1.973 Thread 0x000000001638b000 Implicit null exception at 0x00000000025f460a to 0x00000000025f6bd9
Event: 2.059 Thread 0x00000000162da800 Implicit null exception at 0x000000000263b522 to 0x000000000263b615
Event: 3.463 Thread 0x00000000162da800 Exception <a 'java/lang/ArrayIndexOutOfBoundsException': 18> (0x00000000eba232a8) thrown at [C:\re\workspace\8-2-build-windows-amd64-cygwin\jdk8u45\3627\hotspot\src\share\vm\interpreter\interpreterRuntime.cpp, line 366]
Event: 3.463 Thread 0x00000000162da800 Exception <a 'java/lang/ArrayIndexOutOfBoundsException': 145> (0x00000000eba24d78) thrown at [C:\re\workspace\8-2-build-windows-amd64-cygwin\jdk8u45\3627\hotspot\src\share\vm\interpreter\interpreterRuntime.cpp, line 366]
Event: 3.464 Thread 0x00000000162da800 Exception <a 'java/lang/ArrayIndexOutOfBoundsException': 40> (0x00000000eba25fb0) thrown at [C:\re\workspace\8-2-build-windows-amd64-cygwin\jdk8u45\3627\hotspot\src\share\vm\interpreter\interpreterRuntime.cpp, line 366]

Events (10 events):
Event: 8.168 Thread 0x00000000162d9000 Uncommon trap: trap_request=0xffffff76 fr.pc=0x00000000026b88a0
Event: 8.168 Thread 0x00000000162d9000 DEOPT PACKING pc=0x00000000026b88a0 sp=0x000000001690e800
Event: 8.168 Thread 0x00000000162d9000 DEOPT UNPACKING pc=0x000000000231582a sp=0x000000001690e7c0 mode 2
Event: 8.168 loading class com/android/dx/util/ByteArrayAnnotatedOutput
Event: 8.168 loading class com/android/dx/util/ByteArrayAnnotatedOutput done
Event: 8.180 loading class com/android/dx/rop/code/RegisterSpecList$Expander
Event: 8.180 loading class com/android/dx/rop/code/RegisterSpecList$Expander done
Event: 8.183 Thread 0x00000000162d9000 Uncommon trap: trap_request=0xffffff65 fr.pc=0x00000000029ad604
Event: 8.183 Thread 0x00000000162d9000 DEOPT PACKING pc=0x00000000029ad604 sp=0x000000001690e9e0
Event: 8.183 Thread 0x00000000162d9000 DEOPT UNPACKING pc=0x000000000231582a sp=0x000000001690e9c0 mode 2


Dynamic libraries:
0x00007ff7a1cf0000 - 0x00007ff7a1d27000 	C:\Program Files\Java\jdk8\bin\java.exe
0x00007ff892b20000 - 0x00007ff892ccd000 	C:\windows\SYSTEM32\ntdll.dll
0x00007ff8916e0000 - 0x00007ff89181e000 	C:\windows\system32\KERNEL32.DLL
0x00007ff88fd20000 - 0x00007ff88fe35000 	C:\windows\system32\KERNELBASE.dll
0x00007ff88e6d0000 - 0x00007ff88e75e000 	C:\windows\system32\apphelp.dll
0x00007ff883090000 - 0x00007ff8830e3000 	C:\windows\AppPatch\AppPatch64\AcGenral.DLL
0x00007ff891b70000 - 0x00007ff891c1a000 	C:\windows\system32\msvcrt.dll
0x00007ff88fe40000 - 0x00007ff88fe6e000 	C:\windows\system32\SspiCli.dll
0x00007ff892660000 - 0x00007ff8926b4000 	C:\windows\system32\SHLWAPI.dll
0x00007ff891cd0000 - 0x00007ff891e47000 	C:\windows\system32\USER32.dll
0x00007ff891f10000 - 0x00007ff8920a4000 	C:\windows\system32\ole32.dll
0x00007ff8901b0000 - 0x00007ff8916d9000 	C:\windows\system32\SHELL32.dll
0x00007ff88f220000 - 0x00007ff88f241000 	C:\windows\SYSTEM32\USERENV.dll
0x00007ff892a50000 - 0x00007ff892afa000 	C:\windows\system32\ADVAPI32.dll
0x00007ff885ae0000 - 0x00007ff885afe000 	C:\windows\SYSTEM32\MPR.dll
0x00007ff8926d0000 - 0x00007ff892810000 	C:\windows\system32\RPCRT4.dll
0x00007ff892810000 - 0x00007ff892869000 	C:\windows\SYSTEM32\sechost.dll
0x00007ff891820000 - 0x00007ff891a31000 	C:\windows\SYSTEM32\combase.dll
0x00007ff8920c0000 - 0x00007ff89220f000 	C:\windows\system32\GDI32.dll
0x00007ff88fc50000 - 0x00007ff88fc65000 	C:\windows\SYSTEM32\profapi.dll
0x00007ff88e0e0000 - 0x00007ff88e192000 	C:\windows\SYSTEM32\SHCORE.dll
0x00007ff891c90000 - 0x00007ff891cc6000 	C:\windows\system32\IMM32.DLL
0x00007ff892350000 - 0x00007ff8924a2000 	C:\windows\system32\MSCTF.dll
0x00007ff88d9e0000 - 0x00007ff88dc5b000 	C:\windows\WinSxS\amd64_microsoft.windows.common-controls_6595b64144ccf1df_6.0.9600.18006_none_623f33d3ecbe86e8\COMCTL32.dll
0x0000000052c50000 - 0x0000000052d22000 	C:\Program Files\Java\jdk8\jre\bin\msvcr100.dll
0x0000000053270000 - 0x0000000053af3000 	C:\Program Files\Java\jdk8\jre\bin\server\jvm.dll
0x00007ff88d400000 - 0x00007ff88d409000 	C:\windows\SYSTEM32\WSOCK32.dll
0x00007ff88d500000 - 0x00007ff88d522000 	C:\windows\SYSTEM32\WINMM.dll
0x00007ff88eef0000 - 0x00007ff88eefa000 	C:\windows\SYSTEM32\VERSION.dll
0x00007ff891c20000 - 0x00007ff891c27000 	C:\windows\system32\PSAPI.DLL
0x00007ff891a40000 - 0x00007ff891a9a000 	C:\windows\system32\WS2_32.dll
0x00007ff88d4d0000 - 0x00007ff88d4fa000 	C:\windows\SYSTEM32\WINMMBASE.dll
0x00007ff8920b0000 - 0x00007ff8920b9000 	C:\windows\system32\NSI.dll
0x00007ff890160000 - 0x00007ff8901af000 	C:\windows\SYSTEM32\cfgmgr32.dll
0x00007ff88e980000 - 0x00007ff88e9a8000 	C:\windows\SYSTEM32\DEVOBJ.dll
0x0000000053260000 - 0x000000005326f000 	C:\Program Files\Java\jdk8\jre\bin\verify.dll
0x0000000053230000 - 0x0000000053259000 	C:\Program Files\Java\jdk8\jre\bin\java.dll
0x0000000053210000 - 0x0000000053226000 	C:\Program Files\Java\jdk8\jre\bin\zip.dll

VM Arguments:
jvm_args: -Djava.awt.headless=true -Xmx1024M -Dfile.encoding=windows-1255 -Duser.country=US -Duser.language=en -Duser.variant 
java_command: com.android.dx.command.Main --dex --num-threads=4 --multi-dex --output C:\Users\User\AndroidStudioProjects\NavigateLifeSaver\app\build\intermediates\transforms\dex\debug\folders\1000\10\okio-1.9.0_87ec70002713aedce86d9826b500923c9d9dddcc C:\Users\User\.gradle\caches\modules-2\files-2.1\com.squareup.okio\okio\1.9.0\f824591a0016efbaeddb8300bee54832a1398cfa\okio-1.9.0.jar
java_class_path (initial): C:\Users\User\AppData\Local\Android\sdk\build-tools\23.0.3\lib\dx.jar
Launcher Type: SUN_STANDARD

Environment Variables:
JAVA_HOME=C:\Program Files\Java\jdk8
PATH=C:\Python27\;C:\ProgramData\Oracle\Java\javapath;C:\Program Files (x86)\Intel\iCLS Client\;C:\Program Files\Intel\iCLS Client\;C:\windows\system32;C:\windows;C:\windows\System32\Wbem;C:\windows\System32\WindowsPowerShell\v1.0\;C:\Program Files\Intel\Intel(R) Management Engine Components\DAL;C:\Program Files (x86)\Intel\Intel(R) Management Engine Components\DAL;C:\Program Files\Intel\Intel(R) Management Engine Components\IPT;C:\Program Files (x86)\Intel\Intel(R) Management Engine Components\IPT;C:\Program Files\Microsoft SQL Server\110\Tools\Binn\;C:\Program Files (x86)\Microsoft SDKs\TypeScript\1.0\;C:\Program Files\Microsoft SQL Server\120\Tools\Binn\;C:\Program Files (x86)\Windows Kits\8.1\Windows Performance Toolkit\;C:\MinGW\bin;\;C:\Program Files\Java\jdk8\bin;C:\Program Files (x86)\Skype\Phone\;C:\Program Files\Git\cmd\;C:\OpenCV\opencv\build\x86\vc12\bin\;
USERNAME=User
OS=Windows_NT
PROCESSOR_IDENTIFIER=Intel64 Family 6 Model 61 Stepping 4, GenuineIntel



---------------  S Y S T E M  ---------------

OS: Windows 8.1 , 64 bit Build 9600 (6.3.9600.17415)

CPU:total 4 (2 cores per cpu, 2 threads per core) family 6 model 61 stepping 4, cmov, cx8, fxsr, mmx, sse, sse2, sse3, ssse3, sse4.1, sse4.2, popcnt, avx, avx2, aes, clmul, erms, 3dnowpref, lzcnt, ht, tsc, tscinvbit, bmi1, bmi2, adx

Memory: 4k page, physical 8277100k(1398352k free), swap 8277100k(18248k free)

vm_info: Java HotSpot(TM) 64-Bit Server VM (25.45-b02) for windows-amd64 JRE (1.8.0_45-b15), built on Apr 30 2015 12:40:44 by "java_re" with MS VC++ 10.0 (VS2010)

time: Sat Aug 27 16:08:58 2016
elapsed time: 9 seconds (0d 0h 0m 9s)

