#
# There is insufficient memory for the Java Runtime Environment to continue.
# Native memory allocation (malloc) failed to allocate 84176 bytes for Chunk::new
# Possible reasons:
#   The system is out of physical RAM or swap space
#   In 32 bit mode, the process size limit was hit
# Possible solutions:
#   Reduce memory load on the system
#   Increase physical memory or swap space
#   Check if swap backing store is full
#   Use 64 bit Java on a 64 bit OS
#   Decrease Java heap size (-Xmx/-Xms)
#   Decrease number of Java threads
#   Decrease Java thread stack sizes (-Xss)
#   Set larger code cache with -XX:ReservedCodeCacheSize=
# This output file may be truncated or incomplete.
#
#  Out of Memory Error (allocation.cpp:390), pid=6056, tid=6552
#
# JRE version: Java(TM) SE Runtime Environment (8.0_45-b15) (build 1.8.0_45-b15)
# Java VM: Java HotSpot(TM) 64-Bit Server VM (25.45-b02 mixed mode windows-amd64 compressed oops)
# Failed to write core dump. Minidumps are not enabled by default on client versions of Windows
#

---------------  T H R E A D  ---------------

Current thread (0x0000000016a04800):  JavaThread "C2 CompilerThread1" daemon [_thread_in_native, id=6552, stack(0x0000000016dc0000,0x0000000016ec0000)]

Stack: [0x0000000016dc0000,0x0000000016ec0000]
Native frames: (J=compiled Java code, j=interpreted, Vv=VM code, C=native code)
V  [jvm.dll+0x32b57a]


Current CompileTask:
C2:   2066 1152   !   4       com.android.dx.rop.code.BasicBlock::<init> (273 bytes)


---------------  P R O C E S S  ---------------

Java Threads: ( => current thread )
  0x0000000016c66800 JavaThread "pool-2-thread-4" [_thread_in_vm, id=7692, stack(0x00000000175c0000,0x00000000176c0000)]
  0x0000000016bfe000 JavaThread "pool-2-thread-3" [_thread_in_Java, id=8656, stack(0x00000000174c0000,0x00000000175c0000)]
  0x0000000016b9d000 JavaThread "pool-2-thread-2" [_thread_in_Java, id=1028, stack(0x00000000173c0000,0x00000000174c0000)]
  0x0000000016b9c800 JavaThread "pool-3-thread-1" [_thread_blocked, id=8676, stack(0x00000000172c0000,0x00000000173c0000)]
  0x0000000016b98000 JavaThread "pool-2-thread-1" [_thread_in_vm, id=6716, stack(0x00000000171c0000,0x00000000172c0000)]
  0x0000000016a10800 JavaThread "Service Thread" daemon [_thread_blocked, id=8292, stack(0x0000000016fc0000,0x00000000170c0000)]
  0x0000000016a0a800 JavaThread "C1 CompilerThread2" daemon [_thread_blocked, id=2872, stack(0x0000000016ec0000,0x0000000016fc0000)]
=>0x0000000016a04800 JavaThread "C2 CompilerThread1" daemon [_thread_in_native, id=6552, stack(0x0000000016dc0000,0x0000000016ec0000)]
  0x00000000153aa800 JavaThread "C2 CompilerThread0" daemon [_thread_blocked, id=1112, stack(0x00000000168c0000,0x00000000169c0000)]
  0x00000000153a8800 JavaThread "Attach Listener" daemon [_thread_blocked, id=1748, stack(0x00000000167c0000,0x00000000168c0000)]
  0x00000000153a7800 JavaThread "Signal Dispatcher" daemon [_thread_blocked, id=6916, stack(0x00000000166c0000,0x00000000167c0000)]
  0x0000000002c86800 JavaThread "Finalizer" daemon [_thread_blocked, id=3820, stack(0x00000000165c0000,0x00000000166c0000)]
  0x0000000002c7e800 JavaThread "Reference Handler" daemon [_thread_blocked, id=5692, stack(0x00000000164c0000,0x00000000165c0000)]
  0x0000000002b90800 JavaThread "main" [_thread_in_Java, id=4860, stack(0x0000000001300000,0x0000000001400000)]

Other Threads:
  0x0000000015327000 VMThread [stack: 0x00000000163c0000,0x00000000164c0000] [id=4212]
  0x0000000016a1a800 WatcherThread [stack: 0x00000000170c0000,0x00000000171c0000] [id=3252]

VM state:not at safepoint (normal execution)

VM Mutex/Monitor currently owned by a thread: None

Heap:
 PSYoungGen      total 38400K, used 28251K [0x00000000eab00000, 0x00000000ed580000, 0x0000000100000000)
  eden space 33280K, 84% used [0x00000000eab00000,0x00000000ec696e58,0x00000000ecb80000)
  from space 5120K, 0% used [0x00000000ed080000,0x00000000ed080000,0x00000000ed580000)
  to   space 5120K, 0% used [0x00000000ecb80000,0x00000000ecb80000,0x00000000ed080000)
 ParOldGen       total 87552K, used 0K [0x00000000c0000000, 0x00000000c5580000, 0x00000000eab00000)
  object space 87552K, 0% used [0x00000000c0000000,0x00000000c0000000,0x00000000c5580000)
 Metaspace       used 5898K, capacity 6832K, committed 7040K, reserved 1056768K
  class space    used 591K, capacity 616K, committed 640K, reserved 1048576K

Card table byte_map: [0x0000000012050000,0x0000000012260000] byte_map_base: 0x0000000011a50000

Marking Bits: (ParMarkBitMap*) 0x0000000053a74040
 Begin Bits: [0x00000000127c0000, 0x00000000137c0000)
 End Bits:   [0x00000000137c0000, 0x00000000147c0000)

Polling page: 0x0000000001170000

CodeCache: size=245760Kb used=4540Kb max_used=4540Kb free=241219Kb
 bounds [0x0000000002c90000, 0x0000000003110000, 0x0000000011c90000]
 total_blobs=1419 nmethods=1150 adapters=182
 compilation: enabled

Compilation events (10 events):
Event: 2.057 Thread 0x0000000016a0a800 nmethod 1148 0x00000000030fe710 code [0x00000000030fe860, 0x00000000030fe9d0]
Event: 2.058 Thread 0x00000000153aa800 1149       4       com.android.dx.cf.code.Ropper::labelToResultIndex (47 bytes)
Event: 2.059 Thread 0x0000000016a04800 nmethod 1146 0x00000000030f5450 code [0x00000000030f55c0, 0x00000000030f5848]
Event: 2.060 Thread 0x0000000016a0a800 1150       3       com.android.dx.rop.cst.CstFieldRef::getType (8 bytes)
Event: 2.060 Thread 0x0000000016a0a800 nmethod 1150 0x00000000030f4e10 code [0x00000000030f4f80, 0x00000000030f5328]
Event: 2.060 Thread 0x0000000016a0a800 1151       3       com.android.dx.rop.cst.CstNat::getFieldType (11 bytes)
Event: 2.060 Thread 0x0000000016a0a800 nmethod 1151 0x00000000030f49d0 code [0x00000000030f4b40, 0x00000000030f4d68]
Event: 2.061 Thread 0x0000000016a04800 1152   !   4       com.android.dx.rop.code.BasicBlock::<init> (273 bytes)
Event: 2.063 Thread 0x00000000153aa800 nmethod 1149 0x0000000003100b10 code [0x0000000003100c60, 0x0000000003100ef8]
Event: 2.064 Thread 0x0000000016a0a800 1153       3       com.android.dx.cf.code.Ropper::addExceptionSetupBlocks (203 bytes)

GC Heap History (0 events):
No events

Deoptimization events (5 events):
Event: 1.447 Thread 0x0000000002b90800 Uncommon trap: reason=unstable_if action=reinterpret pc=0x0000000002f05cf4 method=java.util.BitSet.ensureCapacity(I)V @ 6
Event: 1.735 Thread 0x0000000016b9d000 Uncommon trap: reason=null_check action=make_not_entrant pc=0x0000000002f84de0 method=com.android.dx.ssa.SsaRenamer.getLocalForNewReg(I)Lcom/android/dx/rop/code/LocalItem; @ 19
Event: 1.735 Thread 0x0000000016b9d000 Uncommon trap: reason=null_check action=make_not_entrant pc=0x0000000002f760c4 method=com.android.dx.ssa.SsaRenamer.getLocalForNewReg(I)Lcom/android/dx/rop/code/LocalItem; @ 19
Event: 1.884 Thread 0x0000000016b98000 Uncommon trap: reason=bimorphic action=maybe_recompile pc=0x0000000002eba55c method=java.util.HashMap.getNode(ILjava/lang/Object;)Ljava/util/HashMap$Node; @ 126
Event: 1.884 Thread 0x0000000016b98000 Uncommon trap: reason=bimorphic action=maybe_recompile pc=0x0000000002eba55c method=java.util.HashMap.getNode(ILjava/lang/Object;)Ljava/util/HashMap$Node; @ 126

Internal exceptions (4 events):
Event: 0.053 Thread 0x0000000002b90800 Exception <a 'java/lang/NoSuchMethodError': Method sun.misc.Unsafe.defineClass(Ljava/lang/String;[BII)Ljava/lang/Class; name or signature does not match> (0x00000000eab12b30) thrown at [C:\re\workspace\8-2-build-windows-amd64-cygwin\jdk8u45\3627\hotspot\sr<‹ehÿª?
Event: 0.053 Thread 0x0000000002b90800 Exception <a 'java/lang/NoSuchMethodError': Method sun.misc.Unsafe.prefetchRead(Ljava/lang/Object;J)V name or signature does not match> (0x00000000eab12dc0) thrown at [C:\re\workspace\8-2-build-windows-amd64-cygwin\jdk8u45\3627\hotspot\src\share\vm\prims\j_øÔ=}Àû?
Event: 1.734 Thread 0x0000000016b9d000 Implicit null exception at 0x0000000002f828b8 to 0x0000000002f84d99
Event: 1.735 Thread 0x0000000016b9d000 Implicit null exception at 0x0000000002f73b0d to 0x0000000002f760a5

Events (10 events):
Event: 1.735 Thread 0x0000000016b9d000 DEOPT PACKING pc=0x0000000002f760c4 sp=0x00000000174be760
Event: 1.735 Thread 0x0000000016b9d000 DEOPT UNPACKING pc=0x0000000002cd582a sp=0x00000000174be638 mode 2
Event: 1.884 Thread 0x0000000016b98000 Uncommon trap: trap_request=0xffffffc6 fr.pc=0x0000000002eba55c
Event: 1.884 Thread 0x0000000016b98000 DEOPT PACKING pc=0x0000000002eba55c sp=0x00000000172beb70
Event: 1.884 Thread 0x0000000016b98000 DEOPT UNPACKING pc=0x0000000002cd582a sp=0x00000000172bea88 mode 2
Event: 1.884 Thread 0x0000000016b98000 Uncommon trap: trap_request=0xffffffc6 fr.pc=0x0000000002eba55c
Event: 1.884 Thread 0x0000000016b98000 DEOPT PACKING pc=0x0000000002eba55c sp=0x00000000172beb60
Event: 1.884 Thread 0x0000000016b98000 DEOPT UNPACKING pc=0x0000000002cd582a sp=0x00000000172bea78 mode 2
Event: 1.892 Executing VM operation: ForceSafepoint
Event: 1.892 Executing VM operation: ForceSafepoint done


Dynamic libraries:
0x00007ff7a1cf0000 - 0x00007ff7a1d27000 	C:\Program Files\Java\jdk8\bin\java.exe
0x00007ff892b20000 - 0x00007ff892ccd000 	C:\windows\SYSTEM32\ntdll.dll
0x00007ff8916e0000 - 0x00007ff89181e000 	C:\windows\system32\KERNEL32.DLL
0x00007ff88fd20000 - 0x00007ff88fe35000 	C:\windows\system32\KERNELBASE.dll
0x00007ff88e6d0000 - 0x00007ff88e75e000 	C:\windows\system32\apphelp.dll
0x00007ff883090000 - 0x00007ff8830e3000 	C:\windows\AppPatch\AppPatch64\AcGenral.DLL
0x00007ff891b70000 - 0x00007ff891c1a000 	C:\windows\system32\msvcrt.dll
0x00007ff88fe40000 - 0x00007ff88fe6e000 	C:\windows\system32\SspiCli.dll
0x00007ff892660000 - 0x00007ff8926b4000 	C:\windows\system32\SHLWAPI.dll
0x00007ff891cd0000 - 0x00007ff891e47000 	C:\windows\system32\USER32.dll
0x00007ff891f10000 - 0x00007ff8920a4000 	C:\windows\system32\ole32.dll
0x00007ff8901b0000 - 0x00007ff8916d9000 	C:\windows\system32\SHELL32.dll
0x00007ff88f220000 - 0x00007ff88f241000 	C:\windows\SYSTEM32\USERENV.dll
0x00007ff892a50000 - 0x00007ff892afa000 	C:\windows\system32\ADVAPI32.dll
0x00007ff885ae0000 - 0x00007ff885afe000 	C:\windows\SYSTEM32\MPR.dll
0x00007ff8926d0000 - 0x00007ff892810000 	C:\windows\system32\RPCRT4.dll
0x00007ff892810000 - 0x00007ff892869000 	C:\windows\SYSTEM32\sechost.dll
0x00007ff891820000 - 0x00007ff891a31000 	C:\windows\SYSTEM32\combase.dll
0x00007ff8920c0000 - 0x00007ff89220f000 	C:\windows\system32\GDI32.dll
0x00007ff88fc50000 - 0x00007ff88fc65000 	C:\windows\SYSTEM32\profapi.dll
0x00007ff88e0e0000 - 0x00007ff88e192000 	C:\windows\SYSTEM32\SHCORE.dll
0x00007ff891c90000 - 0x00007ff891cc6000 	C:\windows\system32\IMM32.DLL
0x00007ff892350000 - 0x00007ff8924a2000 	C:\windows\system32\MSCTF.dll
0x00007ff88d9e0000 - 0x00007ff88dc5b000 	C:\windows\WinSxS\amd64_microsoft.windows.common-controls_6595b64144ccf1df_6.0.9600.18006_none_623f33d3ecbe86e8\COMCTL32.dll
0x0000000052c50000 - 0x0000000052d22000 	C:\Program Files\Java\jdk8\jre\bin\msvcr100.dll
0x0000000053270000 - 0x0000000053af3000 	C:\Program Files\Java\jdk8\jre\bin\server\jvm.dll
0x00007ff88d400000 - 0x00007ff88d409000 	C:\windows\SYSTEM32\WSOCK32.dll
0x00007ff88d500000 - 0x00007ff88d522000 	C:\windows\SYSTEM32\WINMM.dll
0x00007ff88eef0000 - 0x00007ff88eefa000 	C:\windows\SYSTEM32\VERSION.dll
0x00007ff891c20000 - 0x00007ff891c27000 	C:\windows\system32\PSAPI.DLL
0x00007ff891a40000 - 0x00007ff891a9a000 	C:\windows\system32\WS2_32.dll
0x00007ff88d4d0000 - 0x00007ff88d4fa000 	C:\windows\SYSTEM32\WINMMBASE.dll
0x00007ff8920b0000 - 0x00007ff8920b9000 	C:\windows\system32\NSI.dll
0x00007ff890160000 - 0x00007ff8901af000 	C:\windows\SYSTEM32\cfgmgr32.dll
0x00007ff88e980000 - 0x00007ff88e9a8000 	C:\windows\SYSTEM32\DEVOBJ.dll
0x0000000053260000 - 0x000000005326f000 	C:\Program Files\Java\jdk8\jre\bin\verify.dll
0x0000000053230000 - 0x0000000053259000 	C:\Program Files\Java\jdk8\jre\bin\java.dll
0x0000000053210000 - 0x0000000053226000 	C:\Program Files\Java\jdk8\jre\bin\zip.dll

VM Arguments:
jvm_args: -Djava.awt.headless=true -Xmx1024M -Dfile.encoding=windows-1255 -Duser.country=US -Duser.language=en -Duser.variant 
java_command: com.android.dx.command.Main --dex --num-threads=4 --multi-dex --output C:\Users\User\AndroidStudioProjects\NavigateLifeSaver\app\build\intermediates\transforms\dex\debug\folders\1000\10\okio-1.9.0_87ec70002713aedce86d9826b500923c9d9dddcc C:\Users\User\.gradle\caches\modules-2\files-2.1\com.squareup.okio\okio\1.9.0\f824591a0016efbaeddb8300bee54832a1398cfa\okio-1.9.0.jar
java_class_path (initial): C:\Users\User\AppData\Local\Android\sdk\build-tools\23.0.3\lib\dx.jar
Launcher Type: SUN_STANDARD

Environment Variables:
JAVA_HOME=C:\Program Files\Java\jdk8
PATH=C:\Python27\;C:\ProgramData\Oracle\Java\javapath;C:\Program Files (x86)\Intel\iCLS Client\;C:\Program Files\Intel\iCLS Client\;C:\windows\system32;C:\windows;C:\windows\System32\Wbem;C:\windows\System32\WindowsPowerShell\v1.0\;C:\Program Files\Intel\Intel(R) Management Engine Components\DAL;C:\Program Files (x86)\Intel\Intel(R) Management Engine Components\DAL;C:\Program Files\Intel\Intel(R) Management Engine Components\IPT;C:\Program Files (x86)\Intel\Intel(R) Management Engine Components\IPT;C:\Program Files\Microsoft SQL Server\110\Tools\Binn\;C:\Program Files (x86)\Microsoft SDKs\TypeScript\1.0\;C:\Program Files\Microsoft SQL Server\120\Tools\Binn\;C:\Program Files (x86)\Windows Kits\8.1\Windows Performance Toolkit\;C:\MinGW\bin;\;C:\Program Files\Java\jdk8\bin;C:\Program Files (x86)\Skype\Phone\;C:\Program Files\Git\cmd\;C:\OpenCV\opencv\build\x86\vc12\bin\;
USERNAME=User
OS=Windows_NT
PROCESSOR_IDENTIFIER=Intel64 Family 6 Model 61 Stepping 4, GenuineIntel



---------------  S Y S T E M  ---------------

OS: Windows 8.1 , 64 bit Build 9600 (6.3.9600.17415)

CPU:total 4 (2 cores per cpu, 2 threads per core) family 6 model 61 stepping 4, cmov, cx8, fxsr, mmx, sse, sse2, sse3, ssse3, sse4.1, sse4.2, popcnt, avx, avx2, aes, clmul, erms, 3dnowpref, lzcnt, ht, tsc, tscinvbit, bmi1, bmi2, adx

Memory: 4k page, physical 8277100k(1449780k free), swap 8277100k(5100k free)

vm_info: Java HotSpot(TM) 64-Bit Server VM (25.45-b02) for windows-amd64 JRE (1.8.0_45-b15), built on Apr 30 2015 12:40:44 by "java_re" with MS VC++ 10.0 (VS2010)

time: Sat Aug 27 16:06:48 2016
elapsed time: 2 seconds (0d 0h 0m 2s)

