#
# There is insufficient memory for the Java Runtime Environment to continue.
# Native memory allocation (malloc) failed to allocate 963696 bytes for Chunk::new
# Possible reasons:
#   The system is out of physical RAM or swap space
#   In 32 bit mode, the process size limit was hit
# Possible solutions:
#   Reduce memory load on the system
#   Increase physical memory or swap space
#   Check if swap backing store is full
#   Use 64 bit Java on a 64 bit OS
#   Decrease Java heap size (-Xmx/-Xms)
#   Decrease number of Java threads
#   Decrease Java thread stack sizes (-Xss)
#   Set larger code cache with -XX:ReservedCodeCacheSize=
# This output file may be truncated or incomplete.
#
#  Out of Memory Error (allocation.cpp:390), pid=4428, tid=6324
#
# JRE version: Java(TM) SE Runtime Environment (8.0_45-b15) (build 1.8.0_45-b15)
# Java VM: Java HotSpot(TM) 64-Bit Server VM (25.45-b02 mixed mode windows-amd64 compressed oops)
# Failed to write core dump. Minidumps are not enabled by default on client versions of Windows
#

---------------  T H R E A D  ---------------

Current thread (0x000000001be8d000):  JavaThread "C2 CompilerThread1" daemon [_thread_in_native, id=6324, stack(0x000000001d490000,0x000000001d590000)]

Stack: [0x000000001d490000,0x000000001d590000]
Native frames: (J=compiled Java code, j=interpreted, Vv=VM code, C=native code)
V  [jvm.dll+0x32b57a]
V  [jvm.dll+0x279873]
V  [jvm.dll+0x27a509]
V  [jvm.dll+0x271825]
V  [jvm.dll+0xcb9e2]
V  [jvm.dll+0xcbeac]
V  [jvm.dll+0x476ef2]
V  [jvm.dll+0x4b955f]
V  [jvm.dll+0x46bf81]
V  [jvm.dll+0x46ccbe]
V  [jvm.dll+0x4500f2]
V  [jvm.dll+0xa4352]
V  [jvm.dll+0xa4c8f]
V  [jvm.dll+0x241984]
V  [jvm.dll+0x29853a]
C  [msvcr100.dll+0x21d9f]
C  [msvcr100.dll+0x21e3b]
C  [KERNEL32.DLL+0x13d2]
C  [ntdll.dll+0x154e4]


Current CompileTask:
C2:   2303 1532       4       com.android.dx.ssa.SCCP::simulateBranch (666 bytes)


---------------  P R O C E S S  ---------------

Java Threads: ( => current thread )
  0x000000001d829000 JavaThread "pool-2-thread-4" [_thread_in_Java, id=7828, stack(0x000000001e090000,0x000000001e190000)]
  0x000000001d828800 JavaThread "pool-2-thread-3" [_thread_in_Java, id=8848, stack(0x000000001df90000,0x000000001e090000)]
  0x000000001d827800 JavaThread "pool-2-thread-2" [_thread_in_Java, id=7136, stack(0x000000001de90000,0x000000001df90000)]
  0x000000001d827000 JavaThread "pool-3-thread-1" [_thread_blocked, id=6924, stack(0x000000001dd90000,0x000000001de90000)]
  0x000000001d824000 JavaThread "pool-2-thread-1" [_thread_in_Java, id=4504, stack(0x000000001dc90000,0x000000001dd90000)]
  0x000000001d5e1000 JavaThread "Service Thread" daemon [_thread_blocked, id=8224, stack(0x000000001da90000,0x000000001db90000)]
  0x000000001be9d800 JavaThread "C1 CompilerThread2" daemon [_thread_blocked, id=1040, stack(0x000000001d990000,0x000000001da90000)]
=>0x000000001be8d000 JavaThread "C2 CompilerThread1" daemon [_thread_in_native, id=6324, stack(0x000000001d490000,0x000000001d590000)]
  0x000000001be8b000 JavaThread "C2 CompilerThread0" daemon [_thread_in_native, id=7944, stack(0x000000001d390000,0x000000001d490000)]
  0x000000001be88800 JavaThread "Attach Listener" daemon [_thread_blocked, id=5616, stack(0x000000001d290000,0x000000001d390000)]
  0x000000001be87800 JavaThread "Signal Dispatcher" daemon [_thread_blocked, id=8272, stack(0x000000001d190000,0x000000001d290000)]
  0x0000000002760800 JavaThread "Finalizer" daemon [_thread_blocked, id=7672, stack(0x000000001d090000,0x000000001d190000)]
  0x000000000275d000 JavaThread "Reference Handler" daemon [_thread_blocked, id=8184, stack(0x000000001cf90000,0x000000001d090000)]
  0x0000000002670800 JavaThread "main" [_thread_in_Java, id=5992, stack(0x0000000002500000,0x0000000002600000)]

Other Threads:
  0x000000001be08000 VMThread [stack: 0x000000001ce90000,0x000000001cf90000] [id=1804]
  0x000000001d5e3000 WatcherThread [stack: 0x000000001db90000,0x000000001dc90000] [id=7968]

VM state:not at safepoint (normal execution)

VM Mutex/Monitor currently owned by a thread:  ([mutex/lock_event])
[0x000000000266bc10] CodeCache_lock - owner thread: 0x000000001be8b000
[0x000000000266e5f0] Compile_lock - owner thread: 0x000000001be8b000
[0x000000000266dbf0] MethodCompileQueue_lock - owner thread: 0x0000000000000000

Heap:
 PSYoungGen      total 38400K, used 26445K [0x000000076ab00000, 0x000000076f600000, 0x00000007c0000000)
  eden space 33280K, 64% used [0x000000076ab00000,0x000000076bfd3aa0,0x000000076cb80000)
  from space 5120K, 99% used [0x000000076d080000,0x000000076d57fbd8,0x000000076d580000)
  to   space 5120K, 0% used [0x000000076cb80000,0x000000076cb80000,0x000000076d080000)
 ParOldGen       total 87552K, used 5514K [0x00000006c0000000, 0x00000006c5580000, 0x000000076ab00000)
  object space 87552K, 6% used [0x00000006c0000000,0x00000006c0562af0,0x00000006c5580000)
 Metaspace       used 6232K, capacity 7088K, committed 7296K, reserved 1056768K
  class space    used 595K, capacity 616K, committed 640K, reserved 1048576K

Card table byte_map: [0x0000000011b30000,0x0000000012340000] byte_map_base: 0x000000000e530000

Marking Bits: (ParMarkBitMap*) 0x0000000053a74040
 Begin Bits: [0x0000000012ca0000, 0x0000000016ca0000)
 End Bits:   [0x0000000016ca0000, 0x000000001aca0000)

Polling page: 0x0000000000d30000

CodeCache: size=245760Kb used=6425Kb max_used=6445Kb free=239334Kb
 bounds [0x0000000002770000, 0x0000000002dc0000, 0x0000000011770000]
 total_blobs=1891 nmethods=1622 adapters=182
 compilation: enabled

Compilation events (10 events):
Event: 2.253 Thread 0x000000001be9d800 nmethod 1616 0x0000000002da4610 code [0x0000000002da4780, 0x0000000002da49c8]
Event: 2.254 Thread 0x000000001be9d800 1617   !   2       com.android.dx.cf.cst.ConstantPoolParser::determineOffsets (285 bytes)
Event: 2.255 Thread 0x000000001be9d800 nmethod 1617 0x0000000002da4ad0 code [0x0000000002da4da0, 0x0000000002da59d8]
Event: 2.255 Thread 0x000000001be9d800 1618       2       com.android.dx.cf.cst.ConstantPoolParser::parse (365 bytes)
Event: 2.258 Thread 0x000000001be9d800 nmethod 1618 0x0000000002da6890 code [0x0000000002da6c60, 0x0000000002da8088]
Event: 2.258 Thread 0x000000001be9d800 1619       2       com.android.dx.util.ByteArray::<init> (9 bytes)
Event: 2.258 Thread 0x000000001be9d800 nmethod 1619 0x0000000002da9710 code [0x0000000002da9880, 0x0000000002da9a08]
Event: 2.269 Thread 0x000000001be9d800 1620       2       com.android.dx.rop.annotation.Annotation::<init> (54 bytes)
Event: 2.270 Thread 0x000000001be9d800 nmethod 1620 0x0000000002da9ad0 code [0x0000000002da9c60, 0x0000000002da9fb8]
Event: 2.277 Thread 0x000000001be9d800 1621       2       com.android.dx.dex.cf.CfTranslator::translate0 (259 bytes)

GC Heap History (4 events):
Event: 1.668 GC heap before
{Heap before GC invocations=1 (full 0):
 PSYoungGen      total 38400K, used 33280K [0x000000076ab00000, 0x000000076d580000, 0x00000007c0000000)
  eden space 33280K, 100% used [0x000000076ab00000,0x000000076cb80000,0x000000076cb80000)
  from space 5120K, 0% used [0x000000076d080000,0x000000076d080000,0x000000076d580000)
  to   space 5120K, 0% used [0x000000076cb80000,0x000000076cb80000,0x000000076d080000)
 ParOldGen       total 87552K, used 0K [0x00000006c0000000, 0x00000006c5580000, 0x000000076ab00000)
  object space 87552K, 0% used [0x00000006c0000000,0x00000006c0000000,0x00000006c5580000)
 Metaspace       used 5967K, capacity 6896K, committed 7040K, reserved 1056768K
  class space    used 594K, capacity 616K, committed 640K, reserved 1048576K
Event: 1.681 GC heap after
Heap after GC invocations=1 (full 0):
 PSYoungGen      total 38400K, used 5112K [0x000000076ab00000, 0x000000076d580000, 0x00000007c0000000)
  eden space 33280K, 0% used [0x000000076ab00000,0x000000076ab00000,0x000000076cb80000)
  from space 5120K, 99% used [0x000000076cb80000,0x000000076d07e128,0x000000076d080000)
  to   space 5120K, 0% used [0x000000076d080000,0x000000076d080000,0x000000076d580000)
 ParOldGen       total 87552K, used 1350K [0x00000006c0000000, 0x00000006c5580000, 0x000000076ab00000)
  object space 87552K, 1% used [0x00000006c0000000,0x00000006c0151a78,0x00000006c5580000)
 Metaspace       used 5967K, capacity 6896K, committed 7040K, reserved 1056768K
  class space    used 594K, capacity 616K, committed 640K, reserved 1048576K
}
Event: 2.138 GC heap before
{Heap before GC invocations=2 (full 0):
 PSYoungGen      total 38400K, used 38392K [0x000000076ab00000, 0x000000076d580000, 0x00000007c0000000)
  eden space 33280K, 100% used [0x000000076ab00000,0x000000076cb80000,0x000000076cb80000)
  from space 5120K, 99% used [0x000000076cb80000,0x000000076d07e128,0x000000076d080000)
  to   space 5120K, 0% used [0x000000076d080000,0x000000076d080000,0x000000076d580000)
 ParOldGen       total 87552K, used 1350K [0x00000006c0000000, 0x00000006c5580000, 0x000000076ab00000)
  object space 87552K, 1% used [0x00000006c0000000,0x00000006c0151a78,0x00000006c5580000)
 Metaspace       used 6198K, capacity 7088K, committed 7296K, reserved 1056768K
  class space    used 595K, capacity 616K, committed 640K, reserved 1048576K
Event: 2.158 GC heap after
Heap after GC invocations=2 (full 0):
 PSYoungGen      total 38400K, used 5118K [0x000000076ab00000, 0x000000076f600000, 0x00000007c0000000)
  eden space 33280K, 0% used [0x000000076ab00000,0x000000076ab00000,0x000000076cb80000)
  from space 5120K, 99% used [0x000000076d080000,0x000000076d57fbd8,0x000000076d580000)
  to   space 5120K, 0% used [0x000000076cb80000,0x000000076cb80000,0x000000076d080000)
 ParOldGen       total 87552K, used 5514K [0x00000006c0000000, 0x00000006c5580000, 0x000000076ab00000)
  object space 87552K, 6% used [0x00000006c0000000,0x00000006c0562af0,0x00000006c5580000)
 Metaspace       used 6198K, capacity 7088K, committed 7296K, reserved 1056768K
  class space    used 595K, capacity 616K, committed 640K, reserved 1048576K
}

Deoptimization events (7 events):
Event: 1.550 Thread 0x000000001d829000 Uncommon trap: reason=unstable_if action=reinterpret pc=0x0000000002aa4374 method=com.android.dx.rop.code.RegisterSpecSet.put(Lcom/android/dx/rop/code/RegisterSpec;)V @ 77
Event: 1.550 Thread 0x000000001d829000 Uncommon trap: reason=unstable_if action=reinterpret pc=0x0000000002ae89b4 method=com.android.dx.rop.code.RegisterSpecSet.put(Lcom/android/dx/rop/code/RegisterSpec;)V @ 77
Event: 1.650 Thread 0x000000001d824000 Uncommon trap: reason=unstable_if action=reinterpret pc=0x0000000002a583a0 method=com.android.dx.rop.code.RegisterSpec.equals(ILcom/android/dx/rop/type/TypeBearer;Lcom/android/dx/rop/code/LocalItem;)Z @ 42
Event: 2.026 Thread 0x0000000002670800 Uncommon trap: reason=bimorphic action=maybe_recompile pc=0x0000000002d3c368 method=java.util.HashMap.putVal(ILjava/lang/Object;Ljava/lang/Object;ZZ)Ljava/lang/Object; @ 203
Event: 2.044 Thread 0x000000001d827800 Uncommon trap: reason=unstable_if action=reinterpret pc=0x0000000002b2bd9c method=com.android.dx.rop.cst.Constant.compareTo(Lcom/android/dx/rop/cst/Constant;)I @ 12
Event: 2.115 Thread 0x0000000002670800 Uncommon trap: reason=unloaded action=reinterpret pc=0x0000000002be1900 method=com.android.dx.cf.cst.ConstantPoolParser.parse0(ILjava/util/BitSet;)Lcom/android/dx/rop/cst/Constant; @ 198
Event: 2.178 Thread 0x0000000002670800 Uncommon trap: reason=unstable_if action=reinterpret pc=0x0000000002d78094 method=com.android.dx.ssa.SCCP.simulateStmt(Lcom/android/dx/ssa/SsaInsn;)V @ 53

Internal exceptions (2 events):
Event: 0.074 Thread 0x0000000002670800 Exception <a 'java/lang/NoSuchMethodError': Method sun.misc.Unsafe.defineClass(Ljava/lang/String;[BII)Ljava/lang/Class; name or signature does not match> (0x000000076ab12f08) thrown at [C:\re\workspace\8-2-build-windows-amd64-cygwin\jdk8u45\3627\hotspot\sr…‚”$<≥?
Event: 0.075 Thread 0x0000000002670800 Exception <a 'java/lang/NoSuchMethodError': Method sun.misc.Unsafe.prefetchRead(Ljava/lang/Object;J)V name or signature does not match> (0x000000076ab13198) thrown at [C:\re\workspace\8-2-build-windows-amd64-cygwin\jdk8u45\3627\hotspot\src\share\vm\prims\j

Events (10 events):
Event: 2.044 Thread 0x000000001d827800 DEOPT PACKING pc=0x0000000002b2bd9c sp=0x000000001df8e4a0
Event: 2.044 Thread 0x000000001d827800 DEOPT UNPACKING pc=0x00000000027b582a sp=0x000000001df8e440 mode 2
Event: 2.115 Thread 0x0000000002670800 Uncommon trap: trap_request=0x000000d0 fr.pc=0x0000000002be1900
Event: 2.115 Thread 0x0000000002670800 DEOPT PACKING pc=0x0000000002be1900 sp=0x00000000025fea40
Event: 2.115 Thread 0x0000000002670800 DEOPT UNPACKING pc=0x00000000027b582a sp=0x00000000025fea08 mode 2
Event: 2.136 Executing VM operation: ParallelGCFailedAllocation
Event: 2.158 Executing VM operation: ParallelGCFailedAllocation done
Event: 2.178 Thread 0x0000000002670800 Uncommon trap: trap_request=0xffffff65 fr.pc=0x0000000002d78094
Event: 2.178 Thread 0x0000000002670800 DEOPT PACKING pc=0x0000000002d78094 sp=0x00000000025fe340
Event: 2.178 Thread 0x0000000002670800 DEOPT UNPACKING pc=0x00000000027b582a sp=0x00000000025fe368 mode 2


Dynamic libraries:
0x00007ff7a1cf0000 - 0x00007ff7a1d27000 	C:\Program Files\Java\jdk8\bin\java.exe
0x00007ff892b20000 - 0x00007ff892ccd000 	C:\windows\SYSTEM32\ntdll.dll
0x00007ff8916e0000 - 0x00007ff89181e000 	C:\windows\system32\KERNEL32.DLL
0x00007ff88fd20000 - 0x00007ff88fe35000 	C:\windows\system32\KERNELBASE.dll
0x00007ff88e6d0000 - 0x00007ff88e75e000 	C:\windows\system32\apphelp.dll
0x00007ff883090000 - 0x00007ff8830e3000 	C:\windows\AppPatch\AppPatch64\AcGenral.DLL
0x00007ff891b70000 - 0x00007ff891c1a000 	C:\windows\system32\msvcrt.dll
0x00007ff88fe40000 - 0x00007ff88fe6e000 	C:\windows\system32\SspiCli.dll
0x00007ff892660000 - 0x00007ff8926b4000 	C:\windows\system32\SHLWAPI.dll
0x00007ff891cd0000 - 0x00007ff891e47000 	C:\windows\system32\USER32.dll
0x00007ff891f10000 - 0x00007ff8920a4000 	C:\windows\system32\ole32.dll
0x00007ff8901b0000 - 0x00007ff8916d9000 	C:\windows\system32\SHELL32.dll
0x00007ff88f220000 - 0x00007ff88f241000 	C:\windows\SYSTEM32\USERENV.dll
0x00007ff892a50000 - 0x00007ff892afa000 	C:\windows\system32\ADVAPI32.dll
0x00007ff885ae0000 - 0x00007ff885afe000 	C:\windows\SYSTEM32\MPR.dll
0x00007ff8926d0000 - 0x00007ff892810000 	C:\windows\system32\RPCRT4.dll
0x00007ff892810000 - 0x00007ff892869000 	C:\windows\SYSTEM32\sechost.dll
0x00007ff891820000 - 0x00007ff891a31000 	C:\windows\SYSTEM32\combase.dll
0x00007ff8920c0000 - 0x00007ff89220f000 	C:\windows\system32\GDI32.dll
0x00007ff88fc50000 - 0x00007ff88fc65000 	C:\windows\SYSTEM32\profapi.dll
0x00007ff88e0e0000 - 0x00007ff88e192000 	C:\windows\SYSTEM32\SHCORE.dll
0x00007ff891c90000 - 0x00007ff891cc6000 	C:\windows\system32\IMM32.DLL
0x00007ff892350000 - 0x00007ff8924a2000 	C:\windows\system32\MSCTF.dll
0x00007ff88d9e0000 - 0x00007ff88dc5b000 	C:\windows\WinSxS\amd64_microsoft.windows.common-controls_6595b64144ccf1df_6.0.9600.18006_none_623f33d3ecbe86e8\COMCTL32.dll
0x0000000052c50000 - 0x0000000052d22000 	C:\Program Files\Java\jdk8\jre\bin\msvcr100.dll
0x0000000053270000 - 0x0000000053af3000 	C:\Program Files\Java\jdk8\jre\bin\server\jvm.dll
0x00007ff88d400000 - 0x00007ff88d409000 	C:\windows\SYSTEM32\WSOCK32.dll
0x00007ff88d500000 - 0x00007ff88d522000 	C:\windows\SYSTEM32\WINMM.dll
0x00007ff88eef0000 - 0x00007ff88eefa000 	C:\windows\SYSTEM32\VERSION.dll
0x00007ff891c20000 - 0x00007ff891c27000 	C:\windows\system32\PSAPI.DLL
0x00007ff891a40000 - 0x00007ff891a9a000 	C:\windows\system32\WS2_32.dll
0x00007ff88d4d0000 - 0x00007ff88d4fa000 	C:\windows\SYSTEM32\WINMMBASE.dll
0x00007ff8920b0000 - 0x00007ff8920b9000 	C:\windows\system32\NSI.dll
0x00007ff890160000 - 0x00007ff8901af000 	C:\windows\SYSTEM32\cfgmgr32.dll
0x00007ff88e980000 - 0x00007ff88e9a8000 	C:\windows\SYSTEM32\DEVOBJ.dll
0x0000000053260000 - 0x000000005326f000 	C:\Program Files\Java\jdk8\jre\bin\verify.dll
0x0000000053230000 - 0x0000000053259000 	C:\Program Files\Java\jdk8\jre\bin\java.dll
0x0000000053210000 - 0x0000000053226000 	C:\Program Files\Java\jdk8\jre\bin\zip.dll
0x00007ff888090000 - 0x00007ff888219000 	C:\windows\SYSTEM32\dbghelp.dll

VM Arguments:
jvm_args: -Djava.awt.headless=true -Xmx4g -Dfile.encoding=windows-1255 -Duser.country=US -Duser.language=en -Duser.variant 
java_command: com.android.dx.command.Main --dex --num-threads=4 --multi-dex --output C:\Users\User\AndroidStudioProjects\NavigateLifeSaver\app\build\intermediates\transforms\dex\debug\folders\1000\10\com.android.support-appcompat-v7-23.1.1_ef094741c281d84c4488918a83f5644b968ccf8c C:\Users\User\AndroidStudioProjects\NavigateLifeSaver\app\build\intermediates\exploded-aar\com.android.support\appcompat-v7\23.1.1\jars\classes.jar
java_class_path (initial): C:\Users\User\AppData\Local\Android\sdk\build-tools\23.0.3\lib\dx.jar
Launcher Type: SUN_STANDARD

Environment Variables:
JAVA_HOME=C:\Program Files\Java\jdk8
PATH=C:\Python27\;C:\ProgramData\Oracle\Java\javapath;C:\Program Files (x86)\Intel\iCLS Client\;C:\Program Files\Intel\iCLS Client\;C:\windows\system32;C:\windows;C:\windows\System32\Wbem;C:\windows\System32\WindowsPowerShell\v1.0\;C:\Program Files\Intel\Intel(R) Management Engine Components\DAL;C:\Program Files (x86)\Intel\Intel(R) Management Engine Components\DAL;C:\Program Files\Intel\Intel(R) Management Engine Components\IPT;C:\Program Files (x86)\Intel\Intel(R) Management Engine Components\IPT;C:\Program Files\Microsoft SQL Server\110\Tools\Binn\;C:\Program Files (x86)\Microsoft SDKs\TypeScript\1.0\;C:\Program Files\Microsoft SQL Server\120\Tools\Binn\;C:\Program Files (x86)\Windows Kits\8.1\Windows Performance Toolkit\;C:\MinGW\bin;\;C:\Program Files\Java\jdk8\bin;C:\Program Files (x86)\Skype\Phone\;C:\Program Files\Git\cmd\;C:\OpenCV\opencv\build\x86\vc12\bin\;
USERNAME=User
OS=Windows_NT
PROCESSOR_IDENTIFIER=Intel64 Family 6 Model 61 Stepping 4, GenuineIntel



---------------  S Y S T E M  ---------------

OS: Windows 8.1 , 64 bit Build 9600 (6.3.9600.17415)

CPU:total 4 (2 cores per cpu, 2 threads per core) family 6 model 61 stepping 4, cmov, cx8, fxsr, mmx, sse, sse2, sse3, ssse3, sse4.1, sse4.2, popcnt, avx, avx2, aes, clmul, erms, 3dnowpref, lzcnt, ht, tsc, tscinvbit, bmi1, bmi2, adx

Memory: 4k page, physical 8277100k(1438136k free), swap 8277100k(7528k free)

vm_info: Java HotSpot(TM) 64-Bit Server VM (25.45-b02) for windows-amd64 JRE (1.8.0_45-b15), built on Apr 30 2015 12:40:44 by "java_re" with MS VC++ 10.0 (VS2010)

time: Sat Aug 27 16:13:03 2016
elapsed time: 2 seconds (0d 0h 0m 2s)

