#
# There is insufficient memory for the Java Runtime Environment to continue.
# Native memory allocation (malloc) failed to allocate 605776 bytes for Chunk::new
# Possible reasons:
#   The system is out of physical RAM or swap space
#   In 32 bit mode, the process size limit was hit
# Possible solutions:
#   Reduce memory load on the system
#   Increase physical memory or swap space
#   Check if swap backing store is full
#   Use 64 bit Java on a 64 bit OS
#   Decrease Java heap size (-Xmx/-Xms)
#   Decrease number of Java threads
#   Decrease Java thread stack sizes (-Xss)
#   Set larger code cache with -XX:ReservedCodeCacheSize=
# This output file may be truncated or incomplete.
#
#  Out of Memory Error (allocation.cpp:390), pid=6096, tid=184
#
# JRE version: Java(TM) SE Runtime Environment (8.0_45-b15) (build 1.8.0_45-b15)
# Java VM: Java HotSpot(TM) 64-Bit Server VM (25.45-b02 mixed mode windows-amd64 compressed oops)
# Failed to write core dump. Minidumps are not enabled by default on client versions of Windows
#

---------------  T H R E A D  ---------------

Current thread (0x0000000016294800):  JavaThread "C2 CompilerThread1" daemon [_thread_in_native, id=184, stack(0x0000000016650000,0x0000000016750000)]

Stack: [0x0000000016650000,0x0000000016750000]
Native frames: (J=compiled Java code, j=interpreted, Vv=VM code, C=native code)
V  [jvm.dll+0x32b57a]


Current CompileTask:
C2:   3224 1345       4       com.android.dx.ssa.SCCP::simulateStmt (481 bytes)


---------------  P R O C E S S  ---------------

Java Threads: ( => current thread )
  0x0000000016585800 JavaThread "pool-2-thread-4" [_thread_in_Java, id=5644, stack(0x0000000017650000,0x0000000017750000)]
  0x0000000016583000 JavaThread "pool-2-thread-3" [_thread_in_vm, id=8680, stack(0x0000000017550000,0x0000000017650000)]
  0x0000000016582000 JavaThread "pool-2-thread-2" [_thread_blocked, id=6108, stack(0x0000000017450000,0x0000000017550000)]
  0x000000001657e800 JavaThread "pool-3-thread-1" [_thread_blocked, id=7772, stack(0x0000000017350000,0x0000000017450000)]
  0x000000001657b800 JavaThread "pool-2-thread-1" [_thread_in_Java, id=1280, stack(0x0000000017250000,0x0000000017350000)]
  0x00000000162a0800 JavaThread "Service Thread" daemon [_thread_blocked, id=4924, stack(0x0000000016850000,0x0000000016950000)]
  0x000000001629a800 JavaThread "C1 CompilerThread2" daemon [_thread_in_native, id=6220, stack(0x0000000016750000,0x0000000016850000)]
=>0x0000000016294800 JavaThread "C2 CompilerThread1" daemon [_thread_in_native, id=184, stack(0x0000000016650000,0x0000000016750000)]
  0x0000000014c2a800 JavaThread "C2 CompilerThread0" daemon [_thread_in_native, id=8432, stack(0x0000000016150000,0x0000000016250000)]
  0x0000000014c28800 JavaThread "Attach Listener" daemon [_thread_blocked, id=4952, stack(0x0000000016050000,0x0000000016150000)]
  0x0000000014c27800 JavaThread "Signal Dispatcher" daemon [_thread_blocked, id=4556, stack(0x0000000015f50000,0x0000000016050000)]
  0x0000000002506800 JavaThread "Finalizer" daemon [_thread_blocked, id=736, stack(0x0000000015e30000,0x0000000015f30000)]
  0x00000000024fd800 JavaThread "Reference Handler" daemon [_thread_blocked, id=8832, stack(0x0000000015d30000,0x0000000015e30000)]
  0x0000000002410800 JavaThread "main" [_thread_blocked, id=7272, stack(0x0000000002310000,0x0000000002410000)]

Other Threads:
  0x0000000014ba8800 VMThread [stack: 0x0000000015c30000,0x0000000015d30000] [id=1544]
  0x00000000162aa800 WatcherThread [stack: 0x0000000016950000,0x0000000016a50000] [id=1284]

VM state:not at safepoint (normal execution)

VM Mutex/Monitor currently owned by a thread: None

Heap:
 PSYoungGen      total 38400K, used 14402K [0x00000000eab00000, 0x00000000ef600000, 0x0000000100000000)
  eden space 33280K, 27% used [0x00000000eab00000,0x00000000eb417bf0,0x00000000ecb80000)
  from space 5120K, 99% used [0x00000000ecb80000,0x00000000ed078c98,0x00000000ed080000)
  to   space 5120K, 0% used [0x00000000ef100000,0x00000000ef100000,0x00000000ef600000)
 ParOldGen       total 87552K, used 171K [0x00000000c0000000, 0x00000000c5580000, 0x00000000eab00000)
  object space 87552K, 0% used [0x00000000c0000000,0x00000000c002ad80,0x00000000c5580000)
 Metaspace       used 6072K, capacity 6960K, committed 7040K, reserved 1056768K
  class space    used 595K, capacity 616K, committed 640K, reserved 1048576K

Card table byte_map: [0x00000000118d0000,0x0000000011ae0000] byte_map_base: 0x00000000112d0000

Marking Bits: (ParMarkBitMap*) 0x0000000053a74040
 Begin Bits: [0x0000000012040000, 0x0000000013040000)
 End Bits:   [0x0000000013040000, 0x0000000014040000)

Polling page: 0x00000000022a0000

CodeCache: size=245760Kb used=5459Kb max_used=5459Kb free=240301Kb
 bounds [0x0000000002510000, 0x0000000002a70000, 0x0000000011510000]
 total_blobs=1630 nmethods=1361 adapters=182
 compilation: enabled

Compilation events (10 events):
Event: 3.198 Thread 0x000000001629a800 nmethod 1358 0x0000000002a52450 code [0x0000000002a529c0, 0x0000000002a56028]
Event: 3.202 Thread 0x000000001629a800 1359       3       com.android.dx.rop.type.Prototype::getParameterFrameTypes (96 bytes)
Event: 3.203 Thread 0x000000001629a800 nmethod 1359 0x0000000002a57ed0 code [0x0000000002a58120, 0x0000000002a59138]
Event: 3.203 Thread 0x000000001629a800 1360       3       com.android.dx.rop.cst.CstBaseMethodRef::getType (8 bytes)
Event: 3.204 Thread 0x000000001629a800 nmethod 1360 0x0000000002a4aad0 code [0x0000000002a4ac20, 0x0000000002a4ae10]
Event: 3.205 Thread 0x000000001629a800 1361       3       com.android.dx.ssa.ConstCollector::getConstsSortedByCountUse (386 bytes)
Event: 3.211 Thread 0x000000001629a800 nmethod 1361 0x0000000002a59bd0 code [0x0000000002a5a220, 0x0000000002a5eca8]
Event: 3.216 Thread 0x000000001629a800 1362       3       com.android.dx.ssa.PhiTypeResolver::run (179 bytes)
Event: 3.218 Thread 0x000000001629a800 nmethod 1362 0x0000000002a61a10 code [0x0000000002a61ca0, 0x0000000002a62e48]
Event: 3.218 Thread 0x000000001629a800 1363       3       com.android.dx.rop.code.RegisterSpec::withType (13 bytes)

GC Heap History (2 events):
Event: 2.495 GC heap before
{Heap before GC invocations=1 (full 0):
 PSYoungGen      total 38400K, used 33280K [0x00000000eab00000, 0x00000000ed580000, 0x0000000100000000)
  eden space 33280K, 100% used [0x00000000eab00000,0x00000000ecb80000,0x00000000ecb80000)
  from space 5120K, 0% used [0x00000000ed080000,0x00000000ed080000,0x00000000ed580000)
  to   space 5120K, 0% used [0x00000000ecb80000,0x00000000ecb80000,0x00000000ed080000)
 ParOldGen       total 87552K, used 0K [0x00000000c0000000, 0x00000000c5580000, 0x00000000eab00000)
  object space 87552K, 0% used [0x00000000c0000000,0x00000000c0000000,0x00000000c5580000)
 Metaspace       used 5918K, capacity 6832K, committed 7040K, reserved 1056768K
  class space    used 593K, capacity 616K, committed 640K, reserved 1048576K
Event: 2.771 GC heap after
Heap after GC invocations=1 (full 0):
 PSYoungGen      total 38400K, used 5091K [0x00000000eab00000, 0x00000000ef600000, 0x0000000100000000)
  eden space 33280K, 0% used [0x00000000eab00000,0x00000000eab00000,0x00000000ecb80000)
  from space 5120K, 99% used [0x00000000ecb80000,0x00000000ed078c98,0x00000000ed080000)
  to   space 5120K, 0% used [0x00000000ef100000,0x00000000ef100000,0x00000000ef600000)
 ParOldGen       total 87552K, used 171K [0x00000000c0000000, 0x00000000c5580000, 0x00000000eab00000)
  object space 87552K, 0% used [0x00000000c0000000,0x00000000c002ad80,0x00000000c5580000)
 Metaspace       used 5918K, capacity 6832K, committed 7040K, reserved 1056768K
  class space    used 593K, capacity 616K, committed 640K, reserved 1048576K
}

Deoptimization events (10 events):
Event: 1.677 Thread 0x0000000002410800 Uncommon trap: reason=unstable_if action=reinterpret pc=0x00000000027600bc method=java.util.HashMap.getNode(ILjava/lang/Object;)Ljava/util/HashMap$Node; @ 62
Event: 2.334 Thread 0x0000000016583000 Uncommon trap: reason=unstable_if action=reinterpret pc=0x000000000276eeb0 method=java.util.BitSet.nextSetBit(I)I @ 87
Event: 3.033 Thread 0x0000000016582000 Uncommon trap: reason=unstable_if action=reinterpret pc=0x0000000002798c70 method=java.util.HashMap.getNode(ILjava/lang/Object;)Ljava/util/HashMap$Node; @ 129
Event: 3.172 Thread 0x000000001657b800 Uncommon trap: reason=unstable_if action=reinterpret pc=0x00000000029e4438 method=com.android.dx.cf.code.Ropper.labelToResultIndex(I)I @ 34
Event: 3.172 Thread 0x000000001657b800 Uncommon trap: reason=class_check action=maybe_recompile pc=0x0000000002831a9c method=com.android.dx.rop.type.Type.equals(Ljava/lang/Object;)Z @ 8
Event: 3.172 Thread 0x000000001657b800 Uncommon trap: reason=class_check action=maybe_recompile pc=0x0000000002831a9c method=com.android.dx.rop.type.Type.equals(Ljava/lang/Object;)Z @ 8
Event: 3.172 Thread 0x000000001657b800 Uncommon trap: reason=class_check action=maybe_recompile pc=0x0000000002831a9c method=com.android.dx.rop.type.Type.equals(Ljava/lang/Object;)Z @ 8
Event: 3.175 Thread 0x000000001657b800 Uncommon trap: reason=class_check action=maybe_recompile pc=0x0000000002831a9c method=com.android.dx.rop.type.Type.equals(Ljava/lang/Object;)Z @ 8
Event: 3.182 Thread 0x000000001657b800 Uncommon trap: reason=class_check action=maybe_recompile pc=0x00000000028ffa04 method=com.android.dx.rop.type.Type.equals(Ljava/lang/Object;)Z @ 8
Event: 3.183 Thread 0x000000001657b800 Uncommon trap: reason=unstable_if action=reinterpret pc=0x00000000029cd318 method=com.android.dx.cf.code.Ropper.labelToResultIndex(I)I @ 34

Internal exceptions (2 events):
Event: 0.053 Thread 0x0000000002410800 Exception <a 'java/lang/NoSuchMethodError': Method sun.misc.Unsafe.defineClass(Ljava/lang/String;[BII)Ljava/lang/Class; name or signature does not match> (0x00000000eab12e80) thrown at [C:\re\workspace\8-2-build-windows-amd64-cygwin\jdk8u45\3627\hotspot\sr\%║зуФ?
Event: 0.053 Thread 0x0000000002410800 Exception <a 'java/lang/NoSuchMethodError': Method sun.misc.Unsafe.prefetchRead(Ljava/lang/Object;J)V name or signature does not match> (0x00000000eab13110) thrown at [C:\re\workspace\8-2-build-windows-amd64-cygwin\jdk8u45\3627\hotspot\src\share\vm\prims\j

Events (10 events):
Event: 3.172 Thread 0x000000001657b800 DEOPT UNPACKING pc=0x000000000255582a sp=0x000000001734ebd8 mode 2
Event: 3.175 Thread 0x000000001657b800 Uncommon trap: trap_request=0xffffffde fr.pc=0x0000000002831a9c
Event: 3.175 Thread 0x000000001657b800 DEOPT PACKING pc=0x0000000002831a9c sp=0x000000001734e7e0
Event: 3.175 Thread 0x000000001657b800 DEOPT UNPACKING pc=0x000000000255582a sp=0x000000001734e718 mode 2
Event: 3.182 Thread 0x000000001657b800 Uncommon trap: trap_request=0xffffffde fr.pc=0x00000000028ffa04
Event: 3.182 Thread 0x000000001657b800 DEOPT PACKING pc=0x00000000028ffa04 sp=0x000000001734e0c0
Event: 3.182 Thread 0x000000001657b800 DEOPT UNPACKING pc=0x000000000255582a sp=0x000000001734df20 mode 2
Event: 3.183 Thread 0x000000001657b800 Uncommon trap: trap_request=0xffffff65 fr.pc=0x00000000029cd318
Event: 3.183 Thread 0x000000001657b800 DEOPT PACKING pc=0x00000000029cd318 sp=0x000000001734ecd0
Event: 3.183 Thread 0x000000001657b800 DEOPT UNPACKING pc=0x000000000255582a sp=0x000000001734ec98 mode 2


Dynamic libraries:
0x00007ff7a1cf0000 - 0x00007ff7a1d27000 	C:\Program Files\Java\jdk8\bin\java.exe
0x00007ff892b20000 - 0x00007ff892ccd000 	C:\windows\SYSTEM32\ntdll.dll
0x00007ff8916e0000 - 0x00007ff89181e000 	C:\windows\system32\KERNEL32.DLL
0x00007ff88fd20000 - 0x00007ff88fe35000 	C:\windows\system32\KERNELBASE.dll
0x00007ff88e6d0000 - 0x00007ff88e75e000 	C:\windows\system32\apphelp.dll
0x00007ff883090000 - 0x00007ff8830e3000 	C:\windows\AppPatch\AppPatch64\AcGenral.DLL
0x00007ff891b70000 - 0x00007ff891c1a000 	C:\windows\system32\msvcrt.dll
0x00007ff88fe40000 - 0x00007ff88fe6e000 	C:\windows\system32\SspiCli.dll
0x00007ff892660000 - 0x00007ff8926b4000 	C:\windows\system32\SHLWAPI.dll
0x00007ff891cd0000 - 0x00007ff891e47000 	C:\windows\system32\USER32.dll
0x00007ff891f10000 - 0x00007ff8920a4000 	C:\windows\system32\ole32.dll
0x00007ff8901b0000 - 0x00007ff8916d9000 	C:\windows\system32\SHELL32.dll
0x00007ff88f220000 - 0x00007ff88f241000 	C:\windows\SYSTEM32\USERENV.dll
0x00007ff892a50000 - 0x00007ff892afa000 	C:\windows\system32\ADVAPI32.dll
0x00007ff885ae0000 - 0x00007ff885afe000 	C:\windows\SYSTEM32\MPR.dll
0x00007ff8926d0000 - 0x00007ff892810000 	C:\windows\system32\RPCRT4.dll
0x00007ff892810000 - 0x00007ff892869000 	C:\windows\SYSTEM32\sechost.dll
0x00007ff891820000 - 0x00007ff891a31000 	C:\windows\SYSTEM32\combase.dll
0x00007ff8920c0000 - 0x00007ff89220f000 	C:\windows\system32\GDI32.dll
0x00007ff88fc50000 - 0x00007ff88fc65000 	C:\windows\SYSTEM32\profapi.dll
0x00007ff88e0e0000 - 0x00007ff88e192000 	C:\windows\SYSTEM32\SHCORE.dll
0x00007ff891c90000 - 0x00007ff891cc6000 	C:\windows\system32\IMM32.DLL
0x00007ff892350000 - 0x00007ff8924a2000 	C:\windows\system32\MSCTF.dll
0x00007ff88d9e0000 - 0x00007ff88dc5b000 	C:\windows\WinSxS\amd64_microsoft.windows.common-controls_6595b64144ccf1df_6.0.9600.18006_none_623f33d3ecbe86e8\COMCTL32.dll
0x0000000052c50000 - 0x0000000052d22000 	C:\Program Files\Java\jdk8\jre\bin\msvcr100.dll
0x0000000053270000 - 0x0000000053af3000 	C:\Program Files\Java\jdk8\jre\bin\server\jvm.dll
0x00007ff88d400000 - 0x00007ff88d409000 	C:\windows\SYSTEM32\WSOCK32.dll
0x00007ff88d500000 - 0x00007ff88d522000 	C:\windows\SYSTEM32\WINMM.dll
0x00007ff88eef0000 - 0x00007ff88eefa000 	C:\windows\SYSTEM32\VERSION.dll
0x00007ff891c20000 - 0x00007ff891c27000 	C:\windows\system32\PSAPI.DLL
0x00007ff891a40000 - 0x00007ff891a9a000 	C:\windows\system32\WS2_32.dll
0x00007ff88d4d0000 - 0x00007ff88d4fa000 	C:\windows\SYSTEM32\WINMMBASE.dll
0x00007ff8920b0000 - 0x00007ff8920b9000 	C:\windows\system32\NSI.dll
0x00007ff890160000 - 0x00007ff8901af000 	C:\windows\SYSTEM32\cfgmgr32.dll
0x00007ff88e980000 - 0x00007ff88e9a8000 	C:\windows\SYSTEM32\DEVOBJ.dll
0x0000000053260000 - 0x000000005326f000 	C:\Program Files\Java\jdk8\jre\bin\verify.dll
0x0000000053230000 - 0x0000000053259000 	C:\Program Files\Java\jdk8\jre\bin\java.dll
0x0000000053210000 - 0x0000000053226000 	C:\Program Files\Java\jdk8\jre\bin\zip.dll

VM Arguments:
jvm_args: -Djava.awt.headless=true -Xmx1024M -Dfile.encoding=windows-1255 -Duser.country=US -Duser.language=en -Duser.variant 
java_command: com.android.dx.command.Main --dex --num-threads=4 --multi-dex --output C:\Users\User\AndroidStudioProjects\NavigateLifeSaver\app\build\intermediates\transforms\dex\debug\folders\1000\10\com.android.support-support-v4-23.1.1_cfa377b84af8dc785f86f77b204bafcb69b9565d C:\Users\User\AndroidStudioProjects\NavigateLifeSaver\app\build\intermediates\exploded-aar\com.android.support\support-v4\23.1.1\jars\classes.jar
java_class_path (initial): C:\Users\User\AppData\Local\Android\sdk\build-tools\23.0.3\lib\dx.jar
Launcher Type: SUN_STANDARD

Environment Variables:
JAVA_HOME=C:\Program Files\Java\jdk8
PATH=C:\Python27\;C:\ProgramData\Oracle\Java\javapath;C:\Program Files (x86)\Intel\iCLS Client\;C:\Program Files\Intel\iCLS Client\;C:\windows\system32;C:\windows;C:\windows\System32\Wbem;C:\windows\System32\WindowsPowerShell\v1.0\;C:\Program Files\Intel\Intel(R) Management Engine Components\DAL;C:\Program Files (x86)\Intel\Intel(R) Management Engine Components\DAL;C:\Program Files\Intel\Intel(R) Management Engine Components\IPT;C:\Program Files (x86)\Intel\Intel(R) Management Engine Components\IPT;C:\Program Files\Microsoft SQL Server\110\Tools\Binn\;C:\Program Files (x86)\Microsoft SDKs\TypeScript\1.0\;C:\Program Files\Microsoft SQL Server\120\Tools\Binn\;C:\Program Files (x86)\Windows Kits\8.1\Windows Performance Toolkit\;C:\MinGW\bin;\;C:\Program Files\Java\jdk8\bin;C:\Program Files (x86)\Skype\Phone\;C:\Program Files\Git\cmd\;C:\OpenCV\opencv\build\x86\vc12\bin\;
USERNAME=User
OS=Windows_NT
PROCESSOR_IDENTIFIER=Intel64 Family 6 Model 61 Stepping 4, GenuineIntel



---------------  S Y S T E M  ---------------

OS: Windows 8.1 , 64 bit Build 9600 (6.3.9600.17415)

CPU:total 4 (2 cores per cpu, 2 threads per core) family 6 model 61 stepping 4, cmov, cx8, fxsr, mmx, sse, sse2, sse3, ssse3, sse4.1, sse4.2, popcnt, avx, avx2, aes, clmul, erms, 3dnowpref, lzcnt, ht, tsc, tscinvbit, bmi1, bmi2, adx

Memory: 4k page, physical 8277100k(1367940k free), swap 8277100k(5216k free)

vm_info: Java HotSpot(TM) 64-Bit Server VM (25.45-b02) for windows-amd64 JRE (1.8.0_45-b15), built on Apr 30 2015 12:40:44 by "java_re" with MS VC++ 10.0 (VS2010)

time: Sat Aug 27 16:13:32 2016
elapsed time: 3 seconds (0d 0h 0m 3s)

